[2025-02-02T12:16:34.435+0000] {processor.py:186} INFO - Started process (PID=60) to work on /home/airflow/.local/lib/python3.12/site-packages/airflow/example_dags/example_bash_decorator.py
[2025-02-02T12:16:34.437+0000] {processor.py:914} INFO - Processing file /home/airflow/.local/lib/python3.12/site-packages/airflow/example_dags/example_bash_decorator.py for tasks to queue
[2025-02-02T12:16:34.440+0000] {logging_mixin.py:190} INFO - [2025-02-02T12:16:34.439+0000] {dagbag.py:588} INFO - Filling up the DagBag from /home/airflow/.local/lib/python3.12/site-packages/airflow/example_dags/example_bash_decorator.py
[2025-02-02T12:16:34.461+0000] {processor.py:925} INFO - DAG(s) 'example_bash_decorator' retrieved from /home/airflow/.local/lib/python3.12/site-packages/airflow/example_dags/example_bash_decorator.py
[2025-02-02T12:16:34.617+0000] {logging_mixin.py:190} INFO - [2025-02-02T12:16:34.616+0000] {override.py:1911} INFO - Created Permission View: can read on DAG:example_bash_decorator
[2025-02-02T12:16:34.633+0000] {logging_mixin.py:190} INFO - [2025-02-02T12:16:34.632+0000] {override.py:1911} INFO - Created Permission View: can edit on DAG:example_bash_decorator
[2025-02-02T12:16:34.644+0000] {logging_mixin.py:190} INFO - [2025-02-02T12:16:34.644+0000] {override.py:1911} INFO - Created Permission View: can delete on DAG:example_bash_decorator
[2025-02-02T12:16:34.658+0000] {logging_mixin.py:190} INFO - [2025-02-02T12:16:34.657+0000] {override.py:1911} INFO - Created Permission View: can read on DAG Run:example_bash_decorator
[2025-02-02T12:16:34.670+0000] {logging_mixin.py:190} INFO - [2025-02-02T12:16:34.669+0000] {override.py:1911} INFO - Created Permission View: menu access on DAG Run:example_bash_decorator
[2025-02-02T12:16:34.682+0000] {logging_mixin.py:190} INFO - [2025-02-02T12:16:34.682+0000] {override.py:1911} INFO - Created Permission View: can create on DAG Run:example_bash_decorator
[2025-02-02T12:16:34.693+0000] {logging_mixin.py:190} INFO - [2025-02-02T12:16:34.693+0000] {override.py:1911} INFO - Created Permission View: can delete on DAG Run:example_bash_decorator
[2025-02-02T12:16:34.694+0000] {logging_mixin.py:190} INFO - [2025-02-02T12:16:34.694+0000] {dag.py:3239} INFO - Sync 1 DAGs
[2025-02-02T12:16:34.710+0000] {logging_mixin.py:190} INFO - [2025-02-02T12:16:34.709+0000] {dag.py:3262} INFO - Creating ORM DAG for example_bash_decorator
[2025-02-02T12:16:34.711+0000] {logging_mixin.py:190} INFO - [2025-02-02T12:16:34.711+0000] {dag.py:4180} INFO - Setting next_dagrun for example_bash_decorator to None, run_after=None
[2025-02-02T12:16:34.733+0000] {processor.py:208} INFO - Processing /home/airflow/.local/lib/python3.12/site-packages/airflow/example_dags/example_bash_decorator.py took 0.304 seconds
[2025-02-02T12:17:05.496+0000] {processor.py:186} INFO - Started process (PID=123) to work on /home/airflow/.local/lib/python3.12/site-packages/airflow/example_dags/example_bash_decorator.py
[2025-02-02T12:17:05.497+0000] {processor.py:914} INFO - Processing file /home/airflow/.local/lib/python3.12/site-packages/airflow/example_dags/example_bash_decorator.py for tasks to queue
[2025-02-02T12:17:05.501+0000] {logging_mixin.py:190} INFO - [2025-02-02T12:17:05.500+0000] {dagbag.py:588} INFO - Filling up the DagBag from /home/airflow/.local/lib/python3.12/site-packages/airflow/example_dags/example_bash_decorator.py
[2025-02-02T12:17:05.515+0000] {processor.py:925} INFO - DAG(s) 'example_bash_decorator' retrieved from /home/airflow/.local/lib/python3.12/site-packages/airflow/example_dags/example_bash_decorator.py
[2025-02-02T12:17:05.539+0000] {logging_mixin.py:190} INFO - [2025-02-02T12:17:05.539+0000] {dag.py:3239} INFO - Sync 1 DAGs
[2025-02-02T12:17:05.556+0000] {logging_mixin.py:190} INFO - [2025-02-02T12:17:05.556+0000] {dag.py:4180} INFO - Setting next_dagrun for example_bash_decorator to None, run_after=None
[2025-02-02T12:17:05.588+0000] {processor.py:208} INFO - Processing /home/airflow/.local/lib/python3.12/site-packages/airflow/example_dags/example_bash_decorator.py took 0.098 seconds
[2025-02-02T12:17:36.370+0000] {processor.py:186} INFO - Started process (PID=186) to work on /home/airflow/.local/lib/python3.12/site-packages/airflow/example_dags/example_bash_decorator.py
[2025-02-02T12:17:36.371+0000] {processor.py:914} INFO - Processing file /home/airflow/.local/lib/python3.12/site-packages/airflow/example_dags/example_bash_decorator.py for tasks to queue
[2025-02-02T12:17:36.374+0000] {logging_mixin.py:190} INFO - [2025-02-02T12:17:36.374+0000] {dagbag.py:588} INFO - Filling up the DagBag from /home/airflow/.local/lib/python3.12/site-packages/airflow/example_dags/example_bash_decorator.py
[2025-02-02T12:17:36.391+0000] {processor.py:925} INFO - DAG(s) 'example_bash_decorator' retrieved from /home/airflow/.local/lib/python3.12/site-packages/airflow/example_dags/example_bash_decorator.py
[2025-02-02T12:17:36.418+0000] {logging_mixin.py:190} INFO - [2025-02-02T12:17:36.418+0000] {dag.py:3239} INFO - Sync 1 DAGs
[2025-02-02T12:17:36.434+0000] {logging_mixin.py:190} INFO - [2025-02-02T12:17:36.434+0000] {dag.py:4180} INFO - Setting next_dagrun for example_bash_decorator to None, run_after=None
[2025-02-02T12:17:36.458+0000] {processor.py:208} INFO - Processing /home/airflow/.local/lib/python3.12/site-packages/airflow/example_dags/example_bash_decorator.py took 0.094 seconds
[2025-02-02T12:18:06.678+0000] {processor.py:186} INFO - Started process (PID=249) to work on /home/airflow/.local/lib/python3.12/site-packages/airflow/example_dags/example_bash_decorator.py
[2025-02-02T12:18:06.679+0000] {processor.py:914} INFO - Processing file /home/airflow/.local/lib/python3.12/site-packages/airflow/example_dags/example_bash_decorator.py for tasks to queue
[2025-02-02T12:18:06.682+0000] {logging_mixin.py:190} INFO - [2025-02-02T12:18:06.682+0000] {dagbag.py:588} INFO - Filling up the DagBag from /home/airflow/.local/lib/python3.12/site-packages/airflow/example_dags/example_bash_decorator.py
[2025-02-02T12:18:06.698+0000] {processor.py:925} INFO - DAG(s) 'example_bash_decorator' retrieved from /home/airflow/.local/lib/python3.12/site-packages/airflow/example_dags/example_bash_decorator.py
[2025-02-02T12:18:06.722+0000] {logging_mixin.py:190} INFO - [2025-02-02T12:18:06.721+0000] {dag.py:3239} INFO - Sync 1 DAGs
[2025-02-02T12:18:06.738+0000] {logging_mixin.py:190} INFO - [2025-02-02T12:18:06.737+0000] {dag.py:4180} INFO - Setting next_dagrun for example_bash_decorator to None, run_after=None
[2025-02-02T12:18:06.760+0000] {processor.py:208} INFO - Processing /home/airflow/.local/lib/python3.12/site-packages/airflow/example_dags/example_bash_decorator.py took 0.088 seconds
[2025-02-02T12:18:37.822+0000] {processor.py:186} INFO - Started process (PID=312) to work on /home/airflow/.local/lib/python3.12/site-packages/airflow/example_dags/example_bash_decorator.py
[2025-02-02T12:18:37.823+0000] {processor.py:914} INFO - Processing file /home/airflow/.local/lib/python3.12/site-packages/airflow/example_dags/example_bash_decorator.py for tasks to queue
[2025-02-02T12:18:37.826+0000] {logging_mixin.py:190} INFO - [2025-02-02T12:18:37.826+0000] {dagbag.py:588} INFO - Filling up the DagBag from /home/airflow/.local/lib/python3.12/site-packages/airflow/example_dags/example_bash_decorator.py
[2025-02-02T12:18:37.841+0000] {processor.py:925} INFO - DAG(s) 'example_bash_decorator' retrieved from /home/airflow/.local/lib/python3.12/site-packages/airflow/example_dags/example_bash_decorator.py
[2025-02-02T12:18:37.866+0000] {logging_mixin.py:190} INFO - [2025-02-02T12:18:37.865+0000] {dag.py:3239} INFO - Sync 1 DAGs
[2025-02-02T12:18:37.881+0000] {logging_mixin.py:190} INFO - [2025-02-02T12:18:37.881+0000] {dag.py:4180} INFO - Setting next_dagrun for example_bash_decorator to None, run_after=None
[2025-02-02T12:18:37.904+0000] {processor.py:208} INFO - Processing /home/airflow/.local/lib/python3.12/site-packages/airflow/example_dags/example_bash_decorator.py took 0.088 seconds
[2025-02-02T12:19:09.390+0000] {processor.py:186} INFO - Started process (PID=375) to work on /home/airflow/.local/lib/python3.12/site-packages/airflow/example_dags/example_bash_decorator.py
[2025-02-02T12:19:09.391+0000] {processor.py:914} INFO - Processing file /home/airflow/.local/lib/python3.12/site-packages/airflow/example_dags/example_bash_decorator.py for tasks to queue
[2025-02-02T12:19:09.394+0000] {logging_mixin.py:190} INFO - [2025-02-02T12:19:09.393+0000] {dagbag.py:588} INFO - Filling up the DagBag from /home/airflow/.local/lib/python3.12/site-packages/airflow/example_dags/example_bash_decorator.py
[2025-02-02T12:19:09.409+0000] {processor.py:925} INFO - DAG(s) 'example_bash_decorator' retrieved from /home/airflow/.local/lib/python3.12/site-packages/airflow/example_dags/example_bash_decorator.py
[2025-02-02T12:19:09.437+0000] {logging_mixin.py:190} INFO - [2025-02-02T12:19:09.437+0000] {dag.py:3239} INFO - Sync 1 DAGs
[2025-02-02T12:19:09.458+0000] {logging_mixin.py:190} INFO - [2025-02-02T12:19:09.458+0000] {dag.py:4180} INFO - Setting next_dagrun for example_bash_decorator to None, run_after=None
[2025-02-02T12:19:09.485+0000] {processor.py:208} INFO - Processing /home/airflow/.local/lib/python3.12/site-packages/airflow/example_dags/example_bash_decorator.py took 0.101 seconds
[2025-02-02T12:19:41.517+0000] {processor.py:186} INFO - Started process (PID=438) to work on /home/airflow/.local/lib/python3.12/site-packages/airflow/example_dags/example_bash_decorator.py
[2025-02-02T12:19:41.519+0000] {processor.py:914} INFO - Processing file /home/airflow/.local/lib/python3.12/site-packages/airflow/example_dags/example_bash_decorator.py for tasks to queue
[2025-02-02T12:19:41.523+0000] {logging_mixin.py:190} INFO - [2025-02-02T12:19:41.523+0000] {dagbag.py:588} INFO - Filling up the DagBag from /home/airflow/.local/lib/python3.12/site-packages/airflow/example_dags/example_bash_decorator.py
[2025-02-02T12:19:41.550+0000] {processor.py:925} INFO - DAG(s) 'example_bash_decorator' retrieved from /home/airflow/.local/lib/python3.12/site-packages/airflow/example_dags/example_bash_decorator.py
[2025-02-02T12:19:41.593+0000] {logging_mixin.py:190} INFO - [2025-02-02T12:19:41.592+0000] {dag.py:3239} INFO - Sync 1 DAGs
[2025-02-02T12:19:41.616+0000] {logging_mixin.py:190} INFO - [2025-02-02T12:19:41.615+0000] {dag.py:4180} INFO - Setting next_dagrun for example_bash_decorator to None, run_after=None
[2025-02-02T12:19:41.649+0000] {processor.py:208} INFO - Processing /home/airflow/.local/lib/python3.12/site-packages/airflow/example_dags/example_bash_decorator.py took 0.142 seconds
[2025-02-02T12:20:13.392+0000] {processor.py:186} INFO - Started process (PID=501) to work on /home/airflow/.local/lib/python3.12/site-packages/airflow/example_dags/example_bash_decorator.py
[2025-02-02T12:20:13.394+0000] {processor.py:914} INFO - Processing file /home/airflow/.local/lib/python3.12/site-packages/airflow/example_dags/example_bash_decorator.py for tasks to queue
[2025-02-02T12:20:13.399+0000] {logging_mixin.py:190} INFO - [2025-02-02T12:20:13.398+0000] {dagbag.py:588} INFO - Filling up the DagBag from /home/airflow/.local/lib/python3.12/site-packages/airflow/example_dags/example_bash_decorator.py
[2025-02-02T12:20:13.424+0000] {processor.py:925} INFO - DAG(s) 'example_bash_decorator' retrieved from /home/airflow/.local/lib/python3.12/site-packages/airflow/example_dags/example_bash_decorator.py
[2025-02-02T12:20:13.461+0000] {logging_mixin.py:190} INFO - [2025-02-02T12:20:13.460+0000] {dag.py:3239} INFO - Sync 1 DAGs
[2025-02-02T12:20:13.482+0000] {logging_mixin.py:190} INFO - [2025-02-02T12:20:13.481+0000] {dag.py:4180} INFO - Setting next_dagrun for example_bash_decorator to None, run_after=None
[2025-02-02T12:20:13.524+0000] {processor.py:208} INFO - Processing /home/airflow/.local/lib/python3.12/site-packages/airflow/example_dags/example_bash_decorator.py took 0.139 seconds
[2025-02-02T16:18:50.514+0000] {processor.py:186} INFO - Started process (PID=54) to work on /home/airflow/.local/lib/python3.12/site-packages/airflow/example_dags/example_bash_decorator.py
[2025-02-02T16:18:50.515+0000] {processor.py:914} INFO - Processing file /home/airflow/.local/lib/python3.12/site-packages/airflow/example_dags/example_bash_decorator.py for tasks to queue
[2025-02-02T16:18:50.517+0000] {logging_mixin.py:190} INFO - [2025-02-02T16:18:50.517+0000] {dagbag.py:588} INFO - Filling up the DagBag from /home/airflow/.local/lib/python3.12/site-packages/airflow/example_dags/example_bash_decorator.py
[2025-02-02T16:18:50.531+0000] {processor.py:925} INFO - DAG(s) 'example_bash_decorator' retrieved from /home/airflow/.local/lib/python3.12/site-packages/airflow/example_dags/example_bash_decorator.py
[2025-02-02T16:18:50.648+0000] {logging_mixin.py:190} INFO - [2025-02-02T16:18:50.648+0000] {dag.py:3239} INFO - Sync 1 DAGs
[2025-02-02T16:18:50.661+0000] {logging_mixin.py:190} INFO - [2025-02-02T16:18:50.661+0000] {dag.py:4180} INFO - Setting next_dagrun for example_bash_decorator to None, run_after=None
[2025-02-02T16:18:50.685+0000] {processor.py:208} INFO - Processing /home/airflow/.local/lib/python3.12/site-packages/airflow/example_dags/example_bash_decorator.py took 0.177 seconds
[2025-02-02T16:19:20.943+0000] {processor.py:186} INFO - Started process (PID=117) to work on /home/airflow/.local/lib/python3.12/site-packages/airflow/example_dags/example_bash_decorator.py
[2025-02-02T16:19:20.944+0000] {processor.py:914} INFO - Processing file /home/airflow/.local/lib/python3.12/site-packages/airflow/example_dags/example_bash_decorator.py for tasks to queue
[2025-02-02T16:19:20.947+0000] {logging_mixin.py:190} INFO - [2025-02-02T16:19:20.946+0000] {dagbag.py:588} INFO - Filling up the DagBag from /home/airflow/.local/lib/python3.12/site-packages/airflow/example_dags/example_bash_decorator.py
[2025-02-02T16:19:20.964+0000] {processor.py:925} INFO - DAG(s) 'example_bash_decorator' retrieved from /home/airflow/.local/lib/python3.12/site-packages/airflow/example_dags/example_bash_decorator.py
[2025-02-02T16:19:20.990+0000] {logging_mixin.py:190} INFO - [2025-02-02T16:19:20.990+0000] {dag.py:3239} INFO - Sync 1 DAGs
[2025-02-02T16:19:21.005+0000] {logging_mixin.py:190} INFO - [2025-02-02T16:19:21.005+0000] {dag.py:4180} INFO - Setting next_dagrun for example_bash_decorator to None, run_after=None
[2025-02-02T16:19:21.027+0000] {processor.py:208} INFO - Processing /home/airflow/.local/lib/python3.12/site-packages/airflow/example_dags/example_bash_decorator.py took 0.090 seconds
[2025-02-02T16:19:52.017+0000] {processor.py:186} INFO - Started process (PID=180) to work on /home/airflow/.local/lib/python3.12/site-packages/airflow/example_dags/example_bash_decorator.py
[2025-02-02T16:19:52.018+0000] {processor.py:914} INFO - Processing file /home/airflow/.local/lib/python3.12/site-packages/airflow/example_dags/example_bash_decorator.py for tasks to queue
[2025-02-02T16:19:52.020+0000] {logging_mixin.py:190} INFO - [2025-02-02T16:19:52.020+0000] {dagbag.py:588} INFO - Filling up the DagBag from /home/airflow/.local/lib/python3.12/site-packages/airflow/example_dags/example_bash_decorator.py
[2025-02-02T16:19:52.036+0000] {processor.py:925} INFO - DAG(s) 'example_bash_decorator' retrieved from /home/airflow/.local/lib/python3.12/site-packages/airflow/example_dags/example_bash_decorator.py
[2025-02-02T16:19:52.062+0000] {logging_mixin.py:190} INFO - [2025-02-02T16:19:52.061+0000] {dag.py:3239} INFO - Sync 1 DAGs
[2025-02-02T16:19:52.081+0000] {logging_mixin.py:190} INFO - [2025-02-02T16:19:52.080+0000] {dag.py:4180} INFO - Setting next_dagrun for example_bash_decorator to None, run_after=None
[2025-02-02T16:19:52.108+0000] {processor.py:208} INFO - Processing /home/airflow/.local/lib/python3.12/site-packages/airflow/example_dags/example_bash_decorator.py took 0.097 seconds
[2025-02-02T16:20:22.554+0000] {processor.py:186} INFO - Started process (PID=242) to work on /home/airflow/.local/lib/python3.12/site-packages/airflow/example_dags/example_bash_decorator.py
[2025-02-02T16:20:22.555+0000] {processor.py:914} INFO - Processing file /home/airflow/.local/lib/python3.12/site-packages/airflow/example_dags/example_bash_decorator.py for tasks to queue
[2025-02-02T16:20:22.557+0000] {logging_mixin.py:190} INFO - [2025-02-02T16:20:22.557+0000] {dagbag.py:588} INFO - Filling up the DagBag from /home/airflow/.local/lib/python3.12/site-packages/airflow/example_dags/example_bash_decorator.py
[2025-02-02T16:20:22.570+0000] {processor.py:925} INFO - DAG(s) 'example_bash_decorator' retrieved from /home/airflow/.local/lib/python3.12/site-packages/airflow/example_dags/example_bash_decorator.py
[2025-02-02T16:20:22.593+0000] {logging_mixin.py:190} INFO - [2025-02-02T16:20:22.593+0000] {dag.py:3239} INFO - Sync 1 DAGs
[2025-02-02T16:20:22.607+0000] {logging_mixin.py:190} INFO - [2025-02-02T16:20:22.606+0000] {dag.py:4180} INFO - Setting next_dagrun for example_bash_decorator to None, run_after=None
[2025-02-02T16:20:22.628+0000] {processor.py:208} INFO - Processing /home/airflow/.local/lib/python3.12/site-packages/airflow/example_dags/example_bash_decorator.py took 0.079 seconds
[2025-02-02T16:20:52.821+0000] {processor.py:186} INFO - Started process (PID=305) to work on /home/airflow/.local/lib/python3.12/site-packages/airflow/example_dags/example_bash_decorator.py
[2025-02-02T16:20:52.823+0000] {processor.py:914} INFO - Processing file /home/airflow/.local/lib/python3.12/site-packages/airflow/example_dags/example_bash_decorator.py for tasks to queue
[2025-02-02T16:20:52.825+0000] {logging_mixin.py:190} INFO - [2025-02-02T16:20:52.825+0000] {dagbag.py:588} INFO - Filling up the DagBag from /home/airflow/.local/lib/python3.12/site-packages/airflow/example_dags/example_bash_decorator.py
[2025-02-02T16:20:52.839+0000] {processor.py:925} INFO - DAG(s) 'example_bash_decorator' retrieved from /home/airflow/.local/lib/python3.12/site-packages/airflow/example_dags/example_bash_decorator.py
[2025-02-02T16:20:52.863+0000] {logging_mixin.py:190} INFO - [2025-02-02T16:20:52.863+0000] {dag.py:3239} INFO - Sync 1 DAGs
[2025-02-02T16:20:52.877+0000] {logging_mixin.py:190} INFO - [2025-02-02T16:20:52.877+0000] {dag.py:4180} INFO - Setting next_dagrun for example_bash_decorator to None, run_after=None
[2025-02-02T16:20:52.902+0000] {processor.py:208} INFO - Processing /home/airflow/.local/lib/python3.12/site-packages/airflow/example_dags/example_bash_decorator.py took 0.086 seconds
[2025-02-02T16:21:23.367+0000] {processor.py:186} INFO - Started process (PID=368) to work on /home/airflow/.local/lib/python3.12/site-packages/airflow/example_dags/example_bash_decorator.py
[2025-02-02T16:21:23.368+0000] {processor.py:914} INFO - Processing file /home/airflow/.local/lib/python3.12/site-packages/airflow/example_dags/example_bash_decorator.py for tasks to queue
[2025-02-02T16:21:23.370+0000] {logging_mixin.py:190} INFO - [2025-02-02T16:21:23.370+0000] {dagbag.py:588} INFO - Filling up the DagBag from /home/airflow/.local/lib/python3.12/site-packages/airflow/example_dags/example_bash_decorator.py
[2025-02-02T16:21:23.383+0000] {processor.py:925} INFO - DAG(s) 'example_bash_decorator' retrieved from /home/airflow/.local/lib/python3.12/site-packages/airflow/example_dags/example_bash_decorator.py
[2025-02-02T16:21:23.410+0000] {logging_mixin.py:190} INFO - [2025-02-02T16:21:23.410+0000] {dag.py:3239} INFO - Sync 1 DAGs
[2025-02-02T16:21:23.426+0000] {logging_mixin.py:190} INFO - [2025-02-02T16:21:23.426+0000] {dag.py:4180} INFO - Setting next_dagrun for example_bash_decorator to None, run_after=None
[2025-02-02T16:21:23.449+0000] {processor.py:208} INFO - Processing /home/airflow/.local/lib/python3.12/site-packages/airflow/example_dags/example_bash_decorator.py took 0.088 seconds
[2025-02-02T16:21:53.800+0000] {processor.py:186} INFO - Started process (PID=430) to work on /home/airflow/.local/lib/python3.12/site-packages/airflow/example_dags/example_bash_decorator.py
[2025-02-02T16:21:53.802+0000] {processor.py:914} INFO - Processing file /home/airflow/.local/lib/python3.12/site-packages/airflow/example_dags/example_bash_decorator.py for tasks to queue
[2025-02-02T16:21:53.804+0000] {logging_mixin.py:190} INFO - [2025-02-02T16:21:53.804+0000] {dagbag.py:588} INFO - Filling up the DagBag from /home/airflow/.local/lib/python3.12/site-packages/airflow/example_dags/example_bash_decorator.py
[2025-02-02T16:21:53.817+0000] {processor.py:925} INFO - DAG(s) 'example_bash_decorator' retrieved from /home/airflow/.local/lib/python3.12/site-packages/airflow/example_dags/example_bash_decorator.py
[2025-02-02T16:21:53.846+0000] {logging_mixin.py:190} INFO - [2025-02-02T16:21:53.845+0000] {dag.py:3239} INFO - Sync 1 DAGs
[2025-02-02T16:21:53.865+0000] {logging_mixin.py:190} INFO - [2025-02-02T16:21:53.865+0000] {dag.py:4180} INFO - Setting next_dagrun for example_bash_decorator to None, run_after=None
[2025-02-02T16:21:53.888+0000] {processor.py:208} INFO - Processing /home/airflow/.local/lib/python3.12/site-packages/airflow/example_dags/example_bash_decorator.py took 0.092 seconds
[2025-02-02T16:22:23.970+0000] {processor.py:186} INFO - Started process (PID=493) to work on /home/airflow/.local/lib/python3.12/site-packages/airflow/example_dags/example_bash_decorator.py
[2025-02-02T16:22:23.971+0000] {processor.py:914} INFO - Processing file /home/airflow/.local/lib/python3.12/site-packages/airflow/example_dags/example_bash_decorator.py for tasks to queue
[2025-02-02T16:22:23.974+0000] {logging_mixin.py:190} INFO - [2025-02-02T16:22:23.973+0000] {dagbag.py:588} INFO - Filling up the DagBag from /home/airflow/.local/lib/python3.12/site-packages/airflow/example_dags/example_bash_decorator.py
[2025-02-02T16:22:23.987+0000] {processor.py:925} INFO - DAG(s) 'example_bash_decorator' retrieved from /home/airflow/.local/lib/python3.12/site-packages/airflow/example_dags/example_bash_decorator.py
[2025-02-02T16:22:24.012+0000] {logging_mixin.py:190} INFO - [2025-02-02T16:22:24.011+0000] {dag.py:3239} INFO - Sync 1 DAGs
[2025-02-02T16:22:24.030+0000] {logging_mixin.py:190} INFO - [2025-02-02T16:22:24.030+0000] {dag.py:4180} INFO - Setting next_dagrun for example_bash_decorator to None, run_after=None
[2025-02-02T16:22:24.062+0000] {processor.py:208} INFO - Processing /home/airflow/.local/lib/python3.12/site-packages/airflow/example_dags/example_bash_decorator.py took 0.097 seconds
[2025-02-02T16:22:54.678+0000] {processor.py:186} INFO - Started process (PID=556) to work on /home/airflow/.local/lib/python3.12/site-packages/airflow/example_dags/example_bash_decorator.py
[2025-02-02T16:22:54.680+0000] {processor.py:914} INFO - Processing file /home/airflow/.local/lib/python3.12/site-packages/airflow/example_dags/example_bash_decorator.py for tasks to queue
[2025-02-02T16:22:54.683+0000] {logging_mixin.py:190} INFO - [2025-02-02T16:22:54.682+0000] {dagbag.py:588} INFO - Filling up the DagBag from /home/airflow/.local/lib/python3.12/site-packages/airflow/example_dags/example_bash_decorator.py
[2025-02-02T16:22:54.700+0000] {processor.py:925} INFO - DAG(s) 'example_bash_decorator' retrieved from /home/airflow/.local/lib/python3.12/site-packages/airflow/example_dags/example_bash_decorator.py
[2025-02-02T16:22:54.727+0000] {logging_mixin.py:190} INFO - [2025-02-02T16:22:54.727+0000] {dag.py:3239} INFO - Sync 1 DAGs
[2025-02-02T16:22:54.744+0000] {logging_mixin.py:190} INFO - [2025-02-02T16:22:54.744+0000] {dag.py:4180} INFO - Setting next_dagrun for example_bash_decorator to None, run_after=None
[2025-02-02T16:22:54.771+0000] {processor.py:208} INFO - Processing /home/airflow/.local/lib/python3.12/site-packages/airflow/example_dags/example_bash_decorator.py took 0.100 seconds
[2025-02-02T16:23:25.667+0000] {processor.py:186} INFO - Started process (PID=619) to work on /home/airflow/.local/lib/python3.12/site-packages/airflow/example_dags/example_bash_decorator.py
[2025-02-02T16:23:25.669+0000] {processor.py:914} INFO - Processing file /home/airflow/.local/lib/python3.12/site-packages/airflow/example_dags/example_bash_decorator.py for tasks to queue
[2025-02-02T16:23:25.671+0000] {logging_mixin.py:190} INFO - [2025-02-02T16:23:25.671+0000] {dagbag.py:588} INFO - Filling up the DagBag from /home/airflow/.local/lib/python3.12/site-packages/airflow/example_dags/example_bash_decorator.py
[2025-02-02T16:23:25.687+0000] {processor.py:925} INFO - DAG(s) 'example_bash_decorator' retrieved from /home/airflow/.local/lib/python3.12/site-packages/airflow/example_dags/example_bash_decorator.py
[2025-02-02T16:23:25.716+0000] {logging_mixin.py:190} INFO - [2025-02-02T16:23:25.716+0000] {dag.py:3239} INFO - Sync 1 DAGs
[2025-02-02T16:23:25.736+0000] {logging_mixin.py:190} INFO - [2025-02-02T16:23:25.736+0000] {dag.py:4180} INFO - Setting next_dagrun for example_bash_decorator to None, run_after=None
[2025-02-02T16:23:25.761+0000] {processor.py:208} INFO - Processing /home/airflow/.local/lib/python3.12/site-packages/airflow/example_dags/example_bash_decorator.py took 0.100 seconds
[2025-02-02T16:23:56.049+0000] {processor.py:186} INFO - Started process (PID=682) to work on /home/airflow/.local/lib/python3.12/site-packages/airflow/example_dags/example_bash_decorator.py
[2025-02-02T16:23:56.051+0000] {processor.py:914} INFO - Processing file /home/airflow/.local/lib/python3.12/site-packages/airflow/example_dags/example_bash_decorator.py for tasks to queue
[2025-02-02T16:23:56.053+0000] {logging_mixin.py:190} INFO - [2025-02-02T16:23:56.053+0000] {dagbag.py:588} INFO - Filling up the DagBag from /home/airflow/.local/lib/python3.12/site-packages/airflow/example_dags/example_bash_decorator.py
[2025-02-02T16:23:56.068+0000] {processor.py:925} INFO - DAG(s) 'example_bash_decorator' retrieved from /home/airflow/.local/lib/python3.12/site-packages/airflow/example_dags/example_bash_decorator.py
[2025-02-02T16:23:56.093+0000] {logging_mixin.py:190} INFO - [2025-02-02T16:23:56.093+0000] {dag.py:3239} INFO - Sync 1 DAGs
[2025-02-02T16:23:56.109+0000] {logging_mixin.py:190} INFO - [2025-02-02T16:23:56.108+0000] {dag.py:4180} INFO - Setting next_dagrun for example_bash_decorator to None, run_after=None
[2025-02-02T16:23:56.132+0000] {processor.py:208} INFO - Processing /home/airflow/.local/lib/python3.12/site-packages/airflow/example_dags/example_bash_decorator.py took 0.088 seconds
[2025-02-02T16:24:26.993+0000] {processor.py:186} INFO - Started process (PID=751) to work on /home/airflow/.local/lib/python3.12/site-packages/airflow/example_dags/example_bash_decorator.py
[2025-02-02T16:24:26.994+0000] {processor.py:914} INFO - Processing file /home/airflow/.local/lib/python3.12/site-packages/airflow/example_dags/example_bash_decorator.py for tasks to queue
[2025-02-02T16:24:26.997+0000] {logging_mixin.py:190} INFO - [2025-02-02T16:24:26.996+0000] {dagbag.py:588} INFO - Filling up the DagBag from /home/airflow/.local/lib/python3.12/site-packages/airflow/example_dags/example_bash_decorator.py
[2025-02-02T16:24:27.013+0000] {processor.py:925} INFO - DAG(s) 'example_bash_decorator' retrieved from /home/airflow/.local/lib/python3.12/site-packages/airflow/example_dags/example_bash_decorator.py
[2025-02-02T16:24:27.043+0000] {logging_mixin.py:190} INFO - [2025-02-02T16:24:27.043+0000] {dag.py:3239} INFO - Sync 1 DAGs
[2025-02-02T16:24:27.059+0000] {logging_mixin.py:190} INFO - [2025-02-02T16:24:27.059+0000] {dag.py:4180} INFO - Setting next_dagrun for example_bash_decorator to None, run_after=None
[2025-02-02T16:24:27.086+0000] {processor.py:208} INFO - Processing /home/airflow/.local/lib/python3.12/site-packages/airflow/example_dags/example_bash_decorator.py took 0.098 seconds
[2025-02-02T16:24:57.289+0000] {processor.py:186} INFO - Started process (PID=814) to work on /home/airflow/.local/lib/python3.12/site-packages/airflow/example_dags/example_bash_decorator.py
[2025-02-02T16:24:57.291+0000] {processor.py:914} INFO - Processing file /home/airflow/.local/lib/python3.12/site-packages/airflow/example_dags/example_bash_decorator.py for tasks to queue
[2025-02-02T16:24:57.294+0000] {logging_mixin.py:190} INFO - [2025-02-02T16:24:57.294+0000] {dagbag.py:588} INFO - Filling up the DagBag from /home/airflow/.local/lib/python3.12/site-packages/airflow/example_dags/example_bash_decorator.py
[2025-02-02T16:24:57.309+0000] {processor.py:925} INFO - DAG(s) 'example_bash_decorator' retrieved from /home/airflow/.local/lib/python3.12/site-packages/airflow/example_dags/example_bash_decorator.py
[2025-02-02T16:24:57.335+0000] {logging_mixin.py:190} INFO - [2025-02-02T16:24:57.335+0000] {dag.py:3239} INFO - Sync 1 DAGs
[2025-02-02T16:24:57.354+0000] {logging_mixin.py:190} INFO - [2025-02-02T16:24:57.354+0000] {dag.py:4180} INFO - Setting next_dagrun for example_bash_decorator to None, run_after=None
[2025-02-02T16:24:57.379+0000] {processor.py:208} INFO - Processing /home/airflow/.local/lib/python3.12/site-packages/airflow/example_dags/example_bash_decorator.py took 0.095 seconds
[2025-02-02T16:25:27.655+0000] {processor.py:186} INFO - Started process (PID=877) to work on /home/airflow/.local/lib/python3.12/site-packages/airflow/example_dags/example_bash_decorator.py
[2025-02-02T16:25:27.656+0000] {processor.py:914} INFO - Processing file /home/airflow/.local/lib/python3.12/site-packages/airflow/example_dags/example_bash_decorator.py for tasks to queue
[2025-02-02T16:25:27.659+0000] {logging_mixin.py:190} INFO - [2025-02-02T16:25:27.659+0000] {dagbag.py:588} INFO - Filling up the DagBag from /home/airflow/.local/lib/python3.12/site-packages/airflow/example_dags/example_bash_decorator.py
[2025-02-02T16:25:27.676+0000] {processor.py:925} INFO - DAG(s) 'example_bash_decorator' retrieved from /home/airflow/.local/lib/python3.12/site-packages/airflow/example_dags/example_bash_decorator.py
[2025-02-02T16:25:27.703+0000] {logging_mixin.py:190} INFO - [2025-02-02T16:25:27.703+0000] {dag.py:3239} INFO - Sync 1 DAGs
[2025-02-02T16:25:27.721+0000] {logging_mixin.py:190} INFO - [2025-02-02T16:25:27.721+0000] {dag.py:4180} INFO - Setting next_dagrun for example_bash_decorator to None, run_after=None
[2025-02-02T16:25:27.746+0000] {processor.py:208} INFO - Processing /home/airflow/.local/lib/python3.12/site-packages/airflow/example_dags/example_bash_decorator.py took 0.096 seconds
