[2025-02-02T12:16:37.557+0000] {processor.py:186} INFO - Started process (PID=67) to work on /home/airflow/.local/lib/python3.12/site-packages/airflow/example_dags/example_sensors.py
[2025-02-02T12:16:37.559+0000] {processor.py:914} INFO - Processing file /home/airflow/.local/lib/python3.12/site-packages/airflow/example_dags/example_sensors.py for tasks to queue
[2025-02-02T12:16:37.564+0000] {logging_mixin.py:190} INFO - [2025-02-02T12:16:37.563+0000] {dagbag.py:588} INFO - Filling up the DagBag from /home/airflow/.local/lib/python3.12/site-packages/airflow/example_dags/example_sensors.py
[2025-02-02T12:16:37.591+0000] {processor.py:925} INFO - DAG(s) 'example_sensors' retrieved from /home/airflow/.local/lib/python3.12/site-packages/airflow/example_dags/example_sensors.py
[2025-02-02T12:16:37.735+0000] {logging_mixin.py:190} INFO - [2025-02-02T12:16:37.734+0000] {override.py:1911} INFO - Created Permission View: can read on DAG:example_sensors
[2025-02-02T12:16:37.746+0000] {logging_mixin.py:190} INFO - [2025-02-02T12:16:37.746+0000] {override.py:1911} INFO - Created Permission View: can edit on DAG:example_sensors
[2025-02-02T12:16:37.756+0000] {logging_mixin.py:190} INFO - [2025-02-02T12:16:37.755+0000] {override.py:1911} INFO - Created Permission View: can delete on DAG:example_sensors
[2025-02-02T12:16:37.767+0000] {logging_mixin.py:190} INFO - [2025-02-02T12:16:37.766+0000] {override.py:1911} INFO - Created Permission View: can read on DAG Run:example_sensors
[2025-02-02T12:16:37.775+0000] {logging_mixin.py:190} INFO - [2025-02-02T12:16:37.775+0000] {override.py:1911} INFO - Created Permission View: menu access on DAG Run:example_sensors
[2025-02-02T12:16:37.785+0000] {logging_mixin.py:190} INFO - [2025-02-02T12:16:37.784+0000] {override.py:1911} INFO - Created Permission View: can create on DAG Run:example_sensors
[2025-02-02T12:16:37.795+0000] {logging_mixin.py:190} INFO - [2025-02-02T12:16:37.795+0000] {override.py:1911} INFO - Created Permission View: can delete on DAG Run:example_sensors
[2025-02-02T12:16:37.796+0000] {logging_mixin.py:190} INFO - [2025-02-02T12:16:37.796+0000] {dag.py:3239} INFO - Sync 1 DAGs
[2025-02-02T12:16:37.810+0000] {logging_mixin.py:190} INFO - [2025-02-02T12:16:37.810+0000] {dag.py:3262} INFO - Creating ORM DAG for example_sensors
[2025-02-02T12:16:37.811+0000] {logging_mixin.py:190} INFO - [2025-02-02T12:16:37.811+0000] {dag.py:4180} INFO - Setting next_dagrun for example_sensors to None, run_after=None
[2025-02-02T12:16:37.832+0000] {processor.py:208} INFO - Processing /home/airflow/.local/lib/python3.12/site-packages/airflow/example_dags/example_sensors.py took 0.284 seconds
[2025-02-02T12:17:08.766+0000] {processor.py:186} INFO - Started process (PID=130) to work on /home/airflow/.local/lib/python3.12/site-packages/airflow/example_dags/example_sensors.py
[2025-02-02T12:17:08.767+0000] {processor.py:914} INFO - Processing file /home/airflow/.local/lib/python3.12/site-packages/airflow/example_dags/example_sensors.py for tasks to queue
[2025-02-02T12:17:08.770+0000] {logging_mixin.py:190} INFO - [2025-02-02T12:17:08.769+0000] {dagbag.py:588} INFO - Filling up the DagBag from /home/airflow/.local/lib/python3.12/site-packages/airflow/example_dags/example_sensors.py
[2025-02-02T12:17:08.780+0000] {processor.py:925} INFO - DAG(s) 'example_sensors' retrieved from /home/airflow/.local/lib/python3.12/site-packages/airflow/example_dags/example_sensors.py
[2025-02-02T12:17:08.810+0000] {logging_mixin.py:190} INFO - [2025-02-02T12:17:08.810+0000] {dag.py:3239} INFO - Sync 1 DAGs
[2025-02-02T12:17:08.825+0000] {logging_mixin.py:190} INFO - [2025-02-02T12:17:08.825+0000] {dag.py:4180} INFO - Setting next_dagrun for example_sensors to None, run_after=None
[2025-02-02T12:17:08.851+0000] {processor.py:208} INFO - Processing /home/airflow/.local/lib/python3.12/site-packages/airflow/example_dags/example_sensors.py took 0.091 seconds
[2025-02-02T12:17:40.462+0000] {processor.py:186} INFO - Started process (PID=192) to work on /home/airflow/.local/lib/python3.12/site-packages/airflow/example_dags/example_sensors.py
[2025-02-02T12:17:40.463+0000] {processor.py:914} INFO - Processing file /home/airflow/.local/lib/python3.12/site-packages/airflow/example_dags/example_sensors.py for tasks to queue
[2025-02-02T12:17:40.466+0000] {logging_mixin.py:190} INFO - [2025-02-02T12:17:40.465+0000] {dagbag.py:588} INFO - Filling up the DagBag from /home/airflow/.local/lib/python3.12/site-packages/airflow/example_dags/example_sensors.py
[2025-02-02T12:17:40.477+0000] {processor.py:925} INFO - DAG(s) 'example_sensors' retrieved from /home/airflow/.local/lib/python3.12/site-packages/airflow/example_dags/example_sensors.py
[2025-02-02T12:17:40.504+0000] {logging_mixin.py:190} INFO - [2025-02-02T12:17:40.503+0000] {dag.py:3239} INFO - Sync 1 DAGs
[2025-02-02T12:17:40.518+0000] {logging_mixin.py:190} INFO - [2025-02-02T12:17:40.517+0000] {dag.py:4180} INFO - Setting next_dagrun for example_sensors to None, run_after=None
[2025-02-02T12:17:40.540+0000] {processor.py:208} INFO - Processing /home/airflow/.local/lib/python3.12/site-packages/airflow/example_dags/example_sensors.py took 0.084 seconds
[2025-02-02T12:18:11.871+0000] {processor.py:186} INFO - Started process (PID=255) to work on /home/airflow/.local/lib/python3.12/site-packages/airflow/example_dags/example_sensors.py
[2025-02-02T12:18:11.872+0000] {processor.py:914} INFO - Processing file /home/airflow/.local/lib/python3.12/site-packages/airflow/example_dags/example_sensors.py for tasks to queue
[2025-02-02T12:18:11.875+0000] {logging_mixin.py:190} INFO - [2025-02-02T12:18:11.874+0000] {dagbag.py:588} INFO - Filling up the DagBag from /home/airflow/.local/lib/python3.12/site-packages/airflow/example_dags/example_sensors.py
[2025-02-02T12:18:11.887+0000] {processor.py:925} INFO - DAG(s) 'example_sensors' retrieved from /home/airflow/.local/lib/python3.12/site-packages/airflow/example_dags/example_sensors.py
[2025-02-02T12:18:11.916+0000] {logging_mixin.py:190} INFO - [2025-02-02T12:18:11.916+0000] {dag.py:3239} INFO - Sync 1 DAGs
[2025-02-02T12:18:11.931+0000] {logging_mixin.py:190} INFO - [2025-02-02T12:18:11.931+0000] {dag.py:4180} INFO - Setting next_dagrun for example_sensors to None, run_after=None
[2025-02-02T12:18:11.956+0000] {processor.py:208} INFO - Processing /home/airflow/.local/lib/python3.12/site-packages/airflow/example_dags/example_sensors.py took 0.091 seconds
[2025-02-02T12:18:42.955+0000] {processor.py:186} INFO - Started process (PID=318) to work on /home/airflow/.local/lib/python3.12/site-packages/airflow/example_dags/example_sensors.py
[2025-02-02T12:18:42.956+0000] {processor.py:914} INFO - Processing file /home/airflow/.local/lib/python3.12/site-packages/airflow/example_dags/example_sensors.py for tasks to queue
[2025-02-02T12:18:42.960+0000] {logging_mixin.py:190} INFO - [2025-02-02T12:18:42.959+0000] {dagbag.py:588} INFO - Filling up the DagBag from /home/airflow/.local/lib/python3.12/site-packages/airflow/example_dags/example_sensors.py
[2025-02-02T12:18:42.971+0000] {processor.py:925} INFO - DAG(s) 'example_sensors' retrieved from /home/airflow/.local/lib/python3.12/site-packages/airflow/example_dags/example_sensors.py
[2025-02-02T12:18:43.001+0000] {logging_mixin.py:190} INFO - [2025-02-02T12:18:43.001+0000] {dag.py:3239} INFO - Sync 1 DAGs
[2025-02-02T12:18:43.020+0000] {logging_mixin.py:190} INFO - [2025-02-02T12:18:43.020+0000] {dag.py:4180} INFO - Setting next_dagrun for example_sensors to None, run_after=None
[2025-02-02T12:18:43.044+0000] {processor.py:208} INFO - Processing /home/airflow/.local/lib/python3.12/site-packages/airflow/example_dags/example_sensors.py took 0.095 seconds
[2025-02-02T12:19:14.481+0000] {processor.py:186} INFO - Started process (PID=381) to work on /home/airflow/.local/lib/python3.12/site-packages/airflow/example_dags/example_sensors.py
[2025-02-02T12:19:14.483+0000] {processor.py:914} INFO - Processing file /home/airflow/.local/lib/python3.12/site-packages/airflow/example_dags/example_sensors.py for tasks to queue
[2025-02-02T12:19:14.485+0000] {logging_mixin.py:190} INFO - [2025-02-02T12:19:14.485+0000] {dagbag.py:588} INFO - Filling up the DagBag from /home/airflow/.local/lib/python3.12/site-packages/airflow/example_dags/example_sensors.py
[2025-02-02T12:19:14.499+0000] {processor.py:925} INFO - DAG(s) 'example_sensors' retrieved from /home/airflow/.local/lib/python3.12/site-packages/airflow/example_dags/example_sensors.py
[2025-02-02T12:19:14.527+0000] {logging_mixin.py:190} INFO - [2025-02-02T12:19:14.527+0000] {dag.py:3239} INFO - Sync 1 DAGs
[2025-02-02T12:19:14.540+0000] {logging_mixin.py:190} INFO - [2025-02-02T12:19:14.540+0000] {dag.py:4180} INFO - Setting next_dagrun for example_sensors to None, run_after=None
[2025-02-02T12:19:14.564+0000] {processor.py:208} INFO - Processing /home/airflow/.local/lib/python3.12/site-packages/airflow/example_dags/example_sensors.py took 0.088 seconds
[2025-02-02T12:19:46.295+0000] {processor.py:186} INFO - Started process (PID=444) to work on /home/airflow/.local/lib/python3.12/site-packages/airflow/example_dags/example_sensors.py
[2025-02-02T12:19:46.297+0000] {processor.py:914} INFO - Processing file /home/airflow/.local/lib/python3.12/site-packages/airflow/example_dags/example_sensors.py for tasks to queue
[2025-02-02T12:19:46.300+0000] {logging_mixin.py:190} INFO - [2025-02-02T12:19:46.299+0000] {dagbag.py:588} INFO - Filling up the DagBag from /home/airflow/.local/lib/python3.12/site-packages/airflow/example_dags/example_sensors.py
[2025-02-02T12:19:46.313+0000] {processor.py:925} INFO - DAG(s) 'example_sensors' retrieved from /home/airflow/.local/lib/python3.12/site-packages/airflow/example_dags/example_sensors.py
[2025-02-02T12:19:46.348+0000] {logging_mixin.py:190} INFO - [2025-02-02T12:19:46.347+0000] {dag.py:3239} INFO - Sync 1 DAGs
[2025-02-02T12:19:46.364+0000] {logging_mixin.py:190} INFO - [2025-02-02T12:19:46.363+0000] {dag.py:4180} INFO - Setting next_dagrun for example_sensors to None, run_after=None
[2025-02-02T12:19:46.390+0000] {processor.py:208} INFO - Processing /home/airflow/.local/lib/python3.12/site-packages/airflow/example_dags/example_sensors.py took 0.101 seconds
[2025-02-02T12:20:18.065+0000] {processor.py:186} INFO - Started process (PID=507) to work on /home/airflow/.local/lib/python3.12/site-packages/airflow/example_dags/example_sensors.py
[2025-02-02T12:20:18.066+0000] {processor.py:914} INFO - Processing file /home/airflow/.local/lib/python3.12/site-packages/airflow/example_dags/example_sensors.py for tasks to queue
[2025-02-02T12:20:18.070+0000] {logging_mixin.py:190} INFO - [2025-02-02T12:20:18.069+0000] {dagbag.py:588} INFO - Filling up the DagBag from /home/airflow/.local/lib/python3.12/site-packages/airflow/example_dags/example_sensors.py
[2025-02-02T12:20:18.091+0000] {processor.py:925} INFO - DAG(s) 'example_sensors' retrieved from /home/airflow/.local/lib/python3.12/site-packages/airflow/example_dags/example_sensors.py
[2025-02-02T12:20:18.140+0000] {logging_mixin.py:190} INFO - [2025-02-02T12:20:18.139+0000] {dag.py:3239} INFO - Sync 1 DAGs
[2025-02-02T12:20:18.166+0000] {logging_mixin.py:190} INFO - [2025-02-02T12:20:18.165+0000] {dag.py:4180} INFO - Setting next_dagrun for example_sensors to None, run_after=None
[2025-02-02T12:20:18.200+0000] {processor.py:208} INFO - Processing /home/airflow/.local/lib/python3.12/site-packages/airflow/example_dags/example_sensors.py took 0.144 seconds
[2025-02-02T16:18:51.753+0000] {processor.py:186} INFO - Started process (PID=61) to work on /home/airflow/.local/lib/python3.12/site-packages/airflow/example_dags/example_sensors.py
[2025-02-02T16:18:51.754+0000] {processor.py:914} INFO - Processing file /home/airflow/.local/lib/python3.12/site-packages/airflow/example_dags/example_sensors.py for tasks to queue
[2025-02-02T16:18:51.757+0000] {logging_mixin.py:190} INFO - [2025-02-02T16:18:51.756+0000] {dagbag.py:588} INFO - Filling up the DagBag from /home/airflow/.local/lib/python3.12/site-packages/airflow/example_dags/example_sensors.py
[2025-02-02T16:18:51.768+0000] {processor.py:925} INFO - DAG(s) 'example_sensors' retrieved from /home/airflow/.local/lib/python3.12/site-packages/airflow/example_dags/example_sensors.py
[2025-02-02T16:18:51.800+0000] {logging_mixin.py:190} INFO - [2025-02-02T16:18:51.800+0000] {dag.py:3239} INFO - Sync 1 DAGs
[2025-02-02T16:18:51.815+0000] {logging_mixin.py:190} INFO - [2025-02-02T16:18:51.815+0000] {dag.py:4180} INFO - Setting next_dagrun for example_sensors to None, run_after=None
[2025-02-02T16:18:51.838+0000] {processor.py:208} INFO - Processing /home/airflow/.local/lib/python3.12/site-packages/airflow/example_dags/example_sensors.py took 0.091 seconds
[2025-02-02T16:19:22.997+0000] {processor.py:186} INFO - Started process (PID=123) to work on /home/airflow/.local/lib/python3.12/site-packages/airflow/example_dags/example_sensors.py
[2025-02-02T16:19:22.998+0000] {processor.py:914} INFO - Processing file /home/airflow/.local/lib/python3.12/site-packages/airflow/example_dags/example_sensors.py for tasks to queue
[2025-02-02T16:19:23.001+0000] {logging_mixin.py:190} INFO - [2025-02-02T16:19:23.001+0000] {dagbag.py:588} INFO - Filling up the DagBag from /home/airflow/.local/lib/python3.12/site-packages/airflow/example_dags/example_sensors.py
[2025-02-02T16:19:23.013+0000] {processor.py:925} INFO - DAG(s) 'example_sensors' retrieved from /home/airflow/.local/lib/python3.12/site-packages/airflow/example_dags/example_sensors.py
[2025-02-02T16:19:23.040+0000] {logging_mixin.py:190} INFO - [2025-02-02T16:19:23.040+0000] {dag.py:3239} INFO - Sync 1 DAGs
[2025-02-02T16:19:23.056+0000] {logging_mixin.py:190} INFO - [2025-02-02T16:19:23.056+0000] {dag.py:4180} INFO - Setting next_dagrun for example_sensors to None, run_after=None
[2025-02-02T16:19:23.078+0000] {processor.py:208} INFO - Processing /home/airflow/.local/lib/python3.12/site-packages/airflow/example_dags/example_sensors.py took 0.087 seconds
[2025-02-02T16:19:54.278+0000] {processor.py:186} INFO - Started process (PID=186) to work on /home/airflow/.local/lib/python3.12/site-packages/airflow/example_dags/example_sensors.py
[2025-02-02T16:19:54.279+0000] {processor.py:914} INFO - Processing file /home/airflow/.local/lib/python3.12/site-packages/airflow/example_dags/example_sensors.py for tasks to queue
[2025-02-02T16:19:54.282+0000] {logging_mixin.py:190} INFO - [2025-02-02T16:19:54.282+0000] {dagbag.py:588} INFO - Filling up the DagBag from /home/airflow/.local/lib/python3.12/site-packages/airflow/example_dags/example_sensors.py
[2025-02-02T16:19:54.293+0000] {processor.py:925} INFO - DAG(s) 'example_sensors' retrieved from /home/airflow/.local/lib/python3.12/site-packages/airflow/example_dags/example_sensors.py
[2025-02-02T16:19:54.325+0000] {logging_mixin.py:190} INFO - [2025-02-02T16:19:54.324+0000] {dag.py:3239} INFO - Sync 1 DAGs
[2025-02-02T16:19:54.341+0000] {logging_mixin.py:190} INFO - [2025-02-02T16:19:54.340+0000] {dag.py:4180} INFO - Setting next_dagrun for example_sensors to None, run_after=None
[2025-02-02T16:19:54.368+0000] {processor.py:208} INFO - Processing /home/airflow/.local/lib/python3.12/site-packages/airflow/example_dags/example_sensors.py took 0.095 seconds
[2025-02-02T16:20:25.272+0000] {processor.py:186} INFO - Started process (PID=249) to work on /home/airflow/.local/lib/python3.12/site-packages/airflow/example_dags/example_sensors.py
[2025-02-02T16:20:25.273+0000] {processor.py:914} INFO - Processing file /home/airflow/.local/lib/python3.12/site-packages/airflow/example_dags/example_sensors.py for tasks to queue
[2025-02-02T16:20:25.275+0000] {logging_mixin.py:190} INFO - [2025-02-02T16:20:25.275+0000] {dagbag.py:588} INFO - Filling up the DagBag from /home/airflow/.local/lib/python3.12/site-packages/airflow/example_dags/example_sensors.py
[2025-02-02T16:20:25.288+0000] {processor.py:925} INFO - DAG(s) 'example_sensors' retrieved from /home/airflow/.local/lib/python3.12/site-packages/airflow/example_dags/example_sensors.py
[2025-02-02T16:20:25.316+0000] {logging_mixin.py:190} INFO - [2025-02-02T16:20:25.315+0000] {dag.py:3239} INFO - Sync 1 DAGs
[2025-02-02T16:20:25.330+0000] {logging_mixin.py:190} INFO - [2025-02-02T16:20:25.330+0000] {dag.py:4180} INFO - Setting next_dagrun for example_sensors to None, run_after=None
[2025-02-02T16:20:25.353+0000] {processor.py:208} INFO - Processing /home/airflow/.local/lib/python3.12/site-packages/airflow/example_dags/example_sensors.py took 0.086 seconds
[2025-02-02T16:20:56.600+0000] {processor.py:186} INFO - Started process (PID=318) to work on /home/airflow/.local/lib/python3.12/site-packages/airflow/example_dags/example_sensors.py
[2025-02-02T16:20:56.601+0000] {processor.py:914} INFO - Processing file /home/airflow/.local/lib/python3.12/site-packages/airflow/example_dags/example_sensors.py for tasks to queue
[2025-02-02T16:20:56.604+0000] {logging_mixin.py:190} INFO - [2025-02-02T16:20:56.603+0000] {dagbag.py:588} INFO - Filling up the DagBag from /home/airflow/.local/lib/python3.12/site-packages/airflow/example_dags/example_sensors.py
[2025-02-02T16:20:56.615+0000] {processor.py:925} INFO - DAG(s) 'example_sensors' retrieved from /home/airflow/.local/lib/python3.12/site-packages/airflow/example_dags/example_sensors.py
[2025-02-02T16:20:56.642+0000] {logging_mixin.py:190} INFO - [2025-02-02T16:20:56.641+0000] {dag.py:3239} INFO - Sync 1 DAGs
[2025-02-02T16:20:56.663+0000] {logging_mixin.py:190} INFO - [2025-02-02T16:20:56.663+0000] {dag.py:4180} INFO - Setting next_dagrun for example_sensors to None, run_after=None
[2025-02-02T16:20:56.687+0000] {processor.py:208} INFO - Processing /home/airflow/.local/lib/python3.12/site-packages/airflow/example_dags/example_sensors.py took 0.092 seconds
[2025-02-02T16:21:27.509+0000] {processor.py:186} INFO - Started process (PID=381) to work on /home/airflow/.local/lib/python3.12/site-packages/airflow/example_dags/example_sensors.py
[2025-02-02T16:21:27.510+0000] {processor.py:914} INFO - Processing file /home/airflow/.local/lib/python3.12/site-packages/airflow/example_dags/example_sensors.py for tasks to queue
[2025-02-02T16:21:27.512+0000] {logging_mixin.py:190} INFO - [2025-02-02T16:21:27.512+0000] {dagbag.py:588} INFO - Filling up the DagBag from /home/airflow/.local/lib/python3.12/site-packages/airflow/example_dags/example_sensors.py
[2025-02-02T16:21:27.522+0000] {processor.py:925} INFO - DAG(s) 'example_sensors' retrieved from /home/airflow/.local/lib/python3.12/site-packages/airflow/example_dags/example_sensors.py
[2025-02-02T16:21:27.547+0000] {logging_mixin.py:190} INFO - [2025-02-02T16:21:27.547+0000] {dag.py:3239} INFO - Sync 1 DAGs
[2025-02-02T16:21:27.561+0000] {logging_mixin.py:190} INFO - [2025-02-02T16:21:27.561+0000] {dag.py:4180} INFO - Setting next_dagrun for example_sensors to None, run_after=None
[2025-02-02T16:21:27.582+0000] {processor.py:208} INFO - Processing /home/airflow/.local/lib/python3.12/site-packages/airflow/example_dags/example_sensors.py took 0.078 seconds
[2025-02-02T16:21:58.420+0000] {processor.py:186} INFO - Started process (PID=444) to work on /home/airflow/.local/lib/python3.12/site-packages/airflow/example_dags/example_sensors.py
[2025-02-02T16:21:58.421+0000] {processor.py:914} INFO - Processing file /home/airflow/.local/lib/python3.12/site-packages/airflow/example_dags/example_sensors.py for tasks to queue
[2025-02-02T16:21:58.423+0000] {logging_mixin.py:190} INFO - [2025-02-02T16:21:58.423+0000] {dagbag.py:588} INFO - Filling up the DagBag from /home/airflow/.local/lib/python3.12/site-packages/airflow/example_dags/example_sensors.py
[2025-02-02T16:21:58.434+0000] {processor.py:925} INFO - DAG(s) 'example_sensors' retrieved from /home/airflow/.local/lib/python3.12/site-packages/airflow/example_dags/example_sensors.py
[2025-02-02T16:21:58.458+0000] {logging_mixin.py:190} INFO - [2025-02-02T16:21:58.458+0000] {dag.py:3239} INFO - Sync 1 DAGs
[2025-02-02T16:21:58.472+0000] {logging_mixin.py:190} INFO - [2025-02-02T16:21:58.472+0000] {dag.py:4180} INFO - Setting next_dagrun for example_sensors to None, run_after=None
[2025-02-02T16:21:58.493+0000] {processor.py:208} INFO - Processing /home/airflow/.local/lib/python3.12/site-packages/airflow/example_dags/example_sensors.py took 0.079 seconds
[2025-02-02T16:22:29.579+0000] {processor.py:186} INFO - Started process (PID=507) to work on /home/airflow/.local/lib/python3.12/site-packages/airflow/example_dags/example_sensors.py
[2025-02-02T16:22:29.580+0000] {processor.py:914} INFO - Processing file /home/airflow/.local/lib/python3.12/site-packages/airflow/example_dags/example_sensors.py for tasks to queue
[2025-02-02T16:22:29.583+0000] {logging_mixin.py:190} INFO - [2025-02-02T16:22:29.582+0000] {dagbag.py:588} INFO - Filling up the DagBag from /home/airflow/.local/lib/python3.12/site-packages/airflow/example_dags/example_sensors.py
[2025-02-02T16:22:29.593+0000] {processor.py:925} INFO - DAG(s) 'example_sensors' retrieved from /home/airflow/.local/lib/python3.12/site-packages/airflow/example_dags/example_sensors.py
[2025-02-02T16:22:29.618+0000] {logging_mixin.py:190} INFO - [2025-02-02T16:22:29.618+0000] {dag.py:3239} INFO - Sync 1 DAGs
[2025-02-02T16:22:29.633+0000] {logging_mixin.py:190} INFO - [2025-02-02T16:22:29.633+0000] {dag.py:4180} INFO - Setting next_dagrun for example_sensors to None, run_after=None
[2025-02-02T16:22:29.656+0000] {processor.py:208} INFO - Processing /home/airflow/.local/lib/python3.12/site-packages/airflow/example_dags/example_sensors.py took 0.083 seconds
[2025-02-02T16:23:00.575+0000] {processor.py:186} INFO - Started process (PID=570) to work on /home/airflow/.local/lib/python3.12/site-packages/airflow/example_dags/example_sensors.py
[2025-02-02T16:23:00.576+0000] {processor.py:914} INFO - Processing file /home/airflow/.local/lib/python3.12/site-packages/airflow/example_dags/example_sensors.py for tasks to queue
[2025-02-02T16:23:00.578+0000] {logging_mixin.py:190} INFO - [2025-02-02T16:23:00.578+0000] {dagbag.py:588} INFO - Filling up the DagBag from /home/airflow/.local/lib/python3.12/site-packages/airflow/example_dags/example_sensors.py
[2025-02-02T16:23:00.590+0000] {processor.py:925} INFO - DAG(s) 'example_sensors' retrieved from /home/airflow/.local/lib/python3.12/site-packages/airflow/example_dags/example_sensors.py
[2025-02-02T16:23:00.617+0000] {logging_mixin.py:190} INFO - [2025-02-02T16:23:00.617+0000] {dag.py:3239} INFO - Sync 1 DAGs
[2025-02-02T16:23:00.633+0000] {logging_mixin.py:190} INFO - [2025-02-02T16:23:00.632+0000] {dag.py:4180} INFO - Setting next_dagrun for example_sensors to None, run_after=None
[2025-02-02T16:23:00.656+0000] {processor.py:208} INFO - Processing /home/airflow/.local/lib/python3.12/site-packages/airflow/example_dags/example_sensors.py took 0.086 seconds
[2025-02-02T16:23:31.727+0000] {processor.py:186} INFO - Started process (PID=633) to work on /home/airflow/.local/lib/python3.12/site-packages/airflow/example_dags/example_sensors.py
[2025-02-02T16:23:31.728+0000] {processor.py:914} INFO - Processing file /home/airflow/.local/lib/python3.12/site-packages/airflow/example_dags/example_sensors.py for tasks to queue
[2025-02-02T16:23:31.731+0000] {logging_mixin.py:190} INFO - [2025-02-02T16:23:31.731+0000] {dagbag.py:588} INFO - Filling up the DagBag from /home/airflow/.local/lib/python3.12/site-packages/airflow/example_dags/example_sensors.py
[2025-02-02T16:23:31.742+0000] {processor.py:925} INFO - DAG(s) 'example_sensors' retrieved from /home/airflow/.local/lib/python3.12/site-packages/airflow/example_dags/example_sensors.py
[2025-02-02T16:23:31.771+0000] {logging_mixin.py:190} INFO - [2025-02-02T16:23:31.770+0000] {dag.py:3239} INFO - Sync 1 DAGs
[2025-02-02T16:23:31.786+0000] {logging_mixin.py:190} INFO - [2025-02-02T16:23:31.786+0000] {dag.py:4180} INFO - Setting next_dagrun for example_sensors to None, run_after=None
[2025-02-02T16:23:31.812+0000] {processor.py:208} INFO - Processing /home/airflow/.local/lib/python3.12/site-packages/airflow/example_dags/example_sensors.py took 0.090 seconds
[2025-02-02T16:24:02.880+0000] {processor.py:186} INFO - Started process (PID=696) to work on /home/airflow/.local/lib/python3.12/site-packages/airflow/example_dags/example_sensors.py
[2025-02-02T16:24:02.881+0000] {processor.py:914} INFO - Processing file /home/airflow/.local/lib/python3.12/site-packages/airflow/example_dags/example_sensors.py for tasks to queue
[2025-02-02T16:24:02.885+0000] {logging_mixin.py:190} INFO - [2025-02-02T16:24:02.884+0000] {dagbag.py:588} INFO - Filling up the DagBag from /home/airflow/.local/lib/python3.12/site-packages/airflow/example_dags/example_sensors.py
[2025-02-02T16:24:02.898+0000] {processor.py:925} INFO - DAG(s) 'example_sensors' retrieved from /home/airflow/.local/lib/python3.12/site-packages/airflow/example_dags/example_sensors.py
[2025-02-02T16:24:02.928+0000] {logging_mixin.py:190} INFO - [2025-02-02T16:24:02.927+0000] {dag.py:3239} INFO - Sync 1 DAGs
[2025-02-02T16:24:02.943+0000] {logging_mixin.py:190} INFO - [2025-02-02T16:24:02.942+0000] {dag.py:4180} INFO - Setting next_dagrun for example_sensors to None, run_after=None
[2025-02-02T16:24:02.971+0000] {processor.py:208} INFO - Processing /home/airflow/.local/lib/python3.12/site-packages/airflow/example_dags/example_sensors.py took 0.097 seconds
[2025-02-02T16:24:34.328+0000] {processor.py:186} INFO - Started process (PID=759) to work on /home/airflow/.local/lib/python3.12/site-packages/airflow/example_dags/example_sensors.py
[2025-02-02T16:24:34.329+0000] {processor.py:914} INFO - Processing file /home/airflow/.local/lib/python3.12/site-packages/airflow/example_dags/example_sensors.py for tasks to queue
[2025-02-02T16:24:34.333+0000] {logging_mixin.py:190} INFO - [2025-02-02T16:24:34.332+0000] {dagbag.py:588} INFO - Filling up the DagBag from /home/airflow/.local/lib/python3.12/site-packages/airflow/example_dags/example_sensors.py
[2025-02-02T16:24:34.348+0000] {processor.py:925} INFO - DAG(s) 'example_sensors' retrieved from /home/airflow/.local/lib/python3.12/site-packages/airflow/example_dags/example_sensors.py
[2025-02-02T16:24:34.388+0000] {logging_mixin.py:190} INFO - [2025-02-02T16:24:34.388+0000] {dag.py:3239} INFO - Sync 1 DAGs
[2025-02-02T16:24:34.408+0000] {logging_mixin.py:190} INFO - [2025-02-02T16:24:34.407+0000] {dag.py:4180} INFO - Setting next_dagrun for example_sensors to None, run_after=None
[2025-02-02T16:24:34.443+0000] {processor.py:208} INFO - Processing /home/airflow/.local/lib/python3.12/site-packages/airflow/example_dags/example_sensors.py took 0.124 seconds
[2025-02-02T16:25:05.567+0000] {processor.py:186} INFO - Started process (PID=822) to work on /home/airflow/.local/lib/python3.12/site-packages/airflow/example_dags/example_sensors.py
[2025-02-02T16:25:05.568+0000] {processor.py:914} INFO - Processing file /home/airflow/.local/lib/python3.12/site-packages/airflow/example_dags/example_sensors.py for tasks to queue
[2025-02-02T16:25:05.571+0000] {logging_mixin.py:190} INFO - [2025-02-02T16:25:05.571+0000] {dagbag.py:588} INFO - Filling up the DagBag from /home/airflow/.local/lib/python3.12/site-packages/airflow/example_dags/example_sensors.py
[2025-02-02T16:25:05.585+0000] {processor.py:925} INFO - DAG(s) 'example_sensors' retrieved from /home/airflow/.local/lib/python3.12/site-packages/airflow/example_dags/example_sensors.py
[2025-02-02T16:25:05.618+0000] {logging_mixin.py:190} INFO - [2025-02-02T16:25:05.618+0000] {dag.py:3239} INFO - Sync 1 DAGs
[2025-02-02T16:25:05.638+0000] {logging_mixin.py:190} INFO - [2025-02-02T16:25:05.638+0000] {dag.py:4180} INFO - Setting next_dagrun for example_sensors to None, run_after=None
[2025-02-02T16:25:05.668+0000] {processor.py:208} INFO - Processing /home/airflow/.local/lib/python3.12/site-packages/airflow/example_dags/example_sensors.py took 0.109 seconds
[2025-02-02T16:25:36.994+0000] {processor.py:186} INFO - Started process (PID=885) to work on /home/airflow/.local/lib/python3.12/site-packages/airflow/example_dags/example_sensors.py
[2025-02-02T16:25:36.995+0000] {processor.py:914} INFO - Processing file /home/airflow/.local/lib/python3.12/site-packages/airflow/example_dags/example_sensors.py for tasks to queue
[2025-02-02T16:25:36.997+0000] {logging_mixin.py:190} INFO - [2025-02-02T16:25:36.997+0000] {dagbag.py:588} INFO - Filling up the DagBag from /home/airflow/.local/lib/python3.12/site-packages/airflow/example_dags/example_sensors.py
[2025-02-02T16:25:37.012+0000] {processor.py:925} INFO - DAG(s) 'example_sensors' retrieved from /home/airflow/.local/lib/python3.12/site-packages/airflow/example_dags/example_sensors.py
[2025-02-02T16:25:37.040+0000] {logging_mixin.py:190} INFO - [2025-02-02T16:25:37.039+0000] {dag.py:3239} INFO - Sync 1 DAGs
[2025-02-02T16:25:37.055+0000] {logging_mixin.py:190} INFO - [2025-02-02T16:25:37.055+0000] {dag.py:4180} INFO - Setting next_dagrun for example_sensors to None, run_after=None
[2025-02-02T16:25:37.080+0000] {processor.py:208} INFO - Processing /home/airflow/.local/lib/python3.12/site-packages/airflow/example_dags/example_sensors.py took 0.091 seconds
