[2025-02-02T12:16:36.941+0000] {processor.py:186} INFO - Started process (PID=65) to work on /home/airflow/.local/lib/python3.12/site-packages/airflow/example_dags/example_dataset_alias.py
[2025-02-02T12:16:36.942+0000] {processor.py:914} INFO - Processing file /home/airflow/.local/lib/python3.12/site-packages/airflow/example_dags/example_dataset_alias.py for tasks to queue
[2025-02-02T12:16:36.945+0000] {logging_mixin.py:190} INFO - [2025-02-02T12:16:36.945+0000] {dagbag.py:588} INFO - Filling up the DagBag from /home/airflow/.local/lib/python3.12/site-packages/airflow/example_dags/example_dataset_alias.py
[2025-02-02T12:16:37.722+0000] {processor.py:925} INFO - DAG(s) 'dataset_alias_example_alias_consumer', 'dataset_alias_example_alias_producer', 'dataset_s3_bucket_producer', 'dataset_s3_bucket_consumer' retrieved from /home/airflow/.local/lib/python3.12/site-packages/airflow/example_dags/example_dataset_alias.py
[2025-02-02T12:16:37.828+0000] {logging_mixin.py:190} INFO - [2025-02-02T12:16:37.827+0000] {override.py:1911} INFO - Created Permission View: can read on DAG:dataset_alias_example_alias_consumer
[2025-02-02T12:16:37.844+0000] {logging_mixin.py:190} INFO - [2025-02-02T12:16:37.844+0000] {override.py:1911} INFO - Created Permission View: can edit on DAG:dataset_alias_example_alias_consumer
[2025-02-02T12:16:37.856+0000] {logging_mixin.py:190} INFO - [2025-02-02T12:16:37.856+0000] {override.py:1911} INFO - Created Permission View: can delete on DAG:dataset_alias_example_alias_consumer
[2025-02-02T12:16:37.870+0000] {logging_mixin.py:190} INFO - [2025-02-02T12:16:37.870+0000] {override.py:1911} INFO - Created Permission View: can read on DAG Run:dataset_alias_example_alias_consumer
[2025-02-02T12:16:37.881+0000] {logging_mixin.py:190} INFO - [2025-02-02T12:16:37.880+0000] {override.py:1911} INFO - Created Permission View: menu access on DAG Run:dataset_alias_example_alias_consumer
[2025-02-02T12:16:37.891+0000] {logging_mixin.py:190} INFO - [2025-02-02T12:16:37.891+0000] {override.py:1911} INFO - Created Permission View: can create on DAG Run:dataset_alias_example_alias_consumer
[2025-02-02T12:16:37.902+0000] {logging_mixin.py:190} INFO - [2025-02-02T12:16:37.901+0000] {override.py:1911} INFO - Created Permission View: can delete on DAG Run:dataset_alias_example_alias_consumer
[2025-02-02T12:16:37.922+0000] {logging_mixin.py:190} INFO - [2025-02-02T12:16:37.922+0000] {override.py:1911} INFO - Created Permission View: can read on DAG:dataset_alias_example_alias_producer
[2025-02-02T12:16:37.932+0000] {logging_mixin.py:190} INFO - [2025-02-02T12:16:37.931+0000] {override.py:1911} INFO - Created Permission View: can edit on DAG:dataset_alias_example_alias_producer
[2025-02-02T12:16:37.941+0000] {logging_mixin.py:190} INFO - [2025-02-02T12:16:37.941+0000] {override.py:1911} INFO - Created Permission View: can delete on DAG:dataset_alias_example_alias_producer
[2025-02-02T12:16:37.954+0000] {logging_mixin.py:190} INFO - [2025-02-02T12:16:37.953+0000] {override.py:1911} INFO - Created Permission View: can read on DAG Run:dataset_alias_example_alias_producer
[2025-02-02T12:16:37.964+0000] {logging_mixin.py:190} INFO - [2025-02-02T12:16:37.964+0000] {override.py:1911} INFO - Created Permission View: menu access on DAG Run:dataset_alias_example_alias_producer
[2025-02-02T12:16:37.974+0000] {logging_mixin.py:190} INFO - [2025-02-02T12:16:37.974+0000] {override.py:1911} INFO - Created Permission View: can create on DAG Run:dataset_alias_example_alias_producer
[2025-02-02T12:16:37.985+0000] {logging_mixin.py:190} INFO - [2025-02-02T12:16:37.984+0000] {override.py:1911} INFO - Created Permission View: can delete on DAG Run:dataset_alias_example_alias_producer
[2025-02-02T12:16:38.005+0000] {logging_mixin.py:190} INFO - [2025-02-02T12:16:38.005+0000] {override.py:1911} INFO - Created Permission View: can read on DAG:dataset_s3_bucket_producer
[2025-02-02T12:16:38.025+0000] {logging_mixin.py:190} INFO - [2025-02-02T12:16:38.025+0000] {override.py:1911} INFO - Created Permission View: can edit on DAG:dataset_s3_bucket_producer
[2025-02-02T12:16:38.042+0000] {logging_mixin.py:190} INFO - [2025-02-02T12:16:38.041+0000] {override.py:1911} INFO - Created Permission View: can delete on DAG:dataset_s3_bucket_producer
[2025-02-02T12:16:38.060+0000] {logging_mixin.py:190} INFO - [2025-02-02T12:16:38.060+0000] {override.py:1911} INFO - Created Permission View: can read on DAG Run:dataset_s3_bucket_producer
[2025-02-02T12:16:38.076+0000] {logging_mixin.py:190} INFO - [2025-02-02T12:16:38.075+0000] {override.py:1911} INFO - Created Permission View: menu access on DAG Run:dataset_s3_bucket_producer
[2025-02-02T12:16:38.085+0000] {logging_mixin.py:190} INFO - [2025-02-02T12:16:38.084+0000] {override.py:1911} INFO - Created Permission View: can create on DAG Run:dataset_s3_bucket_producer
[2025-02-02T12:16:38.095+0000] {logging_mixin.py:190} INFO - [2025-02-02T12:16:38.094+0000] {override.py:1911} INFO - Created Permission View: can delete on DAG Run:dataset_s3_bucket_producer
[2025-02-02T12:16:38.113+0000] {logging_mixin.py:190} INFO - [2025-02-02T12:16:38.113+0000] {override.py:1911} INFO - Created Permission View: can read on DAG:dataset_s3_bucket_consumer
[2025-02-02T12:16:38.123+0000] {logging_mixin.py:190} INFO - [2025-02-02T12:16:38.123+0000] {override.py:1911} INFO - Created Permission View: can edit on DAG:dataset_s3_bucket_consumer
[2025-02-02T12:16:38.133+0000] {logging_mixin.py:190} INFO - [2025-02-02T12:16:38.133+0000] {override.py:1911} INFO - Created Permission View: can delete on DAG:dataset_s3_bucket_consumer
[2025-02-02T12:16:38.146+0000] {logging_mixin.py:190} INFO - [2025-02-02T12:16:38.146+0000] {override.py:1911} INFO - Created Permission View: can read on DAG Run:dataset_s3_bucket_consumer
[2025-02-02T12:16:38.158+0000] {logging_mixin.py:190} INFO - [2025-02-02T12:16:38.157+0000] {override.py:1911} INFO - Created Permission View: menu access on DAG Run:dataset_s3_bucket_consumer
[2025-02-02T12:16:38.168+0000] {logging_mixin.py:190} INFO - [2025-02-02T12:16:38.167+0000] {override.py:1911} INFO - Created Permission View: can create on DAG Run:dataset_s3_bucket_consumer
[2025-02-02T12:16:38.177+0000] {logging_mixin.py:190} INFO - [2025-02-02T12:16:38.177+0000] {override.py:1911} INFO - Created Permission View: can delete on DAG Run:dataset_s3_bucket_consumer
[2025-02-02T12:16:38.179+0000] {logging_mixin.py:190} INFO - [2025-02-02T12:16:38.178+0000] {dag.py:3239} INFO - Sync 4 DAGs
[2025-02-02T12:16:38.194+0000] {logging_mixin.py:190} INFO - [2025-02-02T12:16:38.193+0000] {dag.py:3262} INFO - Creating ORM DAG for dataset_s3_bucket_consumer
[2025-02-02T12:16:38.195+0000] {logging_mixin.py:190} INFO - [2025-02-02T12:16:38.195+0000] {dag.py:3262} INFO - Creating ORM DAG for dataset_alias_example_alias_consumer
[2025-02-02T12:16:38.197+0000] {logging_mixin.py:190} INFO - [2025-02-02T12:16:38.196+0000] {dag.py:3262} INFO - Creating ORM DAG for dataset_s3_bucket_producer
[2025-02-02T12:16:38.198+0000] {logging_mixin.py:190} INFO - [2025-02-02T12:16:38.197+0000] {dag.py:3262} INFO - Creating ORM DAG for dataset_alias_example_alias_producer
[2025-02-02T12:16:38.209+0000] {logging_mixin.py:190} INFO - [2025-02-02T12:16:38.209+0000] {dag.py:4180} INFO - Setting next_dagrun for dataset_alias_example_alias_consumer to None, run_after=None
[2025-02-02T12:16:38.210+0000] {logging_mixin.py:190} INFO - [2025-02-02T12:16:38.210+0000] {dag.py:4180} INFO - Setting next_dagrun for dataset_alias_example_alias_producer to None, run_after=None
[2025-02-02T12:16:38.211+0000] {logging_mixin.py:190} INFO - [2025-02-02T12:16:38.211+0000] {dag.py:4180} INFO - Setting next_dagrun for dataset_s3_bucket_consumer to None, run_after=None
[2025-02-02T12:16:38.212+0000] {logging_mixin.py:190} INFO - [2025-02-02T12:16:38.212+0000] {dag.py:4180} INFO - Setting next_dagrun for dataset_s3_bucket_producer to None, run_after=None
[2025-02-02T12:16:38.259+0000] {processor.py:208} INFO - Processing /home/airflow/.local/lib/python3.12/site-packages/airflow/example_dags/example_dataset_alias.py took 1.323 seconds
[2025-02-02T12:17:08.696+0000] {processor.py:186} INFO - Started process (PID=129) to work on /home/airflow/.local/lib/python3.12/site-packages/airflow/example_dags/example_dataset_alias.py
[2025-02-02T12:17:08.697+0000] {processor.py:914} INFO - Processing file /home/airflow/.local/lib/python3.12/site-packages/airflow/example_dags/example_dataset_alias.py for tasks to queue
[2025-02-02T12:17:08.700+0000] {logging_mixin.py:190} INFO - [2025-02-02T12:17:08.699+0000] {dagbag.py:588} INFO - Filling up the DagBag from /home/airflow/.local/lib/python3.12/site-packages/airflow/example_dags/example_dataset_alias.py
[2025-02-02T12:17:09.437+0000] {processor.py:925} INFO - DAG(s) 'dataset_alias_example_alias_consumer', 'dataset_s3_bucket_producer', 'dataset_alias_example_alias_producer', 'dataset_s3_bucket_consumer' retrieved from /home/airflow/.local/lib/python3.12/site-packages/airflow/example_dags/example_dataset_alias.py
[2025-02-02T12:17:09.470+0000] {logging_mixin.py:190} INFO - [2025-02-02T12:17:09.469+0000] {dag.py:3239} INFO - Sync 4 DAGs
[2025-02-02T12:17:09.495+0000] {logging_mixin.py:190} INFO - [2025-02-02T12:17:09.495+0000] {dag.py:4180} INFO - Setting next_dagrun for dataset_alias_example_alias_consumer to None, run_after=None
[2025-02-02T12:17:09.500+0000] {logging_mixin.py:190} INFO - [2025-02-02T12:17:09.499+0000] {dag.py:4180} INFO - Setting next_dagrun for dataset_alias_example_alias_producer to None, run_after=None
[2025-02-02T12:17:09.503+0000] {logging_mixin.py:190} INFO - [2025-02-02T12:17:09.503+0000] {dag.py:4180} INFO - Setting next_dagrun for dataset_s3_bucket_consumer to None, run_after=None
[2025-02-02T12:17:09.506+0000] {logging_mixin.py:190} INFO - [2025-02-02T12:17:09.505+0000] {dag.py:4180} INFO - Setting next_dagrun for dataset_s3_bucket_producer to None, run_after=None
[2025-02-02T12:17:09.535+0000] {processor.py:208} INFO - Processing /home/airflow/.local/lib/python3.12/site-packages/airflow/example_dags/example_dataset_alias.py took 0.845 seconds
[2025-02-02T12:17:40.819+0000] {processor.py:186} INFO - Started process (PID=197) to work on /home/airflow/.local/lib/python3.12/site-packages/airflow/example_dags/example_dataset_alias.py
[2025-02-02T12:17:40.820+0000] {processor.py:914} INFO - Processing file /home/airflow/.local/lib/python3.12/site-packages/airflow/example_dags/example_dataset_alias.py for tasks to queue
[2025-02-02T12:17:40.822+0000] {logging_mixin.py:190} INFO - [2025-02-02T12:17:40.822+0000] {dagbag.py:588} INFO - Filling up the DagBag from /home/airflow/.local/lib/python3.12/site-packages/airflow/example_dags/example_dataset_alias.py
[2025-02-02T12:17:41.444+0000] {processor.py:925} INFO - DAG(s) 'dataset_s3_bucket_consumer', 'dataset_s3_bucket_producer', 'dataset_alias_example_alias_producer', 'dataset_alias_example_alias_consumer' retrieved from /home/airflow/.local/lib/python3.12/site-packages/airflow/example_dags/example_dataset_alias.py
[2025-02-02T12:17:41.474+0000] {logging_mixin.py:190} INFO - [2025-02-02T12:17:41.474+0000] {dag.py:3239} INFO - Sync 4 DAGs
[2025-02-02T12:17:41.501+0000] {logging_mixin.py:190} INFO - [2025-02-02T12:17:41.501+0000] {dag.py:4180} INFO - Setting next_dagrun for dataset_alias_example_alias_consumer to None, run_after=None
[2025-02-02T12:17:41.505+0000] {logging_mixin.py:190} INFO - [2025-02-02T12:17:41.505+0000] {dag.py:4180} INFO - Setting next_dagrun for dataset_alias_example_alias_producer to None, run_after=None
[2025-02-02T12:17:41.507+0000] {logging_mixin.py:190} INFO - [2025-02-02T12:17:41.507+0000] {dag.py:4180} INFO - Setting next_dagrun for dataset_s3_bucket_consumer to None, run_after=None
[2025-02-02T12:17:41.510+0000] {logging_mixin.py:190} INFO - [2025-02-02T12:17:41.509+0000] {dag.py:4180} INFO - Setting next_dagrun for dataset_s3_bucket_producer to None, run_after=None
[2025-02-02T12:17:41.541+0000] {processor.py:208} INFO - Processing /home/airflow/.local/lib/python3.12/site-packages/airflow/example_dags/example_dataset_alias.py took 0.729 seconds
[2025-02-02T12:18:12.521+0000] {processor.py:186} INFO - Started process (PID=260) to work on /home/airflow/.local/lib/python3.12/site-packages/airflow/example_dags/example_dataset_alias.py
[2025-02-02T12:18:12.523+0000] {processor.py:914} INFO - Processing file /home/airflow/.local/lib/python3.12/site-packages/airflow/example_dags/example_dataset_alias.py for tasks to queue
[2025-02-02T12:18:12.527+0000] {logging_mixin.py:190} INFO - [2025-02-02T12:18:12.527+0000] {dagbag.py:588} INFO - Filling up the DagBag from /home/airflow/.local/lib/python3.12/site-packages/airflow/example_dags/example_dataset_alias.py
[2025-02-02T12:18:13.196+0000] {processor.py:925} INFO - DAG(s) 'dataset_s3_bucket_producer', 'dataset_s3_bucket_consumer', 'dataset_alias_example_alias_consumer', 'dataset_alias_example_alias_producer' retrieved from /home/airflow/.local/lib/python3.12/site-packages/airflow/example_dags/example_dataset_alias.py
[2025-02-02T12:18:13.221+0000] {logging_mixin.py:190} INFO - [2025-02-02T12:18:13.221+0000] {dag.py:3239} INFO - Sync 4 DAGs
[2025-02-02T12:18:13.251+0000] {logging_mixin.py:190} INFO - [2025-02-02T12:18:13.251+0000] {dag.py:4180} INFO - Setting next_dagrun for dataset_alias_example_alias_consumer to None, run_after=None
[2025-02-02T12:18:13.255+0000] {logging_mixin.py:190} INFO - [2025-02-02T12:18:13.255+0000] {dag.py:4180} INFO - Setting next_dagrun for dataset_alias_example_alias_producer to None, run_after=None
[2025-02-02T12:18:13.259+0000] {logging_mixin.py:190} INFO - [2025-02-02T12:18:13.258+0000] {dag.py:4180} INFO - Setting next_dagrun for dataset_s3_bucket_consumer to None, run_after=None
[2025-02-02T12:18:13.262+0000] {logging_mixin.py:190} INFO - [2025-02-02T12:18:13.262+0000] {dag.py:4180} INFO - Setting next_dagrun for dataset_s3_bucket_producer to None, run_after=None
[2025-02-02T12:18:13.293+0000] {processor.py:208} INFO - Processing /home/airflow/.local/lib/python3.12/site-packages/airflow/example_dags/example_dataset_alias.py took 0.781 seconds
[2025-02-02T12:18:43.686+0000] {processor.py:186} INFO - Started process (PID=326) to work on /home/airflow/.local/lib/python3.12/site-packages/airflow/example_dags/example_dataset_alias.py
[2025-02-02T12:18:43.687+0000] {processor.py:914} INFO - Processing file /home/airflow/.local/lib/python3.12/site-packages/airflow/example_dags/example_dataset_alias.py for tasks to queue
[2025-02-02T12:18:43.690+0000] {logging_mixin.py:190} INFO - [2025-02-02T12:18:43.690+0000] {dagbag.py:588} INFO - Filling up the DagBag from /home/airflow/.local/lib/python3.12/site-packages/airflow/example_dags/example_dataset_alias.py
[2025-02-02T12:18:44.279+0000] {processor.py:925} INFO - DAG(s) 'dataset_s3_bucket_producer', 'dataset_alias_example_alias_consumer', 'dataset_alias_example_alias_producer', 'dataset_s3_bucket_consumer' retrieved from /home/airflow/.local/lib/python3.12/site-packages/airflow/example_dags/example_dataset_alias.py
[2025-02-02T12:18:44.308+0000] {logging_mixin.py:190} INFO - [2025-02-02T12:18:44.307+0000] {dag.py:3239} INFO - Sync 4 DAGs
[2025-02-02T12:18:44.334+0000] {logging_mixin.py:190} INFO - [2025-02-02T12:18:44.333+0000] {dag.py:4180} INFO - Setting next_dagrun for dataset_alias_example_alias_consumer to None, run_after=None
[2025-02-02T12:18:44.338+0000] {logging_mixin.py:190} INFO - [2025-02-02T12:18:44.337+0000] {dag.py:4180} INFO - Setting next_dagrun for dataset_alias_example_alias_producer to None, run_after=None
[2025-02-02T12:18:44.340+0000] {logging_mixin.py:190} INFO - [2025-02-02T12:18:44.340+0000] {dag.py:4180} INFO - Setting next_dagrun for dataset_s3_bucket_consumer to None, run_after=None
[2025-02-02T12:18:44.343+0000] {logging_mixin.py:190} INFO - [2025-02-02T12:18:44.342+0000] {dag.py:4180} INFO - Setting next_dagrun for dataset_s3_bucket_producer to None, run_after=None
[2025-02-02T12:18:44.371+0000] {processor.py:208} INFO - Processing /home/airflow/.local/lib/python3.12/site-packages/airflow/example_dags/example_dataset_alias.py took 0.691 seconds
[2025-02-02T12:19:14.834+0000] {processor.py:186} INFO - Started process (PID=387) to work on /home/airflow/.local/lib/python3.12/site-packages/airflow/example_dags/example_dataset_alias.py
[2025-02-02T12:19:14.836+0000] {processor.py:914} INFO - Processing file /home/airflow/.local/lib/python3.12/site-packages/airflow/example_dags/example_dataset_alias.py for tasks to queue
[2025-02-02T12:19:14.838+0000] {logging_mixin.py:190} INFO - [2025-02-02T12:19:14.838+0000] {dagbag.py:588} INFO - Filling up the DagBag from /home/airflow/.local/lib/python3.12/site-packages/airflow/example_dags/example_dataset_alias.py
[2025-02-02T12:19:15.429+0000] {processor.py:925} INFO - DAG(s) 'dataset_s3_bucket_consumer', 'dataset_alias_example_alias_consumer', 'dataset_s3_bucket_producer', 'dataset_alias_example_alias_producer' retrieved from /home/airflow/.local/lib/python3.12/site-packages/airflow/example_dags/example_dataset_alias.py
[2025-02-02T12:19:15.456+0000] {logging_mixin.py:190} INFO - [2025-02-02T12:19:15.456+0000] {dag.py:3239} INFO - Sync 4 DAGs
[2025-02-02T12:19:15.483+0000] {logging_mixin.py:190} INFO - [2025-02-02T12:19:15.483+0000] {dag.py:4180} INFO - Setting next_dagrun for dataset_alias_example_alias_consumer to None, run_after=None
[2025-02-02T12:19:15.488+0000] {logging_mixin.py:190} INFO - [2025-02-02T12:19:15.488+0000] {dag.py:4180} INFO - Setting next_dagrun for dataset_alias_example_alias_producer to None, run_after=None
[2025-02-02T12:19:15.490+0000] {logging_mixin.py:190} INFO - [2025-02-02T12:19:15.490+0000] {dag.py:4180} INFO - Setting next_dagrun for dataset_s3_bucket_consumer to None, run_after=None
[2025-02-02T12:19:15.492+0000] {logging_mixin.py:190} INFO - [2025-02-02T12:19:15.492+0000] {dag.py:4180} INFO - Setting next_dagrun for dataset_s3_bucket_producer to None, run_after=None
[2025-02-02T12:19:15.520+0000] {processor.py:208} INFO - Processing /home/airflow/.local/lib/python3.12/site-packages/airflow/example_dags/example_dataset_alias.py took 0.691 seconds
[2025-02-02T12:19:46.524+0000] {processor.py:186} INFO - Started process (PID=447) to work on /home/airflow/.local/lib/python3.12/site-packages/airflow/example_dags/example_dataset_alias.py
[2025-02-02T12:19:46.525+0000] {processor.py:914} INFO - Processing file /home/airflow/.local/lib/python3.12/site-packages/airflow/example_dags/example_dataset_alias.py for tasks to queue
[2025-02-02T12:19:46.529+0000] {logging_mixin.py:190} INFO - [2025-02-02T12:19:46.529+0000] {dagbag.py:588} INFO - Filling up the DagBag from /home/airflow/.local/lib/python3.12/site-packages/airflow/example_dags/example_dataset_alias.py
[2025-02-02T12:19:47.228+0000] {processor.py:925} INFO - DAG(s) 'dataset_s3_bucket_consumer', 'dataset_alias_example_alias_producer', 'dataset_s3_bucket_producer', 'dataset_alias_example_alias_consumer' retrieved from /home/airflow/.local/lib/python3.12/site-packages/airflow/example_dags/example_dataset_alias.py
[2025-02-02T12:19:47.259+0000] {logging_mixin.py:190} INFO - [2025-02-02T12:19:47.258+0000] {dag.py:3239} INFO - Sync 4 DAGs
[2025-02-02T12:19:47.286+0000] {logging_mixin.py:190} INFO - [2025-02-02T12:19:47.285+0000] {dag.py:4180} INFO - Setting next_dagrun for dataset_alias_example_alias_consumer to None, run_after=None
[2025-02-02T12:19:47.289+0000] {logging_mixin.py:190} INFO - [2025-02-02T12:19:47.289+0000] {dag.py:4180} INFO - Setting next_dagrun for dataset_alias_example_alias_producer to None, run_after=None
[2025-02-02T12:19:47.291+0000] {logging_mixin.py:190} INFO - [2025-02-02T12:19:47.291+0000] {dag.py:4180} INFO - Setting next_dagrun for dataset_s3_bucket_consumer to None, run_after=None
[2025-02-02T12:19:47.294+0000] {logging_mixin.py:190} INFO - [2025-02-02T12:19:47.293+0000] {dag.py:4180} INFO - Setting next_dagrun for dataset_s3_bucket_producer to None, run_after=None
[2025-02-02T12:19:47.323+0000] {processor.py:208} INFO - Processing /home/airflow/.local/lib/python3.12/site-packages/airflow/example_dags/example_dataset_alias.py took 0.806 seconds
[2025-02-02T12:20:18.356+0000] {processor.py:186} INFO - Started process (PID=510) to work on /home/airflow/.local/lib/python3.12/site-packages/airflow/example_dags/example_dataset_alias.py
[2025-02-02T12:20:18.358+0000] {processor.py:914} INFO - Processing file /home/airflow/.local/lib/python3.12/site-packages/airflow/example_dags/example_dataset_alias.py for tasks to queue
[2025-02-02T12:20:18.362+0000] {logging_mixin.py:190} INFO - [2025-02-02T12:20:18.361+0000] {dagbag.py:588} INFO - Filling up the DagBag from /home/airflow/.local/lib/python3.12/site-packages/airflow/example_dags/example_dataset_alias.py
[2025-02-02T12:20:19.281+0000] {processor.py:925} INFO - DAG(s) 'dataset_alias_example_alias_producer', 'dataset_s3_bucket_consumer', 'dataset_s3_bucket_producer', 'dataset_alias_example_alias_consumer' retrieved from /home/airflow/.local/lib/python3.12/site-packages/airflow/example_dags/example_dataset_alias.py
[2025-02-02T12:20:19.319+0000] {logging_mixin.py:190} INFO - [2025-02-02T12:20:19.319+0000] {dag.py:3239} INFO - Sync 4 DAGs
[2025-02-02T12:20:19.359+0000] {logging_mixin.py:190} INFO - [2025-02-02T12:20:19.359+0000] {dag.py:4180} INFO - Setting next_dagrun for dataset_alias_example_alias_consumer to None, run_after=None
[2025-02-02T12:20:19.365+0000] {logging_mixin.py:190} INFO - [2025-02-02T12:20:19.364+0000] {dag.py:4180} INFO - Setting next_dagrun for dataset_alias_example_alias_producer to None, run_after=None
[2025-02-02T12:20:19.368+0000] {logging_mixin.py:190} INFO - [2025-02-02T12:20:19.368+0000] {dag.py:4180} INFO - Setting next_dagrun for dataset_s3_bucket_consumer to None, run_after=None
[2025-02-02T12:20:19.371+0000] {logging_mixin.py:190} INFO - [2025-02-02T12:20:19.371+0000] {dag.py:4180} INFO - Setting next_dagrun for dataset_s3_bucket_producer to None, run_after=None
[2025-02-02T12:20:19.408+0000] {processor.py:208} INFO - Processing /home/airflow/.local/lib/python3.12/site-packages/airflow/example_dags/example_dataset_alias.py took 1.061 seconds
[2025-02-02T16:18:51.515+0000] {processor.py:186} INFO - Started process (PID=59) to work on /home/airflow/.local/lib/python3.12/site-packages/airflow/example_dags/example_dataset_alias.py
[2025-02-02T16:18:51.517+0000] {processor.py:914} INFO - Processing file /home/airflow/.local/lib/python3.12/site-packages/airflow/example_dags/example_dataset_alias.py for tasks to queue
[2025-02-02T16:18:51.519+0000] {logging_mixin.py:190} INFO - [2025-02-02T16:18:51.519+0000] {dagbag.py:588} INFO - Filling up the DagBag from /home/airflow/.local/lib/python3.12/site-packages/airflow/example_dags/example_dataset_alias.py
[2025-02-02T16:18:52.154+0000] {processor.py:925} INFO - DAG(s) 'dataset_s3_bucket_consumer', 'dataset_s3_bucket_producer', 'dataset_alias_example_alias_producer', 'dataset_alias_example_alias_consumer' retrieved from /home/airflow/.local/lib/python3.12/site-packages/airflow/example_dags/example_dataset_alias.py
[2025-02-02T16:18:52.183+0000] {logging_mixin.py:190} INFO - [2025-02-02T16:18:52.183+0000] {dag.py:3239} INFO - Sync 4 DAGs
[2025-02-02T16:18:52.205+0000] {logging_mixin.py:190} INFO - [2025-02-02T16:18:52.204+0000] {dag.py:4180} INFO - Setting next_dagrun for dataset_alias_example_alias_consumer to None, run_after=None
[2025-02-02T16:18:52.208+0000] {logging_mixin.py:190} INFO - [2025-02-02T16:18:52.208+0000] {dag.py:4180} INFO - Setting next_dagrun for dataset_alias_example_alias_producer to None, run_after=None
[2025-02-02T16:18:52.210+0000] {logging_mixin.py:190} INFO - [2025-02-02T16:18:52.210+0000] {dag.py:4180} INFO - Setting next_dagrun for dataset_s3_bucket_consumer to None, run_after=None
[2025-02-02T16:18:52.212+0000] {logging_mixin.py:190} INFO - [2025-02-02T16:18:52.212+0000] {dag.py:4180} INFO - Setting next_dagrun for dataset_s3_bucket_producer to None, run_after=None
[2025-02-02T16:18:52.241+0000] {processor.py:208} INFO - Processing /home/airflow/.local/lib/python3.12/site-packages/airflow/example_dags/example_dataset_alias.py took 0.731 seconds
[2025-02-02T16:19:23.116+0000] {processor.py:186} INFO - Started process (PID=125) to work on /home/airflow/.local/lib/python3.12/site-packages/airflow/example_dags/example_dataset_alias.py
[2025-02-02T16:19:23.118+0000] {processor.py:914} INFO - Processing file /home/airflow/.local/lib/python3.12/site-packages/airflow/example_dags/example_dataset_alias.py for tasks to queue
[2025-02-02T16:19:23.120+0000] {logging_mixin.py:190} INFO - [2025-02-02T16:19:23.120+0000] {dagbag.py:588} INFO - Filling up the DagBag from /home/airflow/.local/lib/python3.12/site-packages/airflow/example_dags/example_dataset_alias.py
[2025-02-02T16:19:23.787+0000] {processor.py:925} INFO - DAG(s) 'dataset_s3_bucket_consumer', 'dataset_s3_bucket_producer', 'dataset_alias_example_alias_consumer', 'dataset_alias_example_alias_producer' retrieved from /home/airflow/.local/lib/python3.12/site-packages/airflow/example_dags/example_dataset_alias.py
[2025-02-02T16:19:23.818+0000] {logging_mixin.py:190} INFO - [2025-02-02T16:19:23.818+0000] {dag.py:3239} INFO - Sync 4 DAGs
[2025-02-02T16:19:23.844+0000] {logging_mixin.py:190} INFO - [2025-02-02T16:19:23.843+0000] {dag.py:4180} INFO - Setting next_dagrun for dataset_alias_example_alias_consumer to None, run_after=None
[2025-02-02T16:19:23.848+0000] {logging_mixin.py:190} INFO - [2025-02-02T16:19:23.848+0000] {dag.py:4180} INFO - Setting next_dagrun for dataset_alias_example_alias_producer to None, run_after=None
[2025-02-02T16:19:23.850+0000] {logging_mixin.py:190} INFO - [2025-02-02T16:19:23.850+0000] {dag.py:4180} INFO - Setting next_dagrun for dataset_s3_bucket_consumer to None, run_after=None
[2025-02-02T16:19:23.852+0000] {logging_mixin.py:190} INFO - [2025-02-02T16:19:23.852+0000] {dag.py:4180} INFO - Setting next_dagrun for dataset_s3_bucket_producer to None, run_after=None
[2025-02-02T16:19:23.880+0000] {processor.py:208} INFO - Processing /home/airflow/.local/lib/python3.12/site-packages/airflow/example_dags/example_dataset_alias.py took 0.769 seconds
[2025-02-02T16:19:54.540+0000] {processor.py:186} INFO - Started process (PID=189) to work on /home/airflow/.local/lib/python3.12/site-packages/airflow/example_dags/example_dataset_alias.py
[2025-02-02T16:19:54.541+0000] {processor.py:914} INFO - Processing file /home/airflow/.local/lib/python3.12/site-packages/airflow/example_dags/example_dataset_alias.py for tasks to queue
[2025-02-02T16:19:54.543+0000] {logging_mixin.py:190} INFO - [2025-02-02T16:19:54.543+0000] {dagbag.py:588} INFO - Filling up the DagBag from /home/airflow/.local/lib/python3.12/site-packages/airflow/example_dags/example_dataset_alias.py
[2025-02-02T16:19:55.167+0000] {processor.py:925} INFO - DAG(s) 'dataset_s3_bucket_consumer', 'dataset_alias_example_alias_producer', 'dataset_alias_example_alias_consumer', 'dataset_s3_bucket_producer' retrieved from /home/airflow/.local/lib/python3.12/site-packages/airflow/example_dags/example_dataset_alias.py
[2025-02-02T16:19:55.197+0000] {logging_mixin.py:190} INFO - [2025-02-02T16:19:55.197+0000] {dag.py:3239} INFO - Sync 4 DAGs
[2025-02-02T16:19:55.222+0000] {logging_mixin.py:190} INFO - [2025-02-02T16:19:55.221+0000] {dag.py:4180} INFO - Setting next_dagrun for dataset_alias_example_alias_consumer to None, run_after=None
[2025-02-02T16:19:55.226+0000] {logging_mixin.py:190} INFO - [2025-02-02T16:19:55.225+0000] {dag.py:4180} INFO - Setting next_dagrun for dataset_alias_example_alias_producer to None, run_after=None
[2025-02-02T16:19:55.228+0000] {logging_mixin.py:190} INFO - [2025-02-02T16:19:55.228+0000] {dag.py:4180} INFO - Setting next_dagrun for dataset_s3_bucket_consumer to None, run_after=None
[2025-02-02T16:19:55.231+0000] {logging_mixin.py:190} INFO - [2025-02-02T16:19:55.230+0000] {dag.py:4180} INFO - Setting next_dagrun for dataset_s3_bucket_producer to None, run_after=None
[2025-02-02T16:19:55.255+0000] {processor.py:208} INFO - Processing /home/airflow/.local/lib/python3.12/site-packages/airflow/example_dags/example_dataset_alias.py took 0.721 seconds
[2025-02-02T16:20:25.829+0000] {processor.py:186} INFO - Started process (PID=258) to work on /home/airflow/.local/lib/python3.12/site-packages/airflow/example_dags/example_dataset_alias.py
[2025-02-02T16:20:25.831+0000] {processor.py:914} INFO - Processing file /home/airflow/.local/lib/python3.12/site-packages/airflow/example_dags/example_dataset_alias.py for tasks to queue
[2025-02-02T16:20:25.833+0000] {logging_mixin.py:190} INFO - [2025-02-02T16:20:25.833+0000] {dagbag.py:588} INFO - Filling up the DagBag from /home/airflow/.local/lib/python3.12/site-packages/airflow/example_dags/example_dataset_alias.py
[2025-02-02T16:20:26.439+0000] {processor.py:925} INFO - DAG(s) 'dataset_s3_bucket_consumer', 'dataset_alias_example_alias_consumer', 'dataset_alias_example_alias_producer', 'dataset_s3_bucket_producer' retrieved from /home/airflow/.local/lib/python3.12/site-packages/airflow/example_dags/example_dataset_alias.py
[2025-02-02T16:20:26.462+0000] {logging_mixin.py:190} INFO - [2025-02-02T16:20:26.462+0000] {dag.py:3239} INFO - Sync 4 DAGs
[2025-02-02T16:20:26.487+0000] {logging_mixin.py:190} INFO - [2025-02-02T16:20:26.487+0000] {dag.py:4180} INFO - Setting next_dagrun for dataset_alias_example_alias_consumer to None, run_after=None
[2025-02-02T16:20:26.491+0000] {logging_mixin.py:190} INFO - [2025-02-02T16:20:26.490+0000] {dag.py:4180} INFO - Setting next_dagrun for dataset_alias_example_alias_producer to None, run_after=None
[2025-02-02T16:20:26.493+0000] {logging_mixin.py:190} INFO - [2025-02-02T16:20:26.493+0000] {dag.py:4180} INFO - Setting next_dagrun for dataset_s3_bucket_consumer to None, run_after=None
[2025-02-02T16:20:26.495+0000] {logging_mixin.py:190} INFO - [2025-02-02T16:20:26.495+0000] {dag.py:4180} INFO - Setting next_dagrun for dataset_s3_bucket_producer to None, run_after=None
[2025-02-02T16:20:26.521+0000] {processor.py:208} INFO - Processing /home/airflow/.local/lib/python3.12/site-packages/airflow/example_dags/example_dataset_alias.py took 0.696 seconds
[2025-02-02T16:20:56.929+0000] {processor.py:186} INFO - Started process (PID=323) to work on /home/airflow/.local/lib/python3.12/site-packages/airflow/example_dags/example_dataset_alias.py
[2025-02-02T16:20:56.930+0000] {processor.py:914} INFO - Processing file /home/airflow/.local/lib/python3.12/site-packages/airflow/example_dags/example_dataset_alias.py for tasks to queue
[2025-02-02T16:20:56.933+0000] {logging_mixin.py:190} INFO - [2025-02-02T16:20:56.932+0000] {dagbag.py:588} INFO - Filling up the DagBag from /home/airflow/.local/lib/python3.12/site-packages/airflow/example_dags/example_dataset_alias.py
[2025-02-02T16:20:57.521+0000] {processor.py:925} INFO - DAG(s) 'dataset_alias_example_alias_consumer', 'dataset_s3_bucket_producer', 'dataset_alias_example_alias_producer', 'dataset_s3_bucket_consumer' retrieved from /home/airflow/.local/lib/python3.12/site-packages/airflow/example_dags/example_dataset_alias.py
[2025-02-02T16:20:57.546+0000] {logging_mixin.py:190} INFO - [2025-02-02T16:20:57.546+0000] {dag.py:3239} INFO - Sync 4 DAGs
[2025-02-02T16:20:57.572+0000] {logging_mixin.py:190} INFO - [2025-02-02T16:20:57.571+0000] {dag.py:4180} INFO - Setting next_dagrun for dataset_alias_example_alias_consumer to None, run_after=None
[2025-02-02T16:20:57.575+0000] {logging_mixin.py:190} INFO - [2025-02-02T16:20:57.575+0000] {dag.py:4180} INFO - Setting next_dagrun for dataset_alias_example_alias_producer to None, run_after=None
[2025-02-02T16:20:57.579+0000] {logging_mixin.py:190} INFO - [2025-02-02T16:20:57.579+0000] {dag.py:4180} INFO - Setting next_dagrun for dataset_s3_bucket_consumer to None, run_after=None
[2025-02-02T16:20:57.581+0000] {logging_mixin.py:190} INFO - [2025-02-02T16:20:57.581+0000] {dag.py:4180} INFO - Setting next_dagrun for dataset_s3_bucket_producer to None, run_after=None
[2025-02-02T16:20:57.606+0000] {processor.py:208} INFO - Processing /home/airflow/.local/lib/python3.12/site-packages/airflow/example_dags/example_dataset_alias.py took 0.683 seconds
[2025-02-02T16:21:28.339+0000] {processor.py:186} INFO - Started process (PID=391) to work on /home/airflow/.local/lib/python3.12/site-packages/airflow/example_dags/example_dataset_alias.py
[2025-02-02T16:21:28.340+0000] {processor.py:914} INFO - Processing file /home/airflow/.local/lib/python3.12/site-packages/airflow/example_dags/example_dataset_alias.py for tasks to queue
[2025-02-02T16:21:28.343+0000] {logging_mixin.py:190} INFO - [2025-02-02T16:21:28.343+0000] {dagbag.py:588} INFO - Filling up the DagBag from /home/airflow/.local/lib/python3.12/site-packages/airflow/example_dags/example_dataset_alias.py
[2025-02-02T16:21:28.933+0000] {processor.py:925} INFO - DAG(s) 'dataset_alias_example_alias_consumer', 'dataset_alias_example_alias_producer', 'dataset_s3_bucket_producer', 'dataset_s3_bucket_consumer' retrieved from /home/airflow/.local/lib/python3.12/site-packages/airflow/example_dags/example_dataset_alias.py
[2025-02-02T16:21:28.960+0000] {logging_mixin.py:190} INFO - [2025-02-02T16:21:28.959+0000] {dag.py:3239} INFO - Sync 4 DAGs
[2025-02-02T16:21:28.984+0000] {logging_mixin.py:190} INFO - [2025-02-02T16:21:28.984+0000] {dag.py:4180} INFO - Setting next_dagrun for dataset_alias_example_alias_consumer to None, run_after=None
[2025-02-02T16:21:28.987+0000] {logging_mixin.py:190} INFO - [2025-02-02T16:21:28.987+0000] {dag.py:4180} INFO - Setting next_dagrun for dataset_alias_example_alias_producer to None, run_after=None
[2025-02-02T16:21:28.990+0000] {logging_mixin.py:190} INFO - [2025-02-02T16:21:28.989+0000] {dag.py:4180} INFO - Setting next_dagrun for dataset_s3_bucket_consumer to None, run_after=None
[2025-02-02T16:21:28.991+0000] {logging_mixin.py:190} INFO - [2025-02-02T16:21:28.991+0000] {dag.py:4180} INFO - Setting next_dagrun for dataset_s3_bucket_producer to None, run_after=None
[2025-02-02T16:21:29.016+0000] {processor.py:208} INFO - Processing /home/airflow/.local/lib/python3.12/site-packages/airflow/example_dags/example_dataset_alias.py took 0.683 seconds
[2025-02-02T16:21:59.323+0000] {processor.py:186} INFO - Started process (PID=459) to work on /home/airflow/.local/lib/python3.12/site-packages/airflow/example_dags/example_dataset_alias.py
[2025-02-02T16:21:59.324+0000] {processor.py:914} INFO - Processing file /home/airflow/.local/lib/python3.12/site-packages/airflow/example_dags/example_dataset_alias.py for tasks to queue
[2025-02-02T16:21:59.327+0000] {logging_mixin.py:190} INFO - [2025-02-02T16:21:59.327+0000] {dagbag.py:588} INFO - Filling up the DagBag from /home/airflow/.local/lib/python3.12/site-packages/airflow/example_dags/example_dataset_alias.py
[2025-02-02T16:21:59.901+0000] {processor.py:925} INFO - DAG(s) 'dataset_s3_bucket_consumer', 'dataset_alias_example_alias_producer', 'dataset_alias_example_alias_consumer', 'dataset_s3_bucket_producer' retrieved from /home/airflow/.local/lib/python3.12/site-packages/airflow/example_dags/example_dataset_alias.py
[2025-02-02T16:21:59.927+0000] {logging_mixin.py:190} INFO - [2025-02-02T16:21:59.926+0000] {dag.py:3239} INFO - Sync 4 DAGs
[2025-02-02T16:21:59.951+0000] {logging_mixin.py:190} INFO - [2025-02-02T16:21:59.951+0000] {dag.py:4180} INFO - Setting next_dagrun for dataset_alias_example_alias_consumer to None, run_after=None
[2025-02-02T16:21:59.955+0000] {logging_mixin.py:190} INFO - [2025-02-02T16:21:59.955+0000] {dag.py:4180} INFO - Setting next_dagrun for dataset_alias_example_alias_producer to None, run_after=None
[2025-02-02T16:21:59.958+0000] {logging_mixin.py:190} INFO - [2025-02-02T16:21:59.957+0000] {dag.py:4180} INFO - Setting next_dagrun for dataset_s3_bucket_consumer to None, run_after=None
[2025-02-02T16:21:59.960+0000] {logging_mixin.py:190} INFO - [2025-02-02T16:21:59.960+0000] {dag.py:4180} INFO - Setting next_dagrun for dataset_s3_bucket_producer to None, run_after=None
[2025-02-02T16:21:59.987+0000] {processor.py:208} INFO - Processing /home/airflow/.local/lib/python3.12/site-packages/airflow/example_dags/example_dataset_alias.py took 0.669 seconds
[2025-02-02T16:22:31.094+0000] {processor.py:186} INFO - Started process (PID=526) to work on /home/airflow/.local/lib/python3.12/site-packages/airflow/example_dags/example_dataset_alias.py
[2025-02-02T16:22:31.095+0000] {processor.py:914} INFO - Processing file /home/airflow/.local/lib/python3.12/site-packages/airflow/example_dags/example_dataset_alias.py for tasks to queue
[2025-02-02T16:22:31.097+0000] {logging_mixin.py:190} INFO - [2025-02-02T16:22:31.097+0000] {dagbag.py:588} INFO - Filling up the DagBag from /home/airflow/.local/lib/python3.12/site-packages/airflow/example_dags/example_dataset_alias.py
[2025-02-02T16:22:31.723+0000] {processor.py:925} INFO - DAG(s) 'dataset_alias_example_alias_consumer', 'dataset_alias_example_alias_producer', 'dataset_s3_bucket_consumer', 'dataset_s3_bucket_producer' retrieved from /home/airflow/.local/lib/python3.12/site-packages/airflow/example_dags/example_dataset_alias.py
[2025-02-02T16:22:31.752+0000] {logging_mixin.py:190} INFO - [2025-02-02T16:22:31.751+0000] {dag.py:3239} INFO - Sync 4 DAGs
[2025-02-02T16:22:31.776+0000] {logging_mixin.py:190} INFO - [2025-02-02T16:22:31.775+0000] {dag.py:4180} INFO - Setting next_dagrun for dataset_alias_example_alias_consumer to None, run_after=None
[2025-02-02T16:22:31.779+0000] {logging_mixin.py:190} INFO - [2025-02-02T16:22:31.779+0000] {dag.py:4180} INFO - Setting next_dagrun for dataset_alias_example_alias_producer to None, run_after=None
[2025-02-02T16:22:31.781+0000] {logging_mixin.py:190} INFO - [2025-02-02T16:22:31.781+0000] {dag.py:4180} INFO - Setting next_dagrun for dataset_s3_bucket_consumer to None, run_after=None
[2025-02-02T16:22:31.784+0000] {logging_mixin.py:190} INFO - [2025-02-02T16:22:31.784+0000] {dag.py:4180} INFO - Setting next_dagrun for dataset_s3_bucket_producer to None, run_after=None
[2025-02-02T16:22:31.810+0000] {processor.py:208} INFO - Processing /home/airflow/.local/lib/python3.12/site-packages/airflow/example_dags/example_dataset_alias.py took 0.722 seconds
[2025-02-02T16:23:02.518+0000] {processor.py:186} INFO - Started process (PID=593) to work on /home/airflow/.local/lib/python3.12/site-packages/airflow/example_dags/example_dataset_alias.py
[2025-02-02T16:23:02.519+0000] {processor.py:914} INFO - Processing file /home/airflow/.local/lib/python3.12/site-packages/airflow/example_dags/example_dataset_alias.py for tasks to queue
[2025-02-02T16:23:02.521+0000] {logging_mixin.py:190} INFO - [2025-02-02T16:23:02.521+0000] {dagbag.py:588} INFO - Filling up the DagBag from /home/airflow/.local/lib/python3.12/site-packages/airflow/example_dags/example_dataset_alias.py
[2025-02-02T16:23:03.165+0000] {processor.py:925} INFO - DAG(s) 'dataset_s3_bucket_consumer', 'dataset_s3_bucket_producer', 'dataset_alias_example_alias_consumer', 'dataset_alias_example_alias_producer' retrieved from /home/airflow/.local/lib/python3.12/site-packages/airflow/example_dags/example_dataset_alias.py
[2025-02-02T16:23:03.193+0000] {logging_mixin.py:190} INFO - [2025-02-02T16:23:03.192+0000] {dag.py:3239} INFO - Sync 4 DAGs
[2025-02-02T16:23:03.218+0000] {logging_mixin.py:190} INFO - [2025-02-02T16:23:03.218+0000] {dag.py:4180} INFO - Setting next_dagrun for dataset_alias_example_alias_consumer to None, run_after=None
[2025-02-02T16:23:03.222+0000] {logging_mixin.py:190} INFO - [2025-02-02T16:23:03.221+0000] {dag.py:4180} INFO - Setting next_dagrun for dataset_alias_example_alias_producer to None, run_after=None
[2025-02-02T16:23:03.224+0000] {logging_mixin.py:190} INFO - [2025-02-02T16:23:03.224+0000] {dag.py:4180} INFO - Setting next_dagrun for dataset_s3_bucket_consumer to None, run_after=None
[2025-02-02T16:23:03.227+0000] {logging_mixin.py:190} INFO - [2025-02-02T16:23:03.226+0000] {dag.py:4180} INFO - Setting next_dagrun for dataset_s3_bucket_producer to None, run_after=None
[2025-02-02T16:23:03.252+0000] {processor.py:208} INFO - Processing /home/airflow/.local/lib/python3.12/site-packages/airflow/example_dags/example_dataset_alias.py took 0.740 seconds
[2025-02-02T16:23:34.342+0000] {processor.py:186} INFO - Started process (PID=661) to work on /home/airflow/.local/lib/python3.12/site-packages/airflow/example_dags/example_dataset_alias.py
[2025-02-02T16:23:34.344+0000] {processor.py:914} INFO - Processing file /home/airflow/.local/lib/python3.12/site-packages/airflow/example_dags/example_dataset_alias.py for tasks to queue
[2025-02-02T16:23:34.348+0000] {logging_mixin.py:190} INFO - [2025-02-02T16:23:34.347+0000] {dagbag.py:588} INFO - Filling up the DagBag from /home/airflow/.local/lib/python3.12/site-packages/airflow/example_dags/example_dataset_alias.py
[2025-02-02T16:23:35.067+0000] {processor.py:925} INFO - DAG(s) 'dataset_s3_bucket_consumer', 'dataset_s3_bucket_producer', 'dataset_alias_example_alias_producer', 'dataset_alias_example_alias_consumer' retrieved from /home/airflow/.local/lib/python3.12/site-packages/airflow/example_dags/example_dataset_alias.py
[2025-02-02T16:23:35.099+0000] {logging_mixin.py:190} INFO - [2025-02-02T16:23:35.099+0000] {dag.py:3239} INFO - Sync 4 DAGs
[2025-02-02T16:23:35.128+0000] {logging_mixin.py:190} INFO - [2025-02-02T16:23:35.128+0000] {dag.py:4180} INFO - Setting next_dagrun for dataset_alias_example_alias_consumer to None, run_after=None
[2025-02-02T16:23:35.132+0000] {logging_mixin.py:190} INFO - [2025-02-02T16:23:35.132+0000] {dag.py:4180} INFO - Setting next_dagrun for dataset_alias_example_alias_producer to None, run_after=None
[2025-02-02T16:23:35.136+0000] {logging_mixin.py:190} INFO - [2025-02-02T16:23:35.135+0000] {dag.py:4180} INFO - Setting next_dagrun for dataset_s3_bucket_consumer to None, run_after=None
[2025-02-02T16:23:35.138+0000] {logging_mixin.py:190} INFO - [2025-02-02T16:23:35.138+0000] {dag.py:4180} INFO - Setting next_dagrun for dataset_s3_bucket_producer to None, run_after=None
[2025-02-02T16:23:35.169+0000] {processor.py:208} INFO - Processing /home/airflow/.local/lib/python3.12/site-packages/airflow/example_dags/example_dataset_alias.py took 0.833 seconds
[2025-02-02T16:24:06.161+0000] {processor.py:186} INFO - Started process (PID=731) to work on /home/airflow/.local/lib/python3.12/site-packages/airflow/example_dags/example_dataset_alias.py
[2025-02-02T16:24:06.163+0000] {processor.py:914} INFO - Processing file /home/airflow/.local/lib/python3.12/site-packages/airflow/example_dags/example_dataset_alias.py for tasks to queue
[2025-02-02T16:24:06.165+0000] {logging_mixin.py:190} INFO - [2025-02-02T16:24:06.165+0000] {dagbag.py:588} INFO - Filling up the DagBag from /home/airflow/.local/lib/python3.12/site-packages/airflow/example_dags/example_dataset_alias.py
[2025-02-02T16:24:06.852+0000] {processor.py:925} INFO - DAG(s) 'dataset_s3_bucket_producer', 'dataset_alias_example_alias_consumer', 'dataset_s3_bucket_consumer', 'dataset_alias_example_alias_producer' retrieved from /home/airflow/.local/lib/python3.12/site-packages/airflow/example_dags/example_dataset_alias.py
[2025-02-02T16:24:06.878+0000] {logging_mixin.py:190} INFO - [2025-02-02T16:24:06.877+0000] {dag.py:3239} INFO - Sync 4 DAGs
[2025-02-02T16:24:06.905+0000] {logging_mixin.py:190} INFO - [2025-02-02T16:24:06.905+0000] {dag.py:4180} INFO - Setting next_dagrun for dataset_alias_example_alias_consumer to None, run_after=None
[2025-02-02T16:24:06.909+0000] {logging_mixin.py:190} INFO - [2025-02-02T16:24:06.908+0000] {dag.py:4180} INFO - Setting next_dagrun for dataset_alias_example_alias_producer to None, run_after=None
[2025-02-02T16:24:06.911+0000] {logging_mixin.py:190} INFO - [2025-02-02T16:24:06.911+0000] {dag.py:4180} INFO - Setting next_dagrun for dataset_s3_bucket_consumer to None, run_after=None
[2025-02-02T16:24:06.913+0000] {logging_mixin.py:190} INFO - [2025-02-02T16:24:06.913+0000] {dag.py:4180} INFO - Setting next_dagrun for dataset_s3_bucket_producer to None, run_after=None
[2025-02-02T16:24:06.946+0000] {processor.py:208} INFO - Processing /home/airflow/.local/lib/python3.12/site-packages/airflow/example_dags/example_dataset_alias.py took 0.790 seconds
[2025-02-02T16:24:37.318+0000] {processor.py:186} INFO - Started process (PID=794) to work on /home/airflow/.local/lib/python3.12/site-packages/airflow/example_dags/example_dataset_alias.py
[2025-02-02T16:24:37.319+0000] {processor.py:914} INFO - Processing file /home/airflow/.local/lib/python3.12/site-packages/airflow/example_dags/example_dataset_alias.py for tasks to queue
[2025-02-02T16:24:37.322+0000] {logging_mixin.py:190} INFO - [2025-02-02T16:24:37.321+0000] {dagbag.py:588} INFO - Filling up the DagBag from /home/airflow/.local/lib/python3.12/site-packages/airflow/example_dags/example_dataset_alias.py
[2025-02-02T16:24:38.045+0000] {processor.py:925} INFO - DAG(s) 'dataset_s3_bucket_producer', 'dataset_s3_bucket_consumer', 'dataset_alias_example_alias_consumer', 'dataset_alias_example_alias_producer' retrieved from /home/airflow/.local/lib/python3.12/site-packages/airflow/example_dags/example_dataset_alias.py
[2025-02-02T16:24:38.086+0000] {logging_mixin.py:190} INFO - [2025-02-02T16:24:38.085+0000] {dag.py:3239} INFO - Sync 4 DAGs
[2025-02-02T16:24:38.111+0000] {logging_mixin.py:190} INFO - [2025-02-02T16:24:38.111+0000] {dag.py:4180} INFO - Setting next_dagrun for dataset_alias_example_alias_consumer to None, run_after=None
[2025-02-02T16:24:38.115+0000] {logging_mixin.py:190} INFO - [2025-02-02T16:24:38.115+0000] {dag.py:4180} INFO - Setting next_dagrun for dataset_alias_example_alias_producer to None, run_after=None
[2025-02-02T16:24:38.120+0000] {logging_mixin.py:190} INFO - [2025-02-02T16:24:38.119+0000] {dag.py:4180} INFO - Setting next_dagrun for dataset_s3_bucket_consumer to None, run_after=None
[2025-02-02T16:24:38.122+0000] {logging_mixin.py:190} INFO - [2025-02-02T16:24:38.122+0000] {dag.py:4180} INFO - Setting next_dagrun for dataset_s3_bucket_producer to None, run_after=None
[2025-02-02T16:24:38.155+0000] {processor.py:208} INFO - Processing /home/airflow/.local/lib/python3.12/site-packages/airflow/example_dags/example_dataset_alias.py took 0.843 seconds
[2025-02-02T16:25:08.771+0000] {processor.py:186} INFO - Started process (PID=857) to work on /home/airflow/.local/lib/python3.12/site-packages/airflow/example_dags/example_dataset_alias.py
[2025-02-02T16:25:08.772+0000] {processor.py:914} INFO - Processing file /home/airflow/.local/lib/python3.12/site-packages/airflow/example_dags/example_dataset_alias.py for tasks to queue
[2025-02-02T16:25:08.775+0000] {logging_mixin.py:190} INFO - [2025-02-02T16:25:08.774+0000] {dagbag.py:588} INFO - Filling up the DagBag from /home/airflow/.local/lib/python3.12/site-packages/airflow/example_dags/example_dataset_alias.py
[2025-02-02T16:25:09.389+0000] {processor.py:925} INFO - DAG(s) 'dataset_alias_example_alias_producer', 'dataset_alias_example_alias_consumer', 'dataset_s3_bucket_producer', 'dataset_s3_bucket_consumer' retrieved from /home/airflow/.local/lib/python3.12/site-packages/airflow/example_dags/example_dataset_alias.py
[2025-02-02T16:25:09.425+0000] {logging_mixin.py:190} INFO - [2025-02-02T16:25:09.424+0000] {dag.py:3239} INFO - Sync 4 DAGs
[2025-02-02T16:25:09.456+0000] {logging_mixin.py:190} INFO - [2025-02-02T16:25:09.455+0000] {dag.py:4180} INFO - Setting next_dagrun for dataset_alias_example_alias_consumer to None, run_after=None
[2025-02-02T16:25:09.463+0000] {logging_mixin.py:190} INFO - [2025-02-02T16:25:09.462+0000] {dag.py:4180} INFO - Setting next_dagrun for dataset_alias_example_alias_producer to None, run_after=None
[2025-02-02T16:25:09.465+0000] {logging_mixin.py:190} INFO - [2025-02-02T16:25:09.464+0000] {dag.py:4180} INFO - Setting next_dagrun for dataset_s3_bucket_consumer to None, run_after=None
[2025-02-02T16:25:09.468+0000] {logging_mixin.py:190} INFO - [2025-02-02T16:25:09.467+0000] {dag.py:4180} INFO - Setting next_dagrun for dataset_s3_bucket_producer to None, run_after=None
[2025-02-02T16:25:09.498+0000] {processor.py:208} INFO - Processing /home/airflow/.local/lib/python3.12/site-packages/airflow/example_dags/example_dataset_alias.py took 0.732 seconds
[2025-02-02T16:25:40.443+0000] {processor.py:186} INFO - Started process (PID=920) to work on /home/airflow/.local/lib/python3.12/site-packages/airflow/example_dags/example_dataset_alias.py
[2025-02-02T16:25:40.445+0000] {processor.py:914} INFO - Processing file /home/airflow/.local/lib/python3.12/site-packages/airflow/example_dags/example_dataset_alias.py for tasks to queue
[2025-02-02T16:25:40.448+0000] {logging_mixin.py:190} INFO - [2025-02-02T16:25:40.447+0000] {dagbag.py:588} INFO - Filling up the DagBag from /home/airflow/.local/lib/python3.12/site-packages/airflow/example_dags/example_dataset_alias.py
