[2025-02-02T12:16:41.286+0000] {processor.py:186} INFO - Started process (PID=87) to work on /home/airflow/.local/lib/python3.12/site-packages/airflow/example_dags/example_branch_python_dop_operator_3.py
[2025-02-02T12:16:41.287+0000] {processor.py:914} INFO - Processing file /home/airflow/.local/lib/python3.12/site-packages/airflow/example_dags/example_branch_python_dop_operator_3.py for tasks to queue
[2025-02-02T12:16:41.290+0000] {logging_mixin.py:190} INFO - [2025-02-02T12:16:41.289+0000] {dagbag.py:588} INFO - Filling up the DagBag from /home/airflow/.local/lib/python3.12/site-packages/airflow/example_dags/example_branch_python_dop_operator_3.py
[2025-02-02T12:16:41.301+0000] {processor.py:925} INFO - DAG(s) 'example_branch_dop_operator_v3' retrieved from /home/airflow/.local/lib/python3.12/site-packages/airflow/example_dags/example_branch_python_dop_operator_3.py
[2025-02-02T12:16:41.418+0000] {logging_mixin.py:190} INFO - [2025-02-02T12:16:41.417+0000] {override.py:1911} INFO - Created Permission View: can read on DAG:example_branch_dop_operator_v3
[2025-02-02T12:16:41.431+0000] {logging_mixin.py:190} INFO - [2025-02-02T12:16:41.430+0000] {override.py:1911} INFO - Created Permission View: can edit on DAG:example_branch_dop_operator_v3
[2025-02-02T12:16:41.441+0000] {logging_mixin.py:190} INFO - [2025-02-02T12:16:41.441+0000] {override.py:1911} INFO - Created Permission View: can delete on DAG:example_branch_dop_operator_v3
[2025-02-02T12:16:41.452+0000] {logging_mixin.py:190} INFO - [2025-02-02T12:16:41.451+0000] {override.py:1911} INFO - Created Permission View: can read on DAG Run:example_branch_dop_operator_v3
[2025-02-02T12:16:41.461+0000] {logging_mixin.py:190} INFO - [2025-02-02T12:16:41.460+0000] {override.py:1911} INFO - Created Permission View: menu access on DAG Run:example_branch_dop_operator_v3
[2025-02-02T12:16:41.472+0000] {logging_mixin.py:190} INFO - [2025-02-02T12:16:41.471+0000] {override.py:1911} INFO - Created Permission View: can create on DAG Run:example_branch_dop_operator_v3
[2025-02-02T12:16:41.480+0000] {logging_mixin.py:190} INFO - [2025-02-02T12:16:41.480+0000] {override.py:1911} INFO - Created Permission View: can delete on DAG Run:example_branch_dop_operator_v3
[2025-02-02T12:16:41.481+0000] {logging_mixin.py:190} INFO - [2025-02-02T12:16:41.481+0000] {dag.py:3239} INFO - Sync 1 DAGs
[2025-02-02T12:16:41.495+0000] {logging_mixin.py:190} INFO - [2025-02-02T12:16:41.495+0000] {dag.py:3262} INFO - Creating ORM DAG for example_branch_dop_operator_v3
[2025-02-02T12:16:41.509+0000] {logging_mixin.py:190} INFO - [2025-02-02T12:16:41.508+0000] {dag.py:4180} INFO - Setting next_dagrun for example_branch_dop_operator_v3 to 2025-02-02 12:15:00+00:00, run_after=2025-02-02 12:16:00+00:00
[2025-02-02T12:16:41.530+0000] {processor.py:208} INFO - Processing /home/airflow/.local/lib/python3.12/site-packages/airflow/example_dags/example_branch_python_dop_operator_3.py took 0.250 seconds
[2025-02-02T12:17:11.605+0000] {processor.py:186} INFO - Started process (PID=150) to work on /home/airflow/.local/lib/python3.12/site-packages/airflow/example_dags/example_branch_python_dop_operator_3.py
[2025-02-02T12:17:11.606+0000] {processor.py:914} INFO - Processing file /home/airflow/.local/lib/python3.12/site-packages/airflow/example_dags/example_branch_python_dop_operator_3.py for tasks to queue
[2025-02-02T12:17:11.610+0000] {logging_mixin.py:190} INFO - [2025-02-02T12:17:11.610+0000] {dagbag.py:588} INFO - Filling up the DagBag from /home/airflow/.local/lib/python3.12/site-packages/airflow/example_dags/example_branch_python_dop_operator_3.py
[2025-02-02T12:17:11.620+0000] {processor.py:925} INFO - DAG(s) 'example_branch_dop_operator_v3' retrieved from /home/airflow/.local/lib/python3.12/site-packages/airflow/example_dags/example_branch_python_dop_operator_3.py
[2025-02-02T12:17:11.641+0000] {logging_mixin.py:190} INFO - [2025-02-02T12:17:11.640+0000] {dag.py:3239} INFO - Sync 1 DAGs
[2025-02-02T12:17:11.667+0000] {logging_mixin.py:190} INFO - [2025-02-02T12:17:11.666+0000] {dag.py:4180} INFO - Setting next_dagrun for example_branch_dop_operator_v3 to 2025-02-02 12:16:00+00:00, run_after=2025-02-02 12:17:00+00:00
[2025-02-02T12:17:11.688+0000] {processor.py:208} INFO - Processing /home/airflow/.local/lib/python3.12/site-packages/airflow/example_dags/example_branch_python_dop_operator_3.py took 0.089 seconds
[2025-02-02T12:17:42.817+0000] {processor.py:186} INFO - Started process (PID=213) to work on /home/airflow/.local/lib/python3.12/site-packages/airflow/example_dags/example_branch_python_dop_operator_3.py
[2025-02-02T12:17:42.818+0000] {processor.py:914} INFO - Processing file /home/airflow/.local/lib/python3.12/site-packages/airflow/example_dags/example_branch_python_dop_operator_3.py for tasks to queue
[2025-02-02T12:17:42.821+0000] {logging_mixin.py:190} INFO - [2025-02-02T12:17:42.821+0000] {dagbag.py:588} INFO - Filling up the DagBag from /home/airflow/.local/lib/python3.12/site-packages/airflow/example_dags/example_branch_python_dop_operator_3.py
[2025-02-02T12:17:42.837+0000] {processor.py:925} INFO - DAG(s) 'example_branch_dop_operator_v3' retrieved from /home/airflow/.local/lib/python3.12/site-packages/airflow/example_dags/example_branch_python_dop_operator_3.py
[2025-02-02T12:17:42.864+0000] {logging_mixin.py:190} INFO - [2025-02-02T12:17:42.864+0000] {dag.py:3239} INFO - Sync 1 DAGs
[2025-02-02T12:17:42.895+0000] {logging_mixin.py:190} INFO - [2025-02-02T12:17:42.895+0000] {dag.py:4180} INFO - Setting next_dagrun for example_branch_dop_operator_v3 to 2025-02-02 12:16:00+00:00, run_after=2025-02-02 12:17:00+00:00
[2025-02-02T12:17:42.919+0000] {processor.py:208} INFO - Processing /home/airflow/.local/lib/python3.12/site-packages/airflow/example_dags/example_branch_python_dop_operator_3.py took 0.108 seconds
[2025-02-02T12:18:13.920+0000] {processor.py:186} INFO - Started process (PID=276) to work on /home/airflow/.local/lib/python3.12/site-packages/airflow/example_dags/example_branch_python_dop_operator_3.py
[2025-02-02T12:18:13.921+0000] {processor.py:914} INFO - Processing file /home/airflow/.local/lib/python3.12/site-packages/airflow/example_dags/example_branch_python_dop_operator_3.py for tasks to queue
[2025-02-02T12:18:13.925+0000] {logging_mixin.py:190} INFO - [2025-02-02T12:18:13.924+0000] {dagbag.py:588} INFO - Filling up the DagBag from /home/airflow/.local/lib/python3.12/site-packages/airflow/example_dags/example_branch_python_dop_operator_3.py
[2025-02-02T12:18:13.939+0000] {processor.py:925} INFO - DAG(s) 'example_branch_dop_operator_v3' retrieved from /home/airflow/.local/lib/python3.12/site-packages/airflow/example_dags/example_branch_python_dop_operator_3.py
[2025-02-02T12:18:13.965+0000] {logging_mixin.py:190} INFO - [2025-02-02T12:18:13.964+0000] {dag.py:3239} INFO - Sync 1 DAGs
[2025-02-02T12:18:13.994+0000] {logging_mixin.py:190} INFO - [2025-02-02T12:18:13.993+0000] {dag.py:4180} INFO - Setting next_dagrun for example_branch_dop_operator_v3 to 2025-02-02 12:17:00+00:00, run_after=2025-02-02 12:18:00+00:00
[2025-02-02T12:18:14.017+0000] {processor.py:208} INFO - Processing /home/airflow/.local/lib/python3.12/site-packages/airflow/example_dags/example_branch_python_dop_operator_3.py took 0.104 seconds
[2025-02-02T12:18:44.780+0000] {processor.py:186} INFO - Started process (PID=339) to work on /home/airflow/.local/lib/python3.12/site-packages/airflow/example_dags/example_branch_python_dop_operator_3.py
[2025-02-02T12:18:44.782+0000] {processor.py:914} INFO - Processing file /home/airflow/.local/lib/python3.12/site-packages/airflow/example_dags/example_branch_python_dop_operator_3.py for tasks to queue
[2025-02-02T12:18:44.785+0000] {logging_mixin.py:190} INFO - [2025-02-02T12:18:44.785+0000] {dagbag.py:588} INFO - Filling up the DagBag from /home/airflow/.local/lib/python3.12/site-packages/airflow/example_dags/example_branch_python_dop_operator_3.py
[2025-02-02T12:18:44.797+0000] {processor.py:925} INFO - DAG(s) 'example_branch_dop_operator_v3' retrieved from /home/airflow/.local/lib/python3.12/site-packages/airflow/example_dags/example_branch_python_dop_operator_3.py
[2025-02-02T12:18:44.819+0000] {logging_mixin.py:190} INFO - [2025-02-02T12:18:44.819+0000] {dag.py:3239} INFO - Sync 1 DAGs
[2025-02-02T12:18:44.848+0000] {logging_mixin.py:190} INFO - [2025-02-02T12:18:44.848+0000] {dag.py:4180} INFO - Setting next_dagrun for example_branch_dop_operator_v3 to 2025-02-02 12:17:00+00:00, run_after=2025-02-02 12:18:00+00:00
[2025-02-02T12:18:44.872+0000] {processor.py:208} INFO - Processing /home/airflow/.local/lib/python3.12/site-packages/airflow/example_dags/example_branch_python_dop_operator_3.py took 0.097 seconds
[2025-02-02T12:19:16.088+0000] {processor.py:186} INFO - Started process (PID=402) to work on /home/airflow/.local/lib/python3.12/site-packages/airflow/example_dags/example_branch_python_dop_operator_3.py
[2025-02-02T12:19:16.089+0000] {processor.py:914} INFO - Processing file /home/airflow/.local/lib/python3.12/site-packages/airflow/example_dags/example_branch_python_dop_operator_3.py for tasks to queue
[2025-02-02T12:19:16.092+0000] {logging_mixin.py:190} INFO - [2025-02-02T12:19:16.091+0000] {dagbag.py:588} INFO - Filling up the DagBag from /home/airflow/.local/lib/python3.12/site-packages/airflow/example_dags/example_branch_python_dop_operator_3.py
[2025-02-02T12:19:16.102+0000] {processor.py:925} INFO - DAG(s) 'example_branch_dop_operator_v3' retrieved from /home/airflow/.local/lib/python3.12/site-packages/airflow/example_dags/example_branch_python_dop_operator_3.py
[2025-02-02T12:19:16.124+0000] {logging_mixin.py:190} INFO - [2025-02-02T12:19:16.123+0000] {dag.py:3239} INFO - Sync 1 DAGs
[2025-02-02T12:19:16.151+0000] {logging_mixin.py:190} INFO - [2025-02-02T12:19:16.151+0000] {dag.py:4180} INFO - Setting next_dagrun for example_branch_dop_operator_v3 to 2025-02-02 12:18:00+00:00, run_after=2025-02-02 12:19:00+00:00
[2025-02-02T12:19:16.176+0000] {processor.py:208} INFO - Processing /home/airflow/.local/lib/python3.12/site-packages/airflow/example_dags/example_branch_python_dop_operator_3.py took 0.093 seconds
[2025-02-02T12:19:48.173+0000] {processor.py:186} INFO - Started process (PID=465) to work on /home/airflow/.local/lib/python3.12/site-packages/airflow/example_dags/example_branch_python_dop_operator_3.py
[2025-02-02T12:19:48.175+0000] {processor.py:914} INFO - Processing file /home/airflow/.local/lib/python3.12/site-packages/airflow/example_dags/example_branch_python_dop_operator_3.py for tasks to queue
[2025-02-02T12:19:48.180+0000] {logging_mixin.py:190} INFO - [2025-02-02T12:19:48.179+0000] {dagbag.py:588} INFO - Filling up the DagBag from /home/airflow/.local/lib/python3.12/site-packages/airflow/example_dags/example_branch_python_dop_operator_3.py
[2025-02-02T12:19:48.194+0000] {processor.py:925} INFO - DAG(s) 'example_branch_dop_operator_v3' retrieved from /home/airflow/.local/lib/python3.12/site-packages/airflow/example_dags/example_branch_python_dop_operator_3.py
[2025-02-02T12:19:48.222+0000] {logging_mixin.py:190} INFO - [2025-02-02T12:19:48.222+0000] {dag.py:3239} INFO - Sync 1 DAGs
[2025-02-02T12:19:48.257+0000] {logging_mixin.py:190} INFO - [2025-02-02T12:19:48.257+0000] {dag.py:4180} INFO - Setting next_dagrun for example_branch_dop_operator_v3 to 2025-02-02 12:18:00+00:00, run_after=2025-02-02 12:19:00+00:00
[2025-02-02T12:19:48.301+0000] {processor.py:208} INFO - Processing /home/airflow/.local/lib/python3.12/site-packages/airflow/example_dags/example_branch_python_dop_operator_3.py took 0.135 seconds
[2025-02-02T12:20:20.573+0000] {processor.py:186} INFO - Started process (PID=528) to work on /home/airflow/.local/lib/python3.12/site-packages/airflow/example_dags/example_branch_python_dop_operator_3.py
[2025-02-02T12:20:20.574+0000] {processor.py:914} INFO - Processing file /home/airflow/.local/lib/python3.12/site-packages/airflow/example_dags/example_branch_python_dop_operator_3.py for tasks to queue
[2025-02-02T12:20:20.581+0000] {logging_mixin.py:190} INFO - [2025-02-02T12:20:20.580+0000] {dagbag.py:588} INFO - Filling up the DagBag from /home/airflow/.local/lib/python3.12/site-packages/airflow/example_dags/example_branch_python_dop_operator_3.py
[2025-02-02T12:20:20.608+0000] {processor.py:925} INFO - DAG(s) 'example_branch_dop_operator_v3' retrieved from /home/airflow/.local/lib/python3.12/site-packages/airflow/example_dags/example_branch_python_dop_operator_3.py
[2025-02-02T12:20:20.650+0000] {logging_mixin.py:190} INFO - [2025-02-02T12:20:20.650+0000] {dag.py:3239} INFO - Sync 1 DAGs
[2025-02-02T12:20:20.711+0000] {logging_mixin.py:190} INFO - [2025-02-02T12:20:20.711+0000] {dag.py:4180} INFO - Setting next_dagrun for example_branch_dop_operator_v3 to 2025-02-02 12:19:00+00:00, run_after=2025-02-02 12:20:00+00:00
[2025-02-02T12:20:20.750+0000] {processor.py:208} INFO - Processing /home/airflow/.local/lib/python3.12/site-packages/airflow/example_dags/example_branch_python_dop_operator_3.py took 0.186 seconds
[2025-02-02T16:18:53.577+0000] {processor.py:186} INFO - Started process (PID=81) to work on /home/airflow/.local/lib/python3.12/site-packages/airflow/example_dags/example_branch_python_dop_operator_3.py
[2025-02-02T16:18:53.579+0000] {processor.py:914} INFO - Processing file /home/airflow/.local/lib/python3.12/site-packages/airflow/example_dags/example_branch_python_dop_operator_3.py for tasks to queue
[2025-02-02T16:18:53.581+0000] {logging_mixin.py:190} INFO - [2025-02-02T16:18:53.581+0000] {dagbag.py:588} INFO - Filling up the DagBag from /home/airflow/.local/lib/python3.12/site-packages/airflow/example_dags/example_branch_python_dop_operator_3.py
[2025-02-02T16:18:53.591+0000] {processor.py:925} INFO - DAG(s) 'example_branch_dop_operator_v3' retrieved from /home/airflow/.local/lib/python3.12/site-packages/airflow/example_dags/example_branch_python_dop_operator_3.py
[2025-02-02T16:18:53.616+0000] {logging_mixin.py:190} INFO - [2025-02-02T16:18:53.616+0000] {dag.py:3239} INFO - Sync 1 DAGs
[2025-02-02T16:18:53.643+0000] {logging_mixin.py:190} INFO - [2025-02-02T16:18:53.643+0000] {dag.py:4180} INFO - Setting next_dagrun for example_branch_dop_operator_v3 to 2025-02-02 16:17:00+00:00, run_after=2025-02-02 16:18:00+00:00
[2025-02-02T16:18:53.665+0000] {processor.py:208} INFO - Processing /home/airflow/.local/lib/python3.12/site-packages/airflow/example_dags/example_branch_python_dop_operator_3.py took 0.093 seconds
[2025-02-02T16:19:24.660+0000] {processor.py:186} INFO - Started process (PID=144) to work on /home/airflow/.local/lib/python3.12/site-packages/airflow/example_dags/example_branch_python_dop_operator_3.py
[2025-02-02T16:19:24.661+0000] {processor.py:914} INFO - Processing file /home/airflow/.local/lib/python3.12/site-packages/airflow/example_dags/example_branch_python_dop_operator_3.py for tasks to queue
[2025-02-02T16:19:24.664+0000] {logging_mixin.py:190} INFO - [2025-02-02T16:19:24.663+0000] {dagbag.py:588} INFO - Filling up the DagBag from /home/airflow/.local/lib/python3.12/site-packages/airflow/example_dags/example_branch_python_dop_operator_3.py
[2025-02-02T16:19:24.675+0000] {processor.py:925} INFO - DAG(s) 'example_branch_dop_operator_v3' retrieved from /home/airflow/.local/lib/python3.12/site-packages/airflow/example_dags/example_branch_python_dop_operator_3.py
[2025-02-02T16:19:24.695+0000] {logging_mixin.py:190} INFO - [2025-02-02T16:19:24.695+0000] {dag.py:3239} INFO - Sync 1 DAGs
[2025-02-02T16:19:24.723+0000] {logging_mixin.py:190} INFO - [2025-02-02T16:19:24.722+0000] {dag.py:4180} INFO - Setting next_dagrun for example_branch_dop_operator_v3 to 2025-02-02 16:18:00+00:00, run_after=2025-02-02 16:19:00+00:00
[2025-02-02T16:19:24.743+0000] {processor.py:208} INFO - Processing /home/airflow/.local/lib/python3.12/site-packages/airflow/example_dags/example_branch_python_dop_operator_3.py took 0.089 seconds
[2025-02-02T16:19:55.961+0000] {processor.py:186} INFO - Started process (PID=207) to work on /home/airflow/.local/lib/python3.12/site-packages/airflow/example_dags/example_branch_python_dop_operator_3.py
[2025-02-02T16:19:55.963+0000] {processor.py:914} INFO - Processing file /home/airflow/.local/lib/python3.12/site-packages/airflow/example_dags/example_branch_python_dop_operator_3.py for tasks to queue
[2025-02-02T16:19:55.966+0000] {logging_mixin.py:190} INFO - [2025-02-02T16:19:55.965+0000] {dagbag.py:588} INFO - Filling up the DagBag from /home/airflow/.local/lib/python3.12/site-packages/airflow/example_dags/example_branch_python_dop_operator_3.py
[2025-02-02T16:19:55.975+0000] {processor.py:925} INFO - DAG(s) 'example_branch_dop_operator_v3' retrieved from /home/airflow/.local/lib/python3.12/site-packages/airflow/example_dags/example_branch_python_dop_operator_3.py
[2025-02-02T16:19:55.998+0000] {logging_mixin.py:190} INFO - [2025-02-02T16:19:55.998+0000] {dag.py:3239} INFO - Sync 1 DAGs
[2025-02-02T16:19:56.028+0000] {logging_mixin.py:190} INFO - [2025-02-02T16:19:56.027+0000] {dag.py:4180} INFO - Setting next_dagrun for example_branch_dop_operator_v3 to 2025-02-02 16:18:00+00:00, run_after=2025-02-02 16:19:00+00:00
[2025-02-02T16:19:56.051+0000] {processor.py:208} INFO - Processing /home/airflow/.local/lib/python3.12/site-packages/airflow/example_dags/example_branch_python_dop_operator_3.py took 0.095 seconds
[2025-02-02T16:20:27.469+0000] {processor.py:186} INFO - Started process (PID=276) to work on /home/airflow/.local/lib/python3.12/site-packages/airflow/example_dags/example_branch_python_dop_operator_3.py
[2025-02-02T16:20:27.470+0000] {processor.py:914} INFO - Processing file /home/airflow/.local/lib/python3.12/site-packages/airflow/example_dags/example_branch_python_dop_operator_3.py for tasks to queue
[2025-02-02T16:20:27.473+0000] {logging_mixin.py:190} INFO - [2025-02-02T16:20:27.472+0000] {dagbag.py:588} INFO - Filling up the DagBag from /home/airflow/.local/lib/python3.12/site-packages/airflow/example_dags/example_branch_python_dop_operator_3.py
[2025-02-02T16:20:27.482+0000] {processor.py:925} INFO - DAG(s) 'example_branch_dop_operator_v3' retrieved from /home/airflow/.local/lib/python3.12/site-packages/airflow/example_dags/example_branch_python_dop_operator_3.py
[2025-02-02T16:20:27.503+0000] {logging_mixin.py:190} INFO - [2025-02-02T16:20:27.503+0000] {dag.py:3239} INFO - Sync 1 DAGs
[2025-02-02T16:20:27.528+0000] {logging_mixin.py:190} INFO - [2025-02-02T16:20:27.527+0000] {dag.py:4180} INFO - Setting next_dagrun for example_branch_dop_operator_v3 to 2025-02-02 16:19:00+00:00, run_after=2025-02-02 16:20:00+00:00
[2025-02-02T16:20:27.549+0000] {processor.py:208} INFO - Processing /home/airflow/.local/lib/python3.12/site-packages/airflow/example_dags/example_branch_python_dop_operator_3.py took 0.085 seconds
[2025-02-02T16:20:58.329+0000] {processor.py:186} INFO - Started process (PID=339) to work on /home/airflow/.local/lib/python3.12/site-packages/airflow/example_dags/example_branch_python_dop_operator_3.py
[2025-02-02T16:20:58.331+0000] {processor.py:914} INFO - Processing file /home/airflow/.local/lib/python3.12/site-packages/airflow/example_dags/example_branch_python_dop_operator_3.py for tasks to queue
[2025-02-02T16:20:58.333+0000] {logging_mixin.py:190} INFO - [2025-02-02T16:20:58.332+0000] {dagbag.py:588} INFO - Filling up the DagBag from /home/airflow/.local/lib/python3.12/site-packages/airflow/example_dags/example_branch_python_dop_operator_3.py
[2025-02-02T16:20:58.342+0000] {processor.py:925} INFO - DAG(s) 'example_branch_dop_operator_v3' retrieved from /home/airflow/.local/lib/python3.12/site-packages/airflow/example_dags/example_branch_python_dop_operator_3.py
[2025-02-02T16:20:58.364+0000] {logging_mixin.py:190} INFO - [2025-02-02T16:20:58.363+0000] {dag.py:3239} INFO - Sync 1 DAGs
[2025-02-02T16:20:58.389+0000] {logging_mixin.py:190} INFO - [2025-02-02T16:20:58.388+0000] {dag.py:4180} INFO - Setting next_dagrun for example_branch_dop_operator_v3 to 2025-02-02 16:19:00+00:00, run_after=2025-02-02 16:20:00+00:00
[2025-02-02T16:20:58.411+0000] {processor.py:208} INFO - Processing /home/airflow/.local/lib/python3.12/site-packages/airflow/example_dags/example_branch_python_dop_operator_3.py took 0.089 seconds
[2025-02-02T16:21:29.502+0000] {processor.py:186} INFO - Started process (PID=402) to work on /home/airflow/.local/lib/python3.12/site-packages/airflow/example_dags/example_branch_python_dop_operator_3.py
[2025-02-02T16:21:29.503+0000] {processor.py:914} INFO - Processing file /home/airflow/.local/lib/python3.12/site-packages/airflow/example_dags/example_branch_python_dop_operator_3.py for tasks to queue
[2025-02-02T16:21:29.506+0000] {logging_mixin.py:190} INFO - [2025-02-02T16:21:29.506+0000] {dagbag.py:588} INFO - Filling up the DagBag from /home/airflow/.local/lib/python3.12/site-packages/airflow/example_dags/example_branch_python_dop_operator_3.py
[2025-02-02T16:21:29.515+0000] {processor.py:925} INFO - DAG(s) 'example_branch_dop_operator_v3' retrieved from /home/airflow/.local/lib/python3.12/site-packages/airflow/example_dags/example_branch_python_dop_operator_3.py
[2025-02-02T16:21:29.540+0000] {logging_mixin.py:190} INFO - [2025-02-02T16:21:29.539+0000] {dag.py:3239} INFO - Sync 1 DAGs
[2025-02-02T16:21:29.565+0000] {logging_mixin.py:190} INFO - [2025-02-02T16:21:29.565+0000] {dag.py:4180} INFO - Setting next_dagrun for example_branch_dop_operator_v3 to 2025-02-02 16:20:00+00:00, run_after=2025-02-02 16:21:00+00:00
[2025-02-02T16:21:29.587+0000] {processor.py:208} INFO - Processing /home/airflow/.local/lib/python3.12/site-packages/airflow/example_dags/example_branch_python_dop_operator_3.py took 0.089 seconds
[2025-02-02T16:21:59.952+0000] {processor.py:186} INFO - Started process (PID=465) to work on /home/airflow/.local/lib/python3.12/site-packages/airflow/example_dags/example_branch_python_dop_operator_3.py
[2025-02-02T16:21:59.953+0000] {processor.py:914} INFO - Processing file /home/airflow/.local/lib/python3.12/site-packages/airflow/example_dags/example_branch_python_dop_operator_3.py for tasks to queue
[2025-02-02T16:21:59.956+0000] {logging_mixin.py:190} INFO - [2025-02-02T16:21:59.955+0000] {dagbag.py:588} INFO - Filling up the DagBag from /home/airflow/.local/lib/python3.12/site-packages/airflow/example_dags/example_branch_python_dop_operator_3.py
[2025-02-02T16:21:59.965+0000] {processor.py:925} INFO - DAG(s) 'example_branch_dop_operator_v3' retrieved from /home/airflow/.local/lib/python3.12/site-packages/airflow/example_dags/example_branch_python_dop_operator_3.py
[2025-02-02T16:21:59.985+0000] {logging_mixin.py:190} INFO - [2025-02-02T16:21:59.985+0000] {dag.py:3239} INFO - Sync 1 DAGs
[2025-02-02T16:22:00.012+0000] {logging_mixin.py:190} INFO - [2025-02-02T16:22:00.012+0000] {dag.py:4180} INFO - Setting next_dagrun for example_branch_dop_operator_v3 to 2025-02-02 16:21:00+00:00, run_after=2025-02-02 16:22:00+00:00
[2025-02-02T16:22:00.037+0000] {processor.py:208} INFO - Processing /home/airflow/.local/lib/python3.12/site-packages/airflow/example_dags/example_branch_python_dop_operator_3.py took 0.090 seconds
[2025-02-02T16:22:31.241+0000] {processor.py:186} INFO - Started process (PID=528) to work on /home/airflow/.local/lib/python3.12/site-packages/airflow/example_dags/example_branch_python_dop_operator_3.py
[2025-02-02T16:22:31.243+0000] {processor.py:914} INFO - Processing file /home/airflow/.local/lib/python3.12/site-packages/airflow/example_dags/example_branch_python_dop_operator_3.py for tasks to queue
[2025-02-02T16:22:31.245+0000] {logging_mixin.py:190} INFO - [2025-02-02T16:22:31.245+0000] {dagbag.py:588} INFO - Filling up the DagBag from /home/airflow/.local/lib/python3.12/site-packages/airflow/example_dags/example_branch_python_dop_operator_3.py
[2025-02-02T16:22:31.255+0000] {processor.py:925} INFO - DAG(s) 'example_branch_dop_operator_v3' retrieved from /home/airflow/.local/lib/python3.12/site-packages/airflow/example_dags/example_branch_python_dop_operator_3.py
[2025-02-02T16:22:31.276+0000] {logging_mixin.py:190} INFO - [2025-02-02T16:22:31.276+0000] {dag.py:3239} INFO - Sync 1 DAGs
[2025-02-02T16:22:31.301+0000] {logging_mixin.py:190} INFO - [2025-02-02T16:22:31.301+0000] {dag.py:4180} INFO - Setting next_dagrun for example_branch_dop_operator_v3 to 2025-02-02 16:21:00+00:00, run_after=2025-02-02 16:22:00+00:00
[2025-02-02T16:22:31.323+0000] {processor.py:208} INFO - Processing /home/airflow/.local/lib/python3.12/site-packages/airflow/example_dags/example_branch_python_dop_operator_3.py took 0.088 seconds
[2025-02-02T16:23:02.263+0000] {processor.py:186} INFO - Started process (PID=590) to work on /home/airflow/.local/lib/python3.12/site-packages/airflow/example_dags/example_branch_python_dop_operator_3.py
[2025-02-02T16:23:02.265+0000] {processor.py:914} INFO - Processing file /home/airflow/.local/lib/python3.12/site-packages/airflow/example_dags/example_branch_python_dop_operator_3.py for tasks to queue
[2025-02-02T16:23:02.267+0000] {logging_mixin.py:190} INFO - [2025-02-02T16:23:02.267+0000] {dagbag.py:588} INFO - Filling up the DagBag from /home/airflow/.local/lib/python3.12/site-packages/airflow/example_dags/example_branch_python_dop_operator_3.py
[2025-02-02T16:23:02.277+0000] {processor.py:925} INFO - DAG(s) 'example_branch_dop_operator_v3' retrieved from /home/airflow/.local/lib/python3.12/site-packages/airflow/example_dags/example_branch_python_dop_operator_3.py
[2025-02-02T16:23:02.297+0000] {logging_mixin.py:190} INFO - [2025-02-02T16:23:02.297+0000] {dag.py:3239} INFO - Sync 1 DAGs
[2025-02-02T16:23:02.324+0000] {logging_mixin.py:190} INFO - [2025-02-02T16:23:02.324+0000] {dag.py:4180} INFO - Setting next_dagrun for example_branch_dop_operator_v3 to 2025-02-02 16:22:00+00:00, run_after=2025-02-02 16:23:00+00:00
[2025-02-02T16:23:02.345+0000] {processor.py:208} INFO - Processing /home/airflow/.local/lib/python3.12/site-packages/airflow/example_dags/example_branch_python_dop_operator_3.py took 0.087 seconds
[2025-02-02T16:23:33.737+0000] {processor.py:186} INFO - Started process (PID=653) to work on /home/airflow/.local/lib/python3.12/site-packages/airflow/example_dags/example_branch_python_dop_operator_3.py
[2025-02-02T16:23:33.738+0000] {processor.py:914} INFO - Processing file /home/airflow/.local/lib/python3.12/site-packages/airflow/example_dags/example_branch_python_dop_operator_3.py for tasks to queue
[2025-02-02T16:23:33.740+0000] {logging_mixin.py:190} INFO - [2025-02-02T16:23:33.740+0000] {dagbag.py:588} INFO - Filling up the DagBag from /home/airflow/.local/lib/python3.12/site-packages/airflow/example_dags/example_branch_python_dop_operator_3.py
[2025-02-02T16:23:33.752+0000] {processor.py:925} INFO - DAG(s) 'example_branch_dop_operator_v3' retrieved from /home/airflow/.local/lib/python3.12/site-packages/airflow/example_dags/example_branch_python_dop_operator_3.py
[2025-02-02T16:23:33.779+0000] {logging_mixin.py:190} INFO - [2025-02-02T16:23:33.779+0000] {dag.py:3239} INFO - Sync 1 DAGs
[2025-02-02T16:23:33.819+0000] {logging_mixin.py:190} INFO - [2025-02-02T16:23:33.819+0000] {dag.py:4180} INFO - Setting next_dagrun for example_branch_dop_operator_v3 to 2025-02-02 16:22:00+00:00, run_after=2025-02-02 16:23:00+00:00
[2025-02-02T16:23:33.846+0000] {processor.py:208} INFO - Processing /home/airflow/.local/lib/python3.12/site-packages/airflow/example_dags/example_branch_python_dop_operator_3.py took 0.115 seconds
[2025-02-02T16:24:04.167+0000] {processor.py:186} INFO - Started process (PID=716) to work on /home/airflow/.local/lib/python3.12/site-packages/airflow/example_dags/example_branch_python_dop_operator_3.py
[2025-02-02T16:24:04.168+0000] {processor.py:914} INFO - Processing file /home/airflow/.local/lib/python3.12/site-packages/airflow/example_dags/example_branch_python_dop_operator_3.py for tasks to queue
[2025-02-02T16:24:04.171+0000] {logging_mixin.py:190} INFO - [2025-02-02T16:24:04.171+0000] {dagbag.py:588} INFO - Filling up the DagBag from /home/airflow/.local/lib/python3.12/site-packages/airflow/example_dags/example_branch_python_dop_operator_3.py
[2025-02-02T16:24:04.182+0000] {processor.py:925} INFO - DAG(s) 'example_branch_dop_operator_v3' retrieved from /home/airflow/.local/lib/python3.12/site-packages/airflow/example_dags/example_branch_python_dop_operator_3.py
[2025-02-02T16:24:04.212+0000] {logging_mixin.py:190} INFO - [2025-02-02T16:24:04.212+0000] {dag.py:3239} INFO - Sync 1 DAGs
[2025-02-02T16:24:04.249+0000] {logging_mixin.py:190} INFO - [2025-02-02T16:24:04.249+0000] {dag.py:4180} INFO - Setting next_dagrun for example_branch_dop_operator_v3 to 2025-02-02 16:23:00+00:00, run_after=2025-02-02 16:24:00+00:00
[2025-02-02T16:24:04.279+0000] {processor.py:208} INFO - Processing /home/airflow/.local/lib/python3.12/site-packages/airflow/example_dags/example_branch_python_dop_operator_3.py took 0.118 seconds
[2025-02-02T16:24:36.272+0000] {processor.py:186} INFO - Started process (PID=779) to work on /home/airflow/.local/lib/python3.12/site-packages/airflow/example_dags/example_branch_python_dop_operator_3.py
[2025-02-02T16:24:36.273+0000] {processor.py:914} INFO - Processing file /home/airflow/.local/lib/python3.12/site-packages/airflow/example_dags/example_branch_python_dop_operator_3.py for tasks to queue
[2025-02-02T16:24:36.276+0000] {logging_mixin.py:190} INFO - [2025-02-02T16:24:36.276+0000] {dagbag.py:588} INFO - Filling up the DagBag from /home/airflow/.local/lib/python3.12/site-packages/airflow/example_dags/example_branch_python_dop_operator_3.py
[2025-02-02T16:24:36.288+0000] {processor.py:925} INFO - DAG(s) 'example_branch_dop_operator_v3' retrieved from /home/airflow/.local/lib/python3.12/site-packages/airflow/example_dags/example_branch_python_dop_operator_3.py
[2025-02-02T16:24:36.315+0000] {logging_mixin.py:190} INFO - [2025-02-02T16:24:36.314+0000] {dag.py:3239} INFO - Sync 1 DAGs
[2025-02-02T16:24:36.347+0000] {logging_mixin.py:190} INFO - [2025-02-02T16:24:36.347+0000] {dag.py:4180} INFO - Setting next_dagrun for example_branch_dop_operator_v3 to 2025-02-02 16:23:00+00:00, run_after=2025-02-02 16:24:00+00:00
[2025-02-02T16:24:36.378+0000] {processor.py:208} INFO - Processing /home/airflow/.local/lib/python3.12/site-packages/airflow/example_dags/example_branch_python_dop_operator_3.py took 0.112 seconds
[2025-02-02T16:25:06.913+0000] {processor.py:186} INFO - Started process (PID=842) to work on /home/airflow/.local/lib/python3.12/site-packages/airflow/example_dags/example_branch_python_dop_operator_3.py
[2025-02-02T16:25:06.914+0000] {processor.py:914} INFO - Processing file /home/airflow/.local/lib/python3.12/site-packages/airflow/example_dags/example_branch_python_dop_operator_3.py for tasks to queue
[2025-02-02T16:25:06.917+0000] {logging_mixin.py:190} INFO - [2025-02-02T16:25:06.916+0000] {dagbag.py:588} INFO - Filling up the DagBag from /home/airflow/.local/lib/python3.12/site-packages/airflow/example_dags/example_branch_python_dop_operator_3.py
[2025-02-02T16:25:06.927+0000] {processor.py:925} INFO - DAG(s) 'example_branch_dop_operator_v3' retrieved from /home/airflow/.local/lib/python3.12/site-packages/airflow/example_dags/example_branch_python_dop_operator_3.py
[2025-02-02T16:25:06.950+0000] {logging_mixin.py:190} INFO - [2025-02-02T16:25:06.950+0000] {dag.py:3239} INFO - Sync 1 DAGs
[2025-02-02T16:25:06.979+0000] {logging_mixin.py:190} INFO - [2025-02-02T16:25:06.979+0000] {dag.py:4180} INFO - Setting next_dagrun for example_branch_dop_operator_v3 to 2025-02-02 16:24:00+00:00, run_after=2025-02-02 16:25:00+00:00
[2025-02-02T16:25:07.005+0000] {processor.py:208} INFO - Processing /home/airflow/.local/lib/python3.12/site-packages/airflow/example_dags/example_branch_python_dop_operator_3.py took 0.099 seconds
[2025-02-02T16:25:38.472+0000] {processor.py:186} INFO - Started process (PID=905) to work on /home/airflow/.local/lib/python3.12/site-packages/airflow/example_dags/example_branch_python_dop_operator_3.py
[2025-02-02T16:25:38.473+0000] {processor.py:914} INFO - Processing file /home/airflow/.local/lib/python3.12/site-packages/airflow/example_dags/example_branch_python_dop_operator_3.py for tasks to queue
[2025-02-02T16:25:38.476+0000] {logging_mixin.py:190} INFO - [2025-02-02T16:25:38.476+0000] {dagbag.py:588} INFO - Filling up the DagBag from /home/airflow/.local/lib/python3.12/site-packages/airflow/example_dags/example_branch_python_dop_operator_3.py
[2025-02-02T16:25:38.491+0000] {processor.py:925} INFO - DAG(s) 'example_branch_dop_operator_v3' retrieved from /home/airflow/.local/lib/python3.12/site-packages/airflow/example_dags/example_branch_python_dop_operator_3.py
[2025-02-02T16:25:38.518+0000] {logging_mixin.py:190} INFO - [2025-02-02T16:25:38.517+0000] {dag.py:3239} INFO - Sync 1 DAGs
[2025-02-02T16:25:38.554+0000] {logging_mixin.py:190} INFO - [2025-02-02T16:25:38.553+0000] {dag.py:4180} INFO - Setting next_dagrun for example_branch_dop_operator_v3 to 2025-02-02 16:24:00+00:00, run_after=2025-02-02 16:25:00+00:00
[2025-02-02T16:25:38.587+0000] {processor.py:208} INFO - Processing /home/airflow/.local/lib/python3.12/site-packages/airflow/example_dags/example_branch_python_dop_operator_3.py took 0.121 seconds
