[2025-02-02T12:16:40.589+0000] {processor.py:186} INFO - Started process (PID=84) to work on /home/airflow/.local/lib/python3.12/site-packages/airflow/example_dags/example_bash_operator.py
[2025-02-02T12:16:40.592+0000] {processor.py:914} INFO - Processing file /home/airflow/.local/lib/python3.12/site-packages/airflow/example_dags/example_bash_operator.py for tasks to queue
[2025-02-02T12:16:40.596+0000] {logging_mixin.py:190} INFO - [2025-02-02T12:16:40.596+0000] {dagbag.py:588} INFO - Filling up the DagBag from /home/airflow/.local/lib/python3.12/site-packages/airflow/example_dags/example_bash_operator.py
[2025-02-02T12:16:40.643+0000] {processor.py:925} INFO - DAG(s) 'example_bash_operator' retrieved from /home/airflow/.local/lib/python3.12/site-packages/airflow/example_dags/example_bash_operator.py
[2025-02-02T12:16:40.823+0000] {logging_mixin.py:190} INFO - [2025-02-02T12:16:40.822+0000] {override.py:1911} INFO - Created Permission View: can read on DAG:example_bash_operator
[2025-02-02T12:16:40.841+0000] {logging_mixin.py:190} INFO - [2025-02-02T12:16:40.841+0000] {override.py:1911} INFO - Created Permission View: can edit on DAG:example_bash_operator
[2025-02-02T12:16:40.851+0000] {logging_mixin.py:190} INFO - [2025-02-02T12:16:40.851+0000] {override.py:1911} INFO - Created Permission View: can delete on DAG:example_bash_operator
[2025-02-02T12:16:40.862+0000] {logging_mixin.py:190} INFO - [2025-02-02T12:16:40.862+0000] {override.py:1911} INFO - Created Permission View: can read on DAG Run:example_bash_operator
[2025-02-02T12:16:40.872+0000] {logging_mixin.py:190} INFO - [2025-02-02T12:16:40.871+0000] {override.py:1911} INFO - Created Permission View: menu access on DAG Run:example_bash_operator
[2025-02-02T12:16:40.881+0000] {logging_mixin.py:190} INFO - [2025-02-02T12:16:40.881+0000] {override.py:1911} INFO - Created Permission View: can create on DAG Run:example_bash_operator
[2025-02-02T12:16:40.891+0000] {logging_mixin.py:190} INFO - [2025-02-02T12:16:40.890+0000] {override.py:1911} INFO - Created Permission View: can delete on DAG Run:example_bash_operator
[2025-02-02T12:16:40.892+0000] {logging_mixin.py:190} INFO - [2025-02-02T12:16:40.892+0000] {dag.py:3239} INFO - Sync 1 DAGs
[2025-02-02T12:16:40.906+0000] {logging_mixin.py:190} INFO - [2025-02-02T12:16:40.906+0000] {dag.py:3262} INFO - Creating ORM DAG for example_bash_operator
[2025-02-02T12:16:40.917+0000] {logging_mixin.py:190} INFO - [2025-02-02T12:16:40.917+0000] {dag.py:4180} INFO - Setting next_dagrun for example_bash_operator to 2025-02-01 00:00:00+00:00, run_after=2025-02-02 00:00:00+00:00
[2025-02-02T12:16:40.938+0000] {processor.py:208} INFO - Processing /home/airflow/.local/lib/python3.12/site-packages/airflow/example_dags/example_bash_operator.py took 0.362 seconds
[2025-02-02T12:17:11.337+0000] {processor.py:186} INFO - Started process (PID=147) to work on /home/airflow/.local/lib/python3.12/site-packages/airflow/example_dags/example_bash_operator.py
[2025-02-02T12:17:11.338+0000] {processor.py:914} INFO - Processing file /home/airflow/.local/lib/python3.12/site-packages/airflow/example_dags/example_bash_operator.py for tasks to queue
[2025-02-02T12:17:11.341+0000] {logging_mixin.py:190} INFO - [2025-02-02T12:17:11.340+0000] {dagbag.py:588} INFO - Filling up the DagBag from /home/airflow/.local/lib/python3.12/site-packages/airflow/example_dags/example_bash_operator.py
[2025-02-02T12:17:11.354+0000] {processor.py:925} INFO - DAG(s) 'example_bash_operator' retrieved from /home/airflow/.local/lib/python3.12/site-packages/airflow/example_dags/example_bash_operator.py
[2025-02-02T12:17:11.382+0000] {logging_mixin.py:190} INFO - [2025-02-02T12:17:11.382+0000] {dag.py:3239} INFO - Sync 1 DAGs
[2025-02-02T12:17:11.407+0000] {logging_mixin.py:190} INFO - [2025-02-02T12:17:11.407+0000] {dag.py:4180} INFO - Setting next_dagrun for example_bash_operator to 2025-02-01 00:00:00+00:00, run_after=2025-02-02 00:00:00+00:00
[2025-02-02T12:17:11.430+0000] {processor.py:208} INFO - Processing /home/airflow/.local/lib/python3.12/site-packages/airflow/example_dags/example_bash_operator.py took 0.098 seconds
[2025-02-02T12:17:42.575+0000] {processor.py:186} INFO - Started process (PID=210) to work on /home/airflow/.local/lib/python3.12/site-packages/airflow/example_dags/example_bash_operator.py
[2025-02-02T12:17:42.576+0000] {processor.py:914} INFO - Processing file /home/airflow/.local/lib/python3.12/site-packages/airflow/example_dags/example_bash_operator.py for tasks to queue
[2025-02-02T12:17:42.579+0000] {logging_mixin.py:190} INFO - [2025-02-02T12:17:42.578+0000] {dagbag.py:588} INFO - Filling up the DagBag from /home/airflow/.local/lib/python3.12/site-packages/airflow/example_dags/example_bash_operator.py
[2025-02-02T12:17:42.593+0000] {processor.py:925} INFO - DAG(s) 'example_bash_operator' retrieved from /home/airflow/.local/lib/python3.12/site-packages/airflow/example_dags/example_bash_operator.py
[2025-02-02T12:17:42.623+0000] {logging_mixin.py:190} INFO - [2025-02-02T12:17:42.623+0000] {dag.py:3239} INFO - Sync 1 DAGs
[2025-02-02T12:17:42.655+0000] {logging_mixin.py:190} INFO - [2025-02-02T12:17:42.655+0000] {dag.py:4180} INFO - Setting next_dagrun for example_bash_operator to 2025-02-01 00:00:00+00:00, run_after=2025-02-02 00:00:00+00:00
[2025-02-02T12:17:42.679+0000] {processor.py:208} INFO - Processing /home/airflow/.local/lib/python3.12/site-packages/airflow/example_dags/example_bash_operator.py took 0.111 seconds
[2025-02-02T12:18:13.688+0000] {processor.py:186} INFO - Started process (PID=273) to work on /home/airflow/.local/lib/python3.12/site-packages/airflow/example_dags/example_bash_operator.py
[2025-02-02T12:18:13.689+0000] {processor.py:914} INFO - Processing file /home/airflow/.local/lib/python3.12/site-packages/airflow/example_dags/example_bash_operator.py for tasks to queue
[2025-02-02T12:18:13.692+0000] {logging_mixin.py:190} INFO - [2025-02-02T12:18:13.691+0000] {dagbag.py:588} INFO - Filling up the DagBag from /home/airflow/.local/lib/python3.12/site-packages/airflow/example_dags/example_bash_operator.py
[2025-02-02T12:18:13.706+0000] {processor.py:925} INFO - DAG(s) 'example_bash_operator' retrieved from /home/airflow/.local/lib/python3.12/site-packages/airflow/example_dags/example_bash_operator.py
[2025-02-02T12:18:13.739+0000] {logging_mixin.py:190} INFO - [2025-02-02T12:18:13.739+0000] {dag.py:3239} INFO - Sync 1 DAGs
[2025-02-02T12:18:13.766+0000] {logging_mixin.py:190} INFO - [2025-02-02T12:18:13.766+0000] {dag.py:4180} INFO - Setting next_dagrun for example_bash_operator to 2025-02-01 00:00:00+00:00, run_after=2025-02-02 00:00:00+00:00
[2025-02-02T12:18:13.790+0000] {processor.py:208} INFO - Processing /home/airflow/.local/lib/python3.12/site-packages/airflow/example_dags/example_bash_operator.py took 0.110 seconds
[2025-02-02T12:18:44.558+0000] {processor.py:186} INFO - Started process (PID=336) to work on /home/airflow/.local/lib/python3.12/site-packages/airflow/example_dags/example_bash_operator.py
[2025-02-02T12:18:44.559+0000] {processor.py:914} INFO - Processing file /home/airflow/.local/lib/python3.12/site-packages/airflow/example_dags/example_bash_operator.py for tasks to queue
[2025-02-02T12:18:44.562+0000] {logging_mixin.py:190} INFO - [2025-02-02T12:18:44.561+0000] {dagbag.py:588} INFO - Filling up the DagBag from /home/airflow/.local/lib/python3.12/site-packages/airflow/example_dags/example_bash_operator.py
[2025-02-02T12:18:44.574+0000] {processor.py:925} INFO - DAG(s) 'example_bash_operator' retrieved from /home/airflow/.local/lib/python3.12/site-packages/airflow/example_dags/example_bash_operator.py
[2025-02-02T12:18:44.602+0000] {logging_mixin.py:190} INFO - [2025-02-02T12:18:44.601+0000] {dag.py:3239} INFO - Sync 1 DAGs
[2025-02-02T12:18:44.627+0000] {logging_mixin.py:190} INFO - [2025-02-02T12:18:44.627+0000] {dag.py:4180} INFO - Setting next_dagrun for example_bash_operator to 2025-02-01 00:00:00+00:00, run_after=2025-02-02 00:00:00+00:00
[2025-02-02T12:18:44.649+0000] {processor.py:208} INFO - Processing /home/airflow/.local/lib/python3.12/site-packages/airflow/example_dags/example_bash_operator.py took 0.096 seconds
[2025-02-02T12:19:15.876+0000] {processor.py:186} INFO - Started process (PID=399) to work on /home/airflow/.local/lib/python3.12/site-packages/airflow/example_dags/example_bash_operator.py
[2025-02-02T12:19:15.878+0000] {processor.py:914} INFO - Processing file /home/airflow/.local/lib/python3.12/site-packages/airflow/example_dags/example_bash_operator.py for tasks to queue
[2025-02-02T12:19:15.880+0000] {logging_mixin.py:190} INFO - [2025-02-02T12:19:15.880+0000] {dagbag.py:588} INFO - Filling up the DagBag from /home/airflow/.local/lib/python3.12/site-packages/airflow/example_dags/example_bash_operator.py
[2025-02-02T12:19:15.894+0000] {processor.py:925} INFO - DAG(s) 'example_bash_operator' retrieved from /home/airflow/.local/lib/python3.12/site-packages/airflow/example_dags/example_bash_operator.py
[2025-02-02T12:19:15.924+0000] {logging_mixin.py:190} INFO - [2025-02-02T12:19:15.924+0000] {dag.py:3239} INFO - Sync 1 DAGs
[2025-02-02T12:19:15.951+0000] {logging_mixin.py:190} INFO - [2025-02-02T12:19:15.950+0000] {dag.py:4180} INFO - Setting next_dagrun for example_bash_operator to 2025-02-01 00:00:00+00:00, run_after=2025-02-02 00:00:00+00:00
[2025-02-02T12:19:15.974+0000] {processor.py:208} INFO - Processing /home/airflow/.local/lib/python3.12/site-packages/airflow/example_dags/example_bash_operator.py took 0.103 seconds
[2025-02-02T12:19:47.955+0000] {processor.py:186} INFO - Started process (PID=462) to work on /home/airflow/.local/lib/python3.12/site-packages/airflow/example_dags/example_bash_operator.py
[2025-02-02T12:19:47.957+0000] {processor.py:914} INFO - Processing file /home/airflow/.local/lib/python3.12/site-packages/airflow/example_dags/example_bash_operator.py for tasks to queue
[2025-02-02T12:19:47.960+0000] {logging_mixin.py:190} INFO - [2025-02-02T12:19:47.959+0000] {dagbag.py:588} INFO - Filling up the DagBag from /home/airflow/.local/lib/python3.12/site-packages/airflow/example_dags/example_bash_operator.py
[2025-02-02T12:19:47.974+0000] {processor.py:925} INFO - DAG(s) 'example_bash_operator' retrieved from /home/airflow/.local/lib/python3.12/site-packages/airflow/example_dags/example_bash_operator.py
[2025-02-02T12:19:48.008+0000] {logging_mixin.py:190} INFO - [2025-02-02T12:19:48.008+0000] {dag.py:3239} INFO - Sync 1 DAGs
[2025-02-02T12:19:48.033+0000] {logging_mixin.py:190} INFO - [2025-02-02T12:19:48.033+0000] {dag.py:4180} INFO - Setting next_dagrun for example_bash_operator to 2025-02-01 00:00:00+00:00, run_after=2025-02-02 00:00:00+00:00
[2025-02-02T12:19:48.066+0000] {processor.py:208} INFO - Processing /home/airflow/.local/lib/python3.12/site-packages/airflow/example_dags/example_bash_operator.py took 0.117 seconds
[2025-02-02T12:20:20.315+0000] {processor.py:186} INFO - Started process (PID=525) to work on /home/airflow/.local/lib/python3.12/site-packages/airflow/example_dags/example_bash_operator.py
[2025-02-02T12:20:20.318+0000] {processor.py:914} INFO - Processing file /home/airflow/.local/lib/python3.12/site-packages/airflow/example_dags/example_bash_operator.py for tasks to queue
[2025-02-02T12:20:20.322+0000] {logging_mixin.py:190} INFO - [2025-02-02T12:20:20.322+0000] {dagbag.py:588} INFO - Filling up the DagBag from /home/airflow/.local/lib/python3.12/site-packages/airflow/example_dags/example_bash_operator.py
[2025-02-02T12:20:20.342+0000] {processor.py:925} INFO - DAG(s) 'example_bash_operator' retrieved from /home/airflow/.local/lib/python3.12/site-packages/airflow/example_dags/example_bash_operator.py
[2025-02-02T12:20:20.391+0000] {logging_mixin.py:190} INFO - [2025-02-02T12:20:20.391+0000] {dag.py:3239} INFO - Sync 1 DAGs
[2025-02-02T12:20:20.428+0000] {logging_mixin.py:190} INFO - [2025-02-02T12:20:20.428+0000] {dag.py:4180} INFO - Setting next_dagrun for example_bash_operator to 2025-02-01 00:00:00+00:00, run_after=2025-02-02 00:00:00+00:00
[2025-02-02T12:20:20.462+0000] {processor.py:208} INFO - Processing /home/airflow/.local/lib/python3.12/site-packages/airflow/example_dags/example_bash_operator.py took 0.157 seconds
[2025-02-02T16:18:53.412+0000] {processor.py:186} INFO - Started process (PID=78) to work on /home/airflow/.local/lib/python3.12/site-packages/airflow/example_dags/example_bash_operator.py
[2025-02-02T16:18:53.413+0000] {processor.py:914} INFO - Processing file /home/airflow/.local/lib/python3.12/site-packages/airflow/example_dags/example_bash_operator.py for tasks to queue
[2025-02-02T16:18:53.416+0000] {logging_mixin.py:190} INFO - [2025-02-02T16:18:53.415+0000] {dagbag.py:588} INFO - Filling up the DagBag from /home/airflow/.local/lib/python3.12/site-packages/airflow/example_dags/example_bash_operator.py
[2025-02-02T16:18:53.428+0000] {processor.py:925} INFO - DAG(s) 'example_bash_operator' retrieved from /home/airflow/.local/lib/python3.12/site-packages/airflow/example_dags/example_bash_operator.py
[2025-02-02T16:18:53.464+0000] {logging_mixin.py:190} INFO - [2025-02-02T16:18:53.464+0000] {dag.py:3239} INFO - Sync 1 DAGs
[2025-02-02T16:18:53.490+0000] {logging_mixin.py:190} INFO - [2025-02-02T16:18:53.489+0000] {dag.py:4180} INFO - Setting next_dagrun for example_bash_operator to 2025-02-01 00:00:00+00:00, run_after=2025-02-02 00:00:00+00:00
[2025-02-02T16:18:53.512+0000] {processor.py:208} INFO - Processing /home/airflow/.local/lib/python3.12/site-packages/airflow/example_dags/example_bash_operator.py took 0.106 seconds
[2025-02-02T16:19:24.430+0000] {processor.py:186} INFO - Started process (PID=141) to work on /home/airflow/.local/lib/python3.12/site-packages/airflow/example_dags/example_bash_operator.py
[2025-02-02T16:19:24.431+0000] {processor.py:914} INFO - Processing file /home/airflow/.local/lib/python3.12/site-packages/airflow/example_dags/example_bash_operator.py for tasks to queue
[2025-02-02T16:19:24.433+0000] {logging_mixin.py:190} INFO - [2025-02-02T16:19:24.433+0000] {dagbag.py:588} INFO - Filling up the DagBag from /home/airflow/.local/lib/python3.12/site-packages/airflow/example_dags/example_bash_operator.py
[2025-02-02T16:19:24.446+0000] {processor.py:925} INFO - DAG(s) 'example_bash_operator' retrieved from /home/airflow/.local/lib/python3.12/site-packages/airflow/example_dags/example_bash_operator.py
[2025-02-02T16:19:24.475+0000] {logging_mixin.py:190} INFO - [2025-02-02T16:19:24.475+0000] {dag.py:3239} INFO - Sync 1 DAGs
[2025-02-02T16:19:24.500+0000] {logging_mixin.py:190} INFO - [2025-02-02T16:19:24.500+0000] {dag.py:4180} INFO - Setting next_dagrun for example_bash_operator to 2025-02-01 00:00:00+00:00, run_after=2025-02-02 00:00:00+00:00
[2025-02-02T16:19:24.525+0000] {processor.py:208} INFO - Processing /home/airflow/.local/lib/python3.12/site-packages/airflow/example_dags/example_bash_operator.py took 0.100 seconds
[2025-02-02T16:19:55.758+0000] {processor.py:186} INFO - Started process (PID=204) to work on /home/airflow/.local/lib/python3.12/site-packages/airflow/example_dags/example_bash_operator.py
[2025-02-02T16:19:55.759+0000] {processor.py:914} INFO - Processing file /home/airflow/.local/lib/python3.12/site-packages/airflow/example_dags/example_bash_operator.py for tasks to queue
[2025-02-02T16:19:55.762+0000] {logging_mixin.py:190} INFO - [2025-02-02T16:19:55.762+0000] {dagbag.py:588} INFO - Filling up the DagBag from /home/airflow/.local/lib/python3.12/site-packages/airflow/example_dags/example_bash_operator.py
[2025-02-02T16:19:55.779+0000] {processor.py:925} INFO - DAG(s) 'example_bash_operator' retrieved from /home/airflow/.local/lib/python3.12/site-packages/airflow/example_dags/example_bash_operator.py
[2025-02-02T16:19:55.812+0000] {logging_mixin.py:190} INFO - [2025-02-02T16:19:55.812+0000] {dag.py:3239} INFO - Sync 1 DAGs
[2025-02-02T16:19:55.840+0000] {logging_mixin.py:190} INFO - [2025-02-02T16:19:55.839+0000] {dag.py:4180} INFO - Setting next_dagrun for example_bash_operator to 2025-02-01 00:00:00+00:00, run_after=2025-02-02 00:00:00+00:00
[2025-02-02T16:19:55.862+0000] {processor.py:208} INFO - Processing /home/airflow/.local/lib/python3.12/site-packages/airflow/example_dags/example_bash_operator.py took 0.111 seconds
[2025-02-02T16:20:27.197+0000] {processor.py:186} INFO - Started process (PID=273) to work on /home/airflow/.local/lib/python3.12/site-packages/airflow/example_dags/example_bash_operator.py
[2025-02-02T16:20:27.198+0000] {processor.py:914} INFO - Processing file /home/airflow/.local/lib/python3.12/site-packages/airflow/example_dags/example_bash_operator.py for tasks to queue
[2025-02-02T16:20:27.201+0000] {logging_mixin.py:190} INFO - [2025-02-02T16:20:27.200+0000] {dagbag.py:588} INFO - Filling up the DagBag from /home/airflow/.local/lib/python3.12/site-packages/airflow/example_dags/example_bash_operator.py
[2025-02-02T16:20:27.214+0000] {processor.py:925} INFO - DAG(s) 'example_bash_operator' retrieved from /home/airflow/.local/lib/python3.12/site-packages/airflow/example_dags/example_bash_operator.py
[2025-02-02T16:20:27.242+0000] {logging_mixin.py:190} INFO - [2025-02-02T16:20:27.241+0000] {dag.py:3239} INFO - Sync 1 DAGs
[2025-02-02T16:20:27.267+0000] {logging_mixin.py:190} INFO - [2025-02-02T16:20:27.267+0000] {dag.py:4180} INFO - Setting next_dagrun for example_bash_operator to 2025-02-01 00:00:00+00:00, run_after=2025-02-02 00:00:00+00:00
[2025-02-02T16:20:27.290+0000] {processor.py:208} INFO - Processing /home/airflow/.local/lib/python3.12/site-packages/airflow/example_dags/example_bash_operator.py took 0.098 seconds
[2025-02-02T16:20:58.176+0000] {processor.py:186} INFO - Started process (PID=336) to work on /home/airflow/.local/lib/python3.12/site-packages/airflow/example_dags/example_bash_operator.py
[2025-02-02T16:20:58.177+0000] {processor.py:914} INFO - Processing file /home/airflow/.local/lib/python3.12/site-packages/airflow/example_dags/example_bash_operator.py for tasks to queue
[2025-02-02T16:20:58.179+0000] {logging_mixin.py:190} INFO - [2025-02-02T16:20:58.178+0000] {dagbag.py:588} INFO - Filling up the DagBag from /home/airflow/.local/lib/python3.12/site-packages/airflow/example_dags/example_bash_operator.py
[2025-02-02T16:20:58.191+0000] {processor.py:925} INFO - DAG(s) 'example_bash_operator' retrieved from /home/airflow/.local/lib/python3.12/site-packages/airflow/example_dags/example_bash_operator.py
[2025-02-02T16:20:58.218+0000] {logging_mixin.py:190} INFO - [2025-02-02T16:20:58.217+0000] {dag.py:3239} INFO - Sync 1 DAGs
[2025-02-02T16:20:58.242+0000] {logging_mixin.py:190} INFO - [2025-02-02T16:20:58.241+0000] {dag.py:4180} INFO - Setting next_dagrun for example_bash_operator to 2025-02-01 00:00:00+00:00, run_after=2025-02-02 00:00:00+00:00
[2025-02-02T16:20:58.261+0000] {processor.py:208} INFO - Processing /home/airflow/.local/lib/python3.12/site-packages/airflow/example_dags/example_bash_operator.py took 0.091 seconds
[2025-02-02T16:21:29.227+0000] {processor.py:186} INFO - Started process (PID=399) to work on /home/airflow/.local/lib/python3.12/site-packages/airflow/example_dags/example_bash_operator.py
[2025-02-02T16:21:29.228+0000] {processor.py:914} INFO - Processing file /home/airflow/.local/lib/python3.12/site-packages/airflow/example_dags/example_bash_operator.py for tasks to queue
[2025-02-02T16:21:29.230+0000] {logging_mixin.py:190} INFO - [2025-02-02T16:21:29.230+0000] {dagbag.py:588} INFO - Filling up the DagBag from /home/airflow/.local/lib/python3.12/site-packages/airflow/example_dags/example_bash_operator.py
[2025-02-02T16:21:29.242+0000] {processor.py:925} INFO - DAG(s) 'example_bash_operator' retrieved from /home/airflow/.local/lib/python3.12/site-packages/airflow/example_dags/example_bash_operator.py
[2025-02-02T16:21:29.270+0000] {logging_mixin.py:190} INFO - [2025-02-02T16:21:29.270+0000] {dag.py:3239} INFO - Sync 1 DAGs
[2025-02-02T16:21:29.294+0000] {logging_mixin.py:190} INFO - [2025-02-02T16:21:29.294+0000] {dag.py:4180} INFO - Setting next_dagrun for example_bash_operator to 2025-02-01 00:00:00+00:00, run_after=2025-02-02 00:00:00+00:00
[2025-02-02T16:21:29.316+0000] {processor.py:208} INFO - Processing /home/airflow/.local/lib/python3.12/site-packages/airflow/example_dags/example_bash_operator.py took 0.095 seconds
[2025-02-02T16:21:59.556+0000] {processor.py:186} INFO - Started process (PID=462) to work on /home/airflow/.local/lib/python3.12/site-packages/airflow/example_dags/example_bash_operator.py
[2025-02-02T16:21:59.558+0000] {processor.py:914} INFO - Processing file /home/airflow/.local/lib/python3.12/site-packages/airflow/example_dags/example_bash_operator.py for tasks to queue
[2025-02-02T16:21:59.560+0000] {logging_mixin.py:190} INFO - [2025-02-02T16:21:59.560+0000] {dagbag.py:588} INFO - Filling up the DagBag from /home/airflow/.local/lib/python3.12/site-packages/airflow/example_dags/example_bash_operator.py
[2025-02-02T16:21:59.573+0000] {processor.py:925} INFO - DAG(s) 'example_bash_operator' retrieved from /home/airflow/.local/lib/python3.12/site-packages/airflow/example_dags/example_bash_operator.py
[2025-02-02T16:21:59.602+0000] {logging_mixin.py:190} INFO - [2025-02-02T16:21:59.602+0000] {dag.py:3239} INFO - Sync 1 DAGs
[2025-02-02T16:21:59.630+0000] {logging_mixin.py:190} INFO - [2025-02-02T16:21:59.630+0000] {dag.py:4180} INFO - Setting next_dagrun for example_bash_operator to 2025-02-01 00:00:00+00:00, run_after=2025-02-02 00:00:00+00:00
[2025-02-02T16:21:59.652+0000] {processor.py:208} INFO - Processing /home/airflow/.local/lib/python3.12/site-packages/airflow/example_dags/example_bash_operator.py took 0.101 seconds
[2025-02-02T16:22:30.966+0000] {processor.py:186} INFO - Started process (PID=524) to work on /home/airflow/.local/lib/python3.12/site-packages/airflow/example_dags/example_bash_operator.py
[2025-02-02T16:22:30.967+0000] {processor.py:914} INFO - Processing file /home/airflow/.local/lib/python3.12/site-packages/airflow/example_dags/example_bash_operator.py for tasks to queue
[2025-02-02T16:22:30.970+0000] {logging_mixin.py:190} INFO - [2025-02-02T16:22:30.970+0000] {dagbag.py:588} INFO - Filling up the DagBag from /home/airflow/.local/lib/python3.12/site-packages/airflow/example_dags/example_bash_operator.py
[2025-02-02T16:22:30.981+0000] {processor.py:925} INFO - DAG(s) 'example_bash_operator' retrieved from /home/airflow/.local/lib/python3.12/site-packages/airflow/example_dags/example_bash_operator.py
[2025-02-02T16:22:31.008+0000] {logging_mixin.py:190} INFO - [2025-02-02T16:22:31.008+0000] {dag.py:3239} INFO - Sync 1 DAGs
[2025-02-02T16:22:31.031+0000] {logging_mixin.py:190} INFO - [2025-02-02T16:22:31.031+0000] {dag.py:4180} INFO - Setting next_dagrun for example_bash_operator to 2025-02-01 00:00:00+00:00, run_after=2025-02-02 00:00:00+00:00
[2025-02-02T16:22:31.052+0000] {processor.py:208} INFO - Processing /home/airflow/.local/lib/python3.12/site-packages/airflow/example_dags/example_bash_operator.py took 0.091 seconds
[2025-02-02T16:23:02.004+0000] {processor.py:186} INFO - Started process (PID=587) to work on /home/airflow/.local/lib/python3.12/site-packages/airflow/example_dags/example_bash_operator.py
[2025-02-02T16:23:02.005+0000] {processor.py:914} INFO - Processing file /home/airflow/.local/lib/python3.12/site-packages/airflow/example_dags/example_bash_operator.py for tasks to queue
[2025-02-02T16:23:02.007+0000] {logging_mixin.py:190} INFO - [2025-02-02T16:23:02.007+0000] {dagbag.py:588} INFO - Filling up the DagBag from /home/airflow/.local/lib/python3.12/site-packages/airflow/example_dags/example_bash_operator.py
[2025-02-02T16:23:02.020+0000] {processor.py:925} INFO - DAG(s) 'example_bash_operator' retrieved from /home/airflow/.local/lib/python3.12/site-packages/airflow/example_dags/example_bash_operator.py
[2025-02-02T16:23:02.049+0000] {logging_mixin.py:190} INFO - [2025-02-02T16:23:02.049+0000] {dag.py:3239} INFO - Sync 1 DAGs
[2025-02-02T16:23:02.073+0000] {logging_mixin.py:190} INFO - [2025-02-02T16:23:02.073+0000] {dag.py:4180} INFO - Setting next_dagrun for example_bash_operator to 2025-02-01 00:00:00+00:00, run_after=2025-02-02 00:00:00+00:00
[2025-02-02T16:23:02.098+0000] {processor.py:208} INFO - Processing /home/airflow/.local/lib/python3.12/site-packages/airflow/example_dags/example_bash_operator.py took 0.100 seconds
[2025-02-02T16:23:33.550+0000] {processor.py:186} INFO - Started process (PID=650) to work on /home/airflow/.local/lib/python3.12/site-packages/airflow/example_dags/example_bash_operator.py
[2025-02-02T16:23:33.551+0000] {processor.py:914} INFO - Processing file /home/airflow/.local/lib/python3.12/site-packages/airflow/example_dags/example_bash_operator.py for tasks to queue
[2025-02-02T16:23:33.554+0000] {logging_mixin.py:190} INFO - [2025-02-02T16:23:33.554+0000] {dagbag.py:588} INFO - Filling up the DagBag from /home/airflow/.local/lib/python3.12/site-packages/airflow/example_dags/example_bash_operator.py
[2025-02-02T16:23:33.569+0000] {processor.py:925} INFO - DAG(s) 'example_bash_operator' retrieved from /home/airflow/.local/lib/python3.12/site-packages/airflow/example_dags/example_bash_operator.py
[2025-02-02T16:23:33.603+0000] {logging_mixin.py:190} INFO - [2025-02-02T16:23:33.603+0000] {dag.py:3239} INFO - Sync 1 DAGs
[2025-02-02T16:23:33.630+0000] {logging_mixin.py:190} INFO - [2025-02-02T16:23:33.629+0000] {dag.py:4180} INFO - Setting next_dagrun for example_bash_operator to 2025-02-01 00:00:00+00:00, run_after=2025-02-02 00:00:00+00:00
[2025-02-02T16:23:33.656+0000] {processor.py:208} INFO - Processing /home/airflow/.local/lib/python3.12/site-packages/airflow/example_dags/example_bash_operator.py took 0.112 seconds
[2025-02-02T16:24:03.931+0000] {processor.py:186} INFO - Started process (PID=713) to work on /home/airflow/.local/lib/python3.12/site-packages/airflow/example_dags/example_bash_operator.py
[2025-02-02T16:24:03.932+0000] {processor.py:914} INFO - Processing file /home/airflow/.local/lib/python3.12/site-packages/airflow/example_dags/example_bash_operator.py for tasks to queue
[2025-02-02T16:24:03.935+0000] {logging_mixin.py:190} INFO - [2025-02-02T16:24:03.935+0000] {dagbag.py:588} INFO - Filling up the DagBag from /home/airflow/.local/lib/python3.12/site-packages/airflow/example_dags/example_bash_operator.py
[2025-02-02T16:24:03.947+0000] {processor.py:925} INFO - DAG(s) 'example_bash_operator' retrieved from /home/airflow/.local/lib/python3.12/site-packages/airflow/example_dags/example_bash_operator.py
[2025-02-02T16:24:03.975+0000] {logging_mixin.py:190} INFO - [2025-02-02T16:24:03.974+0000] {dag.py:3239} INFO - Sync 1 DAGs
[2025-02-02T16:24:04.002+0000] {logging_mixin.py:190} INFO - [2025-02-02T16:24:04.002+0000] {dag.py:4180} INFO - Setting next_dagrun for example_bash_operator to 2025-02-01 00:00:00+00:00, run_after=2025-02-02 00:00:00+00:00
[2025-02-02T16:24:04.028+0000] {processor.py:208} INFO - Processing /home/airflow/.local/lib/python3.12/site-packages/airflow/example_dags/example_bash_operator.py took 0.103 seconds
[2025-02-02T16:24:36.072+0000] {processor.py:186} INFO - Started process (PID=776) to work on /home/airflow/.local/lib/python3.12/site-packages/airflow/example_dags/example_bash_operator.py
[2025-02-02T16:24:36.073+0000] {processor.py:914} INFO - Processing file /home/airflow/.local/lib/python3.12/site-packages/airflow/example_dags/example_bash_operator.py for tasks to queue
[2025-02-02T16:24:36.076+0000] {logging_mixin.py:190} INFO - [2025-02-02T16:24:36.076+0000] {dagbag.py:588} INFO - Filling up the DagBag from /home/airflow/.local/lib/python3.12/site-packages/airflow/example_dags/example_bash_operator.py
[2025-02-02T16:24:36.089+0000] {processor.py:925} INFO - DAG(s) 'example_bash_operator' retrieved from /home/airflow/.local/lib/python3.12/site-packages/airflow/example_dags/example_bash_operator.py
[2025-02-02T16:24:36.123+0000] {logging_mixin.py:190} INFO - [2025-02-02T16:24:36.123+0000] {dag.py:3239} INFO - Sync 1 DAGs
[2025-02-02T16:24:36.153+0000] {logging_mixin.py:190} INFO - [2025-02-02T16:24:36.153+0000] {dag.py:4180} INFO - Setting next_dagrun for example_bash_operator to 2025-02-01 00:00:00+00:00, run_after=2025-02-02 00:00:00+00:00
[2025-02-02T16:24:36.178+0000] {processor.py:208} INFO - Processing /home/airflow/.local/lib/python3.12/site-packages/airflow/example_dags/example_bash_operator.py took 0.112 seconds
[2025-02-02T16:25:06.721+0000] {processor.py:186} INFO - Started process (PID=839) to work on /home/airflow/.local/lib/python3.12/site-packages/airflow/example_dags/example_bash_operator.py
[2025-02-02T16:25:06.722+0000] {processor.py:914} INFO - Processing file /home/airflow/.local/lib/python3.12/site-packages/airflow/example_dags/example_bash_operator.py for tasks to queue
[2025-02-02T16:25:06.725+0000] {logging_mixin.py:190} INFO - [2025-02-02T16:25:06.725+0000] {dagbag.py:588} INFO - Filling up the DagBag from /home/airflow/.local/lib/python3.12/site-packages/airflow/example_dags/example_bash_operator.py
[2025-02-02T16:25:06.742+0000] {processor.py:925} INFO - DAG(s) 'example_bash_operator' retrieved from /home/airflow/.local/lib/python3.12/site-packages/airflow/example_dags/example_bash_operator.py
[2025-02-02T16:25:06.771+0000] {logging_mixin.py:190} INFO - [2025-02-02T16:25:06.771+0000] {dag.py:3239} INFO - Sync 1 DAGs
[2025-02-02T16:25:06.797+0000] {logging_mixin.py:190} INFO - [2025-02-02T16:25:06.797+0000] {dag.py:4180} INFO - Setting next_dagrun for example_bash_operator to 2025-02-01 00:00:00+00:00, run_after=2025-02-02 00:00:00+00:00
[2025-02-02T16:25:06.820+0000] {processor.py:208} INFO - Processing /home/airflow/.local/lib/python3.12/site-packages/airflow/example_dags/example_bash_operator.py took 0.106 seconds
[2025-02-02T16:25:38.290+0000] {processor.py:186} INFO - Started process (PID=902) to work on /home/airflow/.local/lib/python3.12/site-packages/airflow/example_dags/example_bash_operator.py
[2025-02-02T16:25:38.291+0000] {processor.py:914} INFO - Processing file /home/airflow/.local/lib/python3.12/site-packages/airflow/example_dags/example_bash_operator.py for tasks to queue
[2025-02-02T16:25:38.294+0000] {logging_mixin.py:190} INFO - [2025-02-02T16:25:38.293+0000] {dagbag.py:588} INFO - Filling up the DagBag from /home/airflow/.local/lib/python3.12/site-packages/airflow/example_dags/example_bash_operator.py
[2025-02-02T16:25:38.306+0000] {processor.py:925} INFO - DAG(s) 'example_bash_operator' retrieved from /home/airflow/.local/lib/python3.12/site-packages/airflow/example_dags/example_bash_operator.py
[2025-02-02T16:25:38.331+0000] {logging_mixin.py:190} INFO - [2025-02-02T16:25:38.331+0000] {dag.py:3239} INFO - Sync 1 DAGs
[2025-02-02T16:25:38.355+0000] {logging_mixin.py:190} INFO - [2025-02-02T16:25:38.355+0000] {dag.py:4180} INFO - Setting next_dagrun for example_bash_operator to 2025-02-01 00:00:00+00:00, run_after=2025-02-02 00:00:00+00:00
[2025-02-02T16:25:38.378+0000] {processor.py:208} INFO - Processing /home/airflow/.local/lib/python3.12/site-packages/airflow/example_dags/example_bash_operator.py took 0.094 seconds
