[2025-02-02T12:16:38.930+0000] {processor.py:186} INFO - Started process (PID=74) to work on /home/airflow/.local/lib/python3.12/site-packages/airflow/example_dags/example_setup_teardown.py
[2025-02-02T12:16:38.931+0000] {processor.py:914} INFO - Processing file /home/airflow/.local/lib/python3.12/site-packages/airflow/example_dags/example_setup_teardown.py for tasks to queue
[2025-02-02T12:16:38.933+0000] {logging_mixin.py:190} INFO - [2025-02-02T12:16:38.933+0000] {dagbag.py:588} INFO - Filling up the DagBag from /home/airflow/.local/lib/python3.12/site-packages/airflow/example_dags/example_setup_teardown.py
[2025-02-02T12:16:38.948+0000] {processor.py:925} INFO - DAG(s) 'example_setup_teardown' retrieved from /home/airflow/.local/lib/python3.12/site-packages/airflow/example_dags/example_setup_teardown.py
[2025-02-02T12:16:39.067+0000] {logging_mixin.py:190} INFO - [2025-02-02T12:16:39.066+0000] {override.py:1911} INFO - Created Permission View: can read on DAG:example_setup_teardown
[2025-02-02T12:16:39.080+0000] {logging_mixin.py:190} INFO - [2025-02-02T12:16:39.080+0000] {override.py:1911} INFO - Created Permission View: can edit on DAG:example_setup_teardown
[2025-02-02T12:16:39.099+0000] {logging_mixin.py:190} INFO - [2025-02-02T12:16:39.098+0000] {override.py:1911} INFO - Created Permission View: can delete on DAG:example_setup_teardown
[2025-02-02T12:16:39.112+0000] {logging_mixin.py:190} INFO - [2025-02-02T12:16:39.111+0000] {override.py:1911} INFO - Created Permission View: can read on DAG Run:example_setup_teardown
[2025-02-02T12:16:39.122+0000] {logging_mixin.py:190} INFO - [2025-02-02T12:16:39.122+0000] {override.py:1911} INFO - Created Permission View: menu access on DAG Run:example_setup_teardown
[2025-02-02T12:16:39.132+0000] {logging_mixin.py:190} INFO - [2025-02-02T12:16:39.131+0000] {override.py:1911} INFO - Created Permission View: can create on DAG Run:example_setup_teardown
[2025-02-02T12:16:39.142+0000] {logging_mixin.py:190} INFO - [2025-02-02T12:16:39.142+0000] {override.py:1911} INFO - Created Permission View: can delete on DAG Run:example_setup_teardown
[2025-02-02T12:16:39.143+0000] {logging_mixin.py:190} INFO - [2025-02-02T12:16:39.143+0000] {dag.py:3239} INFO - Sync 1 DAGs
[2025-02-02T12:16:39.159+0000] {logging_mixin.py:190} INFO - [2025-02-02T12:16:39.159+0000] {dag.py:3262} INFO - Creating ORM DAG for example_setup_teardown
[2025-02-02T12:16:39.160+0000] {logging_mixin.py:190} INFO - [2025-02-02T12:16:39.160+0000] {dag.py:4180} INFO - Setting next_dagrun for example_setup_teardown to None, run_after=None
[2025-02-02T12:16:39.180+0000] {processor.py:208} INFO - Processing /home/airflow/.local/lib/python3.12/site-packages/airflow/example_dags/example_setup_teardown.py took 0.256 seconds
[2025-02-02T12:17:09.632+0000] {processor.py:186} INFO - Started process (PID=137) to work on /home/airflow/.local/lib/python3.12/site-packages/airflow/example_dags/example_setup_teardown.py
[2025-02-02T12:17:09.633+0000] {processor.py:914} INFO - Processing file /home/airflow/.local/lib/python3.12/site-packages/airflow/example_dags/example_setup_teardown.py for tasks to queue
[2025-02-02T12:17:09.636+0000] {logging_mixin.py:190} INFO - [2025-02-02T12:17:09.635+0000] {dagbag.py:588} INFO - Filling up the DagBag from /home/airflow/.local/lib/python3.12/site-packages/airflow/example_dags/example_setup_teardown.py
[2025-02-02T12:17:09.645+0000] {processor.py:925} INFO - DAG(s) 'example_setup_teardown' retrieved from /home/airflow/.local/lib/python3.12/site-packages/airflow/example_dags/example_setup_teardown.py
[2025-02-02T12:17:09.669+0000] {logging_mixin.py:190} INFO - [2025-02-02T12:17:09.668+0000] {dag.py:3239} INFO - Sync 1 DAGs
[2025-02-02T12:17:09.684+0000] {logging_mixin.py:190} INFO - [2025-02-02T12:17:09.683+0000] {dag.py:4180} INFO - Setting next_dagrun for example_setup_teardown to None, run_after=None
[2025-02-02T12:17:09.711+0000] {processor.py:208} INFO - Processing /home/airflow/.local/lib/python3.12/site-packages/airflow/example_dags/example_setup_teardown.py took 0.084 seconds
[2025-02-02T12:17:41.726+0000] {processor.py:186} INFO - Started process (PID=200) to work on /home/airflow/.local/lib/python3.12/site-packages/airflow/example_dags/example_setup_teardown.py
[2025-02-02T12:17:41.727+0000] {processor.py:914} INFO - Processing file /home/airflow/.local/lib/python3.12/site-packages/airflow/example_dags/example_setup_teardown.py for tasks to queue
[2025-02-02T12:17:41.729+0000] {logging_mixin.py:190} INFO - [2025-02-02T12:17:41.729+0000] {dagbag.py:588} INFO - Filling up the DagBag from /home/airflow/.local/lib/python3.12/site-packages/airflow/example_dags/example_setup_teardown.py
[2025-02-02T12:17:41.738+0000] {processor.py:925} INFO - DAG(s) 'example_setup_teardown' retrieved from /home/airflow/.local/lib/python3.12/site-packages/airflow/example_dags/example_setup_teardown.py
[2025-02-02T12:17:41.760+0000] {logging_mixin.py:190} INFO - [2025-02-02T12:17:41.760+0000] {dag.py:3239} INFO - Sync 1 DAGs
[2025-02-02T12:17:41.775+0000] {logging_mixin.py:190} INFO - [2025-02-02T12:17:41.774+0000] {dag.py:4180} INFO - Setting next_dagrun for example_setup_teardown to None, run_after=None
[2025-02-02T12:17:41.801+0000] {processor.py:208} INFO - Processing /home/airflow/.local/lib/python3.12/site-packages/airflow/example_dags/example_setup_teardown.py took 0.081 seconds
[2025-02-02T12:18:12.789+0000] {processor.py:186} INFO - Started process (PID=263) to work on /home/airflow/.local/lib/python3.12/site-packages/airflow/example_dags/example_setup_teardown.py
[2025-02-02T12:18:12.790+0000] {processor.py:914} INFO - Processing file /home/airflow/.local/lib/python3.12/site-packages/airflow/example_dags/example_setup_teardown.py for tasks to queue
[2025-02-02T12:18:12.794+0000] {logging_mixin.py:190} INFO - [2025-02-02T12:18:12.794+0000] {dagbag.py:588} INFO - Filling up the DagBag from /home/airflow/.local/lib/python3.12/site-packages/airflow/example_dags/example_setup_teardown.py
[2025-02-02T12:18:12.803+0000] {processor.py:925} INFO - DAG(s) 'example_setup_teardown' retrieved from /home/airflow/.local/lib/python3.12/site-packages/airflow/example_dags/example_setup_teardown.py
[2025-02-02T12:18:12.825+0000] {logging_mixin.py:190} INFO - [2025-02-02T12:18:12.825+0000] {dag.py:3239} INFO - Sync 1 DAGs
[2025-02-02T12:18:12.841+0000] {logging_mixin.py:190} INFO - [2025-02-02T12:18:12.841+0000] {dag.py:4180} INFO - Setting next_dagrun for example_setup_teardown to None, run_after=None
[2025-02-02T12:18:12.864+0000] {processor.py:208} INFO - Processing /home/airflow/.local/lib/python3.12/site-packages/airflow/example_dags/example_setup_teardown.py took 0.080 seconds
[2025-02-02T12:18:43.564+0000] {processor.py:186} INFO - Started process (PID=325) to work on /home/airflow/.local/lib/python3.12/site-packages/airflow/example_dags/example_setup_teardown.py
[2025-02-02T12:18:43.565+0000] {processor.py:914} INFO - Processing file /home/airflow/.local/lib/python3.12/site-packages/airflow/example_dags/example_setup_teardown.py for tasks to queue
[2025-02-02T12:18:43.568+0000] {logging_mixin.py:190} INFO - [2025-02-02T12:18:43.567+0000] {dagbag.py:588} INFO - Filling up the DagBag from /home/airflow/.local/lib/python3.12/site-packages/airflow/example_dags/example_setup_teardown.py
[2025-02-02T12:18:43.577+0000] {processor.py:925} INFO - DAG(s) 'example_setup_teardown' retrieved from /home/airflow/.local/lib/python3.12/site-packages/airflow/example_dags/example_setup_teardown.py
[2025-02-02T12:18:43.598+0000] {logging_mixin.py:190} INFO - [2025-02-02T12:18:43.598+0000] {dag.py:3239} INFO - Sync 1 DAGs
[2025-02-02T12:18:43.614+0000] {logging_mixin.py:190} INFO - [2025-02-02T12:18:43.614+0000] {dag.py:4180} INFO - Setting next_dagrun for example_setup_teardown to None, run_after=None
[2025-02-02T12:18:43.636+0000] {processor.py:208} INFO - Processing /home/airflow/.local/lib/python3.12/site-packages/airflow/example_dags/example_setup_teardown.py took 0.078 seconds
[2025-02-02T12:19:15.028+0000] {processor.py:186} INFO - Started process (PID=389) to work on /home/airflow/.local/lib/python3.12/site-packages/airflow/example_dags/example_setup_teardown.py
[2025-02-02T12:19:15.030+0000] {processor.py:914} INFO - Processing file /home/airflow/.local/lib/python3.12/site-packages/airflow/example_dags/example_setup_teardown.py for tasks to queue
[2025-02-02T12:19:15.032+0000] {logging_mixin.py:190} INFO - [2025-02-02T12:19:15.032+0000] {dagbag.py:588} INFO - Filling up the DagBag from /home/airflow/.local/lib/python3.12/site-packages/airflow/example_dags/example_setup_teardown.py
[2025-02-02T12:19:15.040+0000] {processor.py:925} INFO - DAG(s) 'example_setup_teardown' retrieved from /home/airflow/.local/lib/python3.12/site-packages/airflow/example_dags/example_setup_teardown.py
[2025-02-02T12:19:15.061+0000] {logging_mixin.py:190} INFO - [2025-02-02T12:19:15.061+0000] {dag.py:3239} INFO - Sync 1 DAGs
[2025-02-02T12:19:15.078+0000] {logging_mixin.py:190} INFO - [2025-02-02T12:19:15.077+0000] {dag.py:4180} INFO - Setting next_dagrun for example_setup_teardown to None, run_after=None
[2025-02-02T12:19:15.099+0000] {processor.py:208} INFO - Processing /home/airflow/.local/lib/python3.12/site-packages/airflow/example_dags/example_setup_teardown.py took 0.077 seconds
[2025-02-02T12:19:47.159+0000] {processor.py:186} INFO - Started process (PID=452) to work on /home/airflow/.local/lib/python3.12/site-packages/airflow/example_dags/example_setup_teardown.py
[2025-02-02T12:19:47.161+0000] {processor.py:914} INFO - Processing file /home/airflow/.local/lib/python3.12/site-packages/airflow/example_dags/example_setup_teardown.py for tasks to queue
[2025-02-02T12:19:47.164+0000] {logging_mixin.py:190} INFO - [2025-02-02T12:19:47.163+0000] {dagbag.py:588} INFO - Filling up the DagBag from /home/airflow/.local/lib/python3.12/site-packages/airflow/example_dags/example_setup_teardown.py
[2025-02-02T12:19:47.173+0000] {processor.py:925} INFO - DAG(s) 'example_setup_teardown' retrieved from /home/airflow/.local/lib/python3.12/site-packages/airflow/example_dags/example_setup_teardown.py
[2025-02-02T12:19:47.198+0000] {logging_mixin.py:190} INFO - [2025-02-02T12:19:47.198+0000] {dag.py:3239} INFO - Sync 1 DAGs
[2025-02-02T12:19:47.214+0000] {logging_mixin.py:190} INFO - [2025-02-02T12:19:47.213+0000] {dag.py:4180} INFO - Setting next_dagrun for example_setup_teardown to None, run_after=None
[2025-02-02T12:19:47.246+0000] {processor.py:208} INFO - Processing /home/airflow/.local/lib/python3.12/site-packages/airflow/example_dags/example_setup_teardown.py took 0.093 seconds
[2025-02-02T12:20:19.194+0000] {processor.py:186} INFO - Started process (PID=515) to work on /home/airflow/.local/lib/python3.12/site-packages/airflow/example_dags/example_setup_teardown.py
[2025-02-02T12:20:19.196+0000] {processor.py:914} INFO - Processing file /home/airflow/.local/lib/python3.12/site-packages/airflow/example_dags/example_setup_teardown.py for tasks to queue
[2025-02-02T12:20:19.200+0000] {logging_mixin.py:190} INFO - [2025-02-02T12:20:19.199+0000] {dagbag.py:588} INFO - Filling up the DagBag from /home/airflow/.local/lib/python3.12/site-packages/airflow/example_dags/example_setup_teardown.py
[2025-02-02T12:20:19.211+0000] {processor.py:925} INFO - DAG(s) 'example_setup_teardown' retrieved from /home/airflow/.local/lib/python3.12/site-packages/airflow/example_dags/example_setup_teardown.py
[2025-02-02T12:20:19.241+0000] {logging_mixin.py:190} INFO - [2025-02-02T12:20:19.241+0000] {dag.py:3239} INFO - Sync 1 DAGs
[2025-02-02T12:20:19.261+0000] {logging_mixin.py:190} INFO - [2025-02-02T12:20:19.261+0000] {dag.py:4180} INFO - Setting next_dagrun for example_setup_teardown to None, run_after=None
[2025-02-02T12:20:19.293+0000] {processor.py:208} INFO - Processing /home/airflow/.local/lib/python3.12/site-packages/airflow/example_dags/example_setup_teardown.py took 0.106 seconds
[2025-02-02T16:18:52.536+0000] {processor.py:186} INFO - Started process (PID=68) to work on /home/airflow/.local/lib/python3.12/site-packages/airflow/example_dags/example_setup_teardown.py
[2025-02-02T16:18:52.537+0000] {processor.py:914} INFO - Processing file /home/airflow/.local/lib/python3.12/site-packages/airflow/example_dags/example_setup_teardown.py for tasks to queue
[2025-02-02T16:18:52.540+0000] {logging_mixin.py:190} INFO - [2025-02-02T16:18:52.540+0000] {dagbag.py:588} INFO - Filling up the DagBag from /home/airflow/.local/lib/python3.12/site-packages/airflow/example_dags/example_setup_teardown.py
[2025-02-02T16:18:52.549+0000] {processor.py:925} INFO - DAG(s) 'example_setup_teardown' retrieved from /home/airflow/.local/lib/python3.12/site-packages/airflow/example_dags/example_setup_teardown.py
[2025-02-02T16:18:52.573+0000] {logging_mixin.py:190} INFO - [2025-02-02T16:18:52.572+0000] {dag.py:3239} INFO - Sync 1 DAGs
[2025-02-02T16:18:52.587+0000] {logging_mixin.py:190} INFO - [2025-02-02T16:18:52.587+0000] {dag.py:4180} INFO - Setting next_dagrun for example_setup_teardown to None, run_after=None
[2025-02-02T16:18:52.609+0000] {processor.py:208} INFO - Processing /home/airflow/.local/lib/python3.12/site-packages/airflow/example_dags/example_setup_teardown.py took 0.079 seconds
[2025-02-02T16:19:23.806+0000] {processor.py:186} INFO - Started process (PID=131) to work on /home/airflow/.local/lib/python3.12/site-packages/airflow/example_dags/example_setup_teardown.py
[2025-02-02T16:19:23.808+0000] {processor.py:914} INFO - Processing file /home/airflow/.local/lib/python3.12/site-packages/airflow/example_dags/example_setup_teardown.py for tasks to queue
[2025-02-02T16:19:23.810+0000] {logging_mixin.py:190} INFO - [2025-02-02T16:19:23.810+0000] {dagbag.py:588} INFO - Filling up the DagBag from /home/airflow/.local/lib/python3.12/site-packages/airflow/example_dags/example_setup_teardown.py
[2025-02-02T16:19:23.818+0000] {processor.py:925} INFO - DAG(s) 'example_setup_teardown' retrieved from /home/airflow/.local/lib/python3.12/site-packages/airflow/example_dags/example_setup_teardown.py
[2025-02-02T16:19:23.839+0000] {logging_mixin.py:190} INFO - [2025-02-02T16:19:23.839+0000] {dag.py:3239} INFO - Sync 1 DAGs
[2025-02-02T16:19:23.854+0000] {logging_mixin.py:190} INFO - [2025-02-02T16:19:23.854+0000] {dag.py:4180} INFO - Setting next_dagrun for example_setup_teardown to None, run_after=None
[2025-02-02T16:19:23.875+0000] {processor.py:208} INFO - Processing /home/airflow/.local/lib/python3.12/site-packages/airflow/example_dags/example_setup_teardown.py took 0.073 seconds
[2025-02-02T16:19:55.022+0000] {processor.py:186} INFO - Started process (PID=194) to work on /home/airflow/.local/lib/python3.12/site-packages/airflow/example_dags/example_setup_teardown.py
[2025-02-02T16:19:55.023+0000] {processor.py:914} INFO - Processing file /home/airflow/.local/lib/python3.12/site-packages/airflow/example_dags/example_setup_teardown.py for tasks to queue
[2025-02-02T16:19:55.025+0000] {logging_mixin.py:190} INFO - [2025-02-02T16:19:55.025+0000] {dagbag.py:588} INFO - Filling up the DagBag from /home/airflow/.local/lib/python3.12/site-packages/airflow/example_dags/example_setup_teardown.py
[2025-02-02T16:19:55.033+0000] {processor.py:925} INFO - DAG(s) 'example_setup_teardown' retrieved from /home/airflow/.local/lib/python3.12/site-packages/airflow/example_dags/example_setup_teardown.py
[2025-02-02T16:19:55.053+0000] {logging_mixin.py:190} INFO - [2025-02-02T16:19:55.053+0000] {dag.py:3239} INFO - Sync 1 DAGs
[2025-02-02T16:19:55.067+0000] {logging_mixin.py:190} INFO - [2025-02-02T16:19:55.067+0000] {dag.py:4180} INFO - Setting next_dagrun for example_setup_teardown to None, run_after=None
[2025-02-02T16:19:55.089+0000] {processor.py:208} INFO - Processing /home/airflow/.local/lib/python3.12/site-packages/airflow/example_dags/example_setup_teardown.py took 0.073 seconds
[2025-02-02T16:20:25.719+0000] {processor.py:186} INFO - Started process (PID=256) to work on /home/airflow/.local/lib/python3.12/site-packages/airflow/example_dags/example_setup_teardown.py
[2025-02-02T16:20:25.721+0000] {processor.py:914} INFO - Processing file /home/airflow/.local/lib/python3.12/site-packages/airflow/example_dags/example_setup_teardown.py for tasks to queue
[2025-02-02T16:20:25.723+0000] {logging_mixin.py:190} INFO - [2025-02-02T16:20:25.723+0000] {dagbag.py:588} INFO - Filling up the DagBag from /home/airflow/.local/lib/python3.12/site-packages/airflow/example_dags/example_setup_teardown.py
[2025-02-02T16:20:25.730+0000] {processor.py:925} INFO - DAG(s) 'example_setup_teardown' retrieved from /home/airflow/.local/lib/python3.12/site-packages/airflow/example_dags/example_setup_teardown.py
[2025-02-02T16:20:25.749+0000] {logging_mixin.py:190} INFO - [2025-02-02T16:20:25.748+0000] {dag.py:3239} INFO - Sync 1 DAGs
[2025-02-02T16:20:25.761+0000] {logging_mixin.py:190} INFO - [2025-02-02T16:20:25.761+0000] {dag.py:4180} INFO - Setting next_dagrun for example_setup_teardown to None, run_after=None
[2025-02-02T16:20:25.781+0000] {processor.py:208} INFO - Processing /home/airflow/.local/lib/python3.12/site-packages/airflow/example_dags/example_setup_teardown.py took 0.067 seconds
[2025-02-02T16:20:57.187+0000] {processor.py:186} INFO - Started process (PID=326) to work on /home/airflow/.local/lib/python3.12/site-packages/airflow/example_dags/example_setup_teardown.py
[2025-02-02T16:20:57.189+0000] {processor.py:914} INFO - Processing file /home/airflow/.local/lib/python3.12/site-packages/airflow/example_dags/example_setup_teardown.py for tasks to queue
[2025-02-02T16:20:57.191+0000] {logging_mixin.py:190} INFO - [2025-02-02T16:20:57.191+0000] {dagbag.py:588} INFO - Filling up the DagBag from /home/airflow/.local/lib/python3.12/site-packages/airflow/example_dags/example_setup_teardown.py
[2025-02-02T16:20:57.200+0000] {processor.py:925} INFO - DAG(s) 'example_setup_teardown' retrieved from /home/airflow/.local/lib/python3.12/site-packages/airflow/example_dags/example_setup_teardown.py
[2025-02-02T16:20:57.221+0000] {logging_mixin.py:190} INFO - [2025-02-02T16:20:57.220+0000] {dag.py:3239} INFO - Sync 1 DAGs
[2025-02-02T16:20:57.236+0000] {logging_mixin.py:190} INFO - [2025-02-02T16:20:57.235+0000] {dag.py:4180} INFO - Setting next_dagrun for example_setup_teardown to None, run_after=None
[2025-02-02T16:20:57.256+0000] {processor.py:208} INFO - Processing /home/airflow/.local/lib/python3.12/site-packages/airflow/example_dags/example_setup_teardown.py took 0.074 seconds
[2025-02-02T16:21:27.988+0000] {processor.py:186} INFO - Started process (PID=388) to work on /home/airflow/.local/lib/python3.12/site-packages/airflow/example_dags/example_setup_teardown.py
[2025-02-02T16:21:27.989+0000] {processor.py:914} INFO - Processing file /home/airflow/.local/lib/python3.12/site-packages/airflow/example_dags/example_setup_teardown.py for tasks to queue
[2025-02-02T16:21:27.992+0000] {logging_mixin.py:190} INFO - [2025-02-02T16:21:27.991+0000] {dagbag.py:588} INFO - Filling up the DagBag from /home/airflow/.local/lib/python3.12/site-packages/airflow/example_dags/example_setup_teardown.py
[2025-02-02T16:21:27.999+0000] {processor.py:925} INFO - DAG(s) 'example_setup_teardown' retrieved from /home/airflow/.local/lib/python3.12/site-packages/airflow/example_dags/example_setup_teardown.py
[2025-02-02T16:21:28.018+0000] {logging_mixin.py:190} INFO - [2025-02-02T16:21:28.018+0000] {dag.py:3239} INFO - Sync 1 DAGs
[2025-02-02T16:21:28.032+0000] {logging_mixin.py:190} INFO - [2025-02-02T16:21:28.032+0000] {dag.py:4180} INFO - Setting next_dagrun for example_setup_teardown to None, run_after=None
[2025-02-02T16:21:28.053+0000] {processor.py:208} INFO - Processing /home/airflow/.local/lib/python3.12/site-packages/airflow/example_dags/example_setup_teardown.py took 0.070 seconds
[2025-02-02T16:21:58.820+0000] {processor.py:186} INFO - Started process (PID=451) to work on /home/airflow/.local/lib/python3.12/site-packages/airflow/example_dags/example_setup_teardown.py
[2025-02-02T16:21:58.821+0000] {processor.py:914} INFO - Processing file /home/airflow/.local/lib/python3.12/site-packages/airflow/example_dags/example_setup_teardown.py for tasks to queue
[2025-02-02T16:21:58.823+0000] {logging_mixin.py:190} INFO - [2025-02-02T16:21:58.823+0000] {dagbag.py:588} INFO - Filling up the DagBag from /home/airflow/.local/lib/python3.12/site-packages/airflow/example_dags/example_setup_teardown.py
[2025-02-02T16:21:58.832+0000] {processor.py:925} INFO - DAG(s) 'example_setup_teardown' retrieved from /home/airflow/.local/lib/python3.12/site-packages/airflow/example_dags/example_setup_teardown.py
[2025-02-02T16:21:58.855+0000] {logging_mixin.py:190} INFO - [2025-02-02T16:21:58.855+0000] {dag.py:3239} INFO - Sync 1 DAGs
[2025-02-02T16:21:58.869+0000] {logging_mixin.py:190} INFO - [2025-02-02T16:21:58.869+0000] {dag.py:4180} INFO - Setting next_dagrun for example_setup_teardown to None, run_after=None
[2025-02-02T16:21:58.890+0000] {processor.py:208} INFO - Processing /home/airflow/.local/lib/python3.12/site-packages/airflow/example_dags/example_setup_teardown.py took 0.075 seconds
[2025-02-02T16:22:30.070+0000] {processor.py:186} INFO - Started process (PID=514) to work on /home/airflow/.local/lib/python3.12/site-packages/airflow/example_dags/example_setup_teardown.py
[2025-02-02T16:22:30.071+0000] {processor.py:914} INFO - Processing file /home/airflow/.local/lib/python3.12/site-packages/airflow/example_dags/example_setup_teardown.py for tasks to queue
[2025-02-02T16:22:30.074+0000] {logging_mixin.py:190} INFO - [2025-02-02T16:22:30.073+0000] {dagbag.py:588} INFO - Filling up the DagBag from /home/airflow/.local/lib/python3.12/site-packages/airflow/example_dags/example_setup_teardown.py
[2025-02-02T16:22:30.081+0000] {processor.py:925} INFO - DAG(s) 'example_setup_teardown' retrieved from /home/airflow/.local/lib/python3.12/site-packages/airflow/example_dags/example_setup_teardown.py
[2025-02-02T16:22:30.101+0000] {logging_mixin.py:190} INFO - [2025-02-02T16:22:30.101+0000] {dag.py:3239} INFO - Sync 1 DAGs
[2025-02-02T16:22:30.116+0000] {logging_mixin.py:190} INFO - [2025-02-02T16:22:30.116+0000] {dag.py:4180} INFO - Setting next_dagrun for example_setup_teardown to None, run_after=None
[2025-02-02T16:22:30.139+0000] {processor.py:208} INFO - Processing /home/airflow/.local/lib/python3.12/site-packages/airflow/example_dags/example_setup_teardown.py took 0.074 seconds
[2025-02-02T16:23:01.208+0000] {processor.py:186} INFO - Started process (PID=577) to work on /home/airflow/.local/lib/python3.12/site-packages/airflow/example_dags/example_setup_teardown.py
[2025-02-02T16:23:01.209+0000] {processor.py:914} INFO - Processing file /home/airflow/.local/lib/python3.12/site-packages/airflow/example_dags/example_setup_teardown.py for tasks to queue
[2025-02-02T16:23:01.212+0000] {logging_mixin.py:190} INFO - [2025-02-02T16:23:01.211+0000] {dagbag.py:588} INFO - Filling up the DagBag from /home/airflow/.local/lib/python3.12/site-packages/airflow/example_dags/example_setup_teardown.py
[2025-02-02T16:23:01.219+0000] {processor.py:925} INFO - DAG(s) 'example_setup_teardown' retrieved from /home/airflow/.local/lib/python3.12/site-packages/airflow/example_dags/example_setup_teardown.py
[2025-02-02T16:23:01.240+0000] {logging_mixin.py:190} INFO - [2025-02-02T16:23:01.240+0000] {dag.py:3239} INFO - Sync 1 DAGs
[2025-02-02T16:23:01.256+0000] {logging_mixin.py:190} INFO - [2025-02-02T16:23:01.255+0000] {dag.py:4180} INFO - Setting next_dagrun for example_setup_teardown to None, run_after=None
[2025-02-02T16:23:01.278+0000] {processor.py:208} INFO - Processing /home/airflow/.local/lib/python3.12/site-packages/airflow/example_dags/example_setup_teardown.py took 0.075 seconds
[2025-02-02T16:23:32.554+0000] {processor.py:186} INFO - Started process (PID=640) to work on /home/airflow/.local/lib/python3.12/site-packages/airflow/example_dags/example_setup_teardown.py
[2025-02-02T16:23:32.555+0000] {processor.py:914} INFO - Processing file /home/airflow/.local/lib/python3.12/site-packages/airflow/example_dags/example_setup_teardown.py for tasks to queue
[2025-02-02T16:23:32.557+0000] {logging_mixin.py:190} INFO - [2025-02-02T16:23:32.557+0000] {dagbag.py:588} INFO - Filling up the DagBag from /home/airflow/.local/lib/python3.12/site-packages/airflow/example_dags/example_setup_teardown.py
[2025-02-02T16:23:32.566+0000] {processor.py:925} INFO - DAG(s) 'example_setup_teardown' retrieved from /home/airflow/.local/lib/python3.12/site-packages/airflow/example_dags/example_setup_teardown.py
[2025-02-02T16:23:32.589+0000] {logging_mixin.py:190} INFO - [2025-02-02T16:23:32.589+0000] {dag.py:3239} INFO - Sync 1 DAGs
[2025-02-02T16:23:32.611+0000] {logging_mixin.py:190} INFO - [2025-02-02T16:23:32.611+0000] {dag.py:4180} INFO - Setting next_dagrun for example_setup_teardown to None, run_after=None
[2025-02-02T16:23:32.640+0000] {processor.py:208} INFO - Processing /home/airflow/.local/lib/python3.12/site-packages/airflow/example_dags/example_setup_teardown.py took 0.092 seconds
[2025-02-02T16:24:03.296+0000] {processor.py:186} INFO - Started process (PID=703) to work on /home/airflow/.local/lib/python3.12/site-packages/airflow/example_dags/example_setup_teardown.py
[2025-02-02T16:24:03.298+0000] {processor.py:914} INFO - Processing file /home/airflow/.local/lib/python3.12/site-packages/airflow/example_dags/example_setup_teardown.py for tasks to queue
[2025-02-02T16:24:03.301+0000] {logging_mixin.py:190} INFO - [2025-02-02T16:24:03.301+0000] {dagbag.py:588} INFO - Filling up the DagBag from /home/airflow/.local/lib/python3.12/site-packages/airflow/example_dags/example_setup_teardown.py
[2025-02-02T16:24:03.311+0000] {processor.py:925} INFO - DAG(s) 'example_setup_teardown' retrieved from /home/airflow/.local/lib/python3.12/site-packages/airflow/example_dags/example_setup_teardown.py
[2025-02-02T16:24:03.335+0000] {logging_mixin.py:190} INFO - [2025-02-02T16:24:03.335+0000] {dag.py:3239} INFO - Sync 1 DAGs
[2025-02-02T16:24:03.352+0000] {logging_mixin.py:190} INFO - [2025-02-02T16:24:03.352+0000] {dag.py:4180} INFO - Setting next_dagrun for example_setup_teardown to None, run_after=None
[2025-02-02T16:24:03.379+0000] {processor.py:208} INFO - Processing /home/airflow/.local/lib/python3.12/site-packages/airflow/example_dags/example_setup_teardown.py took 0.090 seconds
[2025-02-02T16:24:34.974+0000] {processor.py:186} INFO - Started process (PID=766) to work on /home/airflow/.local/lib/python3.12/site-packages/airflow/example_dags/example_setup_teardown.py
[2025-02-02T16:24:34.977+0000] {processor.py:914} INFO - Processing file /home/airflow/.local/lib/python3.12/site-packages/airflow/example_dags/example_setup_teardown.py for tasks to queue
[2025-02-02T16:24:34.980+0000] {logging_mixin.py:190} INFO - [2025-02-02T16:24:34.979+0000] {dagbag.py:588} INFO - Filling up the DagBag from /home/airflow/.local/lib/python3.12/site-packages/airflow/example_dags/example_setup_teardown.py
[2025-02-02T16:24:34.991+0000] {processor.py:925} INFO - DAG(s) 'example_setup_teardown' retrieved from /home/airflow/.local/lib/python3.12/site-packages/airflow/example_dags/example_setup_teardown.py
[2025-02-02T16:24:35.023+0000] {logging_mixin.py:190} INFO - [2025-02-02T16:24:35.023+0000] {dag.py:3239} INFO - Sync 1 DAGs
[2025-02-02T16:24:35.044+0000] {logging_mixin.py:190} INFO - [2025-02-02T16:24:35.044+0000] {dag.py:4180} INFO - Setting next_dagrun for example_setup_teardown to None, run_after=None
[2025-02-02T16:24:35.074+0000] {processor.py:208} INFO - Processing /home/airflow/.local/lib/python3.12/site-packages/airflow/example_dags/example_setup_teardown.py took 0.106 seconds
[2025-02-02T16:25:06.073+0000] {processor.py:186} INFO - Started process (PID=829) to work on /home/airflow/.local/lib/python3.12/site-packages/airflow/example_dags/example_setup_teardown.py
[2025-02-02T16:25:06.075+0000] {processor.py:914} INFO - Processing file /home/airflow/.local/lib/python3.12/site-packages/airflow/example_dags/example_setup_teardown.py for tasks to queue
[2025-02-02T16:25:06.078+0000] {logging_mixin.py:190} INFO - [2025-02-02T16:25:06.078+0000] {dagbag.py:588} INFO - Filling up the DagBag from /home/airflow/.local/lib/python3.12/site-packages/airflow/example_dags/example_setup_teardown.py
[2025-02-02T16:25:06.088+0000] {processor.py:925} INFO - DAG(s) 'example_setup_teardown' retrieved from /home/airflow/.local/lib/python3.12/site-packages/airflow/example_dags/example_setup_teardown.py
[2025-02-02T16:25:06.110+0000] {logging_mixin.py:190} INFO - [2025-02-02T16:25:06.109+0000] {dag.py:3239} INFO - Sync 1 DAGs
[2025-02-02T16:25:06.125+0000] {logging_mixin.py:190} INFO - [2025-02-02T16:25:06.124+0000] {dag.py:4180} INFO - Setting next_dagrun for example_setup_teardown to None, run_after=None
[2025-02-02T16:25:06.148+0000] {processor.py:208} INFO - Processing /home/airflow/.local/lib/python3.12/site-packages/airflow/example_dags/example_setup_teardown.py took 0.080 seconds
[2025-02-02T16:25:37.521+0000] {processor.py:186} INFO - Started process (PID=892) to work on /home/airflow/.local/lib/python3.12/site-packages/airflow/example_dags/example_setup_teardown.py
[2025-02-02T16:25:37.522+0000] {processor.py:914} INFO - Processing file /home/airflow/.local/lib/python3.12/site-packages/airflow/example_dags/example_setup_teardown.py for tasks to queue
[2025-02-02T16:25:37.524+0000] {logging_mixin.py:190} INFO - [2025-02-02T16:25:37.524+0000] {dagbag.py:588} INFO - Filling up the DagBag from /home/airflow/.local/lib/python3.12/site-packages/airflow/example_dags/example_setup_teardown.py
[2025-02-02T16:25:37.533+0000] {processor.py:925} INFO - DAG(s) 'example_setup_teardown' retrieved from /home/airflow/.local/lib/python3.12/site-packages/airflow/example_dags/example_setup_teardown.py
[2025-02-02T16:25:37.556+0000] {logging_mixin.py:190} INFO - [2025-02-02T16:25:37.556+0000] {dag.py:3239} INFO - Sync 1 DAGs
[2025-02-02T16:25:37.570+0000] {logging_mixin.py:190} INFO - [2025-02-02T16:25:37.570+0000] {dag.py:4180} INFO - Setting next_dagrun for example_setup_teardown to None, run_after=None
[2025-02-02T16:25:37.597+0000] {processor.py:208} INFO - Processing /home/airflow/.local/lib/python3.12/site-packages/airflow/example_dags/example_setup_teardown.py took 0.082 seconds
