[2025-02-02T12:16:42.200+0000] {processor.py:186} INFO - Started process (PID=91) to work on /home/airflow/.local/lib/python3.12/site-packages/airflow/example_dags/example_latest_only_with_trigger.py
[2025-02-02T12:16:42.202+0000] {processor.py:914} INFO - Processing file /home/airflow/.local/lib/python3.12/site-packages/airflow/example_dags/example_latest_only_with_trigger.py for tasks to queue
[2025-02-02T12:16:42.205+0000] {logging_mixin.py:190} INFO - [2025-02-02T12:16:42.204+0000] {dagbag.py:588} INFO - Filling up the DagBag from /home/airflow/.local/lib/python3.12/site-packages/airflow/example_dags/example_latest_only_with_trigger.py
[2025-02-02T12:16:42.214+0000] {processor.py:925} INFO - DAG(s) 'latest_only_with_trigger' retrieved from /home/airflow/.local/lib/python3.12/site-packages/airflow/example_dags/example_latest_only_with_trigger.py
[2025-02-02T12:16:42.329+0000] {logging_mixin.py:190} INFO - [2025-02-02T12:16:42.329+0000] {override.py:1911} INFO - Created Permission View: can read on DAG:latest_only_with_trigger
[2025-02-02T12:16:42.344+0000] {logging_mixin.py:190} INFO - [2025-02-02T12:16:42.343+0000] {override.py:1911} INFO - Created Permission View: can edit on DAG:latest_only_with_trigger
[2025-02-02T12:16:42.355+0000] {logging_mixin.py:190} INFO - [2025-02-02T12:16:42.355+0000] {override.py:1911} INFO - Created Permission View: can delete on DAG:latest_only_with_trigger
[2025-02-02T12:16:42.367+0000] {logging_mixin.py:190} INFO - [2025-02-02T12:16:42.366+0000] {override.py:1911} INFO - Created Permission View: can read on DAG Run:latest_only_with_trigger
[2025-02-02T12:16:42.375+0000] {logging_mixin.py:190} INFO - [2025-02-02T12:16:42.375+0000] {override.py:1911} INFO - Created Permission View: menu access on DAG Run:latest_only_with_trigger
[2025-02-02T12:16:42.385+0000] {logging_mixin.py:190} INFO - [2025-02-02T12:16:42.384+0000] {override.py:1911} INFO - Created Permission View: can create on DAG Run:latest_only_with_trigger
[2025-02-02T12:16:42.394+0000] {logging_mixin.py:190} INFO - [2025-02-02T12:16:42.394+0000] {override.py:1911} INFO - Created Permission View: can delete on DAG Run:latest_only_with_trigger
[2025-02-02T12:16:42.395+0000] {logging_mixin.py:190} INFO - [2025-02-02T12:16:42.395+0000] {dag.py:3239} INFO - Sync 1 DAGs
[2025-02-02T12:16:42.409+0000] {logging_mixin.py:190} INFO - [2025-02-02T12:16:42.409+0000] {dag.py:3262} INFO - Creating ORM DAG for latest_only_with_trigger
[2025-02-02T12:16:42.421+0000] {logging_mixin.py:190} INFO - [2025-02-02T12:16:42.421+0000] {dag.py:4180} INFO - Setting next_dagrun for latest_only_with_trigger to 2025-02-02 08:00:00+00:00, run_after=2025-02-02 12:00:00+00:00
[2025-02-02T12:16:42.443+0000] {processor.py:208} INFO - Processing /home/airflow/.local/lib/python3.12/site-packages/airflow/example_dags/example_latest_only_with_trigger.py took 0.249 seconds
[2025-02-02T12:17:12.897+0000] {processor.py:186} INFO - Started process (PID=154) to work on /home/airflow/.local/lib/python3.12/site-packages/airflow/example_dags/example_latest_only_with_trigger.py
[2025-02-02T12:17:12.898+0000] {processor.py:914} INFO - Processing file /home/airflow/.local/lib/python3.12/site-packages/airflow/example_dags/example_latest_only_with_trigger.py for tasks to queue
[2025-02-02T12:17:12.901+0000] {logging_mixin.py:190} INFO - [2025-02-02T12:17:12.901+0000] {dagbag.py:588} INFO - Filling up the DagBag from /home/airflow/.local/lib/python3.12/site-packages/airflow/example_dags/example_latest_only_with_trigger.py
[2025-02-02T12:17:12.908+0000] {processor.py:925} INFO - DAG(s) 'latest_only_with_trigger' retrieved from /home/airflow/.local/lib/python3.12/site-packages/airflow/example_dags/example_latest_only_with_trigger.py
[2025-02-02T12:17:12.929+0000] {logging_mixin.py:190} INFO - [2025-02-02T12:17:12.929+0000] {dag.py:3239} INFO - Sync 1 DAGs
[2025-02-02T12:17:12.954+0000] {logging_mixin.py:190} INFO - [2025-02-02T12:17:12.954+0000] {dag.py:4180} INFO - Setting next_dagrun for latest_only_with_trigger to 2025-02-02 08:00:00+00:00, run_after=2025-02-02 12:00:00+00:00
[2025-02-02T12:17:12.979+0000] {processor.py:208} INFO - Processing /home/airflow/.local/lib/python3.12/site-packages/airflow/example_dags/example_latest_only_with_trigger.py took 0.089 seconds
[2025-02-02T12:17:43.098+0000] {processor.py:186} INFO - Started process (PID=217) to work on /home/airflow/.local/lib/python3.12/site-packages/airflow/example_dags/example_latest_only_with_trigger.py
[2025-02-02T12:17:43.099+0000] {processor.py:914} INFO - Processing file /home/airflow/.local/lib/python3.12/site-packages/airflow/example_dags/example_latest_only_with_trigger.py for tasks to queue
[2025-02-02T12:17:43.102+0000] {logging_mixin.py:190} INFO - [2025-02-02T12:17:43.102+0000] {dagbag.py:588} INFO - Filling up the DagBag from /home/airflow/.local/lib/python3.12/site-packages/airflow/example_dags/example_latest_only_with_trigger.py
[2025-02-02T12:17:43.111+0000] {processor.py:925} INFO - DAG(s) 'latest_only_with_trigger' retrieved from /home/airflow/.local/lib/python3.12/site-packages/airflow/example_dags/example_latest_only_with_trigger.py
[2025-02-02T12:17:43.133+0000] {logging_mixin.py:190} INFO - [2025-02-02T12:17:43.133+0000] {dag.py:3239} INFO - Sync 1 DAGs
[2025-02-02T12:17:43.158+0000] {logging_mixin.py:190} INFO - [2025-02-02T12:17:43.158+0000] {dag.py:4180} INFO - Setting next_dagrun for latest_only_with_trigger to 2025-02-02 08:00:00+00:00, run_after=2025-02-02 12:00:00+00:00
[2025-02-02T12:17:43.182+0000] {processor.py:208} INFO - Processing /home/airflow/.local/lib/python3.12/site-packages/airflow/example_dags/example_latest_only_with_trigger.py took 0.090 seconds
[2025-02-02T12:18:14.201+0000] {processor.py:186} INFO - Started process (PID=280) to work on /home/airflow/.local/lib/python3.12/site-packages/airflow/example_dags/example_latest_only_with_trigger.py
[2025-02-02T12:18:14.203+0000] {processor.py:914} INFO - Processing file /home/airflow/.local/lib/python3.12/site-packages/airflow/example_dags/example_latest_only_with_trigger.py for tasks to queue
[2025-02-02T12:18:14.206+0000] {logging_mixin.py:190} INFO - [2025-02-02T12:18:14.206+0000] {dagbag.py:588} INFO - Filling up the DagBag from /home/airflow/.local/lib/python3.12/site-packages/airflow/example_dags/example_latest_only_with_trigger.py
[2025-02-02T12:18:14.215+0000] {processor.py:925} INFO - DAG(s) 'latest_only_with_trigger' retrieved from /home/airflow/.local/lib/python3.12/site-packages/airflow/example_dags/example_latest_only_with_trigger.py
[2025-02-02T12:18:14.240+0000] {logging_mixin.py:190} INFO - [2025-02-02T12:18:14.240+0000] {dag.py:3239} INFO - Sync 1 DAGs
[2025-02-02T12:18:14.266+0000] {logging_mixin.py:190} INFO - [2025-02-02T12:18:14.265+0000] {dag.py:4180} INFO - Setting next_dagrun for latest_only_with_trigger to 2025-02-02 08:00:00+00:00, run_after=2025-02-02 12:00:00+00:00
[2025-02-02T12:18:14.290+0000] {processor.py:208} INFO - Processing /home/airflow/.local/lib/python3.12/site-packages/airflow/example_dags/example_latest_only_with_trigger.py took 0.096 seconds
[2025-02-02T12:18:45.242+0000] {processor.py:186} INFO - Started process (PID=343) to work on /home/airflow/.local/lib/python3.12/site-packages/airflow/example_dags/example_latest_only_with_trigger.py
[2025-02-02T12:18:45.244+0000] {processor.py:914} INFO - Processing file /home/airflow/.local/lib/python3.12/site-packages/airflow/example_dags/example_latest_only_with_trigger.py for tasks to queue
[2025-02-02T12:18:45.247+0000] {logging_mixin.py:190} INFO - [2025-02-02T12:18:45.246+0000] {dagbag.py:588} INFO - Filling up the DagBag from /home/airflow/.local/lib/python3.12/site-packages/airflow/example_dags/example_latest_only_with_trigger.py
[2025-02-02T12:18:45.254+0000] {processor.py:925} INFO - DAG(s) 'latest_only_with_trigger' retrieved from /home/airflow/.local/lib/python3.12/site-packages/airflow/example_dags/example_latest_only_with_trigger.py
[2025-02-02T12:18:45.277+0000] {logging_mixin.py:190} INFO - [2025-02-02T12:18:45.276+0000] {dag.py:3239} INFO - Sync 1 DAGs
[2025-02-02T12:18:45.302+0000] {logging_mixin.py:190} INFO - [2025-02-02T12:18:45.302+0000] {dag.py:4180} INFO - Setting next_dagrun for latest_only_with_trigger to 2025-02-02 08:00:00+00:00, run_after=2025-02-02 12:00:00+00:00
[2025-02-02T12:18:45.326+0000] {processor.py:208} INFO - Processing /home/airflow/.local/lib/python3.12/site-packages/airflow/example_dags/example_latest_only_with_trigger.py took 0.089 seconds
[2025-02-02T12:19:16.335+0000] {processor.py:186} INFO - Started process (PID=406) to work on /home/airflow/.local/lib/python3.12/site-packages/airflow/example_dags/example_latest_only_with_trigger.py
[2025-02-02T12:19:16.337+0000] {processor.py:914} INFO - Processing file /home/airflow/.local/lib/python3.12/site-packages/airflow/example_dags/example_latest_only_with_trigger.py for tasks to queue
[2025-02-02T12:19:16.340+0000] {logging_mixin.py:190} INFO - [2025-02-02T12:19:16.340+0000] {dagbag.py:588} INFO - Filling up the DagBag from /home/airflow/.local/lib/python3.12/site-packages/airflow/example_dags/example_latest_only_with_trigger.py
[2025-02-02T12:19:16.348+0000] {processor.py:925} INFO - DAG(s) 'latest_only_with_trigger' retrieved from /home/airflow/.local/lib/python3.12/site-packages/airflow/example_dags/example_latest_only_with_trigger.py
[2025-02-02T12:19:16.371+0000] {logging_mixin.py:190} INFO - [2025-02-02T12:19:16.371+0000] {dag.py:3239} INFO - Sync 1 DAGs
[2025-02-02T12:19:16.397+0000] {logging_mixin.py:190} INFO - [2025-02-02T12:19:16.397+0000] {dag.py:4180} INFO - Setting next_dagrun for latest_only_with_trigger to 2025-02-02 08:00:00+00:00, run_after=2025-02-02 12:00:00+00:00
[2025-02-02T12:19:16.420+0000] {processor.py:208} INFO - Processing /home/airflow/.local/lib/python3.12/site-packages/airflow/example_dags/example_latest_only_with_trigger.py took 0.091 seconds
[2025-02-02T12:19:48.492+0000] {processor.py:186} INFO - Started process (PID=469) to work on /home/airflow/.local/lib/python3.12/site-packages/airflow/example_dags/example_latest_only_with_trigger.py
[2025-02-02T12:19:48.493+0000] {processor.py:914} INFO - Processing file /home/airflow/.local/lib/python3.12/site-packages/airflow/example_dags/example_latest_only_with_trigger.py for tasks to queue
[2025-02-02T12:19:48.497+0000] {logging_mixin.py:190} INFO - [2025-02-02T12:19:48.497+0000] {dagbag.py:588} INFO - Filling up the DagBag from /home/airflow/.local/lib/python3.12/site-packages/airflow/example_dags/example_latest_only_with_trigger.py
[2025-02-02T12:19:48.505+0000] {processor.py:925} INFO - DAG(s) 'latest_only_with_trigger' retrieved from /home/airflow/.local/lib/python3.12/site-packages/airflow/example_dags/example_latest_only_with_trigger.py
[2025-02-02T12:19:48.528+0000] {logging_mixin.py:190} INFO - [2025-02-02T12:19:48.527+0000] {dag.py:3239} INFO - Sync 1 DAGs
[2025-02-02T12:19:48.554+0000] {logging_mixin.py:190} INFO - [2025-02-02T12:19:48.554+0000] {dag.py:4180} INFO - Setting next_dagrun for latest_only_with_trigger to 2025-02-02 08:00:00+00:00, run_after=2025-02-02 12:00:00+00:00
[2025-02-02T12:19:48.576+0000] {processor.py:208} INFO - Processing /home/airflow/.local/lib/python3.12/site-packages/airflow/example_dags/example_latest_only_with_trigger.py took 0.090 seconds
[2025-02-02T12:20:21.000+0000] {processor.py:186} INFO - Started process (PID=532) to work on /home/airflow/.local/lib/python3.12/site-packages/airflow/example_dags/example_latest_only_with_trigger.py
[2025-02-02T12:20:21.002+0000] {processor.py:914} INFO - Processing file /home/airflow/.local/lib/python3.12/site-packages/airflow/example_dags/example_latest_only_with_trigger.py for tasks to queue
[2025-02-02T12:20:21.007+0000] {logging_mixin.py:190} INFO - [2025-02-02T12:20:21.006+0000] {dagbag.py:588} INFO - Filling up the DagBag from /home/airflow/.local/lib/python3.12/site-packages/airflow/example_dags/example_latest_only_with_trigger.py
[2025-02-02T12:20:21.018+0000] {processor.py:925} INFO - DAG(s) 'latest_only_with_trigger' retrieved from /home/airflow/.local/lib/python3.12/site-packages/airflow/example_dags/example_latest_only_with_trigger.py
[2025-02-02T12:20:21.058+0000] {logging_mixin.py:190} INFO - [2025-02-02T12:20:21.058+0000] {dag.py:3239} INFO - Sync 1 DAGs
[2025-02-02T12:20:21.110+0000] {logging_mixin.py:190} INFO - [2025-02-02T12:20:21.109+0000] {dag.py:4180} INFO - Setting next_dagrun for latest_only_with_trigger to 2025-02-02 08:00:00+00:00, run_after=2025-02-02 12:00:00+00:00
[2025-02-02T12:20:21.147+0000] {processor.py:208} INFO - Processing /home/airflow/.local/lib/python3.12/site-packages/airflow/example_dags/example_latest_only_with_trigger.py took 0.155 seconds
[2025-02-02T16:18:53.826+0000] {processor.py:186} INFO - Started process (PID=85) to work on /home/airflow/.local/lib/python3.12/site-packages/airflow/example_dags/example_latest_only_with_trigger.py
[2025-02-02T16:18:53.828+0000] {processor.py:914} INFO - Processing file /home/airflow/.local/lib/python3.12/site-packages/airflow/example_dags/example_latest_only_with_trigger.py for tasks to queue
[2025-02-02T16:18:53.831+0000] {logging_mixin.py:190} INFO - [2025-02-02T16:18:53.830+0000] {dagbag.py:588} INFO - Filling up the DagBag from /home/airflow/.local/lib/python3.12/site-packages/airflow/example_dags/example_latest_only_with_trigger.py
[2025-02-02T16:18:53.837+0000] {processor.py:925} INFO - DAG(s) 'latest_only_with_trigger' retrieved from /home/airflow/.local/lib/python3.12/site-packages/airflow/example_dags/example_latest_only_with_trigger.py
[2025-02-02T16:18:53.859+0000] {logging_mixin.py:190} INFO - [2025-02-02T16:18:53.859+0000] {dag.py:3239} INFO - Sync 1 DAGs
[2025-02-02T16:18:53.883+0000] {logging_mixin.py:190} INFO - [2025-02-02T16:18:53.883+0000] {dag.py:4180} INFO - Setting next_dagrun for latest_only_with_trigger to 2025-02-02 12:00:00+00:00, run_after=2025-02-02 16:00:00+00:00
[2025-02-02T16:18:53.904+0000] {processor.py:208} INFO - Processing /home/airflow/.local/lib/python3.12/site-packages/airflow/example_dags/example_latest_only_with_trigger.py took 0.083 seconds
[2025-02-02T16:19:24.896+0000] {processor.py:186} INFO - Started process (PID=148) to work on /home/airflow/.local/lib/python3.12/site-packages/airflow/example_dags/example_latest_only_with_trigger.py
[2025-02-02T16:19:24.898+0000] {processor.py:914} INFO - Processing file /home/airflow/.local/lib/python3.12/site-packages/airflow/example_dags/example_latest_only_with_trigger.py for tasks to queue
[2025-02-02T16:19:24.900+0000] {logging_mixin.py:190} INFO - [2025-02-02T16:19:24.900+0000] {dagbag.py:588} INFO - Filling up the DagBag from /home/airflow/.local/lib/python3.12/site-packages/airflow/example_dags/example_latest_only_with_trigger.py
[2025-02-02T16:19:24.907+0000] {processor.py:925} INFO - DAG(s) 'latest_only_with_trigger' retrieved from /home/airflow/.local/lib/python3.12/site-packages/airflow/example_dags/example_latest_only_with_trigger.py
[2025-02-02T16:19:24.928+0000] {logging_mixin.py:190} INFO - [2025-02-02T16:19:24.928+0000] {dag.py:3239} INFO - Sync 1 DAGs
[2025-02-02T16:19:24.952+0000] {logging_mixin.py:190} INFO - [2025-02-02T16:19:24.951+0000] {dag.py:4180} INFO - Setting next_dagrun for latest_only_with_trigger to 2025-02-02 12:00:00+00:00, run_after=2025-02-02 16:00:00+00:00
[2025-02-02T16:19:24.974+0000] {processor.py:208} INFO - Processing /home/airflow/.local/lib/python3.12/site-packages/airflow/example_dags/example_latest_only_with_trigger.py took 0.084 seconds
[2025-02-02T16:19:56.391+0000] {processor.py:186} INFO - Started process (PID=217) to work on /home/airflow/.local/lib/python3.12/site-packages/airflow/example_dags/example_latest_only_with_trigger.py
[2025-02-02T16:19:56.392+0000] {processor.py:914} INFO - Processing file /home/airflow/.local/lib/python3.12/site-packages/airflow/example_dags/example_latest_only_with_trigger.py for tasks to queue
[2025-02-02T16:19:56.395+0000] {logging_mixin.py:190} INFO - [2025-02-02T16:19:56.394+0000] {dagbag.py:588} INFO - Filling up the DagBag from /home/airflow/.local/lib/python3.12/site-packages/airflow/example_dags/example_latest_only_with_trigger.py
[2025-02-02T16:19:56.403+0000] {processor.py:925} INFO - DAG(s) 'latest_only_with_trigger' retrieved from /home/airflow/.local/lib/python3.12/site-packages/airflow/example_dags/example_latest_only_with_trigger.py
[2025-02-02T16:19:56.425+0000] {logging_mixin.py:190} INFO - [2025-02-02T16:19:56.424+0000] {dag.py:3239} INFO - Sync 1 DAGs
[2025-02-02T16:19:56.450+0000] {logging_mixin.py:190} INFO - [2025-02-02T16:19:56.450+0000] {dag.py:4180} INFO - Setting next_dagrun for latest_only_with_trigger to 2025-02-02 12:00:00+00:00, run_after=2025-02-02 16:00:00+00:00
[2025-02-02T16:19:56.472+0000] {processor.py:208} INFO - Processing /home/airflow/.local/lib/python3.12/site-packages/airflow/example_dags/example_latest_only_with_trigger.py took 0.087 seconds
[2025-02-02T16:20:27.708+0000] {processor.py:186} INFO - Started process (PID=280) to work on /home/airflow/.local/lib/python3.12/site-packages/airflow/example_dags/example_latest_only_with_trigger.py
[2025-02-02T16:20:27.709+0000] {processor.py:914} INFO - Processing file /home/airflow/.local/lib/python3.12/site-packages/airflow/example_dags/example_latest_only_with_trigger.py for tasks to queue
[2025-02-02T16:20:27.711+0000] {logging_mixin.py:190} INFO - [2025-02-02T16:20:27.711+0000] {dagbag.py:588} INFO - Filling up the DagBag from /home/airflow/.local/lib/python3.12/site-packages/airflow/example_dags/example_latest_only_with_trigger.py
[2025-02-02T16:20:27.718+0000] {processor.py:925} INFO - DAG(s) 'latest_only_with_trigger' retrieved from /home/airflow/.local/lib/python3.12/site-packages/airflow/example_dags/example_latest_only_with_trigger.py
[2025-02-02T16:20:27.739+0000] {logging_mixin.py:190} INFO - [2025-02-02T16:20:27.738+0000] {dag.py:3239} INFO - Sync 1 DAGs
[2025-02-02T16:20:27.760+0000] {logging_mixin.py:190} INFO - [2025-02-02T16:20:27.760+0000] {dag.py:4180} INFO - Setting next_dagrun for latest_only_with_trigger to 2025-02-02 12:00:00+00:00, run_after=2025-02-02 16:00:00+00:00
[2025-02-02T16:20:27.780+0000] {processor.py:208} INFO - Processing /home/airflow/.local/lib/python3.12/site-packages/airflow/example_dags/example_latest_only_with_trigger.py took 0.077 seconds
[2025-02-02T16:20:58.574+0000] {processor.py:186} INFO - Started process (PID=343) to work on /home/airflow/.local/lib/python3.12/site-packages/airflow/example_dags/example_latest_only_with_trigger.py
[2025-02-02T16:20:58.576+0000] {processor.py:914} INFO - Processing file /home/airflow/.local/lib/python3.12/site-packages/airflow/example_dags/example_latest_only_with_trigger.py for tasks to queue
[2025-02-02T16:20:58.579+0000] {logging_mixin.py:190} INFO - [2025-02-02T16:20:58.578+0000] {dagbag.py:588} INFO - Filling up the DagBag from /home/airflow/.local/lib/python3.12/site-packages/airflow/example_dags/example_latest_only_with_trigger.py
[2025-02-02T16:20:58.586+0000] {processor.py:925} INFO - DAG(s) 'latest_only_with_trigger' retrieved from /home/airflow/.local/lib/python3.12/site-packages/airflow/example_dags/example_latest_only_with_trigger.py
[2025-02-02T16:20:58.609+0000] {logging_mixin.py:190} INFO - [2025-02-02T16:20:58.608+0000] {dag.py:3239} INFO - Sync 1 DAGs
[2025-02-02T16:20:58.636+0000] {logging_mixin.py:190} INFO - [2025-02-02T16:20:58.635+0000] {dag.py:4180} INFO - Setting next_dagrun for latest_only_with_trigger to 2025-02-02 12:00:00+00:00, run_after=2025-02-02 16:00:00+00:00
[2025-02-02T16:20:58.658+0000] {processor.py:208} INFO - Processing /home/airflow/.local/lib/python3.12/site-packages/airflow/example_dags/example_latest_only_with_trigger.py took 0.089 seconds
[2025-02-02T16:21:29.737+0000] {processor.py:186} INFO - Started process (PID=406) to work on /home/airflow/.local/lib/python3.12/site-packages/airflow/example_dags/example_latest_only_with_trigger.py
[2025-02-02T16:21:29.738+0000] {processor.py:914} INFO - Processing file /home/airflow/.local/lib/python3.12/site-packages/airflow/example_dags/example_latest_only_with_trigger.py for tasks to queue
[2025-02-02T16:21:29.741+0000] {logging_mixin.py:190} INFO - [2025-02-02T16:21:29.740+0000] {dagbag.py:588} INFO - Filling up the DagBag from /home/airflow/.local/lib/python3.12/site-packages/airflow/example_dags/example_latest_only_with_trigger.py
[2025-02-02T16:21:29.748+0000] {processor.py:925} INFO - DAG(s) 'latest_only_with_trigger' retrieved from /home/airflow/.local/lib/python3.12/site-packages/airflow/example_dags/example_latest_only_with_trigger.py
[2025-02-02T16:21:29.769+0000] {logging_mixin.py:190} INFO - [2025-02-02T16:21:29.769+0000] {dag.py:3239} INFO - Sync 1 DAGs
[2025-02-02T16:21:29.791+0000] {logging_mixin.py:190} INFO - [2025-02-02T16:21:29.791+0000] {dag.py:4180} INFO - Setting next_dagrun for latest_only_with_trigger to 2025-02-02 12:00:00+00:00, run_after=2025-02-02 16:00:00+00:00
[2025-02-02T16:21:29.811+0000] {processor.py:208} INFO - Processing /home/airflow/.local/lib/python3.12/site-packages/airflow/example_dags/example_latest_only_with_trigger.py took 0.079 seconds
[2025-02-02T16:22:00.210+0000] {processor.py:186} INFO - Started process (PID=469) to work on /home/airflow/.local/lib/python3.12/site-packages/airflow/example_dags/example_latest_only_with_trigger.py
[2025-02-02T16:22:00.211+0000] {processor.py:914} INFO - Processing file /home/airflow/.local/lib/python3.12/site-packages/airflow/example_dags/example_latest_only_with_trigger.py for tasks to queue
[2025-02-02T16:22:00.214+0000] {logging_mixin.py:190} INFO - [2025-02-02T16:22:00.214+0000] {dagbag.py:588} INFO - Filling up the DagBag from /home/airflow/.local/lib/python3.12/site-packages/airflow/example_dags/example_latest_only_with_trigger.py
[2025-02-02T16:22:00.222+0000] {processor.py:925} INFO - DAG(s) 'latest_only_with_trigger' retrieved from /home/airflow/.local/lib/python3.12/site-packages/airflow/example_dags/example_latest_only_with_trigger.py
[2025-02-02T16:22:00.248+0000] {logging_mixin.py:190} INFO - [2025-02-02T16:22:00.248+0000] {dag.py:3239} INFO - Sync 1 DAGs
[2025-02-02T16:22:00.275+0000] {logging_mixin.py:190} INFO - [2025-02-02T16:22:00.274+0000] {dag.py:4180} INFO - Setting next_dagrun for latest_only_with_trigger to 2025-02-02 12:00:00+00:00, run_after=2025-02-02 16:00:00+00:00
[2025-02-02T16:22:00.295+0000] {processor.py:208} INFO - Processing /home/airflow/.local/lib/python3.12/site-packages/airflow/example_dags/example_latest_only_with_trigger.py took 0.090 seconds
[2025-02-02T16:22:31.739+0000] {processor.py:186} INFO - Started process (PID=532) to work on /home/airflow/.local/lib/python3.12/site-packages/airflow/example_dags/example_latest_only_with_trigger.py
[2025-02-02T16:22:31.741+0000] {processor.py:914} INFO - Processing file /home/airflow/.local/lib/python3.12/site-packages/airflow/example_dags/example_latest_only_with_trigger.py for tasks to queue
[2025-02-02T16:22:31.744+0000] {logging_mixin.py:190} INFO - [2025-02-02T16:22:31.744+0000] {dagbag.py:588} INFO - Filling up the DagBag from /home/airflow/.local/lib/python3.12/site-packages/airflow/example_dags/example_latest_only_with_trigger.py
[2025-02-02T16:22:31.751+0000] {processor.py:925} INFO - DAG(s) 'latest_only_with_trigger' retrieved from /home/airflow/.local/lib/python3.12/site-packages/airflow/example_dags/example_latest_only_with_trigger.py
[2025-02-02T16:22:31.774+0000] {logging_mixin.py:190} INFO - [2025-02-02T16:22:31.774+0000] {dag.py:3239} INFO - Sync 1 DAGs
[2025-02-02T16:22:31.797+0000] {logging_mixin.py:190} INFO - [2025-02-02T16:22:31.796+0000] {dag.py:4180} INFO - Setting next_dagrun for latest_only_with_trigger to 2025-02-02 12:00:00+00:00, run_after=2025-02-02 16:00:00+00:00
[2025-02-02T16:22:31.820+0000] {processor.py:208} INFO - Processing /home/airflow/.local/lib/python3.12/site-packages/airflow/example_dags/example_latest_only_with_trigger.py took 0.086 seconds
[2025-02-02T16:23:02.636+0000] {processor.py:186} INFO - Started process (PID=595) to work on /home/airflow/.local/lib/python3.12/site-packages/airflow/example_dags/example_latest_only_with_trigger.py
[2025-02-02T16:23:02.637+0000] {processor.py:914} INFO - Processing file /home/airflow/.local/lib/python3.12/site-packages/airflow/example_dags/example_latest_only_with_trigger.py for tasks to queue
[2025-02-02T16:23:02.640+0000] {logging_mixin.py:190} INFO - [2025-02-02T16:23:02.640+0000] {dagbag.py:588} INFO - Filling up the DagBag from /home/airflow/.local/lib/python3.12/site-packages/airflow/example_dags/example_latest_only_with_trigger.py
[2025-02-02T16:23:02.647+0000] {processor.py:925} INFO - DAG(s) 'latest_only_with_trigger' retrieved from /home/airflow/.local/lib/python3.12/site-packages/airflow/example_dags/example_latest_only_with_trigger.py
[2025-02-02T16:23:02.675+0000] {logging_mixin.py:190} INFO - [2025-02-02T16:23:02.675+0000] {dag.py:3239} INFO - Sync 1 DAGs
[2025-02-02T16:23:02.721+0000] {logging_mixin.py:190} INFO - [2025-02-02T16:23:02.721+0000] {dag.py:4180} INFO - Setting next_dagrun for latest_only_with_trigger to 2025-02-02 12:00:00+00:00, run_after=2025-02-02 16:00:00+00:00
[2025-02-02T16:23:02.755+0000] {processor.py:208} INFO - Processing /home/airflow/.local/lib/python3.12/site-packages/airflow/example_dags/example_latest_only_with_trigger.py took 0.124 seconds
[2025-02-02T16:23:34.045+0000] {processor.py:186} INFO - Started process (PID=657) to work on /home/airflow/.local/lib/python3.12/site-packages/airflow/example_dags/example_latest_only_with_trigger.py
[2025-02-02T16:23:34.046+0000] {processor.py:914} INFO - Processing file /home/airflow/.local/lib/python3.12/site-packages/airflow/example_dags/example_latest_only_with_trigger.py for tasks to queue
[2025-02-02T16:23:34.049+0000] {logging_mixin.py:190} INFO - [2025-02-02T16:23:34.049+0000] {dagbag.py:588} INFO - Filling up the DagBag from /home/airflow/.local/lib/python3.12/site-packages/airflow/example_dags/example_latest_only_with_trigger.py
[2025-02-02T16:23:34.057+0000] {processor.py:925} INFO - DAG(s) 'latest_only_with_trigger' retrieved from /home/airflow/.local/lib/python3.12/site-packages/airflow/example_dags/example_latest_only_with_trigger.py
[2025-02-02T16:23:34.083+0000] {logging_mixin.py:190} INFO - [2025-02-02T16:23:34.083+0000] {dag.py:3239} INFO - Sync 1 DAGs
[2025-02-02T16:23:34.116+0000] {logging_mixin.py:190} INFO - [2025-02-02T16:23:34.116+0000] {dag.py:4180} INFO - Setting next_dagrun for latest_only_with_trigger to 2025-02-02 12:00:00+00:00, run_after=2025-02-02 16:00:00+00:00
[2025-02-02T16:23:34.142+0000] {processor.py:208} INFO - Processing /home/airflow/.local/lib/python3.12/site-packages/airflow/example_dags/example_latest_only_with_trigger.py took 0.103 seconds
[2025-02-02T16:24:04.436+0000] {processor.py:186} INFO - Started process (PID=720) to work on /home/airflow/.local/lib/python3.12/site-packages/airflow/example_dags/example_latest_only_with_trigger.py
[2025-02-02T16:24:04.438+0000] {processor.py:914} INFO - Processing file /home/airflow/.local/lib/python3.12/site-packages/airflow/example_dags/example_latest_only_with_trigger.py for tasks to queue
[2025-02-02T16:24:04.441+0000] {logging_mixin.py:190} INFO - [2025-02-02T16:24:04.440+0000] {dagbag.py:588} INFO - Filling up the DagBag from /home/airflow/.local/lib/python3.12/site-packages/airflow/example_dags/example_latest_only_with_trigger.py
[2025-02-02T16:24:04.449+0000] {processor.py:925} INFO - DAG(s) 'latest_only_with_trigger' retrieved from /home/airflow/.local/lib/python3.12/site-packages/airflow/example_dags/example_latest_only_with_trigger.py
[2025-02-02T16:24:04.470+0000] {logging_mixin.py:190} INFO - [2025-02-02T16:24:04.470+0000] {dag.py:3239} INFO - Sync 1 DAGs
[2025-02-02T16:24:04.494+0000] {logging_mixin.py:190} INFO - [2025-02-02T16:24:04.494+0000] {dag.py:4180} INFO - Setting next_dagrun for latest_only_with_trigger to 2025-02-02 12:00:00+00:00, run_after=2025-02-02 16:00:00+00:00
[2025-02-02T16:24:04.515+0000] {processor.py:208} INFO - Processing /home/airflow/.local/lib/python3.12/site-packages/airflow/example_dags/example_latest_only_with_trigger.py took 0.084 seconds
[2025-02-02T16:24:36.577+0000] {processor.py:186} INFO - Started process (PID=783) to work on /home/airflow/.local/lib/python3.12/site-packages/airflow/example_dags/example_latest_only_with_trigger.py
[2025-02-02T16:24:36.578+0000] {processor.py:914} INFO - Processing file /home/airflow/.local/lib/python3.12/site-packages/airflow/example_dags/example_latest_only_with_trigger.py for tasks to queue
[2025-02-02T16:24:36.581+0000] {logging_mixin.py:190} INFO - [2025-02-02T16:24:36.580+0000] {dagbag.py:588} INFO - Filling up the DagBag from /home/airflow/.local/lib/python3.12/site-packages/airflow/example_dags/example_latest_only_with_trigger.py
[2025-02-02T16:24:36.589+0000] {processor.py:925} INFO - DAG(s) 'latest_only_with_trigger' retrieved from /home/airflow/.local/lib/python3.12/site-packages/airflow/example_dags/example_latest_only_with_trigger.py
[2025-02-02T16:24:36.623+0000] {logging_mixin.py:190} INFO - [2025-02-02T16:24:36.623+0000] {dag.py:3239} INFO - Sync 1 DAGs
[2025-02-02T16:24:36.652+0000] {logging_mixin.py:190} INFO - [2025-02-02T16:24:36.651+0000] {dag.py:4180} INFO - Setting next_dagrun for latest_only_with_trigger to 2025-02-02 12:00:00+00:00, run_after=2025-02-02 16:00:00+00:00
[2025-02-02T16:24:36.682+0000] {processor.py:208} INFO - Processing /home/airflow/.local/lib/python3.12/site-packages/airflow/example_dags/example_latest_only_with_trigger.py took 0.112 seconds
[2025-02-02T16:25:07.177+0000] {processor.py:186} INFO - Started process (PID=846) to work on /home/airflow/.local/lib/python3.12/site-packages/airflow/example_dags/example_latest_only_with_trigger.py
[2025-02-02T16:25:07.178+0000] {processor.py:914} INFO - Processing file /home/airflow/.local/lib/python3.12/site-packages/airflow/example_dags/example_latest_only_with_trigger.py for tasks to queue
[2025-02-02T16:25:07.181+0000] {logging_mixin.py:190} INFO - [2025-02-02T16:25:07.180+0000] {dagbag.py:588} INFO - Filling up the DagBag from /home/airflow/.local/lib/python3.12/site-packages/airflow/example_dags/example_latest_only_with_trigger.py
[2025-02-02T16:25:07.188+0000] {processor.py:925} INFO - DAG(s) 'latest_only_with_trigger' retrieved from /home/airflow/.local/lib/python3.12/site-packages/airflow/example_dags/example_latest_only_with_trigger.py
[2025-02-02T16:25:07.211+0000] {logging_mixin.py:190} INFO - [2025-02-02T16:25:07.211+0000] {dag.py:3239} INFO - Sync 1 DAGs
[2025-02-02T16:25:07.239+0000] {logging_mixin.py:190} INFO - [2025-02-02T16:25:07.238+0000] {dag.py:4180} INFO - Setting next_dagrun for latest_only_with_trigger to 2025-02-02 12:00:00+00:00, run_after=2025-02-02 16:00:00+00:00
[2025-02-02T16:25:07.262+0000] {processor.py:208} INFO - Processing /home/airflow/.local/lib/python3.12/site-packages/airflow/example_dags/example_latest_only_with_trigger.py took 0.091 seconds
[2025-02-02T16:25:38.758+0000] {processor.py:186} INFO - Started process (PID=909) to work on /home/airflow/.local/lib/python3.12/site-packages/airflow/example_dags/example_latest_only_with_trigger.py
[2025-02-02T16:25:38.760+0000] {processor.py:914} INFO - Processing file /home/airflow/.local/lib/python3.12/site-packages/airflow/example_dags/example_latest_only_with_trigger.py for tasks to queue
[2025-02-02T16:25:38.763+0000] {logging_mixin.py:190} INFO - [2025-02-02T16:25:38.763+0000] {dagbag.py:588} INFO - Filling up the DagBag from /home/airflow/.local/lib/python3.12/site-packages/airflow/example_dags/example_latest_only_with_trigger.py
[2025-02-02T16:25:38.771+0000] {processor.py:925} INFO - DAG(s) 'latest_only_with_trigger' retrieved from /home/airflow/.local/lib/python3.12/site-packages/airflow/example_dags/example_latest_only_with_trigger.py
[2025-02-02T16:25:38.793+0000] {logging_mixin.py:190} INFO - [2025-02-02T16:25:38.793+0000] {dag.py:3239} INFO - Sync 1 DAGs
[2025-02-02T16:25:38.822+0000] {logging_mixin.py:190} INFO - [2025-02-02T16:25:38.822+0000] {dag.py:4180} INFO - Setting next_dagrun for latest_only_with_trigger to 2025-02-02 12:00:00+00:00, run_after=2025-02-02 16:00:00+00:00
[2025-02-02T16:25:38.847+0000] {processor.py:208} INFO - Processing /home/airflow/.local/lib/python3.12/site-packages/airflow/example_dags/example_latest_only_with_trigger.py took 0.094 seconds
