[2025-02-02T12:16:40.983+0000] {processor.py:186} INFO - Started process (PID=86) to work on /home/airflow/.local/lib/python3.12/site-packages/airflow/example_dags/example_task_group_decorator.py
[2025-02-02T12:16:40.984+0000] {processor.py:914} INFO - Processing file /home/airflow/.local/lib/python3.12/site-packages/airflow/example_dags/example_task_group_decorator.py for tasks to queue
[2025-02-02T12:16:40.988+0000] {logging_mixin.py:190} INFO - [2025-02-02T12:16:40.987+0000] {dagbag.py:588} INFO - Filling up the DagBag from /home/airflow/.local/lib/python3.12/site-packages/airflow/example_dags/example_task_group_decorator.py
[2025-02-02T12:16:41.007+0000] {processor.py:925} INFO - DAG(s) 'example_task_group_decorator' retrieved from /home/airflow/.local/lib/python3.12/site-packages/airflow/example_dags/example_task_group_decorator.py
[2025-02-02T12:16:41.130+0000] {logging_mixin.py:190} INFO - [2025-02-02T12:16:41.129+0000] {override.py:1911} INFO - Created Permission View: can read on DAG:example_task_group_decorator
[2025-02-02T12:16:41.144+0000] {logging_mixin.py:190} INFO - [2025-02-02T12:16:41.143+0000] {override.py:1911} INFO - Created Permission View: can edit on DAG:example_task_group_decorator
[2025-02-02T12:16:41.153+0000] {logging_mixin.py:190} INFO - [2025-02-02T12:16:41.153+0000] {override.py:1911} INFO - Created Permission View: can delete on DAG:example_task_group_decorator
[2025-02-02T12:16:41.166+0000] {logging_mixin.py:190} INFO - [2025-02-02T12:16:41.166+0000] {override.py:1911} INFO - Created Permission View: can read on DAG Run:example_task_group_decorator
[2025-02-02T12:16:41.176+0000] {logging_mixin.py:190} INFO - [2025-02-02T12:16:41.175+0000] {override.py:1911} INFO - Created Permission View: menu access on DAG Run:example_task_group_decorator
[2025-02-02T12:16:41.187+0000] {logging_mixin.py:190} INFO - [2025-02-02T12:16:41.186+0000] {override.py:1911} INFO - Created Permission View: can create on DAG Run:example_task_group_decorator
[2025-02-02T12:16:41.196+0000] {logging_mixin.py:190} INFO - [2025-02-02T12:16:41.196+0000] {override.py:1911} INFO - Created Permission View: can delete on DAG Run:example_task_group_decorator
[2025-02-02T12:16:41.197+0000] {logging_mixin.py:190} INFO - [2025-02-02T12:16:41.197+0000] {dag.py:3239} INFO - Sync 1 DAGs
[2025-02-02T12:16:41.211+0000] {logging_mixin.py:190} INFO - [2025-02-02T12:16:41.211+0000] {dag.py:3262} INFO - Creating ORM DAG for example_task_group_decorator
[2025-02-02T12:16:41.212+0000] {logging_mixin.py:190} INFO - [2025-02-02T12:16:41.212+0000] {dag.py:4180} INFO - Setting next_dagrun for example_task_group_decorator to None, run_after=None
[2025-02-02T12:16:41.234+0000] {processor.py:208} INFO - Processing /home/airflow/.local/lib/python3.12/site-packages/airflow/example_dags/example_task_group_decorator.py took 0.257 seconds
[2025-02-02T12:17:11.479+0000] {processor.py:186} INFO - Started process (PID=149) to work on /home/airflow/.local/lib/python3.12/site-packages/airflow/example_dags/example_task_group_decorator.py
[2025-02-02T12:17:11.480+0000] {processor.py:914} INFO - Processing file /home/airflow/.local/lib/python3.12/site-packages/airflow/example_dags/example_task_group_decorator.py for tasks to queue
[2025-02-02T12:17:11.483+0000] {logging_mixin.py:190} INFO - [2025-02-02T12:17:11.483+0000] {dagbag.py:588} INFO - Filling up the DagBag from /home/airflow/.local/lib/python3.12/site-packages/airflow/example_dags/example_task_group_decorator.py
[2025-02-02T12:17:11.499+0000] {processor.py:925} INFO - DAG(s) 'example_task_group_decorator' retrieved from /home/airflow/.local/lib/python3.12/site-packages/airflow/example_dags/example_task_group_decorator.py
[2025-02-02T12:17:11.523+0000] {logging_mixin.py:190} INFO - [2025-02-02T12:17:11.523+0000] {dag.py:3239} INFO - Sync 1 DAGs
[2025-02-02T12:17:11.539+0000] {logging_mixin.py:190} INFO - [2025-02-02T12:17:11.539+0000] {dag.py:4180} INFO - Setting next_dagrun for example_task_group_decorator to None, run_after=None
[2025-02-02T12:17:11.561+0000] {processor.py:208} INFO - Processing /home/airflow/.local/lib/python3.12/site-packages/airflow/example_dags/example_task_group_decorator.py took 0.086 seconds
[2025-02-02T12:17:42.724+0000] {processor.py:186} INFO - Started process (PID=212) to work on /home/airflow/.local/lib/python3.12/site-packages/airflow/example_dags/example_task_group_decorator.py
[2025-02-02T12:17:42.726+0000] {processor.py:914} INFO - Processing file /home/airflow/.local/lib/python3.12/site-packages/airflow/example_dags/example_task_group_decorator.py for tasks to queue
[2025-02-02T12:17:42.728+0000] {logging_mixin.py:190} INFO - [2025-02-02T12:17:42.728+0000] {dagbag.py:588} INFO - Filling up the DagBag from /home/airflow/.local/lib/python3.12/site-packages/airflow/example_dags/example_task_group_decorator.py
[2025-02-02T12:17:42.743+0000] {processor.py:925} INFO - DAG(s) 'example_task_group_decorator' retrieved from /home/airflow/.local/lib/python3.12/site-packages/airflow/example_dags/example_task_group_decorator.py
[2025-02-02T12:17:42.775+0000] {logging_mixin.py:190} INFO - [2025-02-02T12:17:42.775+0000] {dag.py:3239} INFO - Sync 1 DAGs
[2025-02-02T12:17:42.789+0000] {logging_mixin.py:190} INFO - [2025-02-02T12:17:42.789+0000] {dag.py:4180} INFO - Setting next_dagrun for example_task_group_decorator to None, run_after=None
[2025-02-02T12:17:42.815+0000] {processor.py:208} INFO - Processing /home/airflow/.local/lib/python3.12/site-packages/airflow/example_dags/example_task_group_decorator.py took 0.099 seconds
[2025-02-02T12:18:13.849+0000] {processor.py:186} INFO - Started process (PID=275) to work on /home/airflow/.local/lib/python3.12/site-packages/airflow/example_dags/example_task_group_decorator.py
[2025-02-02T12:18:13.851+0000] {processor.py:914} INFO - Processing file /home/airflow/.local/lib/python3.12/site-packages/airflow/example_dags/example_task_group_decorator.py for tasks to queue
[2025-02-02T12:18:13.854+0000] {logging_mixin.py:190} INFO - [2025-02-02T12:18:13.853+0000] {dagbag.py:588} INFO - Filling up the DagBag from /home/airflow/.local/lib/python3.12/site-packages/airflow/example_dags/example_task_group_decorator.py
[2025-02-02T12:18:13.875+0000] {processor.py:925} INFO - DAG(s) 'example_task_group_decorator' retrieved from /home/airflow/.local/lib/python3.12/site-packages/airflow/example_dags/example_task_group_decorator.py
[2025-02-02T12:18:13.905+0000] {logging_mixin.py:190} INFO - [2025-02-02T12:18:13.905+0000] {dag.py:3239} INFO - Sync 1 DAGs
[2025-02-02T12:18:13.925+0000] {logging_mixin.py:190} INFO - [2025-02-02T12:18:13.925+0000] {dag.py:4180} INFO - Setting next_dagrun for example_task_group_decorator to None, run_after=None
[2025-02-02T12:18:13.955+0000] {processor.py:208} INFO - Processing /home/airflow/.local/lib/python3.12/site-packages/airflow/example_dags/example_task_group_decorator.py took 0.114 seconds
[2025-02-02T12:18:44.691+0000] {processor.py:186} INFO - Started process (PID=338) to work on /home/airflow/.local/lib/python3.12/site-packages/airflow/example_dags/example_task_group_decorator.py
[2025-02-02T12:18:44.693+0000] {processor.py:914} INFO - Processing file /home/airflow/.local/lib/python3.12/site-packages/airflow/example_dags/example_task_group_decorator.py for tasks to queue
[2025-02-02T12:18:44.696+0000] {logging_mixin.py:190} INFO - [2025-02-02T12:18:44.695+0000] {dagbag.py:588} INFO - Filling up the DagBag from /home/airflow/.local/lib/python3.12/site-packages/airflow/example_dags/example_task_group_decorator.py
[2025-02-02T12:18:44.710+0000] {processor.py:925} INFO - DAG(s) 'example_task_group_decorator' retrieved from /home/airflow/.local/lib/python3.12/site-packages/airflow/example_dags/example_task_group_decorator.py
[2025-02-02T12:18:44.735+0000] {logging_mixin.py:190} INFO - [2025-02-02T12:18:44.735+0000] {dag.py:3239} INFO - Sync 1 DAGs
[2025-02-02T12:18:44.752+0000] {logging_mixin.py:190} INFO - [2025-02-02T12:18:44.751+0000] {dag.py:4180} INFO - Setting next_dagrun for example_task_group_decorator to None, run_after=None
[2025-02-02T12:18:44.774+0000] {processor.py:208} INFO - Processing /home/airflow/.local/lib/python3.12/site-packages/airflow/example_dags/example_task_group_decorator.py took 0.088 seconds
[2025-02-02T12:19:16.018+0000] {processor.py:186} INFO - Started process (PID=401) to work on /home/airflow/.local/lib/python3.12/site-packages/airflow/example_dags/example_task_group_decorator.py
[2025-02-02T12:19:16.019+0000] {processor.py:914} INFO - Processing file /home/airflow/.local/lib/python3.12/site-packages/airflow/example_dags/example_task_group_decorator.py for tasks to queue
[2025-02-02T12:19:16.022+0000] {logging_mixin.py:190} INFO - [2025-02-02T12:19:16.022+0000] {dagbag.py:588} INFO - Filling up the DagBag from /home/airflow/.local/lib/python3.12/site-packages/airflow/example_dags/example_task_group_decorator.py
[2025-02-02T12:19:16.037+0000] {processor.py:925} INFO - DAG(s) 'example_task_group_decorator' retrieved from /home/airflow/.local/lib/python3.12/site-packages/airflow/example_dags/example_task_group_decorator.py
[2025-02-02T12:19:16.063+0000] {logging_mixin.py:190} INFO - [2025-02-02T12:19:16.063+0000] {dag.py:3239} INFO - Sync 1 DAGs
[2025-02-02T12:19:16.078+0000] {logging_mixin.py:190} INFO - [2025-02-02T12:19:16.078+0000] {dag.py:4180} INFO - Setting next_dagrun for example_task_group_decorator to None, run_after=None
[2025-02-02T12:19:16.100+0000] {processor.py:208} INFO - Processing /home/airflow/.local/lib/python3.12/site-packages/airflow/example_dags/example_task_group_decorator.py took 0.088 seconds
[2025-02-02T12:19:48.113+0000] {processor.py:186} INFO - Started process (PID=464) to work on /home/airflow/.local/lib/python3.12/site-packages/airflow/example_dags/example_task_group_decorator.py
[2025-02-02T12:19:48.114+0000] {processor.py:914} INFO - Processing file /home/airflow/.local/lib/python3.12/site-packages/airflow/example_dags/example_task_group_decorator.py for tasks to queue
[2025-02-02T12:19:48.117+0000] {logging_mixin.py:190} INFO - [2025-02-02T12:19:48.116+0000] {dagbag.py:588} INFO - Filling up the DagBag from /home/airflow/.local/lib/python3.12/site-packages/airflow/example_dags/example_task_group_decorator.py
[2025-02-02T12:19:48.137+0000] {processor.py:925} INFO - DAG(s) 'example_task_group_decorator' retrieved from /home/airflow/.local/lib/python3.12/site-packages/airflow/example_dags/example_task_group_decorator.py
[2025-02-02T12:19:48.172+0000] {logging_mixin.py:190} INFO - [2025-02-02T12:19:48.172+0000] {dag.py:3239} INFO - Sync 1 DAGs
[2025-02-02T12:19:48.195+0000] {logging_mixin.py:190} INFO - [2025-02-02T12:19:48.194+0000] {dag.py:4180} INFO - Setting next_dagrun for example_task_group_decorator to None, run_after=None
[2025-02-02T12:19:48.232+0000] {processor.py:208} INFO - Processing /home/airflow/.local/lib/python3.12/site-packages/airflow/example_dags/example_task_group_decorator.py took 0.126 seconds
[2025-02-02T12:20:20.523+0000] {processor.py:186} INFO - Started process (PID=527) to work on /home/airflow/.local/lib/python3.12/site-packages/airflow/example_dags/example_task_group_decorator.py
[2025-02-02T12:20:20.525+0000] {processor.py:914} INFO - Processing file /home/airflow/.local/lib/python3.12/site-packages/airflow/example_dags/example_task_group_decorator.py for tasks to queue
[2025-02-02T12:20:20.529+0000] {logging_mixin.py:190} INFO - [2025-02-02T12:20:20.529+0000] {dagbag.py:588} INFO - Filling up the DagBag from /home/airflow/.local/lib/python3.12/site-packages/airflow/example_dags/example_task_group_decorator.py
[2025-02-02T12:20:20.554+0000] {processor.py:925} INFO - DAG(s) 'example_task_group_decorator' retrieved from /home/airflow/.local/lib/python3.12/site-packages/airflow/example_dags/example_task_group_decorator.py
[2025-02-02T12:20:20.607+0000] {logging_mixin.py:190} INFO - [2025-02-02T12:20:20.606+0000] {dag.py:3239} INFO - Sync 1 DAGs
[2025-02-02T12:20:20.639+0000] {logging_mixin.py:190} INFO - [2025-02-02T12:20:20.639+0000] {dag.py:4180} INFO - Setting next_dagrun for example_task_group_decorator to None, run_after=None
[2025-02-02T12:20:20.682+0000] {processor.py:208} INFO - Processing /home/airflow/.local/lib/python3.12/site-packages/airflow/example_dags/example_task_group_decorator.py took 0.168 seconds
[2025-02-02T16:18:53.552+0000] {processor.py:186} INFO - Started process (PID=80) to work on /home/airflow/.local/lib/python3.12/site-packages/airflow/example_dags/example_task_group_decorator.py
[2025-02-02T16:18:53.553+0000] {processor.py:914} INFO - Processing file /home/airflow/.local/lib/python3.12/site-packages/airflow/example_dags/example_task_group_decorator.py for tasks to queue
[2025-02-02T16:18:53.556+0000] {logging_mixin.py:190} INFO - [2025-02-02T16:18:53.556+0000] {dagbag.py:588} INFO - Filling up the DagBag from /home/airflow/.local/lib/python3.12/site-packages/airflow/example_dags/example_task_group_decorator.py
[2025-02-02T16:18:53.570+0000] {processor.py:925} INFO - DAG(s) 'example_task_group_decorator' retrieved from /home/airflow/.local/lib/python3.12/site-packages/airflow/example_dags/example_task_group_decorator.py
[2025-02-02T16:18:53.600+0000] {logging_mixin.py:190} INFO - [2025-02-02T16:18:53.599+0000] {dag.py:3239} INFO - Sync 1 DAGs
[2025-02-02T16:18:53.615+0000] {logging_mixin.py:190} INFO - [2025-02-02T16:18:53.615+0000] {dag.py:4180} INFO - Setting next_dagrun for example_task_group_decorator to None, run_after=None
[2025-02-02T16:18:53.636+0000] {processor.py:208} INFO - Processing /home/airflow/.local/lib/python3.12/site-packages/airflow/example_dags/example_task_group_decorator.py took 0.089 seconds
[2025-02-02T16:19:24.568+0000] {processor.py:186} INFO - Started process (PID=143) to work on /home/airflow/.local/lib/python3.12/site-packages/airflow/example_dags/example_task_group_decorator.py
[2025-02-02T16:19:24.569+0000] {processor.py:914} INFO - Processing file /home/airflow/.local/lib/python3.12/site-packages/airflow/example_dags/example_task_group_decorator.py for tasks to queue
[2025-02-02T16:19:24.571+0000] {logging_mixin.py:190} INFO - [2025-02-02T16:19:24.571+0000] {dagbag.py:588} INFO - Filling up the DagBag from /home/airflow/.local/lib/python3.12/site-packages/airflow/example_dags/example_task_group_decorator.py
[2025-02-02T16:19:24.587+0000] {processor.py:925} INFO - DAG(s) 'example_task_group_decorator' retrieved from /home/airflow/.local/lib/python3.12/site-packages/airflow/example_dags/example_task_group_decorator.py
[2025-02-02T16:19:24.614+0000] {logging_mixin.py:190} INFO - [2025-02-02T16:19:24.614+0000] {dag.py:3239} INFO - Sync 1 DAGs
[2025-02-02T16:19:24.629+0000] {logging_mixin.py:190} INFO - [2025-02-02T16:19:24.629+0000] {dag.py:4180} INFO - Setting next_dagrun for example_task_group_decorator to None, run_after=None
[2025-02-02T16:19:24.655+0000] {processor.py:208} INFO - Processing /home/airflow/.local/lib/python3.12/site-packages/airflow/example_dags/example_task_group_decorator.py took 0.093 seconds
[2025-02-02T16:19:55.903+0000] {processor.py:186} INFO - Started process (PID=206) to work on /home/airflow/.local/lib/python3.12/site-packages/airflow/example_dags/example_task_group_decorator.py
[2025-02-02T16:19:55.905+0000] {processor.py:914} INFO - Processing file /home/airflow/.local/lib/python3.12/site-packages/airflow/example_dags/example_task_group_decorator.py for tasks to queue
[2025-02-02T16:19:55.908+0000] {logging_mixin.py:190} INFO - [2025-02-02T16:19:55.907+0000] {dagbag.py:588} INFO - Filling up the DagBag from /home/airflow/.local/lib/python3.12/site-packages/airflow/example_dags/example_task_group_decorator.py
[2025-02-02T16:19:55.924+0000] {processor.py:925} INFO - DAG(s) 'example_task_group_decorator' retrieved from /home/airflow/.local/lib/python3.12/site-packages/airflow/example_dags/example_task_group_decorator.py
[2025-02-02T16:19:55.952+0000] {logging_mixin.py:190} INFO - [2025-02-02T16:19:55.952+0000] {dag.py:3239} INFO - Sync 1 DAGs
[2025-02-02T16:19:55.968+0000] {logging_mixin.py:190} INFO - [2025-02-02T16:19:55.967+0000] {dag.py:4180} INFO - Setting next_dagrun for example_task_group_decorator to None, run_after=None
[2025-02-02T16:19:55.990+0000] {processor.py:208} INFO - Processing /home/airflow/.local/lib/python3.12/site-packages/airflow/example_dags/example_task_group_decorator.py took 0.093 seconds
[2025-02-02T16:20:27.340+0000] {processor.py:186} INFO - Started process (PID=275) to work on /home/airflow/.local/lib/python3.12/site-packages/airflow/example_dags/example_task_group_decorator.py
[2025-02-02T16:20:27.341+0000] {processor.py:914} INFO - Processing file /home/airflow/.local/lib/python3.12/site-packages/airflow/example_dags/example_task_group_decorator.py for tasks to queue
[2025-02-02T16:20:27.344+0000] {logging_mixin.py:190} INFO - [2025-02-02T16:20:27.343+0000] {dagbag.py:588} INFO - Filling up the DagBag from /home/airflow/.local/lib/python3.12/site-packages/airflow/example_dags/example_task_group_decorator.py
[2025-02-02T16:20:27.358+0000] {processor.py:925} INFO - DAG(s) 'example_task_group_decorator' retrieved from /home/airflow/.local/lib/python3.12/site-packages/airflow/example_dags/example_task_group_decorator.py
[2025-02-02T16:20:27.384+0000] {logging_mixin.py:190} INFO - [2025-02-02T16:20:27.384+0000] {dag.py:3239} INFO - Sync 1 DAGs
[2025-02-02T16:20:27.401+0000] {logging_mixin.py:190} INFO - [2025-02-02T16:20:27.401+0000] {dag.py:4180} INFO - Setting next_dagrun for example_task_group_decorator to None, run_after=None
[2025-02-02T16:20:27.424+0000] {processor.py:208} INFO - Processing /home/airflow/.local/lib/python3.12/site-packages/airflow/example_dags/example_task_group_decorator.py took 0.089 seconds
[2025-02-02T16:20:58.300+0000] {processor.py:186} INFO - Started process (PID=338) to work on /home/airflow/.local/lib/python3.12/site-packages/airflow/example_dags/example_task_group_decorator.py
[2025-02-02T16:20:58.301+0000] {processor.py:914} INFO - Processing file /home/airflow/.local/lib/python3.12/site-packages/airflow/example_dags/example_task_group_decorator.py for tasks to queue
[2025-02-02T16:20:58.303+0000] {logging_mixin.py:190} INFO - [2025-02-02T16:20:58.303+0000] {dagbag.py:588} INFO - Filling up the DagBag from /home/airflow/.local/lib/python3.12/site-packages/airflow/example_dags/example_task_group_decorator.py
[2025-02-02T16:20:58.321+0000] {processor.py:925} INFO - DAG(s) 'example_task_group_decorator' retrieved from /home/airflow/.local/lib/python3.12/site-packages/airflow/example_dags/example_task_group_decorator.py
[2025-02-02T16:20:58.346+0000] {logging_mixin.py:190} INFO - [2025-02-02T16:20:58.345+0000] {dag.py:3239} INFO - Sync 1 DAGs
[2025-02-02T16:20:58.360+0000] {logging_mixin.py:190} INFO - [2025-02-02T16:20:58.360+0000] {dag.py:4180} INFO - Setting next_dagrun for example_task_group_decorator to None, run_after=None
[2025-02-02T16:20:58.382+0000] {processor.py:208} INFO - Processing /home/airflow/.local/lib/python3.12/site-packages/airflow/example_dags/example_task_group_decorator.py took 0.088 seconds
[2025-02-02T16:21:29.370+0000] {processor.py:186} INFO - Started process (PID=401) to work on /home/airflow/.local/lib/python3.12/site-packages/airflow/example_dags/example_task_group_decorator.py
[2025-02-02T16:21:29.372+0000] {processor.py:914} INFO - Processing file /home/airflow/.local/lib/python3.12/site-packages/airflow/example_dags/example_task_group_decorator.py for tasks to queue
[2025-02-02T16:21:29.375+0000] {logging_mixin.py:190} INFO - [2025-02-02T16:21:29.375+0000] {dagbag.py:588} INFO - Filling up the DagBag from /home/airflow/.local/lib/python3.12/site-packages/airflow/example_dags/example_task_group_decorator.py
[2025-02-02T16:21:29.394+0000] {processor.py:925} INFO - DAG(s) 'example_task_group_decorator' retrieved from /home/airflow/.local/lib/python3.12/site-packages/airflow/example_dags/example_task_group_decorator.py
[2025-02-02T16:21:29.424+0000] {logging_mixin.py:190} INFO - [2025-02-02T16:21:29.424+0000] {dag.py:3239} INFO - Sync 1 DAGs
[2025-02-02T16:21:29.439+0000] {logging_mixin.py:190} INFO - [2025-02-02T16:21:29.439+0000] {dag.py:4180} INFO - Setting next_dagrun for example_task_group_decorator to None, run_after=None
[2025-02-02T16:21:29.458+0000] {processor.py:208} INFO - Processing /home/airflow/.local/lib/python3.12/site-packages/airflow/example_dags/example_task_group_decorator.py took 0.094 seconds
[2025-02-02T16:21:59.832+0000] {processor.py:186} INFO - Started process (PID=464) to work on /home/airflow/.local/lib/python3.12/site-packages/airflow/example_dags/example_task_group_decorator.py
[2025-02-02T16:21:59.833+0000] {processor.py:914} INFO - Processing file /home/airflow/.local/lib/python3.12/site-packages/airflow/example_dags/example_task_group_decorator.py for tasks to queue
[2025-02-02T16:21:59.836+0000] {logging_mixin.py:190} INFO - [2025-02-02T16:21:59.835+0000] {dagbag.py:588} INFO - Filling up the DagBag from /home/airflow/.local/lib/python3.12/site-packages/airflow/example_dags/example_task_group_decorator.py
[2025-02-02T16:21:59.850+0000] {processor.py:925} INFO - DAG(s) 'example_task_group_decorator' retrieved from /home/airflow/.local/lib/python3.12/site-packages/airflow/example_dags/example_task_group_decorator.py
[2025-02-02T16:21:59.875+0000] {logging_mixin.py:190} INFO - [2025-02-02T16:21:59.875+0000] {dag.py:3239} INFO - Sync 1 DAGs
[2025-02-02T16:21:59.893+0000] {logging_mixin.py:190} INFO - [2025-02-02T16:21:59.892+0000] {dag.py:4180} INFO - Setting next_dagrun for example_task_group_decorator to None, run_after=None
[2025-02-02T16:21:59.914+0000] {processor.py:208} INFO - Processing /home/airflow/.local/lib/python3.12/site-packages/airflow/example_dags/example_task_group_decorator.py took 0.088 seconds
[2025-02-02T16:22:31.112+0000] {processor.py:186} INFO - Started process (PID=527) to work on /home/airflow/.local/lib/python3.12/site-packages/airflow/example_dags/example_task_group_decorator.py
[2025-02-02T16:22:31.114+0000] {processor.py:914} INFO - Processing file /home/airflow/.local/lib/python3.12/site-packages/airflow/example_dags/example_task_group_decorator.py for tasks to queue
[2025-02-02T16:22:31.116+0000] {logging_mixin.py:190} INFO - [2025-02-02T16:22:31.116+0000] {dagbag.py:588} INFO - Filling up the DagBag from /home/airflow/.local/lib/python3.12/site-packages/airflow/example_dags/example_task_group_decorator.py
[2025-02-02T16:22:31.130+0000] {processor.py:925} INFO - DAG(s) 'example_task_group_decorator' retrieved from /home/airflow/.local/lib/python3.12/site-packages/airflow/example_dags/example_task_group_decorator.py
[2025-02-02T16:22:31.157+0000] {logging_mixin.py:190} INFO - [2025-02-02T16:22:31.156+0000] {dag.py:3239} INFO - Sync 1 DAGs
[2025-02-02T16:22:31.175+0000] {logging_mixin.py:190} INFO - [2025-02-02T16:22:31.175+0000] {dag.py:4180} INFO - Setting next_dagrun for example_task_group_decorator to None, run_after=None
[2025-02-02T16:22:31.201+0000] {processor.py:208} INFO - Processing /home/airflow/.local/lib/python3.12/site-packages/airflow/example_dags/example_task_group_decorator.py took 0.095 seconds
[2025-02-02T16:23:02.143+0000] {processor.py:186} INFO - Started process (PID=589) to work on /home/airflow/.local/lib/python3.12/site-packages/airflow/example_dags/example_task_group_decorator.py
[2025-02-02T16:23:02.144+0000] {processor.py:914} INFO - Processing file /home/airflow/.local/lib/python3.12/site-packages/airflow/example_dags/example_task_group_decorator.py for tasks to queue
[2025-02-02T16:23:02.146+0000] {logging_mixin.py:190} INFO - [2025-02-02T16:23:02.146+0000] {dagbag.py:588} INFO - Filling up the DagBag from /home/airflow/.local/lib/python3.12/site-packages/airflow/example_dags/example_task_group_decorator.py
[2025-02-02T16:23:02.160+0000] {processor.py:925} INFO - DAG(s) 'example_task_group_decorator' retrieved from /home/airflow/.local/lib/python3.12/site-packages/airflow/example_dags/example_task_group_decorator.py
[2025-02-02T16:23:02.185+0000] {logging_mixin.py:190} INFO - [2025-02-02T16:23:02.185+0000] {dag.py:3239} INFO - Sync 1 DAGs
[2025-02-02T16:23:02.199+0000] {logging_mixin.py:190} INFO - [2025-02-02T16:23:02.199+0000] {dag.py:4180} INFO - Setting next_dagrun for example_task_group_decorator to None, run_after=None
[2025-02-02T16:23:02.222+0000] {processor.py:208} INFO - Processing /home/airflow/.local/lib/python3.12/site-packages/airflow/example_dags/example_task_group_decorator.py took 0.084 seconds
[2025-02-02T16:23:33.706+0000] {processor.py:186} INFO - Started process (PID=652) to work on /home/airflow/.local/lib/python3.12/site-packages/airflow/example_dags/example_task_group_decorator.py
[2025-02-02T16:23:33.708+0000] {processor.py:914} INFO - Processing file /home/airflow/.local/lib/python3.12/site-packages/airflow/example_dags/example_task_group_decorator.py for tasks to queue
[2025-02-02T16:23:33.711+0000] {logging_mixin.py:190} INFO - [2025-02-02T16:23:33.710+0000] {dagbag.py:588} INFO - Filling up the DagBag from /home/airflow/.local/lib/python3.12/site-packages/airflow/example_dags/example_task_group_decorator.py
[2025-02-02T16:23:33.731+0000] {processor.py:925} INFO - DAG(s) 'example_task_group_decorator' retrieved from /home/airflow/.local/lib/python3.12/site-packages/airflow/example_dags/example_task_group_decorator.py
[2025-02-02T16:23:33.759+0000] {logging_mixin.py:190} INFO - [2025-02-02T16:23:33.759+0000] {dag.py:3239} INFO - Sync 1 DAGs
[2025-02-02T16:23:33.779+0000] {logging_mixin.py:190} INFO - [2025-02-02T16:23:33.778+0000] {dag.py:4180} INFO - Setting next_dagrun for example_task_group_decorator to None, run_after=None
[2025-02-02T16:23:33.804+0000] {processor.py:208} INFO - Processing /home/airflow/.local/lib/python3.12/site-packages/airflow/example_dags/example_task_group_decorator.py took 0.104 seconds
[2025-02-02T16:24:04.072+0000] {processor.py:186} INFO - Started process (PID=715) to work on /home/airflow/.local/lib/python3.12/site-packages/airflow/example_dags/example_task_group_decorator.py
[2025-02-02T16:24:04.073+0000] {processor.py:914} INFO - Processing file /home/airflow/.local/lib/python3.12/site-packages/airflow/example_dags/example_task_group_decorator.py for tasks to queue
[2025-02-02T16:24:04.076+0000] {logging_mixin.py:190} INFO - [2025-02-02T16:24:04.076+0000] {dagbag.py:588} INFO - Filling up the DagBag from /home/airflow/.local/lib/python3.12/site-packages/airflow/example_dags/example_task_group_decorator.py
[2025-02-02T16:24:04.093+0000] {processor.py:925} INFO - DAG(s) 'example_task_group_decorator' retrieved from /home/airflow/.local/lib/python3.12/site-packages/airflow/example_dags/example_task_group_decorator.py
[2025-02-02T16:24:04.126+0000] {logging_mixin.py:190} INFO - [2025-02-02T16:24:04.125+0000] {dag.py:3239} INFO - Sync 1 DAGs
[2025-02-02T16:24:04.144+0000] {logging_mixin.py:190} INFO - [2025-02-02T16:24:04.143+0000] {dag.py:4180} INFO - Setting next_dagrun for example_task_group_decorator to None, run_after=None
[2025-02-02T16:24:04.171+0000] {processor.py:208} INFO - Processing /home/airflow/.local/lib/python3.12/site-packages/airflow/example_dags/example_task_group_decorator.py took 0.104 seconds
[2025-02-02T16:24:36.233+0000] {processor.py:186} INFO - Started process (PID=778) to work on /home/airflow/.local/lib/python3.12/site-packages/airflow/example_dags/example_task_group_decorator.py
[2025-02-02T16:24:36.235+0000] {processor.py:914} INFO - Processing file /home/airflow/.local/lib/python3.12/site-packages/airflow/example_dags/example_task_group_decorator.py for tasks to queue
[2025-02-02T16:24:36.238+0000] {logging_mixin.py:190} INFO - [2025-02-02T16:24:36.238+0000] {dagbag.py:588} INFO - Filling up the DagBag from /home/airflow/.local/lib/python3.12/site-packages/airflow/example_dags/example_task_group_decorator.py
[2025-02-02T16:24:36.258+0000] {processor.py:925} INFO - DAG(s) 'example_task_group_decorator' retrieved from /home/airflow/.local/lib/python3.12/site-packages/airflow/example_dags/example_task_group_decorator.py
[2025-02-02T16:24:36.292+0000] {logging_mixin.py:190} INFO - [2025-02-02T16:24:36.291+0000] {dag.py:3239} INFO - Sync 1 DAGs
[2025-02-02T16:24:36.309+0000] {logging_mixin.py:190} INFO - [2025-02-02T16:24:36.309+0000] {dag.py:4180} INFO - Setting next_dagrun for example_task_group_decorator to None, run_after=None
[2025-02-02T16:24:36.337+0000] {processor.py:208} INFO - Processing /home/airflow/.local/lib/python3.12/site-packages/airflow/example_dags/example_task_group_decorator.py took 0.114 seconds
[2025-02-02T16:25:06.868+0000] {processor.py:186} INFO - Started process (PID=841) to work on /home/airflow/.local/lib/python3.12/site-packages/airflow/example_dags/example_task_group_decorator.py
[2025-02-02T16:25:06.869+0000] {processor.py:914} INFO - Processing file /home/airflow/.local/lib/python3.12/site-packages/airflow/example_dags/example_task_group_decorator.py for tasks to queue
[2025-02-02T16:25:06.872+0000] {logging_mixin.py:190} INFO - [2025-02-02T16:25:06.872+0000] {dagbag.py:588} INFO - Filling up the DagBag from /home/airflow/.local/lib/python3.12/site-packages/airflow/example_dags/example_task_group_decorator.py
[2025-02-02T16:25:06.891+0000] {processor.py:925} INFO - DAG(s) 'example_task_group_decorator' retrieved from /home/airflow/.local/lib/python3.12/site-packages/airflow/example_dags/example_task_group_decorator.py
[2025-02-02T16:25:06.918+0000] {logging_mixin.py:190} INFO - [2025-02-02T16:25:06.918+0000] {dag.py:3239} INFO - Sync 1 DAGs
[2025-02-02T16:25:06.934+0000] {logging_mixin.py:190} INFO - [2025-02-02T16:25:06.933+0000] {dag.py:4180} INFO - Setting next_dagrun for example_task_group_decorator to None, run_after=None
[2025-02-02T16:25:06.957+0000] {processor.py:208} INFO - Processing /home/airflow/.local/lib/python3.12/site-packages/airflow/example_dags/example_task_group_decorator.py took 0.095 seconds
[2025-02-02T16:25:38.428+0000] {processor.py:186} INFO - Started process (PID=904) to work on /home/airflow/.local/lib/python3.12/site-packages/airflow/example_dags/example_task_group_decorator.py
[2025-02-02T16:25:38.429+0000] {processor.py:914} INFO - Processing file /home/airflow/.local/lib/python3.12/site-packages/airflow/example_dags/example_task_group_decorator.py for tasks to queue
[2025-02-02T16:25:38.432+0000] {logging_mixin.py:190} INFO - [2025-02-02T16:25:38.432+0000] {dagbag.py:588} INFO - Filling up the DagBag from /home/airflow/.local/lib/python3.12/site-packages/airflow/example_dags/example_task_group_decorator.py
[2025-02-02T16:25:38.453+0000] {processor.py:925} INFO - DAG(s) 'example_task_group_decorator' retrieved from /home/airflow/.local/lib/python3.12/site-packages/airflow/example_dags/example_task_group_decorator.py
[2025-02-02T16:25:38.489+0000] {logging_mixin.py:190} INFO - [2025-02-02T16:25:38.489+0000] {dag.py:3239} INFO - Sync 1 DAGs
[2025-02-02T16:25:38.507+0000] {logging_mixin.py:190} INFO - [2025-02-02T16:25:38.506+0000] {dag.py:4180} INFO - Setting next_dagrun for example_task_group_decorator to None, run_after=None
[2025-02-02T16:25:38.533+0000] {processor.py:208} INFO - Processing /home/airflow/.local/lib/python3.12/site-packages/airflow/example_dags/example_task_group_decorator.py took 0.111 seconds
