[2025-02-02T12:16:34.795+0000] {processor.py:186} INFO - Started process (PID=62) to work on /home/airflow/.local/lib/python3.12/site-packages/airflow/example_dags/example_datasets.py
[2025-02-02T12:16:34.797+0000] {processor.py:914} INFO - Processing file /home/airflow/.local/lib/python3.12/site-packages/airflow/example_dags/example_datasets.py for tasks to queue
[2025-02-02T12:16:34.800+0000] {logging_mixin.py:190} INFO - [2025-02-02T12:16:34.800+0000] {dagbag.py:588} INFO - Filling up the DagBag from /home/airflow/.local/lib/python3.12/site-packages/airflow/example_dags/example_datasets.py
[2025-02-02T12:16:35.537+0000] {processor.py:925} INFO - DAG(s) 'conditional_dataset_and_time_based_timetable', 'consume_1_or_both_2_and_3_with_dataset_expressions', 'consume_1_or_2_with_dataset_expressions', 'dataset_consumes_unknown_never_scheduled', 'dataset_consumes_1_and_2', 'dataset_consumes_1', 'consume_1_and_2_with_dataset_expressions', 'dataset_consumes_1_never_scheduled', 'dataset_produces_1', 'dataset_produces_2' retrieved from /home/airflow/.local/lib/python3.12/site-packages/airflow/example_dags/example_datasets.py
[2025-02-02T12:16:35.672+0000] {logging_mixin.py:190} INFO - [2025-02-02T12:16:35.671+0000] {override.py:1911} INFO - Created Permission View: can read on DAG:conditional_dataset_and_time_based_timetable
[2025-02-02T12:16:35.689+0000] {logging_mixin.py:190} INFO - [2025-02-02T12:16:35.688+0000] {override.py:1911} INFO - Created Permission View: can edit on DAG:conditional_dataset_and_time_based_timetable
[2025-02-02T12:16:35.708+0000] {logging_mixin.py:190} INFO - [2025-02-02T12:16:35.708+0000] {override.py:1911} INFO - Created Permission View: can delete on DAG:conditional_dataset_and_time_based_timetable
[2025-02-02T12:16:35.724+0000] {logging_mixin.py:190} INFO - [2025-02-02T12:16:35.724+0000] {override.py:1911} INFO - Created Permission View: can read on DAG Run:conditional_dataset_and_time_based_timetable
[2025-02-02T12:16:35.736+0000] {logging_mixin.py:190} INFO - [2025-02-02T12:16:35.736+0000] {override.py:1911} INFO - Created Permission View: menu access on DAG Run:conditional_dataset_and_time_based_timetable
[2025-02-02T12:16:35.747+0000] {logging_mixin.py:190} INFO - [2025-02-02T12:16:35.746+0000] {override.py:1911} INFO - Created Permission View: can create on DAG Run:conditional_dataset_and_time_based_timetable
[2025-02-02T12:16:35.759+0000] {logging_mixin.py:190} INFO - [2025-02-02T12:16:35.758+0000] {override.py:1911} INFO - Created Permission View: can delete on DAG Run:conditional_dataset_and_time_based_timetable
[2025-02-02T12:16:35.782+0000] {logging_mixin.py:190} INFO - [2025-02-02T12:16:35.781+0000] {override.py:1911} INFO - Created Permission View: can read on DAG:consume_1_or_both_2_and_3_with_dataset_expressions
[2025-02-02T12:16:35.795+0000] {logging_mixin.py:190} INFO - [2025-02-02T12:16:35.794+0000] {override.py:1911} INFO - Created Permission View: can edit on DAG:consume_1_or_both_2_and_3_with_dataset_expressions
[2025-02-02T12:16:35.806+0000] {logging_mixin.py:190} INFO - [2025-02-02T12:16:35.805+0000] {override.py:1911} INFO - Created Permission View: can delete on DAG:consume_1_or_both_2_and_3_with_dataset_expressions
[2025-02-02T12:16:35.818+0000] {logging_mixin.py:190} INFO - [2025-02-02T12:16:35.818+0000] {override.py:1911} INFO - Created Permission View: can read on DAG Run:consume_1_or_both_2_and_3_with_dataset_expressions
[2025-02-02T12:16:35.831+0000] {logging_mixin.py:190} INFO - [2025-02-02T12:16:35.830+0000] {override.py:1911} INFO - Created Permission View: menu access on DAG Run:consume_1_or_both_2_and_3_with_dataset_expressions
[2025-02-02T12:16:35.843+0000] {logging_mixin.py:190} INFO - [2025-02-02T12:16:35.843+0000] {override.py:1911} INFO - Created Permission View: can create on DAG Run:consume_1_or_both_2_and_3_with_dataset_expressions
[2025-02-02T12:16:35.854+0000] {logging_mixin.py:190} INFO - [2025-02-02T12:16:35.854+0000] {override.py:1911} INFO - Created Permission View: can delete on DAG Run:consume_1_or_both_2_and_3_with_dataset_expressions
[2025-02-02T12:16:35.876+0000] {logging_mixin.py:190} INFO - [2025-02-02T12:16:35.876+0000] {override.py:1911} INFO - Created Permission View: can read on DAG:consume_1_or_2_with_dataset_expressions
[2025-02-02T12:16:35.890+0000] {logging_mixin.py:190} INFO - [2025-02-02T12:16:35.890+0000] {override.py:1911} INFO - Created Permission View: can edit on DAG:consume_1_or_2_with_dataset_expressions
[2025-02-02T12:16:35.902+0000] {logging_mixin.py:190} INFO - [2025-02-02T12:16:35.901+0000] {override.py:1911} INFO - Created Permission View: can delete on DAG:consume_1_or_2_with_dataset_expressions
[2025-02-02T12:16:35.914+0000] {logging_mixin.py:190} INFO - [2025-02-02T12:16:35.914+0000] {override.py:1911} INFO - Created Permission View: can read on DAG Run:consume_1_or_2_with_dataset_expressions
[2025-02-02T12:16:35.927+0000] {logging_mixin.py:190} INFO - [2025-02-02T12:16:35.926+0000] {override.py:1911} INFO - Created Permission View: menu access on DAG Run:consume_1_or_2_with_dataset_expressions
[2025-02-02T12:16:35.938+0000] {logging_mixin.py:190} INFO - [2025-02-02T12:16:35.938+0000] {override.py:1911} INFO - Created Permission View: can create on DAG Run:consume_1_or_2_with_dataset_expressions
[2025-02-02T12:16:35.950+0000] {logging_mixin.py:190} INFO - [2025-02-02T12:16:35.949+0000] {override.py:1911} INFO - Created Permission View: can delete on DAG Run:consume_1_or_2_with_dataset_expressions
[2025-02-02T12:16:35.971+0000] {logging_mixin.py:190} INFO - [2025-02-02T12:16:35.971+0000] {override.py:1911} INFO - Created Permission View: can read on DAG:dataset_consumes_unknown_never_scheduled
[2025-02-02T12:16:35.983+0000] {logging_mixin.py:190} INFO - [2025-02-02T12:16:35.983+0000] {override.py:1911} INFO - Created Permission View: can edit on DAG:dataset_consumes_unknown_never_scheduled
[2025-02-02T12:16:35.997+0000] {logging_mixin.py:190} INFO - [2025-02-02T12:16:35.996+0000] {override.py:1911} INFO - Created Permission View: can delete on DAG:dataset_consumes_unknown_never_scheduled
[2025-02-02T12:16:36.012+0000] {logging_mixin.py:190} INFO - [2025-02-02T12:16:36.012+0000] {override.py:1911} INFO - Created Permission View: can read on DAG Run:dataset_consumes_unknown_never_scheduled
[2025-02-02T12:16:36.022+0000] {logging_mixin.py:190} INFO - [2025-02-02T12:16:36.022+0000] {override.py:1911} INFO - Created Permission View: menu access on DAG Run:dataset_consumes_unknown_never_scheduled
[2025-02-02T12:16:36.036+0000] {logging_mixin.py:190} INFO - [2025-02-02T12:16:36.036+0000] {override.py:1911} INFO - Created Permission View: can create on DAG Run:dataset_consumes_unknown_never_scheduled
[2025-02-02T12:16:36.048+0000] {logging_mixin.py:190} INFO - [2025-02-02T12:16:36.047+0000] {override.py:1911} INFO - Created Permission View: can delete on DAG Run:dataset_consumes_unknown_never_scheduled
[2025-02-02T12:16:36.071+0000] {logging_mixin.py:190} INFO - [2025-02-02T12:16:36.070+0000] {override.py:1911} INFO - Created Permission View: can read on DAG:dataset_consumes_1_and_2
[2025-02-02T12:16:36.081+0000] {logging_mixin.py:190} INFO - [2025-02-02T12:16:36.081+0000] {override.py:1911} INFO - Created Permission View: can edit on DAG:dataset_consumes_1_and_2
[2025-02-02T12:16:36.091+0000] {logging_mixin.py:190} INFO - [2025-02-02T12:16:36.091+0000] {override.py:1911} INFO - Created Permission View: can delete on DAG:dataset_consumes_1_and_2
[2025-02-02T12:16:36.103+0000] {logging_mixin.py:190} INFO - [2025-02-02T12:16:36.103+0000] {override.py:1911} INFO - Created Permission View: can read on DAG Run:dataset_consumes_1_and_2
[2025-02-02T12:16:36.118+0000] {logging_mixin.py:190} INFO - [2025-02-02T12:16:36.117+0000] {override.py:1911} INFO - Created Permission View: menu access on DAG Run:dataset_consumes_1_and_2
[2025-02-02T12:16:36.132+0000] {logging_mixin.py:190} INFO - [2025-02-02T12:16:36.131+0000] {override.py:1911} INFO - Created Permission View: can create on DAG Run:dataset_consumes_1_and_2
[2025-02-02T12:16:36.145+0000] {logging_mixin.py:190} INFO - [2025-02-02T12:16:36.144+0000] {override.py:1911} INFO - Created Permission View: can delete on DAG Run:dataset_consumes_1_and_2
[2025-02-02T12:16:36.171+0000] {logging_mixin.py:190} INFO - [2025-02-02T12:16:36.171+0000] {override.py:1911} INFO - Created Permission View: can read on DAG:dataset_consumes_1
[2025-02-02T12:16:36.187+0000] {logging_mixin.py:190} INFO - [2025-02-02T12:16:36.186+0000] {override.py:1911} INFO - Created Permission View: can edit on DAG:dataset_consumes_1
[2025-02-02T12:16:36.202+0000] {logging_mixin.py:190} INFO - [2025-02-02T12:16:36.202+0000] {override.py:1911} INFO - Created Permission View: can delete on DAG:dataset_consumes_1
[2025-02-02T12:16:36.216+0000] {logging_mixin.py:190} INFO - [2025-02-02T12:16:36.216+0000] {override.py:1911} INFO - Created Permission View: can read on DAG Run:dataset_consumes_1
[2025-02-02T12:16:36.229+0000] {logging_mixin.py:190} INFO - [2025-02-02T12:16:36.229+0000] {override.py:1911} INFO - Created Permission View: menu access on DAG Run:dataset_consumes_1
[2025-02-02T12:16:36.241+0000] {logging_mixin.py:190} INFO - [2025-02-02T12:16:36.241+0000] {override.py:1911} INFO - Created Permission View: can create on DAG Run:dataset_consumes_1
[2025-02-02T12:16:36.254+0000] {logging_mixin.py:190} INFO - [2025-02-02T12:16:36.254+0000] {override.py:1911} INFO - Created Permission View: can delete on DAG Run:dataset_consumes_1
[2025-02-02T12:16:36.278+0000] {logging_mixin.py:190} INFO - [2025-02-02T12:16:36.277+0000] {override.py:1911} INFO - Created Permission View: can read on DAG:consume_1_and_2_with_dataset_expressions
[2025-02-02T12:16:36.291+0000] {logging_mixin.py:190} INFO - [2025-02-02T12:16:36.290+0000] {override.py:1911} INFO - Created Permission View: can edit on DAG:consume_1_and_2_with_dataset_expressions
[2025-02-02T12:16:36.304+0000] {logging_mixin.py:190} INFO - [2025-02-02T12:16:36.303+0000] {override.py:1911} INFO - Created Permission View: can delete on DAG:consume_1_and_2_with_dataset_expressions
[2025-02-02T12:16:36.322+0000] {logging_mixin.py:190} INFO - [2025-02-02T12:16:36.321+0000] {override.py:1911} INFO - Created Permission View: can read on DAG Run:consume_1_and_2_with_dataset_expressions
[2025-02-02T12:16:36.334+0000] {logging_mixin.py:190} INFO - [2025-02-02T12:16:36.334+0000] {override.py:1911} INFO - Created Permission View: menu access on DAG Run:consume_1_and_2_with_dataset_expressions
[2025-02-02T12:16:36.346+0000] {logging_mixin.py:190} INFO - [2025-02-02T12:16:36.346+0000] {override.py:1911} INFO - Created Permission View: can create on DAG Run:consume_1_and_2_with_dataset_expressions
[2025-02-02T12:16:36.359+0000] {logging_mixin.py:190} INFO - [2025-02-02T12:16:36.358+0000] {override.py:1911} INFO - Created Permission View: can delete on DAG Run:consume_1_and_2_with_dataset_expressions
[2025-02-02T12:16:36.379+0000] {logging_mixin.py:190} INFO - [2025-02-02T12:16:36.378+0000] {override.py:1911} INFO - Created Permission View: can read on DAG:dataset_consumes_1_never_scheduled
[2025-02-02T12:16:36.391+0000] {logging_mixin.py:190} INFO - [2025-02-02T12:16:36.390+0000] {override.py:1911} INFO - Created Permission View: can edit on DAG:dataset_consumes_1_never_scheduled
[2025-02-02T12:16:36.404+0000] {logging_mixin.py:190} INFO - [2025-02-02T12:16:36.403+0000] {override.py:1911} INFO - Created Permission View: can delete on DAG:dataset_consumes_1_never_scheduled
[2025-02-02T12:16:36.418+0000] {logging_mixin.py:190} INFO - [2025-02-02T12:16:36.418+0000] {override.py:1911} INFO - Created Permission View: can read on DAG Run:dataset_consumes_1_never_scheduled
[2025-02-02T12:16:36.430+0000] {logging_mixin.py:190} INFO - [2025-02-02T12:16:36.430+0000] {override.py:1911} INFO - Created Permission View: menu access on DAG Run:dataset_consumes_1_never_scheduled
[2025-02-02T12:16:36.444+0000] {logging_mixin.py:190} INFO - [2025-02-02T12:16:36.444+0000] {override.py:1911} INFO - Created Permission View: can create on DAG Run:dataset_consumes_1_never_scheduled
[2025-02-02T12:16:36.457+0000] {logging_mixin.py:190} INFO - [2025-02-02T12:16:36.456+0000] {override.py:1911} INFO - Created Permission View: can delete on DAG Run:dataset_consumes_1_never_scheduled
[2025-02-02T12:16:36.477+0000] {logging_mixin.py:190} INFO - [2025-02-02T12:16:36.477+0000] {override.py:1911} INFO - Created Permission View: can read on DAG:dataset_produces_1
[2025-02-02T12:16:36.491+0000] {logging_mixin.py:190} INFO - [2025-02-02T12:16:36.491+0000] {override.py:1911} INFO - Created Permission View: can edit on DAG:dataset_produces_1
[2025-02-02T12:16:36.502+0000] {logging_mixin.py:190} INFO - [2025-02-02T12:16:36.502+0000] {override.py:1911} INFO - Created Permission View: can delete on DAG:dataset_produces_1
[2025-02-02T12:16:36.518+0000] {logging_mixin.py:190} INFO - [2025-02-02T12:16:36.518+0000] {override.py:1911} INFO - Created Permission View: can read on DAG Run:dataset_produces_1
[2025-02-02T12:16:36.530+0000] {logging_mixin.py:190} INFO - [2025-02-02T12:16:36.530+0000] {override.py:1911} INFO - Created Permission View: menu access on DAG Run:dataset_produces_1
[2025-02-02T12:16:36.542+0000] {logging_mixin.py:190} INFO - [2025-02-02T12:16:36.542+0000] {override.py:1911} INFO - Created Permission View: can create on DAG Run:dataset_produces_1
[2025-02-02T12:16:36.554+0000] {logging_mixin.py:190} INFO - [2025-02-02T12:16:36.554+0000] {override.py:1911} INFO - Created Permission View: can delete on DAG Run:dataset_produces_1
[2025-02-02T12:16:36.574+0000] {logging_mixin.py:190} INFO - [2025-02-02T12:16:36.574+0000] {override.py:1911} INFO - Created Permission View: can read on DAG:dataset_produces_2
[2025-02-02T12:16:36.587+0000] {logging_mixin.py:190} INFO - [2025-02-02T12:16:36.587+0000] {override.py:1911} INFO - Created Permission View: can edit on DAG:dataset_produces_2
[2025-02-02T12:16:36.599+0000] {logging_mixin.py:190} INFO - [2025-02-02T12:16:36.599+0000] {override.py:1911} INFO - Created Permission View: can delete on DAG:dataset_produces_2
[2025-02-02T12:16:36.614+0000] {logging_mixin.py:190} INFO - [2025-02-02T12:16:36.614+0000] {override.py:1911} INFO - Created Permission View: can read on DAG Run:dataset_produces_2
[2025-02-02T12:16:36.626+0000] {logging_mixin.py:190} INFO - [2025-02-02T12:16:36.626+0000] {override.py:1911} INFO - Created Permission View: menu access on DAG Run:dataset_produces_2
[2025-02-02T12:16:36.640+0000] {logging_mixin.py:190} INFO - [2025-02-02T12:16:36.639+0000] {override.py:1911} INFO - Created Permission View: can create on DAG Run:dataset_produces_2
[2025-02-02T12:16:36.652+0000] {logging_mixin.py:190} INFO - [2025-02-02T12:16:36.652+0000] {override.py:1911} INFO - Created Permission View: can delete on DAG Run:dataset_produces_2
[2025-02-02T12:16:36.654+0000] {logging_mixin.py:190} INFO - [2025-02-02T12:16:36.653+0000] {dag.py:3239} INFO - Sync 10 DAGs
[2025-02-02T12:16:36.670+0000] {logging_mixin.py:190} INFO - [2025-02-02T12:16:36.669+0000] {dag.py:3262} INFO - Creating ORM DAG for dataset_consumes_1_and_2
[2025-02-02T12:16:36.671+0000] {logging_mixin.py:190} INFO - [2025-02-02T12:16:36.671+0000] {dag.py:3262} INFO - Creating ORM DAG for consume_1_or_both_2_and_3_with_dataset_expressions
[2025-02-02T12:16:36.673+0000] {logging_mixin.py:190} INFO - [2025-02-02T12:16:36.672+0000] {dag.py:3262} INFO - Creating ORM DAG for consume_1_and_2_with_dataset_expressions
[2025-02-02T12:16:36.674+0000] {logging_mixin.py:190} INFO - [2025-02-02T12:16:36.674+0000] {dag.py:3262} INFO - Creating ORM DAG for dataset_produces_2
[2025-02-02T12:16:36.675+0000] {logging_mixin.py:190} INFO - [2025-02-02T12:16:36.675+0000] {dag.py:3262} INFO - Creating ORM DAG for dataset_consumes_1_never_scheduled
[2025-02-02T12:16:36.677+0000] {logging_mixin.py:190} INFO - [2025-02-02T12:16:36.676+0000] {dag.py:3262} INFO - Creating ORM DAG for dataset_consumes_1
[2025-02-02T12:16:36.678+0000] {logging_mixin.py:190} INFO - [2025-02-02T12:16:36.678+0000] {dag.py:3262} INFO - Creating ORM DAG for conditional_dataset_and_time_based_timetable
[2025-02-02T12:16:36.680+0000] {logging_mixin.py:190} INFO - [2025-02-02T12:16:36.680+0000] {dag.py:3262} INFO - Creating ORM DAG for consume_1_or_2_with_dataset_expressions
[2025-02-02T12:16:36.681+0000] {logging_mixin.py:190} INFO - [2025-02-02T12:16:36.681+0000] {dag.py:3262} INFO - Creating ORM DAG for dataset_consumes_unknown_never_scheduled
[2025-02-02T12:16:36.683+0000] {logging_mixin.py:190} INFO - [2025-02-02T12:16:36.683+0000] {dag.py:3262} INFO - Creating ORM DAG for dataset_produces_1
[2025-02-02T12:16:36.697+0000] {logging_mixin.py:190} INFO - [2025-02-02T12:16:36.697+0000] {dag.py:4180} INFO - Setting next_dagrun for conditional_dataset_and_time_based_timetable to 2025-01-29 01:00:00+00:00, run_after=2025-01-29 01:00:00+00:00
[2025-02-02T12:16:36.699+0000] {logging_mixin.py:190} INFO - [2025-02-02T12:16:36.698+0000] {dag.py:4180} INFO - Setting next_dagrun for consume_1_and_2_with_dataset_expressions to None, run_after=None
[2025-02-02T12:16:36.700+0000] {logging_mixin.py:190} INFO - [2025-02-02T12:16:36.699+0000] {dag.py:4180} INFO - Setting next_dagrun for consume_1_or_2_with_dataset_expressions to None, run_after=None
[2025-02-02T12:16:36.700+0000] {logging_mixin.py:190} INFO - [2025-02-02T12:16:36.700+0000] {dag.py:4180} INFO - Setting next_dagrun for consume_1_or_both_2_and_3_with_dataset_expressions to None, run_after=None
[2025-02-02T12:16:36.702+0000] {logging_mixin.py:190} INFO - [2025-02-02T12:16:36.701+0000] {dag.py:4180} INFO - Setting next_dagrun for dataset_consumes_1 to None, run_after=None
[2025-02-02T12:16:36.703+0000] {logging_mixin.py:190} INFO - [2025-02-02T12:16:36.702+0000] {dag.py:4180} INFO - Setting next_dagrun for dataset_consumes_1_and_2 to None, run_after=None
[2025-02-02T12:16:36.704+0000] {logging_mixin.py:190} INFO - [2025-02-02T12:16:36.704+0000] {dag.py:4180} INFO - Setting next_dagrun for dataset_consumes_1_never_scheduled to None, run_after=None
[2025-02-02T12:16:36.705+0000] {logging_mixin.py:190} INFO - [2025-02-02T12:16:36.705+0000] {dag.py:4180} INFO - Setting next_dagrun for dataset_consumes_unknown_never_scheduled to None, run_after=None
[2025-02-02T12:16:36.708+0000] {logging_mixin.py:190} INFO - [2025-02-02T12:16:36.707+0000] {dag.py:4180} INFO - Setting next_dagrun for dataset_produces_1 to 2025-02-01 00:00:00+00:00, run_after=2025-02-02 00:00:00+00:00
[2025-02-02T12:16:36.709+0000] {logging_mixin.py:190} INFO - [2025-02-02T12:16:36.709+0000] {dag.py:4180} INFO - Setting next_dagrun for dataset_produces_2 to None, run_after=None
[2025-02-02T12:16:36.784+0000] {processor.py:208} INFO - Processing /home/airflow/.local/lib/python3.12/site-packages/airflow/example_dags/example_datasets.py took 1.994 seconds
[2025-02-02T12:17:07.630+0000] {processor.py:186} INFO - Started process (PID=125) to work on /home/airflow/.local/lib/python3.12/site-packages/airflow/example_dags/example_datasets.py
[2025-02-02T12:17:07.631+0000] {processor.py:914} INFO - Processing file /home/airflow/.local/lib/python3.12/site-packages/airflow/example_dags/example_datasets.py for tasks to queue
[2025-02-02T12:17:07.635+0000] {logging_mixin.py:190} INFO - [2025-02-02T12:17:07.634+0000] {dagbag.py:588} INFO - Filling up the DagBag from /home/airflow/.local/lib/python3.12/site-packages/airflow/example_dags/example_datasets.py
[2025-02-02T12:17:08.385+0000] {processor.py:925} INFO - DAG(s) 'dataset_consumes_1_never_scheduled', 'dataset_consumes_1', 'consume_1_or_2_with_dataset_expressions', 'dataset_consumes_1_and_2', 'conditional_dataset_and_time_based_timetable', 'consume_1_and_2_with_dataset_expressions', 'dataset_produces_1', 'dataset_produces_2', 'dataset_consumes_unknown_never_scheduled', 'consume_1_or_both_2_and_3_with_dataset_expressions' retrieved from /home/airflow/.local/lib/python3.12/site-packages/airflow/example_dags/example_datasets.py
[2025-02-02T12:17:08.454+0000] {logging_mixin.py:190} INFO - [2025-02-02T12:17:08.454+0000] {dag.py:3239} INFO - Sync 10 DAGs
[2025-02-02T12:17:08.486+0000] {logging_mixin.py:190} INFO - [2025-02-02T12:17:08.485+0000] {dag.py:4180} INFO - Setting next_dagrun for conditional_dataset_and_time_based_timetable to 2025-01-29 01:00:00+00:00, run_after=2025-01-29 01:00:00+00:00
[2025-02-02T12:17:08.491+0000] {logging_mixin.py:190} INFO - [2025-02-02T12:17:08.490+0000] {dag.py:4180} INFO - Setting next_dagrun for consume_1_and_2_with_dataset_expressions to None, run_after=None
[2025-02-02T12:17:08.494+0000] {logging_mixin.py:190} INFO - [2025-02-02T12:17:08.493+0000] {dag.py:4180} INFO - Setting next_dagrun for consume_1_or_2_with_dataset_expressions to None, run_after=None
[2025-02-02T12:17:08.496+0000] {logging_mixin.py:190} INFO - [2025-02-02T12:17:08.496+0000] {dag.py:4180} INFO - Setting next_dagrun for consume_1_or_both_2_and_3_with_dataset_expressions to None, run_after=None
[2025-02-02T12:17:08.498+0000] {logging_mixin.py:190} INFO - [2025-02-02T12:17:08.498+0000] {dag.py:4180} INFO - Setting next_dagrun for dataset_consumes_1 to None, run_after=None
[2025-02-02T12:17:08.502+0000] {logging_mixin.py:190} INFO - [2025-02-02T12:17:08.501+0000] {dag.py:4180} INFO - Setting next_dagrun for dataset_consumes_1_and_2 to None, run_after=None
[2025-02-02T12:17:08.506+0000] {logging_mixin.py:190} INFO - [2025-02-02T12:17:08.505+0000] {dag.py:4180} INFO - Setting next_dagrun for dataset_consumes_1_never_scheduled to None, run_after=None
[2025-02-02T12:17:08.509+0000] {logging_mixin.py:190} INFO - [2025-02-02T12:17:08.508+0000] {dag.py:4180} INFO - Setting next_dagrun for dataset_consumes_unknown_never_scheduled to None, run_after=None
[2025-02-02T12:17:08.514+0000] {logging_mixin.py:190} INFO - [2025-02-02T12:17:08.513+0000] {dag.py:4180} INFO - Setting next_dagrun for dataset_produces_1 to 2025-02-01 00:00:00+00:00, run_after=2025-02-02 00:00:00+00:00
[2025-02-02T12:17:08.516+0000] {logging_mixin.py:190} INFO - [2025-02-02T12:17:08.516+0000] {dag.py:4180} INFO - Setting next_dagrun for dataset_produces_2 to None, run_after=None
[2025-02-02T12:17:08.569+0000] {processor.py:208} INFO - Processing /home/airflow/.local/lib/python3.12/site-packages/airflow/example_dags/example_datasets.py took 0.948 seconds
[2025-02-02T12:17:39.517+0000] {processor.py:186} INFO - Started process (PID=188) to work on /home/airflow/.local/lib/python3.12/site-packages/airflow/example_dags/example_datasets.py
[2025-02-02T12:17:39.518+0000] {processor.py:914} INFO - Processing file /home/airflow/.local/lib/python3.12/site-packages/airflow/example_dags/example_datasets.py for tasks to queue
[2025-02-02T12:17:39.521+0000] {logging_mixin.py:190} INFO - [2025-02-02T12:17:39.521+0000] {dagbag.py:588} INFO - Filling up the DagBag from /home/airflow/.local/lib/python3.12/site-packages/airflow/example_dags/example_datasets.py
[2025-02-02T12:17:40.173+0000] {processor.py:925} INFO - DAG(s) 'dataset_consumes_1', 'conditional_dataset_and_time_based_timetable', 'consume_1_and_2_with_dataset_expressions', 'dataset_consumes_unknown_never_scheduled', 'dataset_produces_2', 'consume_1_or_both_2_and_3_with_dataset_expressions', 'dataset_consumes_1_never_scheduled', 'dataset_consumes_1_and_2', 'dataset_produces_1', 'consume_1_or_2_with_dataset_expressions' retrieved from /home/airflow/.local/lib/python3.12/site-packages/airflow/example_dags/example_datasets.py
[2025-02-02T12:17:40.230+0000] {logging_mixin.py:190} INFO - [2025-02-02T12:17:40.229+0000] {dag.py:3239} INFO - Sync 10 DAGs
[2025-02-02T12:17:40.258+0000] {logging_mixin.py:190} INFO - [2025-02-02T12:17:40.257+0000] {dag.py:4180} INFO - Setting next_dagrun for conditional_dataset_and_time_based_timetable to 2025-01-29 01:00:00+00:00, run_after=2025-01-29 01:00:00+00:00
[2025-02-02T12:17:40.264+0000] {logging_mixin.py:190} INFO - [2025-02-02T12:17:40.263+0000] {dag.py:4180} INFO - Setting next_dagrun for consume_1_and_2_with_dataset_expressions to None, run_after=None
[2025-02-02T12:17:40.267+0000] {logging_mixin.py:190} INFO - [2025-02-02T12:17:40.266+0000] {dag.py:4180} INFO - Setting next_dagrun for consume_1_or_2_with_dataset_expressions to None, run_after=None
[2025-02-02T12:17:40.269+0000] {logging_mixin.py:190} INFO - [2025-02-02T12:17:40.269+0000] {dag.py:4180} INFO - Setting next_dagrun for consume_1_or_both_2_and_3_with_dataset_expressions to None, run_after=None
[2025-02-02T12:17:40.272+0000] {logging_mixin.py:190} INFO - [2025-02-02T12:17:40.272+0000] {dag.py:4180} INFO - Setting next_dagrun for dataset_consumes_1 to None, run_after=None
[2025-02-02T12:17:40.275+0000] {logging_mixin.py:190} INFO - [2025-02-02T12:17:40.275+0000] {dag.py:4180} INFO - Setting next_dagrun for dataset_consumes_1_and_2 to None, run_after=None
[2025-02-02T12:17:40.278+0000] {logging_mixin.py:190} INFO - [2025-02-02T12:17:40.278+0000] {dag.py:4180} INFO - Setting next_dagrun for dataset_consumes_1_never_scheduled to None, run_after=None
[2025-02-02T12:17:40.281+0000] {logging_mixin.py:190} INFO - [2025-02-02T12:17:40.281+0000] {dag.py:4180} INFO - Setting next_dagrun for dataset_consumes_unknown_never_scheduled to None, run_after=None
[2025-02-02T12:17:40.287+0000] {logging_mixin.py:190} INFO - [2025-02-02T12:17:40.286+0000] {dag.py:4180} INFO - Setting next_dagrun for dataset_produces_1 to 2025-02-01 00:00:00+00:00, run_after=2025-02-02 00:00:00+00:00
[2025-02-02T12:17:40.289+0000] {logging_mixin.py:190} INFO - [2025-02-02T12:17:40.289+0000] {dag.py:4180} INFO - Setting next_dagrun for dataset_produces_2 to None, run_after=None
[2025-02-02T12:17:40.346+0000] {processor.py:208} INFO - Processing /home/airflow/.local/lib/python3.12/site-packages/airflow/example_dags/example_datasets.py took 0.834 seconds
[2025-02-02T12:18:10.838+0000] {processor.py:186} INFO - Started process (PID=251) to work on /home/airflow/.local/lib/python3.12/site-packages/airflow/example_dags/example_datasets.py
[2025-02-02T12:18:10.840+0000] {processor.py:914} INFO - Processing file /home/airflow/.local/lib/python3.12/site-packages/airflow/example_dags/example_datasets.py for tasks to queue
[2025-02-02T12:18:10.843+0000] {logging_mixin.py:190} INFO - [2025-02-02T12:18:10.842+0000] {dagbag.py:588} INFO - Filling up the DagBag from /home/airflow/.local/lib/python3.12/site-packages/airflow/example_dags/example_datasets.py
[2025-02-02T12:18:11.549+0000] {processor.py:925} INFO - DAG(s) 'dataset_produces_1', 'consume_1_or_2_with_dataset_expressions', 'consume_1_or_both_2_and_3_with_dataset_expressions', 'dataset_consumes_1_never_scheduled', 'dataset_consumes_unknown_never_scheduled', 'dataset_consumes_1', 'dataset_consumes_1_and_2', 'conditional_dataset_and_time_based_timetable', 'dataset_produces_2', 'consume_1_and_2_with_dataset_expressions' retrieved from /home/airflow/.local/lib/python3.12/site-packages/airflow/example_dags/example_datasets.py
[2025-02-02T12:18:11.608+0000] {logging_mixin.py:190} INFO - [2025-02-02T12:18:11.608+0000] {dag.py:3239} INFO - Sync 10 DAGs
[2025-02-02T12:18:11.640+0000] {logging_mixin.py:190} INFO - [2025-02-02T12:18:11.640+0000] {dag.py:4180} INFO - Setting next_dagrun for conditional_dataset_and_time_based_timetable to 2025-01-29 01:00:00+00:00, run_after=2025-01-29 01:00:00+00:00
[2025-02-02T12:18:11.645+0000] {logging_mixin.py:190} INFO - [2025-02-02T12:18:11.645+0000] {dag.py:4180} INFO - Setting next_dagrun for consume_1_and_2_with_dataset_expressions to None, run_after=None
[2025-02-02T12:18:11.647+0000] {logging_mixin.py:190} INFO - [2025-02-02T12:18:11.647+0000] {dag.py:4180} INFO - Setting next_dagrun for consume_1_or_2_with_dataset_expressions to None, run_after=None
[2025-02-02T12:18:11.649+0000] {logging_mixin.py:190} INFO - [2025-02-02T12:18:11.649+0000] {dag.py:4180} INFO - Setting next_dagrun for consume_1_or_both_2_and_3_with_dataset_expressions to None, run_after=None
[2025-02-02T12:18:11.652+0000] {logging_mixin.py:190} INFO - [2025-02-02T12:18:11.651+0000] {dag.py:4180} INFO - Setting next_dagrun for dataset_consumes_1 to None, run_after=None
[2025-02-02T12:18:11.654+0000] {logging_mixin.py:190} INFO - [2025-02-02T12:18:11.653+0000] {dag.py:4180} INFO - Setting next_dagrun for dataset_consumes_1_and_2 to None, run_after=None
[2025-02-02T12:18:11.656+0000] {logging_mixin.py:190} INFO - [2025-02-02T12:18:11.655+0000] {dag.py:4180} INFO - Setting next_dagrun for dataset_consumes_1_never_scheduled to None, run_after=None
[2025-02-02T12:18:11.657+0000] {logging_mixin.py:190} INFO - [2025-02-02T12:18:11.657+0000] {dag.py:4180} INFO - Setting next_dagrun for dataset_consumes_unknown_never_scheduled to None, run_after=None
[2025-02-02T12:18:11.661+0000] {logging_mixin.py:190} INFO - [2025-02-02T12:18:11.661+0000] {dag.py:4180} INFO - Setting next_dagrun for dataset_produces_1 to 2025-02-01 00:00:00+00:00, run_after=2025-02-02 00:00:00+00:00
[2025-02-02T12:18:11.663+0000] {logging_mixin.py:190} INFO - [2025-02-02T12:18:11.663+0000] {dag.py:4180} INFO - Setting next_dagrun for dataset_produces_2 to None, run_after=None
[2025-02-02T12:18:11.708+0000] {processor.py:208} INFO - Processing /home/airflow/.local/lib/python3.12/site-packages/airflow/example_dags/example_datasets.py took 0.875 seconds
[2025-02-02T12:18:41.987+0000] {processor.py:186} INFO - Started process (PID=314) to work on /home/airflow/.local/lib/python3.12/site-packages/airflow/example_dags/example_datasets.py
[2025-02-02T12:18:41.988+0000] {processor.py:914} INFO - Processing file /home/airflow/.local/lib/python3.12/site-packages/airflow/example_dags/example_datasets.py for tasks to queue
[2025-02-02T12:18:41.991+0000] {logging_mixin.py:190} INFO - [2025-02-02T12:18:41.991+0000] {dagbag.py:588} INFO - Filling up the DagBag from /home/airflow/.local/lib/python3.12/site-packages/airflow/example_dags/example_datasets.py
[2025-02-02T12:18:42.645+0000] {processor.py:925} INFO - DAG(s) 'dataset_produces_1', 'conditional_dataset_and_time_based_timetable', 'consume_1_or_2_with_dataset_expressions', 'consume_1_or_both_2_and_3_with_dataset_expressions', 'dataset_produces_2', 'dataset_consumes_unknown_never_scheduled', 'consume_1_and_2_with_dataset_expressions', 'dataset_consumes_1_never_scheduled', 'dataset_consumes_1', 'dataset_consumes_1_and_2' retrieved from /home/airflow/.local/lib/python3.12/site-packages/airflow/example_dags/example_datasets.py
[2025-02-02T12:18:42.716+0000] {logging_mixin.py:190} INFO - [2025-02-02T12:18:42.715+0000] {dag.py:3239} INFO - Sync 10 DAGs
[2025-02-02T12:18:42.753+0000] {logging_mixin.py:190} INFO - [2025-02-02T12:18:42.752+0000] {dag.py:4180} INFO - Setting next_dagrun for conditional_dataset_and_time_based_timetable to 2025-01-29 01:00:00+00:00, run_after=2025-01-29 01:00:00+00:00
[2025-02-02T12:18:42.760+0000] {logging_mixin.py:190} INFO - [2025-02-02T12:18:42.759+0000] {dag.py:4180} INFO - Setting next_dagrun for consume_1_and_2_with_dataset_expressions to None, run_after=None
[2025-02-02T12:18:42.763+0000] {logging_mixin.py:190} INFO - [2025-02-02T12:18:42.763+0000] {dag.py:4180} INFO - Setting next_dagrun for consume_1_or_2_with_dataset_expressions to None, run_after=None
[2025-02-02T12:18:42.766+0000] {logging_mixin.py:190} INFO - [2025-02-02T12:18:42.765+0000] {dag.py:4180} INFO - Setting next_dagrun for consume_1_or_both_2_and_3_with_dataset_expressions to None, run_after=None
[2025-02-02T12:18:42.770+0000] {logging_mixin.py:190} INFO - [2025-02-02T12:18:42.770+0000] {dag.py:4180} INFO - Setting next_dagrun for dataset_consumes_1 to None, run_after=None
[2025-02-02T12:18:42.773+0000] {logging_mixin.py:190} INFO - [2025-02-02T12:18:42.773+0000] {dag.py:4180} INFO - Setting next_dagrun for dataset_consumes_1_and_2 to None, run_after=None
[2025-02-02T12:18:42.777+0000] {logging_mixin.py:190} INFO - [2025-02-02T12:18:42.776+0000] {dag.py:4180} INFO - Setting next_dagrun for dataset_consumes_1_never_scheduled to None, run_after=None
[2025-02-02T12:18:42.781+0000] {logging_mixin.py:190} INFO - [2025-02-02T12:18:42.780+0000] {dag.py:4180} INFO - Setting next_dagrun for dataset_consumes_unknown_never_scheduled to None, run_after=None
[2025-02-02T12:18:42.786+0000] {logging_mixin.py:190} INFO - [2025-02-02T12:18:42.786+0000] {dag.py:4180} INFO - Setting next_dagrun for dataset_produces_1 to 2025-02-01 00:00:00+00:00, run_after=2025-02-02 00:00:00+00:00
[2025-02-02T12:18:42.789+0000] {logging_mixin.py:190} INFO - [2025-02-02T12:18:42.789+0000] {dag.py:4180} INFO - Setting next_dagrun for dataset_produces_2 to None, run_after=None
[2025-02-02T12:18:42.844+0000] {processor.py:208} INFO - Processing /home/airflow/.local/lib/python3.12/site-packages/airflow/example_dags/example_datasets.py took 0.863 seconds
[2025-02-02T12:19:13.565+0000] {processor.py:186} INFO - Started process (PID=377) to work on /home/airflow/.local/lib/python3.12/site-packages/airflow/example_dags/example_datasets.py
[2025-02-02T12:19:13.567+0000] {processor.py:914} INFO - Processing file /home/airflow/.local/lib/python3.12/site-packages/airflow/example_dags/example_datasets.py for tasks to queue
[2025-02-02T12:19:13.570+0000] {logging_mixin.py:190} INFO - [2025-02-02T12:19:13.569+0000] {dagbag.py:588} INFO - Filling up the DagBag from /home/airflow/.local/lib/python3.12/site-packages/airflow/example_dags/example_datasets.py
[2025-02-02T12:19:14.192+0000] {processor.py:925} INFO - DAG(s) 'dataset_produces_2', 'dataset_consumes_1_never_scheduled', 'dataset_produces_1', 'dataset_consumes_1', 'consume_1_or_2_with_dataset_expressions', 'dataset_consumes_1_and_2', 'conditional_dataset_and_time_based_timetable', 'dataset_consumes_unknown_never_scheduled', 'consume_1_and_2_with_dataset_expressions', 'consume_1_or_both_2_and_3_with_dataset_expressions' retrieved from /home/airflow/.local/lib/python3.12/site-packages/airflow/example_dags/example_datasets.py
[2025-02-02T12:19:14.245+0000] {logging_mixin.py:190} INFO - [2025-02-02T12:19:14.245+0000] {dag.py:3239} INFO - Sync 10 DAGs
[2025-02-02T12:19:14.275+0000] {logging_mixin.py:190} INFO - [2025-02-02T12:19:14.274+0000] {dag.py:4180} INFO - Setting next_dagrun for conditional_dataset_and_time_based_timetable to 2025-01-29 01:00:00+00:00, run_after=2025-01-29 01:00:00+00:00
[2025-02-02T12:19:14.280+0000] {logging_mixin.py:190} INFO - [2025-02-02T12:19:14.280+0000] {dag.py:4180} INFO - Setting next_dagrun for consume_1_and_2_with_dataset_expressions to None, run_after=None
[2025-02-02T12:19:14.283+0000] {logging_mixin.py:190} INFO - [2025-02-02T12:19:14.282+0000] {dag.py:4180} INFO - Setting next_dagrun for consume_1_or_2_with_dataset_expressions to None, run_after=None
[2025-02-02T12:19:14.285+0000] {logging_mixin.py:190} INFO - [2025-02-02T12:19:14.285+0000] {dag.py:4180} INFO - Setting next_dagrun for consume_1_or_both_2_and_3_with_dataset_expressions to None, run_after=None
[2025-02-02T12:19:14.287+0000] {logging_mixin.py:190} INFO - [2025-02-02T12:19:14.287+0000] {dag.py:4180} INFO - Setting next_dagrun for dataset_consumes_1 to None, run_after=None
[2025-02-02T12:19:14.289+0000] {logging_mixin.py:190} INFO - [2025-02-02T12:19:14.289+0000] {dag.py:4180} INFO - Setting next_dagrun for dataset_consumes_1_and_2 to None, run_after=None
[2025-02-02T12:19:14.291+0000] {logging_mixin.py:190} INFO - [2025-02-02T12:19:14.291+0000] {dag.py:4180} INFO - Setting next_dagrun for dataset_consumes_1_never_scheduled to None, run_after=None
[2025-02-02T12:19:14.293+0000] {logging_mixin.py:190} INFO - [2025-02-02T12:19:14.293+0000] {dag.py:4180} INFO - Setting next_dagrun for dataset_consumes_unknown_never_scheduled to None, run_after=None
[2025-02-02T12:19:14.297+0000] {logging_mixin.py:190} INFO - [2025-02-02T12:19:14.296+0000] {dag.py:4180} INFO - Setting next_dagrun for dataset_produces_1 to 2025-02-01 00:00:00+00:00, run_after=2025-02-02 00:00:00+00:00
[2025-02-02T12:19:14.299+0000] {logging_mixin.py:190} INFO - [2025-02-02T12:19:14.299+0000] {dag.py:4180} INFO - Setting next_dagrun for dataset_produces_2 to None, run_after=None
[2025-02-02T12:19:14.345+0000] {processor.py:208} INFO - Processing /home/airflow/.local/lib/python3.12/site-packages/airflow/example_dags/example_datasets.py took 0.786 seconds
[2025-02-02T12:19:44.770+0000] {processor.py:186} INFO - Started process (PID=440) to work on /home/airflow/.local/lib/python3.12/site-packages/airflow/example_dags/example_datasets.py
[2025-02-02T12:19:44.773+0000] {processor.py:914} INFO - Processing file /home/airflow/.local/lib/python3.12/site-packages/airflow/example_dags/example_datasets.py for tasks to queue
[2025-02-02T12:19:44.777+0000] {logging_mixin.py:190} INFO - [2025-02-02T12:19:44.776+0000] {dagbag.py:588} INFO - Filling up the DagBag from /home/airflow/.local/lib/python3.12/site-packages/airflow/example_dags/example_datasets.py
[2025-02-02T12:19:45.889+0000] {processor.py:925} INFO - DAG(s) 'dataset_consumes_1_and_2', 'dataset_produces_1', 'dataset_produces_2', 'consume_1_or_both_2_and_3_with_dataset_expressions', 'dataset_consumes_1_never_scheduled', 'consume_1_or_2_with_dataset_expressions', 'consume_1_and_2_with_dataset_expressions', 'dataset_consumes_unknown_never_scheduled', 'dataset_consumes_1', 'conditional_dataset_and_time_based_timetable' retrieved from /home/airflow/.local/lib/python3.12/site-packages/airflow/example_dags/example_datasets.py
[2025-02-02T12:19:45.978+0000] {logging_mixin.py:190} INFO - [2025-02-02T12:19:45.977+0000] {dag.py:3239} INFO - Sync 10 DAGs
[2025-02-02T12:19:46.017+0000] {logging_mixin.py:190} INFO - [2025-02-02T12:19:46.016+0000] {dag.py:4180} INFO - Setting next_dagrun for conditional_dataset_and_time_based_timetable to 2025-01-29 01:00:00+00:00, run_after=2025-01-29 01:00:00+00:00
[2025-02-02T12:19:46.023+0000] {logging_mixin.py:190} INFO - [2025-02-02T12:19:46.022+0000] {dag.py:4180} INFO - Setting next_dagrun for consume_1_and_2_with_dataset_expressions to None, run_after=None
[2025-02-02T12:19:46.026+0000] {logging_mixin.py:190} INFO - [2025-02-02T12:19:46.025+0000] {dag.py:4180} INFO - Setting next_dagrun for consume_1_or_2_with_dataset_expressions to None, run_after=None
[2025-02-02T12:19:46.030+0000] {logging_mixin.py:190} INFO - [2025-02-02T12:19:46.029+0000] {dag.py:4180} INFO - Setting next_dagrun for consume_1_or_both_2_and_3_with_dataset_expressions to None, run_after=None
[2025-02-02T12:19:46.033+0000] {logging_mixin.py:190} INFO - [2025-02-02T12:19:46.032+0000] {dag.py:4180} INFO - Setting next_dagrun for dataset_consumes_1 to None, run_after=None
[2025-02-02T12:19:46.035+0000] {logging_mixin.py:190} INFO - [2025-02-02T12:19:46.035+0000] {dag.py:4180} INFO - Setting next_dagrun for dataset_consumes_1_and_2 to None, run_after=None
[2025-02-02T12:19:46.039+0000] {logging_mixin.py:190} INFO - [2025-02-02T12:19:46.038+0000] {dag.py:4180} INFO - Setting next_dagrun for dataset_consumes_1_never_scheduled to None, run_after=None
[2025-02-02T12:19:46.041+0000] {logging_mixin.py:190} INFO - [2025-02-02T12:19:46.041+0000] {dag.py:4180} INFO - Setting next_dagrun for dataset_consumes_unknown_never_scheduled to None, run_after=None
[2025-02-02T12:19:46.047+0000] {logging_mixin.py:190} INFO - [2025-02-02T12:19:46.047+0000] {dag.py:4180} INFO - Setting next_dagrun for dataset_produces_1 to 2025-02-01 00:00:00+00:00, run_after=2025-02-02 00:00:00+00:00
[2025-02-02T12:19:46.050+0000] {logging_mixin.py:190} INFO - [2025-02-02T12:19:46.049+0000] {dag.py:4180} INFO - Setting next_dagrun for dataset_produces_2 to None, run_after=None
[2025-02-02T12:19:46.117+0000] {processor.py:208} INFO - Processing /home/airflow/.local/lib/python3.12/site-packages/airflow/example_dags/example_datasets.py took 1.358 seconds
[2025-02-02T12:20:16.689+0000] {processor.py:186} INFO - Started process (PID=503) to work on /home/airflow/.local/lib/python3.12/site-packages/airflow/example_dags/example_datasets.py
[2025-02-02T12:20:16.692+0000] {processor.py:914} INFO - Processing file /home/airflow/.local/lib/python3.12/site-packages/airflow/example_dags/example_datasets.py for tasks to queue
[2025-02-02T12:20:16.698+0000] {logging_mixin.py:190} INFO - [2025-02-02T12:20:16.697+0000] {dagbag.py:588} INFO - Filling up the DagBag from /home/airflow/.local/lib/python3.12/site-packages/airflow/example_dags/example_datasets.py
[2025-02-02T12:20:17.636+0000] {processor.py:925} INFO - DAG(s) 'dataset_consumes_1_and_2', 'dataset_produces_1', 'dataset_consumes_unknown_never_scheduled', 'consume_1_and_2_with_dataset_expressions', 'consume_1_or_2_with_dataset_expressions', 'consume_1_or_both_2_and_3_with_dataset_expressions', 'conditional_dataset_and_time_based_timetable', 'dataset_consumes_1', 'dataset_produces_2', 'dataset_consumes_1_never_scheduled' retrieved from /home/airflow/.local/lib/python3.12/site-packages/airflow/example_dags/example_datasets.py
[2025-02-02T12:20:17.712+0000] {logging_mixin.py:190} INFO - [2025-02-02T12:20:17.711+0000] {dag.py:3239} INFO - Sync 10 DAGs
[2025-02-02T12:20:17.761+0000] {logging_mixin.py:190} INFO - [2025-02-02T12:20:17.760+0000] {dag.py:4180} INFO - Setting next_dagrun for conditional_dataset_and_time_based_timetable to 2025-01-29 01:00:00+00:00, run_after=2025-01-29 01:00:00+00:00
[2025-02-02T12:20:17.768+0000] {logging_mixin.py:190} INFO - [2025-02-02T12:20:17.768+0000] {dag.py:4180} INFO - Setting next_dagrun for consume_1_and_2_with_dataset_expressions to None, run_after=None
[2025-02-02T12:20:17.772+0000] {logging_mixin.py:190} INFO - [2025-02-02T12:20:17.771+0000] {dag.py:4180} INFO - Setting next_dagrun for consume_1_or_2_with_dataset_expressions to None, run_after=None
[2025-02-02T12:20:17.775+0000] {logging_mixin.py:190} INFO - [2025-02-02T12:20:17.774+0000] {dag.py:4180} INFO - Setting next_dagrun for consume_1_or_both_2_and_3_with_dataset_expressions to None, run_after=None
[2025-02-02T12:20:17.778+0000] {logging_mixin.py:190} INFO - [2025-02-02T12:20:17.778+0000] {dag.py:4180} INFO - Setting next_dagrun for dataset_consumes_1 to None, run_after=None
[2025-02-02T12:20:17.781+0000] {logging_mixin.py:190} INFO - [2025-02-02T12:20:17.781+0000] {dag.py:4180} INFO - Setting next_dagrun for dataset_consumes_1_and_2 to None, run_after=None
[2025-02-02T12:20:17.784+0000] {logging_mixin.py:190} INFO - [2025-02-02T12:20:17.783+0000] {dag.py:4180} INFO - Setting next_dagrun for dataset_consumes_1_never_scheduled to None, run_after=None
[2025-02-02T12:20:17.786+0000] {logging_mixin.py:190} INFO - [2025-02-02T12:20:17.786+0000] {dag.py:4180} INFO - Setting next_dagrun for dataset_consumes_unknown_never_scheduled to None, run_after=None
[2025-02-02T12:20:17.791+0000] {logging_mixin.py:190} INFO - [2025-02-02T12:20:17.791+0000] {dag.py:4180} INFO - Setting next_dagrun for dataset_produces_1 to 2025-02-01 00:00:00+00:00, run_after=2025-02-02 00:00:00+00:00
[2025-02-02T12:20:17.794+0000] {logging_mixin.py:190} INFO - [2025-02-02T12:20:17.794+0000] {dag.py:4180} INFO - Setting next_dagrun for dataset_produces_2 to None, run_after=None
[2025-02-02T12:20:17.864+0000] {processor.py:208} INFO - Processing /home/airflow/.local/lib/python3.12/site-packages/airflow/example_dags/example_datasets.py took 1.190 seconds
[2025-02-02T16:18:50.656+0000] {processor.py:186} INFO - Started process (PID=56) to work on /home/airflow/.local/lib/python3.12/site-packages/airflow/example_dags/example_datasets.py
[2025-02-02T16:18:50.657+0000] {processor.py:914} INFO - Processing file /home/airflow/.local/lib/python3.12/site-packages/airflow/example_dags/example_datasets.py for tasks to queue
[2025-02-02T16:18:50.660+0000] {logging_mixin.py:190} INFO - [2025-02-02T16:18:50.660+0000] {dagbag.py:588} INFO - Filling up the DagBag from /home/airflow/.local/lib/python3.12/site-packages/airflow/example_dags/example_datasets.py
[2025-02-02T16:18:51.260+0000] {processor.py:925} INFO - DAG(s) 'dataset_consumes_1', 'dataset_consumes_unknown_never_scheduled', 'dataset_consumes_1_never_scheduled', 'dataset_produces_2', 'conditional_dataset_and_time_based_timetable', 'consume_1_or_both_2_and_3_with_dataset_expressions', 'dataset_consumes_1_and_2', 'consume_1_or_2_with_dataset_expressions', 'consume_1_and_2_with_dataset_expressions', 'dataset_produces_1' retrieved from /home/airflow/.local/lib/python3.12/site-packages/airflow/example_dags/example_datasets.py
[2025-02-02T16:18:51.329+0000] {logging_mixin.py:190} INFO - [2025-02-02T16:18:51.329+0000] {dag.py:3239} INFO - Sync 10 DAGs
[2025-02-02T16:18:51.357+0000] {logging_mixin.py:190} INFO - [2025-02-02T16:18:51.357+0000] {dag.py:4180} INFO - Setting next_dagrun for conditional_dataset_and_time_based_timetable to 2025-01-29 01:00:00+00:00, run_after=2025-01-29 01:00:00+00:00
[2025-02-02T16:18:51.363+0000] {logging_mixin.py:190} INFO - [2025-02-02T16:18:51.362+0000] {dag.py:4180} INFO - Setting next_dagrun for consume_1_and_2_with_dataset_expressions to None, run_after=None
[2025-02-02T16:18:51.365+0000] {logging_mixin.py:190} INFO - [2025-02-02T16:18:51.365+0000] {dag.py:4180} INFO - Setting next_dagrun for consume_1_or_2_with_dataset_expressions to None, run_after=None
[2025-02-02T16:18:51.367+0000] {logging_mixin.py:190} INFO - [2025-02-02T16:18:51.367+0000] {dag.py:4180} INFO - Setting next_dagrun for consume_1_or_both_2_and_3_with_dataset_expressions to None, run_after=None
[2025-02-02T16:18:51.369+0000] {logging_mixin.py:190} INFO - [2025-02-02T16:18:51.369+0000] {dag.py:4180} INFO - Setting next_dagrun for dataset_consumes_1 to None, run_after=None
[2025-02-02T16:18:51.372+0000] {logging_mixin.py:190} INFO - [2025-02-02T16:18:51.372+0000] {dag.py:4180} INFO - Setting next_dagrun for dataset_consumes_1_and_2 to None, run_after=None
[2025-02-02T16:18:51.374+0000] {logging_mixin.py:190} INFO - [2025-02-02T16:18:51.374+0000] {dag.py:4180} INFO - Setting next_dagrun for dataset_consumes_1_never_scheduled to None, run_after=None
[2025-02-02T16:18:51.376+0000] {logging_mixin.py:190} INFO - [2025-02-02T16:18:51.376+0000] {dag.py:4180} INFO - Setting next_dagrun for dataset_consumes_unknown_never_scheduled to None, run_after=None
[2025-02-02T16:18:51.379+0000] {logging_mixin.py:190} INFO - [2025-02-02T16:18:51.379+0000] {dag.py:4180} INFO - Setting next_dagrun for dataset_produces_1 to 2025-02-01 00:00:00+00:00, run_after=2025-02-02 00:00:00+00:00
[2025-02-02T16:18:51.381+0000] {logging_mixin.py:190} INFO - [2025-02-02T16:18:51.381+0000] {dag.py:4180} INFO - Setting next_dagrun for dataset_produces_2 to None, run_after=None
[2025-02-02T16:18:51.423+0000] {processor.py:208} INFO - Processing /home/airflow/.local/lib/python3.12/site-packages/airflow/example_dags/example_datasets.py took 0.772 seconds
[2025-02-02T16:19:22.080+0000] {processor.py:186} INFO - Started process (PID=119) to work on /home/airflow/.local/lib/python3.12/site-packages/airflow/example_dags/example_datasets.py
[2025-02-02T16:19:22.081+0000] {processor.py:914} INFO - Processing file /home/airflow/.local/lib/python3.12/site-packages/airflow/example_dags/example_datasets.py for tasks to queue
[2025-02-02T16:19:22.084+0000] {logging_mixin.py:190} INFO - [2025-02-02T16:19:22.083+0000] {dagbag.py:588} INFO - Filling up the DagBag from /home/airflow/.local/lib/python3.12/site-packages/airflow/example_dags/example_datasets.py
[2025-02-02T16:19:22.707+0000] {processor.py:925} INFO - DAG(s) 'consume_1_and_2_with_dataset_expressions', 'consume_1_or_2_with_dataset_expressions', 'dataset_consumes_1_and_2', 'dataset_consumes_1_never_scheduled', 'dataset_produces_1', 'consume_1_or_both_2_and_3_with_dataset_expressions', 'conditional_dataset_and_time_based_timetable', 'dataset_consumes_1', 'dataset_produces_2', 'dataset_consumes_unknown_never_scheduled' retrieved from /home/airflow/.local/lib/python3.12/site-packages/airflow/example_dags/example_datasets.py
[2025-02-02T16:19:22.763+0000] {logging_mixin.py:190} INFO - [2025-02-02T16:19:22.763+0000] {dag.py:3239} INFO - Sync 10 DAGs
[2025-02-02T16:19:22.795+0000] {logging_mixin.py:190} INFO - [2025-02-02T16:19:22.794+0000] {dag.py:4180} INFO - Setting next_dagrun for conditional_dataset_and_time_based_timetable to 2025-01-29 01:00:00+00:00, run_after=2025-01-29 01:00:00+00:00
[2025-02-02T16:19:22.800+0000] {logging_mixin.py:190} INFO - [2025-02-02T16:19:22.799+0000] {dag.py:4180} INFO - Setting next_dagrun for consume_1_and_2_with_dataset_expressions to None, run_after=None
[2025-02-02T16:19:22.802+0000] {logging_mixin.py:190} INFO - [2025-02-02T16:19:22.802+0000] {dag.py:4180} INFO - Setting next_dagrun for consume_1_or_2_with_dataset_expressions to None, run_after=None
[2025-02-02T16:19:22.804+0000] {logging_mixin.py:190} INFO - [2025-02-02T16:19:22.804+0000] {dag.py:4180} INFO - Setting next_dagrun for consume_1_or_both_2_and_3_with_dataset_expressions to None, run_after=None
[2025-02-02T16:19:22.806+0000] {logging_mixin.py:190} INFO - [2025-02-02T16:19:22.806+0000] {dag.py:4180} INFO - Setting next_dagrun for dataset_consumes_1 to None, run_after=None
[2025-02-02T16:19:22.808+0000] {logging_mixin.py:190} INFO - [2025-02-02T16:19:22.808+0000] {dag.py:4180} INFO - Setting next_dagrun for dataset_consumes_1_and_2 to None, run_after=None
[2025-02-02T16:19:22.810+0000] {logging_mixin.py:190} INFO - [2025-02-02T16:19:22.810+0000] {dag.py:4180} INFO - Setting next_dagrun for dataset_consumes_1_never_scheduled to None, run_after=None
[2025-02-02T16:19:22.813+0000] {logging_mixin.py:190} INFO - [2025-02-02T16:19:22.812+0000] {dag.py:4180} INFO - Setting next_dagrun for dataset_consumes_unknown_never_scheduled to None, run_after=None
[2025-02-02T16:19:22.816+0000] {logging_mixin.py:190} INFO - [2025-02-02T16:19:22.816+0000] {dag.py:4180} INFO - Setting next_dagrun for dataset_produces_1 to 2025-02-01 00:00:00+00:00, run_after=2025-02-02 00:00:00+00:00
[2025-02-02T16:19:22.818+0000] {logging_mixin.py:190} INFO - [2025-02-02T16:19:22.818+0000] {dag.py:4180} INFO - Setting next_dagrun for dataset_produces_2 to None, run_after=None
[2025-02-02T16:19:22.862+0000] {processor.py:208} INFO - Processing /home/airflow/.local/lib/python3.12/site-packages/airflow/example_dags/example_datasets.py took 0.787 seconds
[2025-02-02T16:19:53.307+0000] {processor.py:186} INFO - Started process (PID=182) to work on /home/airflow/.local/lib/python3.12/site-packages/airflow/example_dags/example_datasets.py
[2025-02-02T16:19:53.309+0000] {processor.py:914} INFO - Processing file /home/airflow/.local/lib/python3.12/site-packages/airflow/example_dags/example_datasets.py for tasks to queue
[2025-02-02T16:19:53.312+0000] {logging_mixin.py:190} INFO - [2025-02-02T16:19:53.311+0000] {dagbag.py:588} INFO - Filling up the DagBag from /home/airflow/.local/lib/python3.12/site-packages/airflow/example_dags/example_datasets.py
[2025-02-02T16:19:53.992+0000] {processor.py:925} INFO - DAG(s) 'dataset_consumes_1', 'consume_1_or_2_with_dataset_expressions', 'conditional_dataset_and_time_based_timetable', 'dataset_produces_1', 'consume_1_and_2_with_dataset_expressions', 'dataset_consumes_1_and_2', 'dataset_produces_2', 'dataset_consumes_1_never_scheduled', 'dataset_consumes_unknown_never_scheduled', 'consume_1_or_both_2_and_3_with_dataset_expressions' retrieved from /home/airflow/.local/lib/python3.12/site-packages/airflow/example_dags/example_datasets.py
[2025-02-02T16:19:54.062+0000] {logging_mixin.py:190} INFO - [2025-02-02T16:19:54.062+0000] {dag.py:3239} INFO - Sync 10 DAGs
[2025-02-02T16:19:54.098+0000] {logging_mixin.py:190} INFO - [2025-02-02T16:19:54.097+0000] {dag.py:4180} INFO - Setting next_dagrun for conditional_dataset_and_time_based_timetable to 2025-01-29 01:00:00+00:00, run_after=2025-01-29 01:00:00+00:00
[2025-02-02T16:19:54.103+0000] {logging_mixin.py:190} INFO - [2025-02-02T16:19:54.102+0000] {dag.py:4180} INFO - Setting next_dagrun for consume_1_and_2_with_dataset_expressions to None, run_after=None
[2025-02-02T16:19:54.105+0000] {logging_mixin.py:190} INFO - [2025-02-02T16:19:54.105+0000] {dag.py:4180} INFO - Setting next_dagrun for consume_1_or_2_with_dataset_expressions to None, run_after=None
[2025-02-02T16:19:54.108+0000] {logging_mixin.py:190} INFO - [2025-02-02T16:19:54.107+0000] {dag.py:4180} INFO - Setting next_dagrun for consume_1_or_both_2_and_3_with_dataset_expressions to None, run_after=None
[2025-02-02T16:19:54.110+0000] {logging_mixin.py:190} INFO - [2025-02-02T16:19:54.110+0000] {dag.py:4180} INFO - Setting next_dagrun for dataset_consumes_1 to None, run_after=None
[2025-02-02T16:19:54.113+0000] {logging_mixin.py:190} INFO - [2025-02-02T16:19:54.112+0000] {dag.py:4180} INFO - Setting next_dagrun for dataset_consumes_1_and_2 to None, run_after=None
[2025-02-02T16:19:54.115+0000] {logging_mixin.py:190} INFO - [2025-02-02T16:19:54.115+0000] {dag.py:4180} INFO - Setting next_dagrun for dataset_consumes_1_never_scheduled to None, run_after=None
[2025-02-02T16:19:54.118+0000] {logging_mixin.py:190} INFO - [2025-02-02T16:19:54.117+0000] {dag.py:4180} INFO - Setting next_dagrun for dataset_consumes_unknown_never_scheduled to None, run_after=None
[2025-02-02T16:19:54.122+0000] {logging_mixin.py:190} INFO - [2025-02-02T16:19:54.122+0000] {dag.py:4180} INFO - Setting next_dagrun for dataset_produces_1 to 2025-02-01 00:00:00+00:00, run_after=2025-02-02 00:00:00+00:00
[2025-02-02T16:19:54.125+0000] {logging_mixin.py:190} INFO - [2025-02-02T16:19:54.125+0000] {dag.py:4180} INFO - Setting next_dagrun for dataset_produces_2 to None, run_after=None
[2025-02-02T16:19:54.186+0000] {processor.py:208} INFO - Processing /home/airflow/.local/lib/python3.12/site-packages/airflow/example_dags/example_datasets.py took 0.885 seconds
[2025-02-02T16:20:24.378+0000] {processor.py:186} INFO - Started process (PID=245) to work on /home/airflow/.local/lib/python3.12/site-packages/airflow/example_dags/example_datasets.py
[2025-02-02T16:20:24.379+0000] {processor.py:914} INFO - Processing file /home/airflow/.local/lib/python3.12/site-packages/airflow/example_dags/example_datasets.py for tasks to queue
[2025-02-02T16:20:24.382+0000] {logging_mixin.py:190} INFO - [2025-02-02T16:20:24.381+0000] {dagbag.py:588} INFO - Filling up the DagBag from /home/airflow/.local/lib/python3.12/site-packages/airflow/example_dags/example_datasets.py
[2025-02-02T16:20:24.965+0000] {processor.py:925} INFO - DAG(s) 'dataset_consumes_1_and_2', 'consume_1_and_2_with_dataset_expressions', 'conditional_dataset_and_time_based_timetable', 'dataset_consumes_unknown_never_scheduled', 'dataset_produces_2', 'consume_1_or_2_with_dataset_expressions', 'consume_1_or_both_2_and_3_with_dataset_expressions', 'dataset_consumes_1', 'dataset_consumes_1_never_scheduled', 'dataset_produces_1' retrieved from /home/airflow/.local/lib/python3.12/site-packages/airflow/example_dags/example_datasets.py
[2025-02-02T16:20:25.037+0000] {logging_mixin.py:190} INFO - [2025-02-02T16:20:25.037+0000] {dag.py:3239} INFO - Sync 10 DAGs
[2025-02-02T16:20:25.076+0000] {logging_mixin.py:190} INFO - [2025-02-02T16:20:25.075+0000] {dag.py:4180} INFO - Setting next_dagrun for conditional_dataset_and_time_based_timetable to 2025-01-29 01:00:00+00:00, run_after=2025-01-29 01:00:00+00:00
[2025-02-02T16:20:25.081+0000] {logging_mixin.py:190} INFO - [2025-02-02T16:20:25.081+0000] {dag.py:4180} INFO - Setting next_dagrun for consume_1_and_2_with_dataset_expressions to None, run_after=None
[2025-02-02T16:20:25.084+0000] {logging_mixin.py:190} INFO - [2025-02-02T16:20:25.083+0000] {dag.py:4180} INFO - Setting next_dagrun for consume_1_or_2_with_dataset_expressions to None, run_after=None
[2025-02-02T16:20:25.086+0000] {logging_mixin.py:190} INFO - [2025-02-02T16:20:25.086+0000] {dag.py:4180} INFO - Setting next_dagrun for consume_1_or_both_2_and_3_with_dataset_expressions to None, run_after=None
[2025-02-02T16:20:25.089+0000] {logging_mixin.py:190} INFO - [2025-02-02T16:20:25.088+0000] {dag.py:4180} INFO - Setting next_dagrun for dataset_consumes_1 to None, run_after=None
[2025-02-02T16:20:25.092+0000] {logging_mixin.py:190} INFO - [2025-02-02T16:20:25.091+0000] {dag.py:4180} INFO - Setting next_dagrun for dataset_consumes_1_and_2 to None, run_after=None
[2025-02-02T16:20:25.094+0000] {logging_mixin.py:190} INFO - [2025-02-02T16:20:25.094+0000] {dag.py:4180} INFO - Setting next_dagrun for dataset_consumes_1_never_scheduled to None, run_after=None
[2025-02-02T16:20:25.098+0000] {logging_mixin.py:190} INFO - [2025-02-02T16:20:25.097+0000] {dag.py:4180} INFO - Setting next_dagrun for dataset_consumes_unknown_never_scheduled to None, run_after=None
[2025-02-02T16:20:25.102+0000] {logging_mixin.py:190} INFO - [2025-02-02T16:20:25.101+0000] {dag.py:4180} INFO - Setting next_dagrun for dataset_produces_1 to 2025-02-01 00:00:00+00:00, run_after=2025-02-02 00:00:00+00:00
[2025-02-02T16:20:25.105+0000] {logging_mixin.py:190} INFO - [2025-02-02T16:20:25.105+0000] {dag.py:4180} INFO - Setting next_dagrun for dataset_produces_2 to None, run_after=None
[2025-02-02T16:20:25.160+0000] {processor.py:208} INFO - Processing /home/airflow/.local/lib/python3.12/site-packages/airflow/example_dags/example_datasets.py took 0.787 seconds
[2025-02-02T16:20:55.678+0000] {processor.py:186} INFO - Started process (PID=308) to work on /home/airflow/.local/lib/python3.12/site-packages/airflow/example_dags/example_datasets.py
[2025-02-02T16:20:55.679+0000] {processor.py:914} INFO - Processing file /home/airflow/.local/lib/python3.12/site-packages/airflow/example_dags/example_datasets.py for tasks to queue
[2025-02-02T16:20:55.682+0000] {logging_mixin.py:190} INFO - [2025-02-02T16:20:55.681+0000] {dagbag.py:588} INFO - Filling up the DagBag from /home/airflow/.local/lib/python3.12/site-packages/airflow/example_dags/example_datasets.py
[2025-02-02T16:20:56.310+0000] {processor.py:925} INFO - DAG(s) 'dataset_consumes_1_and_2', 'consume_1_and_2_with_dataset_expressions', 'dataset_consumes_1_never_scheduled', 'consume_1_or_2_with_dataset_expressions', 'consume_1_or_both_2_and_3_with_dataset_expressions', 'dataset_consumes_1', 'dataset_consumes_unknown_never_scheduled', 'dataset_produces_2', 'conditional_dataset_and_time_based_timetable', 'dataset_produces_1' retrieved from /home/airflow/.local/lib/python3.12/site-packages/airflow/example_dags/example_datasets.py
[2025-02-02T16:20:56.393+0000] {logging_mixin.py:190} INFO - [2025-02-02T16:20:56.393+0000] {dag.py:3239} INFO - Sync 10 DAGs
[2025-02-02T16:20:56.422+0000] {logging_mixin.py:190} INFO - [2025-02-02T16:20:56.422+0000] {dag.py:4180} INFO - Setting next_dagrun for conditional_dataset_and_time_based_timetable to 2025-01-29 01:00:00+00:00, run_after=2025-01-29 01:00:00+00:00
[2025-02-02T16:20:56.427+0000] {logging_mixin.py:190} INFO - [2025-02-02T16:20:56.427+0000] {dag.py:4180} INFO - Setting next_dagrun for consume_1_and_2_with_dataset_expressions to None, run_after=None
[2025-02-02T16:20:56.430+0000] {logging_mixin.py:190} INFO - [2025-02-02T16:20:56.429+0000] {dag.py:4180} INFO - Setting next_dagrun for consume_1_or_2_with_dataset_expressions to None, run_after=None
[2025-02-02T16:20:56.433+0000] {logging_mixin.py:190} INFO - [2025-02-02T16:20:56.432+0000] {dag.py:4180} INFO - Setting next_dagrun for consume_1_or_both_2_and_3_with_dataset_expressions to None, run_after=None
[2025-02-02T16:20:56.435+0000] {logging_mixin.py:190} INFO - [2025-02-02T16:20:56.435+0000] {dag.py:4180} INFO - Setting next_dagrun for dataset_consumes_1 to None, run_after=None
[2025-02-02T16:20:56.438+0000] {logging_mixin.py:190} INFO - [2025-02-02T16:20:56.437+0000] {dag.py:4180} INFO - Setting next_dagrun for dataset_consumes_1_and_2 to None, run_after=None
[2025-02-02T16:20:56.441+0000] {logging_mixin.py:190} INFO - [2025-02-02T16:20:56.440+0000] {dag.py:4180} INFO - Setting next_dagrun for dataset_consumes_1_never_scheduled to None, run_after=None
[2025-02-02T16:20:56.443+0000] {logging_mixin.py:190} INFO - [2025-02-02T16:20:56.443+0000] {dag.py:4180} INFO - Setting next_dagrun for dataset_consumes_unknown_never_scheduled to None, run_after=None
[2025-02-02T16:20:56.447+0000] {logging_mixin.py:190} INFO - [2025-02-02T16:20:56.447+0000] {dag.py:4180} INFO - Setting next_dagrun for dataset_produces_1 to 2025-02-01 00:00:00+00:00, run_after=2025-02-02 00:00:00+00:00
[2025-02-02T16:20:56.450+0000] {logging_mixin.py:190} INFO - [2025-02-02T16:20:56.449+0000] {dag.py:4180} INFO - Setting next_dagrun for dataset_produces_2 to None, run_after=None
[2025-02-02T16:20:56.492+0000] {processor.py:208} INFO - Processing /home/airflow/.local/lib/python3.12/site-packages/airflow/example_dags/example_datasets.py took 0.819 seconds
[2025-02-02T16:21:26.783+0000] {processor.py:186} INFO - Started process (PID=378) to work on /home/airflow/.local/lib/python3.12/site-packages/airflow/example_dags/example_datasets.py
[2025-02-02T16:21:26.784+0000] {processor.py:914} INFO - Processing file /home/airflow/.local/lib/python3.12/site-packages/airflow/example_dags/example_datasets.py for tasks to queue
[2025-02-02T16:21:26.786+0000] {logging_mixin.py:190} INFO - [2025-02-02T16:21:26.786+0000] {dagbag.py:588} INFO - Filling up the DagBag from /home/airflow/.local/lib/python3.12/site-packages/airflow/example_dags/example_datasets.py
[2025-02-02T16:21:27.423+0000] {processor.py:925} INFO - DAG(s) 'dataset_produces_1', 'conditional_dataset_and_time_based_timetable', 'consume_1_and_2_with_dataset_expressions', 'dataset_consumes_1_never_scheduled', 'consume_1_or_both_2_and_3_with_dataset_expressions', 'consume_1_or_2_with_dataset_expressions', 'dataset_consumes_1_and_2', 'dataset_consumes_1', 'dataset_consumes_unknown_never_scheduled', 'dataset_produces_2' retrieved from /home/airflow/.local/lib/python3.12/site-packages/airflow/example_dags/example_datasets.py
[2025-02-02T16:21:27.472+0000] {logging_mixin.py:190} INFO - [2025-02-02T16:21:27.472+0000] {dag.py:3239} INFO - Sync 10 DAGs
[2025-02-02T16:21:27.504+0000] {logging_mixin.py:190} INFO - [2025-02-02T16:21:27.504+0000] {dag.py:4180} INFO - Setting next_dagrun for conditional_dataset_and_time_based_timetable to 2025-01-29 01:00:00+00:00, run_after=2025-01-29 01:00:00+00:00
[2025-02-02T16:21:27.509+0000] {logging_mixin.py:190} INFO - [2025-02-02T16:21:27.508+0000] {dag.py:4180} INFO - Setting next_dagrun for consume_1_and_2_with_dataset_expressions to None, run_after=None
[2025-02-02T16:21:27.511+0000] {logging_mixin.py:190} INFO - [2025-02-02T16:21:27.511+0000] {dag.py:4180} INFO - Setting next_dagrun for consume_1_or_2_with_dataset_expressions to None, run_after=None
[2025-02-02T16:21:27.513+0000] {logging_mixin.py:190} INFO - [2025-02-02T16:21:27.512+0000] {dag.py:4180} INFO - Setting next_dagrun for consume_1_or_both_2_and_3_with_dataset_expressions to None, run_after=None
[2025-02-02T16:21:27.515+0000] {logging_mixin.py:190} INFO - [2025-02-02T16:21:27.514+0000] {dag.py:4180} INFO - Setting next_dagrun for dataset_consumes_1 to None, run_after=None
[2025-02-02T16:21:27.517+0000] {logging_mixin.py:190} INFO - [2025-02-02T16:21:27.517+0000] {dag.py:4180} INFO - Setting next_dagrun for dataset_consumes_1_and_2 to None, run_after=None
[2025-02-02T16:21:27.519+0000] {logging_mixin.py:190} INFO - [2025-02-02T16:21:27.518+0000] {dag.py:4180} INFO - Setting next_dagrun for dataset_consumes_1_never_scheduled to None, run_after=None
[2025-02-02T16:21:27.520+0000] {logging_mixin.py:190} INFO - [2025-02-02T16:21:27.520+0000] {dag.py:4180} INFO - Setting next_dagrun for dataset_consumes_unknown_never_scheduled to None, run_after=None
[2025-02-02T16:21:27.523+0000] {logging_mixin.py:190} INFO - [2025-02-02T16:21:27.523+0000] {dag.py:4180} INFO - Setting next_dagrun for dataset_produces_1 to 2025-02-01 00:00:00+00:00, run_after=2025-02-02 00:00:00+00:00
[2025-02-02T16:21:27.525+0000] {logging_mixin.py:190} INFO - [2025-02-02T16:21:27.525+0000] {dag.py:4180} INFO - Setting next_dagrun for dataset_produces_2 to None, run_after=None
[2025-02-02T16:21:27.563+0000] {processor.py:208} INFO - Processing /home/airflow/.local/lib/python3.12/site-packages/airflow/example_dags/example_datasets.py took 0.785 seconds
[2025-02-02T16:21:57.614+0000] {processor.py:186} INFO - Started process (PID=442) to work on /home/airflow/.local/lib/python3.12/site-packages/airflow/example_dags/example_datasets.py
[2025-02-02T16:21:57.616+0000] {processor.py:914} INFO - Processing file /home/airflow/.local/lib/python3.12/site-packages/airflow/example_dags/example_datasets.py for tasks to queue
[2025-02-02T16:21:57.618+0000] {logging_mixin.py:190} INFO - [2025-02-02T16:21:57.618+0000] {dagbag.py:588} INFO - Filling up the DagBag from /home/airflow/.local/lib/python3.12/site-packages/airflow/example_dags/example_datasets.py
[2025-02-02T16:21:58.266+0000] {processor.py:925} INFO - DAG(s) 'dataset_produces_2', 'dataset_consumes_1', 'conditional_dataset_and_time_based_timetable', 'dataset_consumes_unknown_never_scheduled', 'dataset_consumes_1_and_2', 'consume_1_and_2_with_dataset_expressions', 'consume_1_or_2_with_dataset_expressions', 'dataset_produces_1', 'dataset_consumes_1_never_scheduled', 'consume_1_or_both_2_and_3_with_dataset_expressions' retrieved from /home/airflow/.local/lib/python3.12/site-packages/airflow/example_dags/example_datasets.py
[2025-02-02T16:21:58.321+0000] {logging_mixin.py:190} INFO - [2025-02-02T16:21:58.321+0000] {dag.py:3239} INFO - Sync 10 DAGs
[2025-02-02T16:21:58.346+0000] {logging_mixin.py:190} INFO - [2025-02-02T16:21:58.346+0000] {dag.py:4180} INFO - Setting next_dagrun for conditional_dataset_and_time_based_timetable to 2025-01-29 01:00:00+00:00, run_after=2025-01-29 01:00:00+00:00
[2025-02-02T16:21:58.351+0000] {logging_mixin.py:190} INFO - [2025-02-02T16:21:58.350+0000] {dag.py:4180} INFO - Setting next_dagrun for consume_1_and_2_with_dataset_expressions to None, run_after=None
[2025-02-02T16:21:58.353+0000] {logging_mixin.py:190} INFO - [2025-02-02T16:21:58.353+0000] {dag.py:4180} INFO - Setting next_dagrun for consume_1_or_2_with_dataset_expressions to None, run_after=None
[2025-02-02T16:21:58.355+0000] {logging_mixin.py:190} INFO - [2025-02-02T16:21:58.354+0000] {dag.py:4180} INFO - Setting next_dagrun for consume_1_or_both_2_and_3_with_dataset_expressions to None, run_after=None
[2025-02-02T16:21:58.357+0000] {logging_mixin.py:190} INFO - [2025-02-02T16:21:58.356+0000] {dag.py:4180} INFO - Setting next_dagrun for dataset_consumes_1 to None, run_after=None
[2025-02-02T16:21:58.358+0000] {logging_mixin.py:190} INFO - [2025-02-02T16:21:58.358+0000] {dag.py:4180} INFO - Setting next_dagrun for dataset_consumes_1_and_2 to None, run_after=None
[2025-02-02T16:21:58.360+0000] {logging_mixin.py:190} INFO - [2025-02-02T16:21:58.360+0000] {dag.py:4180} INFO - Setting next_dagrun for dataset_consumes_1_never_scheduled to None, run_after=None
[2025-02-02T16:21:58.362+0000] {logging_mixin.py:190} INFO - [2025-02-02T16:21:58.362+0000] {dag.py:4180} INFO - Setting next_dagrun for dataset_consumes_unknown_never_scheduled to None, run_after=None
[2025-02-02T16:21:58.366+0000] {logging_mixin.py:190} INFO - [2025-02-02T16:21:58.366+0000] {dag.py:4180} INFO - Setting next_dagrun for dataset_produces_1 to 2025-02-01 00:00:00+00:00, run_after=2025-02-02 00:00:00+00:00
[2025-02-02T16:21:58.368+0000] {logging_mixin.py:190} INFO - [2025-02-02T16:21:58.368+0000] {dag.py:4180} INFO - Setting next_dagrun for dataset_produces_2 to None, run_after=None
[2025-02-02T16:21:58.408+0000] {processor.py:208} INFO - Processing /home/airflow/.local/lib/python3.12/site-packages/airflow/example_dags/example_datasets.py took 0.799 seconds
[2025-02-02T16:22:28.765+0000] {processor.py:186} INFO - Started process (PID=504) to work on /home/airflow/.local/lib/python3.12/site-packages/airflow/example_dags/example_datasets.py
[2025-02-02T16:22:28.766+0000] {processor.py:914} INFO - Processing file /home/airflow/.local/lib/python3.12/site-packages/airflow/example_dags/example_datasets.py for tasks to queue
[2025-02-02T16:22:28.769+0000] {logging_mixin.py:190} INFO - [2025-02-02T16:22:28.769+0000] {dagbag.py:588} INFO - Filling up the DagBag from /home/airflow/.local/lib/python3.12/site-packages/airflow/example_dags/example_datasets.py
[2025-02-02T16:22:29.378+0000] {processor.py:925} INFO - DAG(s) 'dataset_consumes_1_never_scheduled', 'dataset_produces_1', 'dataset_consumes_1_and_2', 'consume_1_or_2_with_dataset_expressions', 'consume_1_or_both_2_and_3_with_dataset_expressions', 'dataset_consumes_1', 'conditional_dataset_and_time_based_timetable', 'dataset_produces_2', 'consume_1_and_2_with_dataset_expressions', 'dataset_consumes_unknown_never_scheduled' retrieved from /home/airflow/.local/lib/python3.12/site-packages/airflow/example_dags/example_datasets.py
[2025-02-02T16:22:29.433+0000] {logging_mixin.py:190} INFO - [2025-02-02T16:22:29.433+0000] {dag.py:3239} INFO - Sync 10 DAGs
[2025-02-02T16:22:29.464+0000] {logging_mixin.py:190} INFO - [2025-02-02T16:22:29.463+0000] {dag.py:4180} INFO - Setting next_dagrun for conditional_dataset_and_time_based_timetable to 2025-02-05 01:00:00+00:00, run_after=2025-02-05 01:00:00+00:00
[2025-02-02T16:22:29.468+0000] {logging_mixin.py:190} INFO - [2025-02-02T16:22:29.468+0000] {dag.py:4180} INFO - Setting next_dagrun for consume_1_and_2_with_dataset_expressions to None, run_after=None
[2025-02-02T16:22:29.471+0000] {logging_mixin.py:190} INFO - [2025-02-02T16:22:29.470+0000] {dag.py:4180} INFO - Setting next_dagrun for consume_1_or_2_with_dataset_expressions to None, run_after=None
[2025-02-02T16:22:29.473+0000] {logging_mixin.py:190} INFO - [2025-02-02T16:22:29.473+0000] {dag.py:4180} INFO - Setting next_dagrun for consume_1_or_both_2_and_3_with_dataset_expressions to None, run_after=None
[2025-02-02T16:22:29.476+0000] {logging_mixin.py:190} INFO - [2025-02-02T16:22:29.475+0000] {dag.py:4180} INFO - Setting next_dagrun for dataset_consumes_1 to None, run_after=None
[2025-02-02T16:22:29.478+0000] {logging_mixin.py:190} INFO - [2025-02-02T16:22:29.477+0000] {dag.py:4180} INFO - Setting next_dagrun for dataset_consumes_1_and_2 to None, run_after=None
[2025-02-02T16:22:29.479+0000] {logging_mixin.py:190} INFO - [2025-02-02T16:22:29.479+0000] {dag.py:4180} INFO - Setting next_dagrun for dataset_consumes_1_never_scheduled to None, run_after=None
[2025-02-02T16:22:29.481+0000] {logging_mixin.py:190} INFO - [2025-02-02T16:22:29.481+0000] {dag.py:4180} INFO - Setting next_dagrun for dataset_consumes_unknown_never_scheduled to None, run_after=None
[2025-02-02T16:22:29.485+0000] {logging_mixin.py:190} INFO - [2025-02-02T16:22:29.485+0000] {dag.py:4180} INFO - Setting next_dagrun for dataset_produces_1 to 2025-02-01 00:00:00+00:00, run_after=2025-02-02 00:00:00+00:00
[2025-02-02T16:22:29.488+0000] {logging_mixin.py:190} INFO - [2025-02-02T16:22:29.488+0000] {dag.py:4180} INFO - Setting next_dagrun for dataset_produces_2 to None, run_after=None
[2025-02-02T16:22:29.531+0000] {processor.py:208} INFO - Processing /home/airflow/.local/lib/python3.12/site-packages/airflow/example_dags/example_datasets.py took 0.772 seconds
[2025-02-02T16:22:59.767+0000] {processor.py:186} INFO - Started process (PID=567) to work on /home/airflow/.local/lib/python3.12/site-packages/airflow/example_dags/example_datasets.py
[2025-02-02T16:22:59.768+0000] {processor.py:914} INFO - Processing file /home/airflow/.local/lib/python3.12/site-packages/airflow/example_dags/example_datasets.py for tasks to queue
[2025-02-02T16:22:59.771+0000] {logging_mixin.py:190} INFO - [2025-02-02T16:22:59.771+0000] {dagbag.py:588} INFO - Filling up the DagBag from /home/airflow/.local/lib/python3.12/site-packages/airflow/example_dags/example_datasets.py
[2025-02-02T16:23:00.362+0000] {processor.py:925} INFO - DAG(s) 'dataset_consumes_1_and_2', 'dataset_consumes_unknown_never_scheduled', 'consume_1_or_both_2_and_3_with_dataset_expressions', 'dataset_produces_2', 'consume_1_and_2_with_dataset_expressions', 'conditional_dataset_and_time_based_timetable', 'consume_1_or_2_with_dataset_expressions', 'dataset_produces_1', 'dataset_consumes_1_never_scheduled', 'dataset_consumes_1' retrieved from /home/airflow/.local/lib/python3.12/site-packages/airflow/example_dags/example_datasets.py
[2025-02-02T16:23:00.418+0000] {logging_mixin.py:190} INFO - [2025-02-02T16:23:00.418+0000] {dag.py:3239} INFO - Sync 10 DAGs
[2025-02-02T16:23:00.449+0000] {logging_mixin.py:190} INFO - [2025-02-02T16:23:00.449+0000] {dag.py:4180} INFO - Setting next_dagrun for conditional_dataset_and_time_based_timetable to 2025-02-05 01:00:00+00:00, run_after=2025-02-05 01:00:00+00:00
[2025-02-02T16:23:00.456+0000] {logging_mixin.py:190} INFO - [2025-02-02T16:23:00.455+0000] {dag.py:4180} INFO - Setting next_dagrun for consume_1_and_2_with_dataset_expressions to None, run_after=None
[2025-02-02T16:23:00.459+0000] {logging_mixin.py:190} INFO - [2025-02-02T16:23:00.458+0000] {dag.py:4180} INFO - Setting next_dagrun for consume_1_or_2_with_dataset_expressions to None, run_after=None
[2025-02-02T16:23:00.461+0000] {logging_mixin.py:190} INFO - [2025-02-02T16:23:00.461+0000] {dag.py:4180} INFO - Setting next_dagrun for consume_1_or_both_2_and_3_with_dataset_expressions to None, run_after=None
[2025-02-02T16:23:00.464+0000] {logging_mixin.py:190} INFO - [2025-02-02T16:23:00.463+0000] {dag.py:4180} INFO - Setting next_dagrun for dataset_consumes_1 to None, run_after=None
[2025-02-02T16:23:00.466+0000] {logging_mixin.py:190} INFO - [2025-02-02T16:23:00.466+0000] {dag.py:4180} INFO - Setting next_dagrun for dataset_consumes_1_and_2 to None, run_after=None
[2025-02-02T16:23:00.469+0000] {logging_mixin.py:190} INFO - [2025-02-02T16:23:00.468+0000] {dag.py:4180} INFO - Setting next_dagrun for dataset_consumes_1_never_scheduled to None, run_after=None
[2025-02-02T16:23:00.471+0000] {logging_mixin.py:190} INFO - [2025-02-02T16:23:00.470+0000] {dag.py:4180} INFO - Setting next_dagrun for dataset_consumes_unknown_never_scheduled to None, run_after=None
[2025-02-02T16:23:00.474+0000] {logging_mixin.py:190} INFO - [2025-02-02T16:23:00.474+0000] {dag.py:4180} INFO - Setting next_dagrun for dataset_produces_1 to 2025-02-01 00:00:00+00:00, run_after=2025-02-02 00:00:00+00:00
[2025-02-02T16:23:00.477+0000] {logging_mixin.py:190} INFO - [2025-02-02T16:23:00.476+0000] {dag.py:4180} INFO - Setting next_dagrun for dataset_produces_2 to None, run_after=None
[2025-02-02T16:23:00.520+0000] {processor.py:208} INFO - Processing /home/airflow/.local/lib/python3.12/site-packages/airflow/example_dags/example_datasets.py took 0.758 seconds
[2025-02-02T16:23:30.723+0000] {processor.py:186} INFO - Started process (PID=630) to work on /home/airflow/.local/lib/python3.12/site-packages/airflow/example_dags/example_datasets.py
[2025-02-02T16:23:30.724+0000] {processor.py:914} INFO - Processing file /home/airflow/.local/lib/python3.12/site-packages/airflow/example_dags/example_datasets.py for tasks to queue
[2025-02-02T16:23:30.727+0000] {logging_mixin.py:190} INFO - [2025-02-02T16:23:30.726+0000] {dagbag.py:588} INFO - Filling up the DagBag from /home/airflow/.local/lib/python3.12/site-packages/airflow/example_dags/example_datasets.py
[2025-02-02T16:23:31.372+0000] {processor.py:925} INFO - DAG(s) 'consume_1_and_2_with_dataset_expressions', 'dataset_consumes_1_and_2', 'dataset_consumes_1', 'consume_1_or_2_with_dataset_expressions', 'dataset_produces_1', 'dataset_consumes_1_never_scheduled', 'dataset_produces_2', 'dataset_consumes_unknown_never_scheduled', 'conditional_dataset_and_time_based_timetable', 'consume_1_or_both_2_and_3_with_dataset_expressions' retrieved from /home/airflow/.local/lib/python3.12/site-packages/airflow/example_dags/example_datasets.py
[2025-02-02T16:23:31.427+0000] {logging_mixin.py:190} INFO - [2025-02-02T16:23:31.426+0000] {dag.py:3239} INFO - Sync 10 DAGs
[2025-02-02T16:23:31.455+0000] {logging_mixin.py:190} INFO - [2025-02-02T16:23:31.454+0000] {dag.py:4180} INFO - Setting next_dagrun for conditional_dataset_and_time_based_timetable to 2025-02-05 01:00:00+00:00, run_after=2025-02-05 01:00:00+00:00
[2025-02-02T16:23:31.460+0000] {logging_mixin.py:190} INFO - [2025-02-02T16:23:31.459+0000] {dag.py:4180} INFO - Setting next_dagrun for consume_1_and_2_with_dataset_expressions to None, run_after=None
[2025-02-02T16:23:31.462+0000] {logging_mixin.py:190} INFO - [2025-02-02T16:23:31.462+0000] {dag.py:4180} INFO - Setting next_dagrun for consume_1_or_2_with_dataset_expressions to None, run_after=None
[2025-02-02T16:23:31.465+0000] {logging_mixin.py:190} INFO - [2025-02-02T16:23:31.464+0000] {dag.py:4180} INFO - Setting next_dagrun for consume_1_or_both_2_and_3_with_dataset_expressions to None, run_after=None
[2025-02-02T16:23:31.467+0000] {logging_mixin.py:190} INFO - [2025-02-02T16:23:31.466+0000] {dag.py:4180} INFO - Setting next_dagrun for dataset_consumes_1 to None, run_after=None
[2025-02-02T16:23:31.469+0000] {logging_mixin.py:190} INFO - [2025-02-02T16:23:31.469+0000] {dag.py:4180} INFO - Setting next_dagrun for dataset_consumes_1_and_2 to None, run_after=None
[2025-02-02T16:23:31.471+0000] {logging_mixin.py:190} INFO - [2025-02-02T16:23:31.471+0000] {dag.py:4180} INFO - Setting next_dagrun for dataset_consumes_1_never_scheduled to None, run_after=None
[2025-02-02T16:23:31.474+0000] {logging_mixin.py:190} INFO - [2025-02-02T16:23:31.473+0000] {dag.py:4180} INFO - Setting next_dagrun for dataset_consumes_unknown_never_scheduled to None, run_after=None
[2025-02-02T16:23:31.477+0000] {logging_mixin.py:190} INFO - [2025-02-02T16:23:31.477+0000] {dag.py:4180} INFO - Setting next_dagrun for dataset_produces_1 to 2025-02-01 00:00:00+00:00, run_after=2025-02-02 00:00:00+00:00
[2025-02-02T16:23:31.480+0000] {logging_mixin.py:190} INFO - [2025-02-02T16:23:31.480+0000] {dag.py:4180} INFO - Setting next_dagrun for dataset_produces_2 to None, run_after=None
[2025-02-02T16:23:31.530+0000] {processor.py:208} INFO - Processing /home/airflow/.local/lib/python3.12/site-packages/airflow/example_dags/example_datasets.py took 0.812 seconds
[2025-02-02T16:24:02.003+0000] {processor.py:186} INFO - Started process (PID=693) to work on /home/airflow/.local/lib/python3.12/site-packages/airflow/example_dags/example_datasets.py
[2025-02-02T16:24:02.005+0000] {processor.py:914} INFO - Processing file /home/airflow/.local/lib/python3.12/site-packages/airflow/example_dags/example_datasets.py for tasks to queue
[2025-02-02T16:24:02.007+0000] {logging_mixin.py:190} INFO - [2025-02-02T16:24:02.007+0000] {dagbag.py:588} INFO - Filling up the DagBag from /home/airflow/.local/lib/python3.12/site-packages/airflow/example_dags/example_datasets.py
[2025-02-02T16:24:02.623+0000] {processor.py:925} INFO - DAG(s) 'consume_1_and_2_with_dataset_expressions', 'dataset_consumes_1', 'dataset_consumes_unknown_never_scheduled', 'dataset_consumes_1_and_2', 'dataset_consumes_1_never_scheduled', 'dataset_produces_1', 'consume_1_or_2_with_dataset_expressions', 'consume_1_or_both_2_and_3_with_dataset_expressions', 'dataset_produces_2', 'conditional_dataset_and_time_based_timetable' retrieved from /home/airflow/.local/lib/python3.12/site-packages/airflow/example_dags/example_datasets.py
[2025-02-02T16:24:02.707+0000] {logging_mixin.py:190} INFO - [2025-02-02T16:24:02.706+0000] {dag.py:3239} INFO - Sync 10 DAGs
[2025-02-02T16:24:02.747+0000] {logging_mixin.py:190} INFO - [2025-02-02T16:24:02.746+0000] {dag.py:4180} INFO - Setting next_dagrun for conditional_dataset_and_time_based_timetable to 2025-02-05 01:00:00+00:00, run_after=2025-02-05 01:00:00+00:00
[2025-02-02T16:24:02.752+0000] {logging_mixin.py:190} INFO - [2025-02-02T16:24:02.752+0000] {dag.py:4180} INFO - Setting next_dagrun for consume_1_and_2_with_dataset_expressions to None, run_after=None
[2025-02-02T16:24:02.756+0000] {logging_mixin.py:190} INFO - [2025-02-02T16:24:02.755+0000] {dag.py:4180} INFO - Setting next_dagrun for consume_1_or_2_with_dataset_expressions to None, run_after=None
[2025-02-02T16:24:02.759+0000] {logging_mixin.py:190} INFO - [2025-02-02T16:24:02.759+0000] {dag.py:4180} INFO - Setting next_dagrun for consume_1_or_both_2_and_3_with_dataset_expressions to None, run_after=None
[2025-02-02T16:24:02.762+0000] {logging_mixin.py:190} INFO - [2025-02-02T16:24:02.762+0000] {dag.py:4180} INFO - Setting next_dagrun for dataset_consumes_1 to None, run_after=None
[2025-02-02T16:24:02.764+0000] {logging_mixin.py:190} INFO - [2025-02-02T16:24:02.764+0000] {dag.py:4180} INFO - Setting next_dagrun for dataset_consumes_1_and_2 to None, run_after=None
[2025-02-02T16:24:02.766+0000] {logging_mixin.py:190} INFO - [2025-02-02T16:24:02.766+0000] {dag.py:4180} INFO - Setting next_dagrun for dataset_consumes_1_never_scheduled to None, run_after=None
[2025-02-02T16:24:02.769+0000] {logging_mixin.py:190} INFO - [2025-02-02T16:24:02.769+0000] {dag.py:4180} INFO - Setting next_dagrun for dataset_consumes_unknown_never_scheduled to None, run_after=None
[2025-02-02T16:24:02.772+0000] {logging_mixin.py:190} INFO - [2025-02-02T16:24:02.772+0000] {dag.py:4180} INFO - Setting next_dagrun for dataset_produces_1 to 2025-02-01 00:00:00+00:00, run_after=2025-02-02 00:00:00+00:00
[2025-02-02T16:24:02.774+0000] {logging_mixin.py:190} INFO - [2025-02-02T16:24:02.774+0000] {dag.py:4180} INFO - Setting next_dagrun for dataset_produces_2 to None, run_after=None
[2025-02-02T16:24:02.820+0000] {processor.py:208} INFO - Processing /home/airflow/.local/lib/python3.12/site-packages/airflow/example_dags/example_datasets.py took 0.823 seconds
[2025-02-02T16:24:33.043+0000] {processor.py:186} INFO - Started process (PID=756) to work on /home/airflow/.local/lib/python3.12/site-packages/airflow/example_dags/example_datasets.py
[2025-02-02T16:24:33.044+0000] {processor.py:914} INFO - Processing file /home/airflow/.local/lib/python3.12/site-packages/airflow/example_dags/example_datasets.py for tasks to queue
[2025-02-02T16:24:33.047+0000] {logging_mixin.py:190} INFO - [2025-02-02T16:24:33.046+0000] {dagbag.py:588} INFO - Filling up the DagBag from /home/airflow/.local/lib/python3.12/site-packages/airflow/example_dags/example_datasets.py
[2025-02-02T16:24:33.913+0000] {processor.py:925} INFO - DAG(s) 'dataset_consumes_1_and_2', 'dataset_produces_2', 'dataset_consumes_unknown_never_scheduled', 'dataset_produces_1', 'conditional_dataset_and_time_based_timetable', 'dataset_consumes_1', 'consume_1_and_2_with_dataset_expressions', 'dataset_consumes_1_never_scheduled', 'consume_1_or_both_2_and_3_with_dataset_expressions', 'consume_1_or_2_with_dataset_expressions' retrieved from /home/airflow/.local/lib/python3.12/site-packages/airflow/example_dags/example_datasets.py
[2025-02-02T16:24:33.986+0000] {logging_mixin.py:190} INFO - [2025-02-02T16:24:33.986+0000] {dag.py:3239} INFO - Sync 10 DAGs
[2025-02-02T16:24:34.037+0000] {logging_mixin.py:190} INFO - [2025-02-02T16:24:34.036+0000] {dag.py:4180} INFO - Setting next_dagrun for conditional_dataset_and_time_based_timetable to 2025-02-05 01:00:00+00:00, run_after=2025-02-05 01:00:00+00:00
[2025-02-02T16:24:34.056+0000] {logging_mixin.py:190} INFO - [2025-02-02T16:24:34.055+0000] {dag.py:4180} INFO - Setting next_dagrun for consume_1_and_2_with_dataset_expressions to None, run_after=None
[2025-02-02T16:24:34.061+0000] {logging_mixin.py:190} INFO - [2025-02-02T16:24:34.060+0000] {dag.py:4180} INFO - Setting next_dagrun for consume_1_or_2_with_dataset_expressions to None, run_after=None
[2025-02-02T16:24:34.067+0000] {logging_mixin.py:190} INFO - [2025-02-02T16:24:34.067+0000] {dag.py:4180} INFO - Setting next_dagrun for consume_1_or_both_2_and_3_with_dataset_expressions to None, run_after=None
[2025-02-02T16:24:34.073+0000] {logging_mixin.py:190} INFO - [2025-02-02T16:24:34.072+0000] {dag.py:4180} INFO - Setting next_dagrun for dataset_consumes_1 to None, run_after=None
[2025-02-02T16:24:34.077+0000] {logging_mixin.py:190} INFO - [2025-02-02T16:24:34.076+0000] {dag.py:4180} INFO - Setting next_dagrun for dataset_consumes_1_and_2 to None, run_after=None
[2025-02-02T16:24:34.086+0000] {logging_mixin.py:190} INFO - [2025-02-02T16:24:34.085+0000] {dag.py:4180} INFO - Setting next_dagrun for dataset_consumes_1_never_scheduled to None, run_after=None
[2025-02-02T16:24:34.090+0000] {logging_mixin.py:190} INFO - [2025-02-02T16:24:34.089+0000] {dag.py:4180} INFO - Setting next_dagrun for dataset_consumes_unknown_never_scheduled to None, run_after=None
[2025-02-02T16:24:34.097+0000] {logging_mixin.py:190} INFO - [2025-02-02T16:24:34.096+0000] {dag.py:4180} INFO - Setting next_dagrun for dataset_produces_1 to 2025-02-01 00:00:00+00:00, run_after=2025-02-02 00:00:00+00:00
[2025-02-02T16:24:34.102+0000] {logging_mixin.py:190} INFO - [2025-02-02T16:24:34.101+0000] {dag.py:4180} INFO - Setting next_dagrun for dataset_produces_2 to None, run_after=None
[2025-02-02T16:24:34.214+0000] {processor.py:208} INFO - Processing /home/airflow/.local/lib/python3.12/site-packages/airflow/example_dags/example_datasets.py took 1.177 seconds
[2025-02-02T16:25:04.631+0000] {processor.py:186} INFO - Started process (PID=819) to work on /home/airflow/.local/lib/python3.12/site-packages/airflow/example_dags/example_datasets.py
[2025-02-02T16:25:04.632+0000] {processor.py:914} INFO - Processing file /home/airflow/.local/lib/python3.12/site-packages/airflow/example_dags/example_datasets.py for tasks to queue
[2025-02-02T16:25:04.634+0000] {logging_mixin.py:190} INFO - [2025-02-02T16:25:04.634+0000] {dagbag.py:588} INFO - Filling up the DagBag from /home/airflow/.local/lib/python3.12/site-packages/airflow/example_dags/example_datasets.py
[2025-02-02T16:25:05.300+0000] {processor.py:925} INFO - DAG(s) 'dataset_produces_1', 'dataset_consumes_1', 'dataset_produces_2', 'conditional_dataset_and_time_based_timetable', 'consume_1_and_2_with_dataset_expressions', 'consume_1_or_2_with_dataset_expressions', 'consume_1_or_both_2_and_3_with_dataset_expressions', 'dataset_consumes_unknown_never_scheduled', 'dataset_consumes_1_and_2', 'dataset_consumes_1_never_scheduled' retrieved from /home/airflow/.local/lib/python3.12/site-packages/airflow/example_dags/example_datasets.py
[2025-02-02T16:25:05.370+0000] {logging_mixin.py:190} INFO - [2025-02-02T16:25:05.370+0000] {dag.py:3239} INFO - Sync 10 DAGs
[2025-02-02T16:25:05.425+0000] {logging_mixin.py:190} INFO - [2025-02-02T16:25:05.425+0000] {dag.py:4180} INFO - Setting next_dagrun for conditional_dataset_and_time_based_timetable to 2025-02-05 01:00:00+00:00, run_after=2025-02-05 01:00:00+00:00
[2025-02-02T16:25:05.430+0000] {logging_mixin.py:190} INFO - [2025-02-02T16:25:05.430+0000] {dag.py:4180} INFO - Setting next_dagrun for consume_1_and_2_with_dataset_expressions to None, run_after=None
[2025-02-02T16:25:05.433+0000] {logging_mixin.py:190} INFO - [2025-02-02T16:25:05.433+0000] {dag.py:4180} INFO - Setting next_dagrun for consume_1_or_2_with_dataset_expressions to None, run_after=None
[2025-02-02T16:25:05.435+0000] {logging_mixin.py:190} INFO - [2025-02-02T16:25:05.435+0000] {dag.py:4180} INFO - Setting next_dagrun for consume_1_or_both_2_and_3_with_dataset_expressions to None, run_after=None
[2025-02-02T16:25:05.437+0000] {logging_mixin.py:190} INFO - [2025-02-02T16:25:05.437+0000] {dag.py:4180} INFO - Setting next_dagrun for dataset_consumes_1 to None, run_after=None
[2025-02-02T16:25:05.440+0000] {logging_mixin.py:190} INFO - [2025-02-02T16:25:05.440+0000] {dag.py:4180} INFO - Setting next_dagrun for dataset_consumes_1_and_2 to None, run_after=None
[2025-02-02T16:25:05.443+0000] {logging_mixin.py:190} INFO - [2025-02-02T16:25:05.442+0000] {dag.py:4180} INFO - Setting next_dagrun for dataset_consumes_1_never_scheduled to None, run_after=None
[2025-02-02T16:25:05.445+0000] {logging_mixin.py:190} INFO - [2025-02-02T16:25:05.445+0000] {dag.py:4180} INFO - Setting next_dagrun for dataset_consumes_unknown_never_scheduled to None, run_after=None
[2025-02-02T16:25:05.449+0000] {logging_mixin.py:190} INFO - [2025-02-02T16:25:05.448+0000] {dag.py:4180} INFO - Setting next_dagrun for dataset_produces_1 to 2025-02-01 00:00:00+00:00, run_after=2025-02-02 00:00:00+00:00
[2025-02-02T16:25:05.451+0000] {logging_mixin.py:190} INFO - [2025-02-02T16:25:05.451+0000] {dag.py:4180} INFO - Setting next_dagrun for dataset_produces_2 to None, run_after=None
[2025-02-02T16:25:05.505+0000] {processor.py:208} INFO - Processing /home/airflow/.local/lib/python3.12/site-packages/airflow/example_dags/example_datasets.py took 0.880 seconds
[2025-02-02T16:25:36.056+0000] {processor.py:186} INFO - Started process (PID=882) to work on /home/airflow/.local/lib/python3.12/site-packages/airflow/example_dags/example_datasets.py
[2025-02-02T16:25:36.057+0000] {processor.py:914} INFO - Processing file /home/airflow/.local/lib/python3.12/site-packages/airflow/example_dags/example_datasets.py for tasks to queue
[2025-02-02T16:25:36.060+0000] {logging_mixin.py:190} INFO - [2025-02-02T16:25:36.060+0000] {dagbag.py:588} INFO - Filling up the DagBag from /home/airflow/.local/lib/python3.12/site-packages/airflow/example_dags/example_datasets.py
[2025-02-02T16:25:36.775+0000] {processor.py:925} INFO - DAG(s) 'dataset_produces_1', 'dataset_produces_2', 'dataset_consumes_unknown_never_scheduled', 'consume_1_or_2_with_dataset_expressions', 'consume_1_or_both_2_and_3_with_dataset_expressions', 'conditional_dataset_and_time_based_timetable', 'dataset_consumes_1_and_2', 'dataset_consumes_1_never_scheduled', 'consume_1_and_2_with_dataset_expressions', 'dataset_consumes_1' retrieved from /home/airflow/.local/lib/python3.12/site-packages/airflow/example_dags/example_datasets.py
[2025-02-02T16:25:36.840+0000] {logging_mixin.py:190} INFO - [2025-02-02T16:25:36.839+0000] {dag.py:3239} INFO - Sync 10 DAGs
[2025-02-02T16:25:36.871+0000] {logging_mixin.py:190} INFO - [2025-02-02T16:25:36.871+0000] {dag.py:4180} INFO - Setting next_dagrun for conditional_dataset_and_time_based_timetable to 2025-02-05 01:00:00+00:00, run_after=2025-02-05 01:00:00+00:00
[2025-02-02T16:25:36.876+0000] {logging_mixin.py:190} INFO - [2025-02-02T16:25:36.875+0000] {dag.py:4180} INFO - Setting next_dagrun for consume_1_and_2_with_dataset_expressions to None, run_after=None
[2025-02-02T16:25:36.879+0000] {logging_mixin.py:190} INFO - [2025-02-02T16:25:36.878+0000] {dag.py:4180} INFO - Setting next_dagrun for consume_1_or_2_with_dataset_expressions to None, run_after=None
[2025-02-02T16:25:36.881+0000] {logging_mixin.py:190} INFO - [2025-02-02T16:25:36.881+0000] {dag.py:4180} INFO - Setting next_dagrun for consume_1_or_both_2_and_3_with_dataset_expressions to None, run_after=None
[2025-02-02T16:25:36.883+0000] {logging_mixin.py:190} INFO - [2025-02-02T16:25:36.882+0000] {dag.py:4180} INFO - Setting next_dagrun for dataset_consumes_1 to None, run_after=None
[2025-02-02T16:25:36.885+0000] {logging_mixin.py:190} INFO - [2025-02-02T16:25:36.884+0000] {dag.py:4180} INFO - Setting next_dagrun for dataset_consumes_1_and_2 to None, run_after=None
[2025-02-02T16:25:36.887+0000] {logging_mixin.py:190} INFO - [2025-02-02T16:25:36.887+0000] {dag.py:4180} INFO - Setting next_dagrun for dataset_consumes_1_never_scheduled to None, run_after=None
[2025-02-02T16:25:36.889+0000] {logging_mixin.py:190} INFO - [2025-02-02T16:25:36.889+0000] {dag.py:4180} INFO - Setting next_dagrun for dataset_consumes_unknown_never_scheduled to None, run_after=None
[2025-02-02T16:25:36.892+0000] {logging_mixin.py:190} INFO - [2025-02-02T16:25:36.892+0000] {dag.py:4180} INFO - Setting next_dagrun for dataset_produces_1 to 2025-02-01 00:00:00+00:00, run_after=2025-02-02 00:00:00+00:00
[2025-02-02T16:25:36.895+0000] {logging_mixin.py:190} INFO - [2025-02-02T16:25:36.894+0000] {dag.py:4180} INFO - Setting next_dagrun for dataset_produces_2 to None, run_after=None
[2025-02-02T16:25:36.941+0000] {processor.py:208} INFO - Processing /home/airflow/.local/lib/python3.12/site-packages/airflow/example_dags/example_datasets.py took 0.893 seconds
