[2025-02-02T12:16:39.689+0000] {processor.py:186} INFO - Started process (PID=79) to work on /home/airflow/.local/lib/python3.12/site-packages/airflow/example_dags/example_python_operator.py
[2025-02-02T12:16:39.690+0000] {processor.py:914} INFO - Processing file /home/airflow/.local/lib/python3.12/site-packages/airflow/example_dags/example_python_operator.py for tasks to queue
[2025-02-02T12:16:39.693+0000] {logging_mixin.py:190} INFO - [2025-02-02T12:16:39.692+0000] {dagbag.py:588} INFO - Filling up the DagBag from /home/airflow/.local/lib/python3.12/site-packages/airflow/example_dags/example_python_operator.py
[2025-02-02T12:16:39.708+0000] {processor.py:925} INFO - DAG(s) 'example_python_operator' retrieved from /home/airflow/.local/lib/python3.12/site-packages/airflow/example_dags/example_python_operator.py
[2025-02-02T12:16:39.829+0000] {logging_mixin.py:190} INFO - [2025-02-02T12:16:39.828+0000] {override.py:1911} INFO - Created Permission View: can read on DAG:example_python_operator
[2025-02-02T12:16:39.841+0000] {logging_mixin.py:190} INFO - [2025-02-02T12:16:39.841+0000] {override.py:1911} INFO - Created Permission View: can edit on DAG:example_python_operator
[2025-02-02T12:16:39.850+0000] {logging_mixin.py:190} INFO - [2025-02-02T12:16:39.850+0000] {override.py:1911} INFO - Created Permission View: can delete on DAG:example_python_operator
[2025-02-02T12:16:39.862+0000] {logging_mixin.py:190} INFO - [2025-02-02T12:16:39.861+0000] {override.py:1911} INFO - Created Permission View: can read on DAG Run:example_python_operator
[2025-02-02T12:16:39.871+0000] {logging_mixin.py:190} INFO - [2025-02-02T12:16:39.871+0000] {override.py:1911} INFO - Created Permission View: menu access on DAG Run:example_python_operator
[2025-02-02T12:16:39.881+0000] {logging_mixin.py:190} INFO - [2025-02-02T12:16:39.881+0000] {override.py:1911} INFO - Created Permission View: can create on DAG Run:example_python_operator
[2025-02-02T12:16:39.891+0000] {logging_mixin.py:190} INFO - [2025-02-02T12:16:39.891+0000] {override.py:1911} INFO - Created Permission View: can delete on DAG Run:example_python_operator
[2025-02-02T12:16:39.892+0000] {logging_mixin.py:190} INFO - [2025-02-02T12:16:39.892+0000] {dag.py:3239} INFO - Sync 1 DAGs
[2025-02-02T12:16:39.908+0000] {logging_mixin.py:190} INFO - [2025-02-02T12:16:39.908+0000] {dag.py:3262} INFO - Creating ORM DAG for example_python_operator
[2025-02-02T12:16:39.910+0000] {logging_mixin.py:190} INFO - [2025-02-02T12:16:39.909+0000] {dag.py:4180} INFO - Setting next_dagrun for example_python_operator to None, run_after=None
[2025-02-02T12:16:39.932+0000] {processor.py:208} INFO - Processing /home/airflow/.local/lib/python3.12/site-packages/airflow/example_dags/example_python_operator.py took 0.249 seconds
[2025-02-02T12:17:09.986+0000] {processor.py:186} INFO - Started process (PID=142) to work on /home/airflow/.local/lib/python3.12/site-packages/airflow/example_dags/example_python_operator.py
[2025-02-02T12:17:09.987+0000] {processor.py:914} INFO - Processing file /home/airflow/.local/lib/python3.12/site-packages/airflow/example_dags/example_python_operator.py for tasks to queue
[2025-02-02T12:17:09.990+0000] {logging_mixin.py:190} INFO - [2025-02-02T12:17:09.989+0000] {dagbag.py:588} INFO - Filling up the DagBag from /home/airflow/.local/lib/python3.12/site-packages/airflow/example_dags/example_python_operator.py
[2025-02-02T12:17:10.010+0000] {processor.py:925} INFO - DAG(s) 'example_python_operator' retrieved from /home/airflow/.local/lib/python3.12/site-packages/airflow/example_dags/example_python_operator.py
[2025-02-02T12:17:10.034+0000] {logging_mixin.py:190} INFO - [2025-02-02T12:17:10.034+0000] {dag.py:3239} INFO - Sync 1 DAGs
[2025-02-02T12:17:10.049+0000] {logging_mixin.py:190} INFO - [2025-02-02T12:17:10.049+0000] {dag.py:4180} INFO - Setting next_dagrun for example_python_operator to None, run_after=None
[2025-02-02T12:17:10.073+0000] {processor.py:208} INFO - Processing /home/airflow/.local/lib/python3.12/site-packages/airflow/example_dags/example_python_operator.py took 0.093 seconds
[2025-02-02T12:17:42.132+0000] {processor.py:186} INFO - Started process (PID=205) to work on /home/airflow/.local/lib/python3.12/site-packages/airflow/example_dags/example_python_operator.py
[2025-02-02T12:17:42.133+0000] {processor.py:914} INFO - Processing file /home/airflow/.local/lib/python3.12/site-packages/airflow/example_dags/example_python_operator.py for tasks to queue
[2025-02-02T12:17:42.136+0000] {logging_mixin.py:190} INFO - [2025-02-02T12:17:42.135+0000] {dagbag.py:588} INFO - Filling up the DagBag from /home/airflow/.local/lib/python3.12/site-packages/airflow/example_dags/example_python_operator.py
[2025-02-02T12:17:42.148+0000] {processor.py:925} INFO - DAG(s) 'example_python_operator' retrieved from /home/airflow/.local/lib/python3.12/site-packages/airflow/example_dags/example_python_operator.py
[2025-02-02T12:17:42.172+0000] {logging_mixin.py:190} INFO - [2025-02-02T12:17:42.172+0000] {dag.py:3239} INFO - Sync 1 DAGs
[2025-02-02T12:17:42.186+0000] {logging_mixin.py:190} INFO - [2025-02-02T12:17:42.186+0000] {dag.py:4180} INFO - Setting next_dagrun for example_python_operator to None, run_after=None
[2025-02-02T12:17:42.210+0000] {processor.py:208} INFO - Processing /home/airflow/.local/lib/python3.12/site-packages/airflow/example_dags/example_python_operator.py took 0.083 seconds
[2025-02-02T12:18:13.353+0000] {processor.py:186} INFO - Started process (PID=268) to work on /home/airflow/.local/lib/python3.12/site-packages/airflow/example_dags/example_python_operator.py
[2025-02-02T12:18:13.354+0000] {processor.py:914} INFO - Processing file /home/airflow/.local/lib/python3.12/site-packages/airflow/example_dags/example_python_operator.py for tasks to queue
[2025-02-02T12:18:13.357+0000] {logging_mixin.py:190} INFO - [2025-02-02T12:18:13.357+0000] {dagbag.py:588} INFO - Filling up the DagBag from /home/airflow/.local/lib/python3.12/site-packages/airflow/example_dags/example_python_operator.py
[2025-02-02T12:18:13.370+0000] {processor.py:925} INFO - DAG(s) 'example_python_operator' retrieved from /home/airflow/.local/lib/python3.12/site-packages/airflow/example_dags/example_python_operator.py
[2025-02-02T12:18:13.396+0000] {logging_mixin.py:190} INFO - [2025-02-02T12:18:13.396+0000] {dag.py:3239} INFO - Sync 1 DAGs
[2025-02-02T12:18:13.412+0000] {logging_mixin.py:190} INFO - [2025-02-02T12:18:13.412+0000] {dag.py:4180} INFO - Setting next_dagrun for example_python_operator to None, run_after=None
[2025-02-02T12:18:13.435+0000] {processor.py:208} INFO - Processing /home/airflow/.local/lib/python3.12/site-packages/airflow/example_dags/example_python_operator.py took 0.087 seconds
[2025-02-02T12:18:44.156+0000] {processor.py:186} INFO - Started process (PID=331) to work on /home/airflow/.local/lib/python3.12/site-packages/airflow/example_dags/example_python_operator.py
[2025-02-02T12:18:44.157+0000] {processor.py:914} INFO - Processing file /home/airflow/.local/lib/python3.12/site-packages/airflow/example_dags/example_python_operator.py for tasks to queue
[2025-02-02T12:18:44.160+0000] {logging_mixin.py:190} INFO - [2025-02-02T12:18:44.160+0000] {dagbag.py:588} INFO - Filling up the DagBag from /home/airflow/.local/lib/python3.12/site-packages/airflow/example_dags/example_python_operator.py
[2025-02-02T12:18:44.172+0000] {processor.py:925} INFO - DAG(s) 'example_python_operator' retrieved from /home/airflow/.local/lib/python3.12/site-packages/airflow/example_dags/example_python_operator.py
[2025-02-02T12:18:44.194+0000] {logging_mixin.py:190} INFO - [2025-02-02T12:18:44.194+0000] {dag.py:3239} INFO - Sync 1 DAGs
[2025-02-02T12:18:44.209+0000] {logging_mixin.py:190} INFO - [2025-02-02T12:18:44.209+0000] {dag.py:4180} INFO - Setting next_dagrun for example_python_operator to None, run_after=None
[2025-02-02T12:18:44.231+0000] {processor.py:208} INFO - Processing /home/airflow/.local/lib/python3.12/site-packages/airflow/example_dags/example_python_operator.py took 0.081 seconds
[2025-02-02T12:19:15.574+0000] {processor.py:186} INFO - Started process (PID=394) to work on /home/airflow/.local/lib/python3.12/site-packages/airflow/example_dags/example_python_operator.py
[2025-02-02T12:19:15.575+0000] {processor.py:914} INFO - Processing file /home/airflow/.local/lib/python3.12/site-packages/airflow/example_dags/example_python_operator.py for tasks to queue
[2025-02-02T12:19:15.578+0000] {logging_mixin.py:190} INFO - [2025-02-02T12:19:15.577+0000] {dagbag.py:588} INFO - Filling up the DagBag from /home/airflow/.local/lib/python3.12/site-packages/airflow/example_dags/example_python_operator.py
[2025-02-02T12:19:15.589+0000] {processor.py:925} INFO - DAG(s) 'example_python_operator' retrieved from /home/airflow/.local/lib/python3.12/site-packages/airflow/example_dags/example_python_operator.py
[2025-02-02T12:19:15.613+0000] {logging_mixin.py:190} INFO - [2025-02-02T12:19:15.613+0000] {dag.py:3239} INFO - Sync 1 DAGs
[2025-02-02T12:19:15.628+0000] {logging_mixin.py:190} INFO - [2025-02-02T12:19:15.628+0000] {dag.py:4180} INFO - Setting next_dagrun for example_python_operator to None, run_after=None
[2025-02-02T12:19:15.648+0000] {processor.py:208} INFO - Processing /home/airflow/.local/lib/python3.12/site-packages/airflow/example_dags/example_python_operator.py took 0.080 seconds
[2025-02-02T12:19:47.571+0000] {processor.py:186} INFO - Started process (PID=457) to work on /home/airflow/.local/lib/python3.12/site-packages/airflow/example_dags/example_python_operator.py
[2025-02-02T12:19:47.573+0000] {processor.py:914} INFO - Processing file /home/airflow/.local/lib/python3.12/site-packages/airflow/example_dags/example_python_operator.py for tasks to queue
[2025-02-02T12:19:47.576+0000] {logging_mixin.py:190} INFO - [2025-02-02T12:19:47.575+0000] {dagbag.py:588} INFO - Filling up the DagBag from /home/airflow/.local/lib/python3.12/site-packages/airflow/example_dags/example_python_operator.py
[2025-02-02T12:19:47.590+0000] {processor.py:925} INFO - DAG(s) 'example_python_operator' retrieved from /home/airflow/.local/lib/python3.12/site-packages/airflow/example_dags/example_python_operator.py
[2025-02-02T12:19:47.617+0000] {logging_mixin.py:190} INFO - [2025-02-02T12:19:47.617+0000] {dag.py:3239} INFO - Sync 1 DAGs
[2025-02-02T12:19:47.633+0000] {logging_mixin.py:190} INFO - [2025-02-02T12:19:47.633+0000] {dag.py:4180} INFO - Setting next_dagrun for example_python_operator to None, run_after=None
[2025-02-02T12:19:47.663+0000] {processor.py:208} INFO - Processing /home/airflow/.local/lib/python3.12/site-packages/airflow/example_dags/example_python_operator.py took 0.099 seconds
[2025-02-02T12:20:19.716+0000] {processor.py:186} INFO - Started process (PID=520) to work on /home/airflow/.local/lib/python3.12/site-packages/airflow/example_dags/example_python_operator.py
[2025-02-02T12:20:19.718+0000] {processor.py:914} INFO - Processing file /home/airflow/.local/lib/python3.12/site-packages/airflow/example_dags/example_python_operator.py for tasks to queue
[2025-02-02T12:20:19.722+0000] {logging_mixin.py:190} INFO - [2025-02-02T12:20:19.721+0000] {dagbag.py:588} INFO - Filling up the DagBag from /home/airflow/.local/lib/python3.12/site-packages/airflow/example_dags/example_python_operator.py
[2025-02-02T12:20:19.740+0000] {processor.py:925} INFO - DAG(s) 'example_python_operator' retrieved from /home/airflow/.local/lib/python3.12/site-packages/airflow/example_dags/example_python_operator.py
[2025-02-02T12:20:19.777+0000] {logging_mixin.py:190} INFO - [2025-02-02T12:20:19.776+0000] {dag.py:3239} INFO - Sync 1 DAGs
[2025-02-02T12:20:19.818+0000] {logging_mixin.py:190} INFO - [2025-02-02T12:20:19.817+0000] {dag.py:4180} INFO - Setting next_dagrun for example_python_operator to None, run_after=None
[2025-02-02T12:20:19.880+0000] {processor.py:208} INFO - Processing /home/airflow/.local/lib/python3.12/site-packages/airflow/example_dags/example_python_operator.py took 0.173 seconds
[2025-02-02T16:18:52.809+0000] {processor.py:186} INFO - Started process (PID=73) to work on /home/airflow/.local/lib/python3.12/site-packages/airflow/example_dags/example_python_operator.py
[2025-02-02T16:18:52.811+0000] {processor.py:914} INFO - Processing file /home/airflow/.local/lib/python3.12/site-packages/airflow/example_dags/example_python_operator.py for tasks to queue
[2025-02-02T16:18:52.813+0000] {logging_mixin.py:190} INFO - [2025-02-02T16:18:52.813+0000] {dagbag.py:588} INFO - Filling up the DagBag from /home/airflow/.local/lib/python3.12/site-packages/airflow/example_dags/example_python_operator.py
[2025-02-02T16:18:52.825+0000] {processor.py:925} INFO - DAG(s) 'example_python_operator' retrieved from /home/airflow/.local/lib/python3.12/site-packages/airflow/example_dags/example_python_operator.py
[2025-02-02T16:18:52.948+0000] {logging_mixin.py:190} INFO - [2025-02-02T16:18:52.947+0000] {dag.py:3239} INFO - Sync 1 DAGs
[2025-02-02T16:18:52.962+0000] {logging_mixin.py:190} INFO - [2025-02-02T16:18:52.962+0000] {dag.py:4180} INFO - Setting next_dagrun for example_python_operator to None, run_after=None
[2025-02-02T16:18:52.986+0000] {processor.py:208} INFO - Processing /home/airflow/.local/lib/python3.12/site-packages/airflow/example_dags/example_python_operator.py took 0.182 seconds
[2025-02-02T16:19:24.147+0000] {processor.py:186} INFO - Started process (PID=136) to work on /home/airflow/.local/lib/python3.12/site-packages/airflow/example_dags/example_python_operator.py
[2025-02-02T16:19:24.148+0000] {processor.py:914} INFO - Processing file /home/airflow/.local/lib/python3.12/site-packages/airflow/example_dags/example_python_operator.py for tasks to queue
[2025-02-02T16:19:24.151+0000] {logging_mixin.py:190} INFO - [2025-02-02T16:19:24.150+0000] {dagbag.py:588} INFO - Filling up the DagBag from /home/airflow/.local/lib/python3.12/site-packages/airflow/example_dags/example_python_operator.py
[2025-02-02T16:19:24.164+0000] {processor.py:925} INFO - DAG(s) 'example_python_operator' retrieved from /home/airflow/.local/lib/python3.12/site-packages/airflow/example_dags/example_python_operator.py
[2025-02-02T16:19:24.187+0000] {logging_mixin.py:190} INFO - [2025-02-02T16:19:24.187+0000] {dag.py:3239} INFO - Sync 1 DAGs
[2025-02-02T16:19:24.201+0000] {logging_mixin.py:190} INFO - [2025-02-02T16:19:24.201+0000] {dag.py:4180} INFO - Setting next_dagrun for example_python_operator to None, run_after=None
[2025-02-02T16:19:24.223+0000] {processor.py:208} INFO - Processing /home/airflow/.local/lib/python3.12/site-packages/airflow/example_dags/example_python_operator.py took 0.082 seconds
[2025-02-02T16:19:55.417+0000] {processor.py:186} INFO - Started process (PID=199) to work on /home/airflow/.local/lib/python3.12/site-packages/airflow/example_dags/example_python_operator.py
[2025-02-02T16:19:55.418+0000] {processor.py:914} INFO - Processing file /home/airflow/.local/lib/python3.12/site-packages/airflow/example_dags/example_python_operator.py for tasks to queue
[2025-02-02T16:19:55.421+0000] {logging_mixin.py:190} INFO - [2025-02-02T16:19:55.420+0000] {dagbag.py:588} INFO - Filling up the DagBag from /home/airflow/.local/lib/python3.12/site-packages/airflow/example_dags/example_python_operator.py
[2025-02-02T16:19:55.432+0000] {processor.py:925} INFO - DAG(s) 'example_python_operator' retrieved from /home/airflow/.local/lib/python3.12/site-packages/airflow/example_dags/example_python_operator.py
[2025-02-02T16:19:55.455+0000] {logging_mixin.py:190} INFO - [2025-02-02T16:19:55.455+0000] {dag.py:3239} INFO - Sync 1 DAGs
[2025-02-02T16:19:55.472+0000] {logging_mixin.py:190} INFO - [2025-02-02T16:19:55.471+0000] {dag.py:4180} INFO - Setting next_dagrun for example_python_operator to None, run_after=None
[2025-02-02T16:19:55.495+0000] {processor.py:208} INFO - Processing /home/airflow/.local/lib/python3.12/site-packages/airflow/example_dags/example_python_operator.py took 0.083 seconds
[2025-02-02T16:20:26.699+0000] {processor.py:186} INFO - Started process (PID=268) to work on /home/airflow/.local/lib/python3.12/site-packages/airflow/example_dags/example_python_operator.py
[2025-02-02T16:20:26.700+0000] {processor.py:914} INFO - Processing file /home/airflow/.local/lib/python3.12/site-packages/airflow/example_dags/example_python_operator.py for tasks to queue
[2025-02-02T16:20:26.703+0000] {logging_mixin.py:190} INFO - [2025-02-02T16:20:26.703+0000] {dagbag.py:588} INFO - Filling up the DagBag from /home/airflow/.local/lib/python3.12/site-packages/airflow/example_dags/example_python_operator.py
[2025-02-02T16:20:26.714+0000] {processor.py:925} INFO - DAG(s) 'example_python_operator' retrieved from /home/airflow/.local/lib/python3.12/site-packages/airflow/example_dags/example_python_operator.py
[2025-02-02T16:20:26.736+0000] {logging_mixin.py:190} INFO - [2025-02-02T16:20:26.735+0000] {dag.py:3239} INFO - Sync 1 DAGs
[2025-02-02T16:20:26.748+0000] {logging_mixin.py:190} INFO - [2025-02-02T16:20:26.748+0000] {dag.py:4180} INFO - Setting next_dagrun for example_python_operator to None, run_after=None
[2025-02-02T16:20:26.769+0000] {processor.py:208} INFO - Processing /home/airflow/.local/lib/python3.12/site-packages/airflow/example_dags/example_python_operator.py took 0.075 seconds
[2025-02-02T16:20:57.793+0000] {processor.py:186} INFO - Started process (PID=331) to work on /home/airflow/.local/lib/python3.12/site-packages/airflow/example_dags/example_python_operator.py
[2025-02-02T16:20:57.794+0000] {processor.py:914} INFO - Processing file /home/airflow/.local/lib/python3.12/site-packages/airflow/example_dags/example_python_operator.py for tasks to queue
[2025-02-02T16:20:57.797+0000] {logging_mixin.py:190} INFO - [2025-02-02T16:20:57.797+0000] {dagbag.py:588} INFO - Filling up the DagBag from /home/airflow/.local/lib/python3.12/site-packages/airflow/example_dags/example_python_operator.py
[2025-02-02T16:20:57.811+0000] {processor.py:925} INFO - DAG(s) 'example_python_operator' retrieved from /home/airflow/.local/lib/python3.12/site-packages/airflow/example_dags/example_python_operator.py
[2025-02-02T16:20:57.837+0000] {logging_mixin.py:190} INFO - [2025-02-02T16:20:57.837+0000] {dag.py:3239} INFO - Sync 1 DAGs
[2025-02-02T16:20:57.853+0000] {logging_mixin.py:190} INFO - [2025-02-02T16:20:57.853+0000] {dag.py:4180} INFO - Setting next_dagrun for example_python_operator to None, run_after=None
[2025-02-02T16:20:57.875+0000] {processor.py:208} INFO - Processing /home/airflow/.local/lib/python3.12/site-packages/airflow/example_dags/example_python_operator.py took 0.087 seconds
[2025-02-02T16:21:28.567+0000] {processor.py:186} INFO - Started process (PID=394) to work on /home/airflow/.local/lib/python3.12/site-packages/airflow/example_dags/example_python_operator.py
[2025-02-02T16:21:28.568+0000] {processor.py:914} INFO - Processing file /home/airflow/.local/lib/python3.12/site-packages/airflow/example_dags/example_python_operator.py for tasks to queue
[2025-02-02T16:21:28.571+0000] {logging_mixin.py:190} INFO - [2025-02-02T16:21:28.570+0000] {dagbag.py:588} INFO - Filling up the DagBag from /home/airflow/.local/lib/python3.12/site-packages/airflow/example_dags/example_python_operator.py
[2025-02-02T16:21:28.582+0000] {processor.py:925} INFO - DAG(s) 'example_python_operator' retrieved from /home/airflow/.local/lib/python3.12/site-packages/airflow/example_dags/example_python_operator.py
[2025-02-02T16:21:28.608+0000] {logging_mixin.py:190} INFO - [2025-02-02T16:21:28.608+0000] {dag.py:3239} INFO - Sync 1 DAGs
[2025-02-02T16:21:28.626+0000] {logging_mixin.py:190} INFO - [2025-02-02T16:21:28.625+0000] {dag.py:4180} INFO - Setting next_dagrun for example_python_operator to None, run_after=None
[2025-02-02T16:21:28.649+0000] {processor.py:208} INFO - Processing /home/airflow/.local/lib/python3.12/site-packages/airflow/example_dags/example_python_operator.py took 0.087 seconds
[2025-02-02T16:21:59.079+0000] {processor.py:186} INFO - Started process (PID=456) to work on /home/airflow/.local/lib/python3.12/site-packages/airflow/example_dags/example_python_operator.py
[2025-02-02T16:21:59.080+0000] {processor.py:914} INFO - Processing file /home/airflow/.local/lib/python3.12/site-packages/airflow/example_dags/example_python_operator.py for tasks to queue
[2025-02-02T16:21:59.082+0000] {logging_mixin.py:190} INFO - [2025-02-02T16:21:59.082+0000] {dagbag.py:588} INFO - Filling up the DagBag from /home/airflow/.local/lib/python3.12/site-packages/airflow/example_dags/example_python_operator.py
[2025-02-02T16:21:59.094+0000] {processor.py:925} INFO - DAG(s) 'example_python_operator' retrieved from /home/airflow/.local/lib/python3.12/site-packages/airflow/example_dags/example_python_operator.py
[2025-02-02T16:21:59.120+0000] {logging_mixin.py:190} INFO - [2025-02-02T16:21:59.120+0000] {dag.py:3239} INFO - Sync 1 DAGs
[2025-02-02T16:21:59.137+0000] {logging_mixin.py:190} INFO - [2025-02-02T16:21:59.136+0000] {dag.py:4180} INFO - Setting next_dagrun for example_python_operator to None, run_after=None
[2025-02-02T16:21:59.161+0000] {processor.py:208} INFO - Processing /home/airflow/.local/lib/python3.12/site-packages/airflow/example_dags/example_python_operator.py took 0.087 seconds
[2025-02-02T16:22:30.558+0000] {processor.py:186} INFO - Started process (PID=519) to work on /home/airflow/.local/lib/python3.12/site-packages/airflow/example_dags/example_python_operator.py
[2025-02-02T16:22:30.559+0000] {processor.py:914} INFO - Processing file /home/airflow/.local/lib/python3.12/site-packages/airflow/example_dags/example_python_operator.py for tasks to queue
[2025-02-02T16:22:30.561+0000] {logging_mixin.py:190} INFO - [2025-02-02T16:22:30.561+0000] {dagbag.py:588} INFO - Filling up the DagBag from /home/airflow/.local/lib/python3.12/site-packages/airflow/example_dags/example_python_operator.py
[2025-02-02T16:22:30.573+0000] {processor.py:925} INFO - DAG(s) 'example_python_operator' retrieved from /home/airflow/.local/lib/python3.12/site-packages/airflow/example_dags/example_python_operator.py
[2025-02-02T16:22:30.595+0000] {logging_mixin.py:190} INFO - [2025-02-02T16:22:30.595+0000] {dag.py:3239} INFO - Sync 1 DAGs
[2025-02-02T16:22:30.609+0000] {logging_mixin.py:190} INFO - [2025-02-02T16:22:30.608+0000] {dag.py:4180} INFO - Setting next_dagrun for example_python_operator to None, run_after=None
[2025-02-02T16:22:30.630+0000] {processor.py:208} INFO - Processing /home/airflow/.local/lib/python3.12/site-packages/airflow/example_dags/example_python_operator.py took 0.078 seconds
[2025-02-02T16:23:01.587+0000] {processor.py:186} INFO - Started process (PID=582) to work on /home/airflow/.local/lib/python3.12/site-packages/airflow/example_dags/example_python_operator.py
[2025-02-02T16:23:01.588+0000] {processor.py:914} INFO - Processing file /home/airflow/.local/lib/python3.12/site-packages/airflow/example_dags/example_python_operator.py for tasks to queue
[2025-02-02T16:23:01.590+0000] {logging_mixin.py:190} INFO - [2025-02-02T16:23:01.590+0000] {dagbag.py:588} INFO - Filling up the DagBag from /home/airflow/.local/lib/python3.12/site-packages/airflow/example_dags/example_python_operator.py
[2025-02-02T16:23:01.602+0000] {processor.py:925} INFO - DAG(s) 'example_python_operator' retrieved from /home/airflow/.local/lib/python3.12/site-packages/airflow/example_dags/example_python_operator.py
[2025-02-02T16:23:01.626+0000] {logging_mixin.py:190} INFO - [2025-02-02T16:23:01.626+0000] {dag.py:3239} INFO - Sync 1 DAGs
[2025-02-02T16:23:01.644+0000] {logging_mixin.py:190} INFO - [2025-02-02T16:23:01.644+0000] {dag.py:4180} INFO - Setting next_dagrun for example_python_operator to None, run_after=None
[2025-02-02T16:23:01.674+0000] {processor.py:208} INFO - Processing /home/airflow/.local/lib/python3.12/site-packages/airflow/example_dags/example_python_operator.py took 0.092 seconds
[2025-02-02T16:23:33.062+0000] {processor.py:186} INFO - Started process (PID=645) to work on /home/airflow/.local/lib/python3.12/site-packages/airflow/example_dags/example_python_operator.py
[2025-02-02T16:23:33.064+0000] {processor.py:914} INFO - Processing file /home/airflow/.local/lib/python3.12/site-packages/airflow/example_dags/example_python_operator.py for tasks to queue
[2025-02-02T16:23:33.069+0000] {logging_mixin.py:190} INFO - [2025-02-02T16:23:33.068+0000] {dagbag.py:588} INFO - Filling up the DagBag from /home/airflow/.local/lib/python3.12/site-packages/airflow/example_dags/example_python_operator.py
[2025-02-02T16:23:33.087+0000] {processor.py:925} INFO - DAG(s) 'example_python_operator' retrieved from /home/airflow/.local/lib/python3.12/site-packages/airflow/example_dags/example_python_operator.py
[2025-02-02T16:23:33.114+0000] {logging_mixin.py:190} INFO - [2025-02-02T16:23:33.113+0000] {dag.py:3239} INFO - Sync 1 DAGs
[2025-02-02T16:23:33.132+0000] {logging_mixin.py:190} INFO - [2025-02-02T16:23:33.132+0000] {dag.py:4180} INFO - Setting next_dagrun for example_python_operator to None, run_after=None
[2025-02-02T16:23:33.163+0000] {processor.py:208} INFO - Processing /home/airflow/.local/lib/python3.12/site-packages/airflow/example_dags/example_python_operator.py took 0.110 seconds
[2025-02-02T16:24:03.629+0000] {processor.py:186} INFO - Started process (PID=708) to work on /home/airflow/.local/lib/python3.12/site-packages/airflow/example_dags/example_python_operator.py
[2025-02-02T16:24:03.631+0000] {processor.py:914} INFO - Processing file /home/airflow/.local/lib/python3.12/site-packages/airflow/example_dags/example_python_operator.py for tasks to queue
[2025-02-02T16:24:03.633+0000] {logging_mixin.py:190} INFO - [2025-02-02T16:24:03.633+0000] {dagbag.py:588} INFO - Filling up the DagBag from /home/airflow/.local/lib/python3.12/site-packages/airflow/example_dags/example_python_operator.py
[2025-02-02T16:24:03.645+0000] {processor.py:925} INFO - DAG(s) 'example_python_operator' retrieved from /home/airflow/.local/lib/python3.12/site-packages/airflow/example_dags/example_python_operator.py
[2025-02-02T16:24:03.669+0000] {logging_mixin.py:190} INFO - [2025-02-02T16:24:03.669+0000] {dag.py:3239} INFO - Sync 1 DAGs
[2025-02-02T16:24:03.685+0000] {logging_mixin.py:190} INFO - [2025-02-02T16:24:03.685+0000] {dag.py:4180} INFO - Setting next_dagrun for example_python_operator to None, run_after=None
[2025-02-02T16:24:03.711+0000] {processor.py:208} INFO - Processing /home/airflow/.local/lib/python3.12/site-packages/airflow/example_dags/example_python_operator.py took 0.087 seconds
[2025-02-02T16:24:35.595+0000] {processor.py:186} INFO - Started process (PID=771) to work on /home/airflow/.local/lib/python3.12/site-packages/airflow/example_dags/example_python_operator.py
[2025-02-02T16:24:35.596+0000] {processor.py:914} INFO - Processing file /home/airflow/.local/lib/python3.12/site-packages/airflow/example_dags/example_python_operator.py for tasks to queue
[2025-02-02T16:24:35.599+0000] {logging_mixin.py:190} INFO - [2025-02-02T16:24:35.598+0000] {dagbag.py:588} INFO - Filling up the DagBag from /home/airflow/.local/lib/python3.12/site-packages/airflow/example_dags/example_python_operator.py
[2025-02-02T16:24:35.612+0000] {processor.py:925} INFO - DAG(s) 'example_python_operator' retrieved from /home/airflow/.local/lib/python3.12/site-packages/airflow/example_dags/example_python_operator.py
[2025-02-02T16:24:35.647+0000] {logging_mixin.py:190} INFO - [2025-02-02T16:24:35.646+0000] {dag.py:3239} INFO - Sync 1 DAGs
[2025-02-02T16:24:35.668+0000] {logging_mixin.py:190} INFO - [2025-02-02T16:24:35.667+0000] {dag.py:4180} INFO - Setting next_dagrun for example_python_operator to None, run_after=None
[2025-02-02T16:24:35.699+0000] {processor.py:208} INFO - Processing /home/airflow/.local/lib/python3.12/site-packages/airflow/example_dags/example_python_operator.py took 0.111 seconds
[2025-02-02T16:25:06.351+0000] {processor.py:186} INFO - Started process (PID=834) to work on /home/airflow/.local/lib/python3.12/site-packages/airflow/example_dags/example_python_operator.py
[2025-02-02T16:25:06.352+0000] {processor.py:914} INFO - Processing file /home/airflow/.local/lib/python3.12/site-packages/airflow/example_dags/example_python_operator.py for tasks to queue
[2025-02-02T16:25:06.355+0000] {logging_mixin.py:190} INFO - [2025-02-02T16:25:06.354+0000] {dagbag.py:588} INFO - Filling up the DagBag from /home/airflow/.local/lib/python3.12/site-packages/airflow/example_dags/example_python_operator.py
[2025-02-02T16:25:06.368+0000] {processor.py:925} INFO - DAG(s) 'example_python_operator' retrieved from /home/airflow/.local/lib/python3.12/site-packages/airflow/example_dags/example_python_operator.py
[2025-02-02T16:25:06.396+0000] {logging_mixin.py:190} INFO - [2025-02-02T16:25:06.396+0000] {dag.py:3239} INFO - Sync 1 DAGs
[2025-02-02T16:25:06.411+0000] {logging_mixin.py:190} INFO - [2025-02-02T16:25:06.411+0000] {dag.py:4180} INFO - Setting next_dagrun for example_python_operator to None, run_after=None
[2025-02-02T16:25:06.435+0000] {processor.py:208} INFO - Processing /home/airflow/.local/lib/python3.12/site-packages/airflow/example_dags/example_python_operator.py took 0.090 seconds
[2025-02-02T16:25:37.930+0000] {processor.py:186} INFO - Started process (PID=897) to work on /home/airflow/.local/lib/python3.12/site-packages/airflow/example_dags/example_python_operator.py
[2025-02-02T16:25:37.931+0000] {processor.py:914} INFO - Processing file /home/airflow/.local/lib/python3.12/site-packages/airflow/example_dags/example_python_operator.py for tasks to queue
[2025-02-02T16:25:37.933+0000] {logging_mixin.py:190} INFO - [2025-02-02T16:25:37.933+0000] {dagbag.py:588} INFO - Filling up the DagBag from /home/airflow/.local/lib/python3.12/site-packages/airflow/example_dags/example_python_operator.py
[2025-02-02T16:25:37.944+0000] {processor.py:925} INFO - DAG(s) 'example_python_operator' retrieved from /home/airflow/.local/lib/python3.12/site-packages/airflow/example_dags/example_python_operator.py
[2025-02-02T16:25:37.970+0000] {logging_mixin.py:190} INFO - [2025-02-02T16:25:37.969+0000] {dag.py:3239} INFO - Sync 1 DAGs
[2025-02-02T16:25:37.984+0000] {logging_mixin.py:190} INFO - [2025-02-02T16:25:37.984+0000] {dag.py:4180} INFO - Setting next_dagrun for example_python_operator to None, run_after=None
[2025-02-02T16:25:38.009+0000] {processor.py:208} INFO - Processing /home/airflow/.local/lib/python3.12/site-packages/airflow/example_dags/example_python_operator.py took 0.085 seconds
