[2025-02-02T12:16:42.819+0000] {processor.py:186} INFO - Started process (PID=94) to work on /home/airflow/.local/lib/python3.12/site-packages/airflow/example_dags/example_subdag_operator.py
[2025-02-02T12:16:42.821+0000] {processor.py:914} INFO - Processing file /home/airflow/.local/lib/python3.12/site-packages/airflow/example_dags/example_subdag_operator.py for tasks to queue
[2025-02-02T12:16:42.824+0000] {logging_mixin.py:190} INFO - [2025-02-02T12:16:42.823+0000] {dagbag.py:588} INFO - Filling up the DagBag from /home/airflow/.local/lib/python3.12/site-packages/airflow/example_dags/example_subdag_operator.py
[2025-02-02T12:16:42.861+0000] {processor.py:925} INFO - DAG(s) 'example_subdag_operator.section-1', 'example_subdag_operator.section-2', 'example_subdag_operator' retrieved from /home/airflow/.local/lib/python3.12/site-packages/airflow/example_dags/example_subdag_operator.py
[2025-02-02T12:16:42.971+0000] {logging_mixin.py:190} INFO - [2025-02-02T12:16:42.970+0000] {override.py:1911} INFO - Created Permission View: can read on DAG:example_subdag_operator
[2025-02-02T12:16:42.987+0000] {logging_mixin.py:190} INFO - [2025-02-02T12:16:42.987+0000] {override.py:1911} INFO - Created Permission View: can edit on DAG:example_subdag_operator
[2025-02-02T12:16:42.998+0000] {logging_mixin.py:190} INFO - [2025-02-02T12:16:42.997+0000] {override.py:1911} INFO - Created Permission View: can delete on DAG:example_subdag_operator
[2025-02-02T12:16:43.009+0000] {logging_mixin.py:190} INFO - [2025-02-02T12:16:43.008+0000] {override.py:1911} INFO - Created Permission View: can read on DAG Run:example_subdag_operator
[2025-02-02T12:16:43.018+0000] {logging_mixin.py:190} INFO - [2025-02-02T12:16:43.018+0000] {override.py:1911} INFO - Created Permission View: menu access on DAG Run:example_subdag_operator
[2025-02-02T12:16:43.027+0000] {logging_mixin.py:190} INFO - [2025-02-02T12:16:43.027+0000] {override.py:1911} INFO - Created Permission View: can create on DAG Run:example_subdag_operator
[2025-02-02T12:16:43.038+0000] {logging_mixin.py:190} INFO - [2025-02-02T12:16:43.037+0000] {override.py:1911} INFO - Created Permission View: can delete on DAG Run:example_subdag_operator
[2025-02-02T12:16:43.039+0000] {logging_mixin.py:190} INFO - [2025-02-02T12:16:43.038+0000] {dag.py:3239} INFO - Sync 3 DAGs
[2025-02-02T12:16:43.054+0000] {logging_mixin.py:190} INFO - [2025-02-02T12:16:43.053+0000] {dag.py:3262} INFO - Creating ORM DAG for example_subdag_operator.section-1
[2025-02-02T12:16:43.055+0000] {logging_mixin.py:190} INFO - [2025-02-02T12:16:43.054+0000] {dag.py:3262} INFO - Creating ORM DAG for example_subdag_operator
[2025-02-02T12:16:43.056+0000] {logging_mixin.py:190} INFO - [2025-02-02T12:16:43.055+0000] {dag.py:3262} INFO - Creating ORM DAG for example_subdag_operator.section-2
[2025-02-02T12:16:43.065+0000] {logging_mixin.py:190} INFO - [2025-02-02T12:16:43.065+0000] {dag.py:4180} INFO - Setting next_dagrun for example_subdag_operator to 2022-01-01 00:00:00+00:00, run_after=2022-01-01 00:00:00+00:00
[2025-02-02T12:16:43.066+0000] {logging_mixin.py:190} INFO - [2025-02-02T12:16:43.066+0000] {dag.py:4180} INFO - Setting next_dagrun for example_subdag_operator.section-1 to None, run_after=None
[2025-02-02T12:16:43.067+0000] {logging_mixin.py:190} INFO - [2025-02-02T12:16:43.067+0000] {dag.py:4180} INFO - Setting next_dagrun for example_subdag_operator.section-2 to None, run_after=None
[2025-02-02T12:16:43.076+0000] {logging_mixin.py:190} INFO - [2025-02-02T12:16:43.076+0000] {dag.py:3239} INFO - Sync 2 DAGs
[2025-02-02T12:16:43.083+0000] {logging_mixin.py:190} INFO - [2025-02-02T12:16:43.083+0000] {dag.py:4180} INFO - Setting next_dagrun for example_subdag_operator.section-1 to None, run_after=None
[2025-02-02T12:16:43.086+0000] {logging_mixin.py:190} INFO - [2025-02-02T12:16:43.086+0000] {dag.py:4180} INFO - Setting next_dagrun for example_subdag_operator.section-2 to None, run_after=None
[2025-02-02T12:16:43.103+0000] {processor.py:208} INFO - Processing /home/airflow/.local/lib/python3.12/site-packages/airflow/example_dags/example_subdag_operator.py took 0.290 seconds
[2025-02-02T12:17:14.035+0000] {processor.py:186} INFO - Started process (PID=157) to work on /home/airflow/.local/lib/python3.12/site-packages/airflow/example_dags/example_subdag_operator.py
[2025-02-02T12:17:14.036+0000] {processor.py:914} INFO - Processing file /home/airflow/.local/lib/python3.12/site-packages/airflow/example_dags/example_subdag_operator.py for tasks to queue
[2025-02-02T12:17:14.039+0000] {logging_mixin.py:190} INFO - [2025-02-02T12:17:14.038+0000] {dagbag.py:588} INFO - Filling up the DagBag from /home/airflow/.local/lib/python3.12/site-packages/airflow/example_dags/example_subdag_operator.py
[2025-02-02T12:17:14.066+0000] {processor.py:925} INFO - DAG(s) 'example_subdag_operator.section-1', 'example_subdag_operator.section-2', 'example_subdag_operator' retrieved from /home/airflow/.local/lib/python3.12/site-packages/airflow/example_dags/example_subdag_operator.py
[2025-02-02T12:17:14.082+0000] {logging_mixin.py:190} INFO - [2025-02-02T12:17:14.082+0000] {dag.py:3239} INFO - Sync 3 DAGs
[2025-02-02T12:17:14.109+0000] {logging_mixin.py:190} INFO - [2025-02-02T12:17:14.109+0000] {dag.py:4180} INFO - Setting next_dagrun for example_subdag_operator to 2022-01-01 00:00:00+00:00, run_after=2022-01-01 00:00:00+00:00
[2025-02-02T12:17:14.113+0000] {logging_mixin.py:190} INFO - [2025-02-02T12:17:14.113+0000] {dag.py:4180} INFO - Setting next_dagrun for example_subdag_operator.section-1 to None, run_after=None
[2025-02-02T12:17:14.115+0000] {logging_mixin.py:190} INFO - [2025-02-02T12:17:14.115+0000] {dag.py:4180} INFO - Setting next_dagrun for example_subdag_operator.section-2 to None, run_after=None
[2025-02-02T12:17:14.125+0000] {logging_mixin.py:190} INFO - [2025-02-02T12:17:14.124+0000] {dag.py:3239} INFO - Sync 2 DAGs
[2025-02-02T12:17:14.132+0000] {logging_mixin.py:190} INFO - [2025-02-02T12:17:14.132+0000] {dag.py:4180} INFO - Setting next_dagrun for example_subdag_operator.section-1 to None, run_after=None
[2025-02-02T12:17:14.133+0000] {logging_mixin.py:190} INFO - [2025-02-02T12:17:14.133+0000] {dag.py:4180} INFO - Setting next_dagrun for example_subdag_operator.section-2 to None, run_after=None
[2025-02-02T12:17:14.149+0000] {processor.py:208} INFO - Processing /home/airflow/.local/lib/python3.12/site-packages/airflow/example_dags/example_subdag_operator.py took 0.120 seconds
[2025-02-02T12:17:44.253+0000] {processor.py:186} INFO - Started process (PID=220) to work on /home/airflow/.local/lib/python3.12/site-packages/airflow/example_dags/example_subdag_operator.py
[2025-02-02T12:17:44.255+0000] {processor.py:914} INFO - Processing file /home/airflow/.local/lib/python3.12/site-packages/airflow/example_dags/example_subdag_operator.py for tasks to queue
[2025-02-02T12:17:44.258+0000] {logging_mixin.py:190} INFO - [2025-02-02T12:17:44.257+0000] {dagbag.py:588} INFO - Filling up the DagBag from /home/airflow/.local/lib/python3.12/site-packages/airflow/example_dags/example_subdag_operator.py
[2025-02-02T12:17:44.288+0000] {processor.py:925} INFO - DAG(s) 'example_subdag_operator.section-1', 'example_subdag_operator.section-2', 'example_subdag_operator' retrieved from /home/airflow/.local/lib/python3.12/site-packages/airflow/example_dags/example_subdag_operator.py
[2025-02-02T12:17:44.305+0000] {logging_mixin.py:190} INFO - [2025-02-02T12:17:44.305+0000] {dag.py:3239} INFO - Sync 3 DAGs
[2025-02-02T12:17:44.334+0000] {logging_mixin.py:190} INFO - [2025-02-02T12:17:44.334+0000] {dag.py:4180} INFO - Setting next_dagrun for example_subdag_operator to 2022-01-01 00:00:00+00:00, run_after=2022-01-01 00:00:00+00:00
[2025-02-02T12:17:44.339+0000] {logging_mixin.py:190} INFO - [2025-02-02T12:17:44.338+0000] {dag.py:4180} INFO - Setting next_dagrun for example_subdag_operator.section-1 to None, run_after=None
[2025-02-02T12:17:44.341+0000] {logging_mixin.py:190} INFO - [2025-02-02T12:17:44.341+0000] {dag.py:4180} INFO - Setting next_dagrun for example_subdag_operator.section-2 to None, run_after=None
[2025-02-02T12:17:44.351+0000] {logging_mixin.py:190} INFO - [2025-02-02T12:17:44.351+0000] {dag.py:3239} INFO - Sync 2 DAGs
[2025-02-02T12:17:44.360+0000] {logging_mixin.py:190} INFO - [2025-02-02T12:17:44.360+0000] {dag.py:4180} INFO - Setting next_dagrun for example_subdag_operator.section-1 to None, run_after=None
[2025-02-02T12:17:44.361+0000] {logging_mixin.py:190} INFO - [2025-02-02T12:17:44.361+0000] {dag.py:4180} INFO - Setting next_dagrun for example_subdag_operator.section-2 to None, run_after=None
[2025-02-02T12:17:44.379+0000] {processor.py:208} INFO - Processing /home/airflow/.local/lib/python3.12/site-packages/airflow/example_dags/example_subdag_operator.py took 0.131 seconds
[2025-02-02T12:18:14.462+0000] {processor.py:186} INFO - Started process (PID=283) to work on /home/airflow/.local/lib/python3.12/site-packages/airflow/example_dags/example_subdag_operator.py
[2025-02-02T12:18:14.464+0000] {processor.py:914} INFO - Processing file /home/airflow/.local/lib/python3.12/site-packages/airflow/example_dags/example_subdag_operator.py for tasks to queue
[2025-02-02T12:18:14.466+0000] {logging_mixin.py:190} INFO - [2025-02-02T12:18:14.466+0000] {dagbag.py:588} INFO - Filling up the DagBag from /home/airflow/.local/lib/python3.12/site-packages/airflow/example_dags/example_subdag_operator.py
[2025-02-02T12:18:14.495+0000] {processor.py:925} INFO - DAG(s) 'example_subdag_operator.section-1', 'example_subdag_operator.section-2', 'example_subdag_operator' retrieved from /home/airflow/.local/lib/python3.12/site-packages/airflow/example_dags/example_subdag_operator.py
[2025-02-02T12:18:14.512+0000] {logging_mixin.py:190} INFO - [2025-02-02T12:18:14.512+0000] {dag.py:3239} INFO - Sync 3 DAGs
[2025-02-02T12:18:14.538+0000] {logging_mixin.py:190} INFO - [2025-02-02T12:18:14.538+0000] {dag.py:4180} INFO - Setting next_dagrun for example_subdag_operator to 2022-01-01 00:00:00+00:00, run_after=2022-01-01 00:00:00+00:00
[2025-02-02T12:18:14.543+0000] {logging_mixin.py:190} INFO - [2025-02-02T12:18:14.543+0000] {dag.py:4180} INFO - Setting next_dagrun for example_subdag_operator.section-1 to None, run_after=None
[2025-02-02T12:18:14.545+0000] {logging_mixin.py:190} INFO - [2025-02-02T12:18:14.545+0000] {dag.py:4180} INFO - Setting next_dagrun for example_subdag_operator.section-2 to None, run_after=None
[2025-02-02T12:18:14.554+0000] {logging_mixin.py:190} INFO - [2025-02-02T12:18:14.554+0000] {dag.py:3239} INFO - Sync 2 DAGs
[2025-02-02T12:18:14.561+0000] {logging_mixin.py:190} INFO - [2025-02-02T12:18:14.561+0000] {dag.py:4180} INFO - Setting next_dagrun for example_subdag_operator.section-1 to None, run_after=None
[2025-02-02T12:18:14.562+0000] {logging_mixin.py:190} INFO - [2025-02-02T12:18:14.562+0000] {dag.py:4180} INFO - Setting next_dagrun for example_subdag_operator.section-2 to None, run_after=None
[2025-02-02T12:18:14.578+0000] {processor.py:208} INFO - Processing /home/airflow/.local/lib/python3.12/site-packages/airflow/example_dags/example_subdag_operator.py took 0.121 seconds
[2025-02-02T12:18:45.548+0000] {processor.py:186} INFO - Started process (PID=346) to work on /home/airflow/.local/lib/python3.12/site-packages/airflow/example_dags/example_subdag_operator.py
[2025-02-02T12:18:45.549+0000] {processor.py:914} INFO - Processing file /home/airflow/.local/lib/python3.12/site-packages/airflow/example_dags/example_subdag_operator.py for tasks to queue
[2025-02-02T12:18:45.553+0000] {logging_mixin.py:190} INFO - [2025-02-02T12:18:45.551+0000] {dagbag.py:588} INFO - Filling up the DagBag from /home/airflow/.local/lib/python3.12/site-packages/airflow/example_dags/example_subdag_operator.py
[2025-02-02T12:18:45.584+0000] {processor.py:925} INFO - DAG(s) 'example_subdag_operator.section-1', 'example_subdag_operator.section-2', 'example_subdag_operator' retrieved from /home/airflow/.local/lib/python3.12/site-packages/airflow/example_dags/example_subdag_operator.py
[2025-02-02T12:18:45.600+0000] {logging_mixin.py:190} INFO - [2025-02-02T12:18:45.599+0000] {dag.py:3239} INFO - Sync 3 DAGs
[2025-02-02T12:18:45.624+0000] {logging_mixin.py:190} INFO - [2025-02-02T12:18:45.624+0000] {dag.py:4180} INFO - Setting next_dagrun for example_subdag_operator to 2022-01-01 00:00:00+00:00, run_after=2022-01-01 00:00:00+00:00
[2025-02-02T12:18:45.630+0000] {logging_mixin.py:190} INFO - [2025-02-02T12:18:45.630+0000] {dag.py:4180} INFO - Setting next_dagrun for example_subdag_operator.section-1 to None, run_after=None
[2025-02-02T12:18:45.632+0000] {logging_mixin.py:190} INFO - [2025-02-02T12:18:45.632+0000] {dag.py:4180} INFO - Setting next_dagrun for example_subdag_operator.section-2 to None, run_after=None
[2025-02-02T12:18:45.640+0000] {logging_mixin.py:190} INFO - [2025-02-02T12:18:45.640+0000] {dag.py:3239} INFO - Sync 2 DAGs
[2025-02-02T12:18:45.649+0000] {logging_mixin.py:190} INFO - [2025-02-02T12:18:45.649+0000] {dag.py:4180} INFO - Setting next_dagrun for example_subdag_operator.section-1 to None, run_after=None
[2025-02-02T12:18:45.650+0000] {logging_mixin.py:190} INFO - [2025-02-02T12:18:45.650+0000] {dag.py:4180} INFO - Setting next_dagrun for example_subdag_operator.section-2 to None, run_after=None
[2025-02-02T12:18:45.666+0000] {processor.py:208} INFO - Processing /home/airflow/.local/lib/python3.12/site-packages/airflow/example_dags/example_subdag_operator.py took 0.124 seconds
[2025-02-02T12:19:16.489+0000] {processor.py:186} INFO - Started process (PID=409) to work on /home/airflow/.local/lib/python3.12/site-packages/airflow/example_dags/example_subdag_operator.py
[2025-02-02T12:19:16.490+0000] {processor.py:914} INFO - Processing file /home/airflow/.local/lib/python3.12/site-packages/airflow/example_dags/example_subdag_operator.py for tasks to queue
[2025-02-02T12:19:16.493+0000] {logging_mixin.py:190} INFO - [2025-02-02T12:19:16.492+0000] {dagbag.py:588} INFO - Filling up the DagBag from /home/airflow/.local/lib/python3.12/site-packages/airflow/example_dags/example_subdag_operator.py
[2025-02-02T12:19:16.522+0000] {processor.py:925} INFO - DAG(s) 'example_subdag_operator.section-1', 'example_subdag_operator.section-2', 'example_subdag_operator' retrieved from /home/airflow/.local/lib/python3.12/site-packages/airflow/example_dags/example_subdag_operator.py
[2025-02-02T12:19:16.536+0000] {logging_mixin.py:190} INFO - [2025-02-02T12:19:16.536+0000] {dag.py:3239} INFO - Sync 3 DAGs
[2025-02-02T12:19:16.560+0000] {logging_mixin.py:190} INFO - [2025-02-02T12:19:16.560+0000] {dag.py:4180} INFO - Setting next_dagrun for example_subdag_operator to 2022-01-01 00:00:00+00:00, run_after=2022-01-01 00:00:00+00:00
[2025-02-02T12:19:16.565+0000] {logging_mixin.py:190} INFO - [2025-02-02T12:19:16.564+0000] {dag.py:4180} INFO - Setting next_dagrun for example_subdag_operator.section-1 to None, run_after=None
[2025-02-02T12:19:16.567+0000] {logging_mixin.py:190} INFO - [2025-02-02T12:19:16.567+0000] {dag.py:4180} INFO - Setting next_dagrun for example_subdag_operator.section-2 to None, run_after=None
[2025-02-02T12:19:16.575+0000] {logging_mixin.py:190} INFO - [2025-02-02T12:19:16.575+0000] {dag.py:3239} INFO - Sync 2 DAGs
[2025-02-02T12:19:16.582+0000] {logging_mixin.py:190} INFO - [2025-02-02T12:19:16.582+0000] {dag.py:4180} INFO - Setting next_dagrun for example_subdag_operator.section-1 to None, run_after=None
[2025-02-02T12:19:16.583+0000] {logging_mixin.py:190} INFO - [2025-02-02T12:19:16.583+0000] {dag.py:4180} INFO - Setting next_dagrun for example_subdag_operator.section-2 to None, run_after=None
[2025-02-02T12:19:16.598+0000] {processor.py:208} INFO - Processing /home/airflow/.local/lib/python3.12/site-packages/airflow/example_dags/example_subdag_operator.py took 0.116 seconds
[2025-02-02T12:19:48.693+0000] {processor.py:186} INFO - Started process (PID=472) to work on /home/airflow/.local/lib/python3.12/site-packages/airflow/example_dags/example_subdag_operator.py
[2025-02-02T12:19:48.694+0000] {processor.py:914} INFO - Processing file /home/airflow/.local/lib/python3.12/site-packages/airflow/example_dags/example_subdag_operator.py for tasks to queue
[2025-02-02T12:19:48.697+0000] {logging_mixin.py:190} INFO - [2025-02-02T12:19:48.697+0000] {dagbag.py:588} INFO - Filling up the DagBag from /home/airflow/.local/lib/python3.12/site-packages/airflow/example_dags/example_subdag_operator.py
[2025-02-02T12:19:48.728+0000] {processor.py:925} INFO - DAG(s) 'example_subdag_operator.section-1', 'example_subdag_operator.section-2', 'example_subdag_operator' retrieved from /home/airflow/.local/lib/python3.12/site-packages/airflow/example_dags/example_subdag_operator.py
[2025-02-02T12:19:48.749+0000] {logging_mixin.py:190} INFO - [2025-02-02T12:19:48.748+0000] {dag.py:3239} INFO - Sync 3 DAGs
[2025-02-02T12:19:48.773+0000] {logging_mixin.py:190} INFO - [2025-02-02T12:19:48.773+0000] {dag.py:4180} INFO - Setting next_dagrun for example_subdag_operator to 2022-01-01 00:00:00+00:00, run_after=2022-01-01 00:00:00+00:00
[2025-02-02T12:19:48.778+0000] {logging_mixin.py:190} INFO - [2025-02-02T12:19:48.777+0000] {dag.py:4180} INFO - Setting next_dagrun for example_subdag_operator.section-1 to None, run_after=None
[2025-02-02T12:19:48.780+0000] {logging_mixin.py:190} INFO - [2025-02-02T12:19:48.780+0000] {dag.py:4180} INFO - Setting next_dagrun for example_subdag_operator.section-2 to None, run_after=None
[2025-02-02T12:19:48.790+0000] {logging_mixin.py:190} INFO - [2025-02-02T12:19:48.789+0000] {dag.py:3239} INFO - Sync 2 DAGs
[2025-02-02T12:19:48.797+0000] {logging_mixin.py:190} INFO - [2025-02-02T12:19:48.797+0000] {dag.py:4180} INFO - Setting next_dagrun for example_subdag_operator.section-1 to None, run_after=None
[2025-02-02T12:19:48.798+0000] {logging_mixin.py:190} INFO - [2025-02-02T12:19:48.798+0000] {dag.py:4180} INFO - Setting next_dagrun for example_subdag_operator.section-2 to None, run_after=None
[2025-02-02T12:19:48.814+0000] {processor.py:208} INFO - Processing /home/airflow/.local/lib/python3.12/site-packages/airflow/example_dags/example_subdag_operator.py took 0.128 seconds
[2025-02-02T12:20:21.310+0000] {processor.py:186} INFO - Started process (PID=535) to work on /home/airflow/.local/lib/python3.12/site-packages/airflow/example_dags/example_subdag_operator.py
[2025-02-02T12:20:21.312+0000] {processor.py:914} INFO - Processing file /home/airflow/.local/lib/python3.12/site-packages/airflow/example_dags/example_subdag_operator.py for tasks to queue
[2025-02-02T12:20:21.316+0000] {logging_mixin.py:190} INFO - [2025-02-02T12:20:21.316+0000] {dagbag.py:588} INFO - Filling up the DagBag from /home/airflow/.local/lib/python3.12/site-packages/airflow/example_dags/example_subdag_operator.py
[2025-02-02T12:20:21.357+0000] {processor.py:925} INFO - DAG(s) 'example_subdag_operator.section-1', 'example_subdag_operator.section-2', 'example_subdag_operator' retrieved from /home/airflow/.local/lib/python3.12/site-packages/airflow/example_dags/example_subdag_operator.py
[2025-02-02T12:20:21.385+0000] {logging_mixin.py:190} INFO - [2025-02-02T12:20:21.384+0000] {dag.py:3239} INFO - Sync 3 DAGs
[2025-02-02T12:20:21.424+0000] {logging_mixin.py:190} INFO - [2025-02-02T12:20:21.423+0000] {dag.py:4180} INFO - Setting next_dagrun for example_subdag_operator to 2022-01-01 00:00:00+00:00, run_after=2022-01-01 00:00:00+00:00
[2025-02-02T12:20:21.429+0000] {logging_mixin.py:190} INFO - [2025-02-02T12:20:21.429+0000] {dag.py:4180} INFO - Setting next_dagrun for example_subdag_operator.section-1 to None, run_after=None
[2025-02-02T12:20:21.432+0000] {logging_mixin.py:190} INFO - [2025-02-02T12:20:21.432+0000] {dag.py:4180} INFO - Setting next_dagrun for example_subdag_operator.section-2 to None, run_after=None
[2025-02-02T12:20:21.444+0000] {logging_mixin.py:190} INFO - [2025-02-02T12:20:21.443+0000] {dag.py:3239} INFO - Sync 2 DAGs
[2025-02-02T12:20:21.453+0000] {logging_mixin.py:190} INFO - [2025-02-02T12:20:21.452+0000] {dag.py:4180} INFO - Setting next_dagrun for example_subdag_operator.section-1 to None, run_after=None
[2025-02-02T12:20:21.454+0000] {logging_mixin.py:190} INFO - [2025-02-02T12:20:21.453+0000] {dag.py:4180} INFO - Setting next_dagrun for example_subdag_operator.section-2 to None, run_after=None
[2025-02-02T12:20:21.473+0000] {processor.py:208} INFO - Processing /home/airflow/.local/lib/python3.12/site-packages/airflow/example_dags/example_subdag_operator.py took 0.173 seconds
[2025-02-02T16:18:54.014+0000] {processor.py:186} INFO - Started process (PID=88) to work on /home/airflow/.local/lib/python3.12/site-packages/airflow/example_dags/example_subdag_operator.py
[2025-02-02T16:18:54.016+0000] {processor.py:914} INFO - Processing file /home/airflow/.local/lib/python3.12/site-packages/airflow/example_dags/example_subdag_operator.py for tasks to queue
[2025-02-02T16:18:54.018+0000] {logging_mixin.py:190} INFO - [2025-02-02T16:18:54.018+0000] {dagbag.py:588} INFO - Filling up the DagBag from /home/airflow/.local/lib/python3.12/site-packages/airflow/example_dags/example_subdag_operator.py
[2025-02-02T16:18:54.046+0000] {processor.py:925} INFO - DAG(s) 'example_subdag_operator.section-1', 'example_subdag_operator.section-2', 'example_subdag_operator' retrieved from /home/airflow/.local/lib/python3.12/site-packages/airflow/example_dags/example_subdag_operator.py
[2025-02-02T16:18:54.062+0000] {logging_mixin.py:190} INFO - [2025-02-02T16:18:54.062+0000] {dag.py:3239} INFO - Sync 3 DAGs
[2025-02-02T16:18:54.085+0000] {logging_mixin.py:190} INFO - [2025-02-02T16:18:54.085+0000] {dag.py:4180} INFO - Setting next_dagrun for example_subdag_operator to 2022-01-01 00:00:00+00:00, run_after=2022-01-01 00:00:00+00:00
[2025-02-02T16:18:54.089+0000] {logging_mixin.py:190} INFO - [2025-02-02T16:18:54.089+0000] {dag.py:4180} INFO - Setting next_dagrun for example_subdag_operator.section-1 to None, run_after=None
[2025-02-02T16:18:54.092+0000] {logging_mixin.py:190} INFO - [2025-02-02T16:18:54.091+0000] {dag.py:4180} INFO - Setting next_dagrun for example_subdag_operator.section-2 to None, run_after=None
[2025-02-02T16:18:54.100+0000] {logging_mixin.py:190} INFO - [2025-02-02T16:18:54.100+0000] {dag.py:3239} INFO - Sync 2 DAGs
[2025-02-02T16:18:54.107+0000] {logging_mixin.py:190} INFO - [2025-02-02T16:18:54.106+0000] {dag.py:4180} INFO - Setting next_dagrun for example_subdag_operator.section-1 to None, run_after=None
[2025-02-02T16:18:54.107+0000] {logging_mixin.py:190} INFO - [2025-02-02T16:18:54.107+0000] {dag.py:4180} INFO - Setting next_dagrun for example_subdag_operator.section-2 to None, run_after=None
[2025-02-02T16:18:54.121+0000] {processor.py:208} INFO - Processing /home/airflow/.local/lib/python3.12/site-packages/airflow/example_dags/example_subdag_operator.py took 0.112 seconds
[2025-02-02T16:19:25.038+0000] {processor.py:186} INFO - Started process (PID=151) to work on /home/airflow/.local/lib/python3.12/site-packages/airflow/example_dags/example_subdag_operator.py
[2025-02-02T16:19:25.040+0000] {processor.py:914} INFO - Processing file /home/airflow/.local/lib/python3.12/site-packages/airflow/example_dags/example_subdag_operator.py for tasks to queue
[2025-02-02T16:19:25.042+0000] {logging_mixin.py:190} INFO - [2025-02-02T16:19:25.042+0000] {dagbag.py:588} INFO - Filling up the DagBag from /home/airflow/.local/lib/python3.12/site-packages/airflow/example_dags/example_subdag_operator.py
[2025-02-02T16:19:25.067+0000] {processor.py:925} INFO - DAG(s) 'example_subdag_operator.section-1', 'example_subdag_operator.section-2', 'example_subdag_operator' retrieved from /home/airflow/.local/lib/python3.12/site-packages/airflow/example_dags/example_subdag_operator.py
[2025-02-02T16:19:25.082+0000] {logging_mixin.py:190} INFO - [2025-02-02T16:19:25.082+0000] {dag.py:3239} INFO - Sync 3 DAGs
[2025-02-02T16:19:25.107+0000] {logging_mixin.py:190} INFO - [2025-02-02T16:19:25.107+0000] {dag.py:4180} INFO - Setting next_dagrun for example_subdag_operator to 2022-01-01 00:00:00+00:00, run_after=2022-01-01 00:00:00+00:00
[2025-02-02T16:19:25.112+0000] {logging_mixin.py:190} INFO - [2025-02-02T16:19:25.112+0000] {dag.py:4180} INFO - Setting next_dagrun for example_subdag_operator.section-1 to None, run_after=None
[2025-02-02T16:19:25.114+0000] {logging_mixin.py:190} INFO - [2025-02-02T16:19:25.114+0000] {dag.py:4180} INFO - Setting next_dagrun for example_subdag_operator.section-2 to None, run_after=None
[2025-02-02T16:19:25.123+0000] {logging_mixin.py:190} INFO - [2025-02-02T16:19:25.122+0000] {dag.py:3239} INFO - Sync 2 DAGs
[2025-02-02T16:19:25.129+0000] {logging_mixin.py:190} INFO - [2025-02-02T16:19:25.129+0000] {dag.py:4180} INFO - Setting next_dagrun for example_subdag_operator.section-1 to None, run_after=None
[2025-02-02T16:19:25.130+0000] {logging_mixin.py:190} INFO - [2025-02-02T16:19:25.130+0000] {dag.py:4180} INFO - Setting next_dagrun for example_subdag_operator.section-2 to None, run_after=None
[2025-02-02T16:19:25.155+0000] {processor.py:208} INFO - Processing /home/airflow/.local/lib/python3.12/site-packages/airflow/example_dags/example_subdag_operator.py took 0.122 seconds
[2025-02-02T16:19:56.658+0000] {processor.py:186} INFO - Started process (PID=220) to work on /home/airflow/.local/lib/python3.12/site-packages/airflow/example_dags/example_subdag_operator.py
[2025-02-02T16:19:56.659+0000] {processor.py:914} INFO - Processing file /home/airflow/.local/lib/python3.12/site-packages/airflow/example_dags/example_subdag_operator.py for tasks to queue
[2025-02-02T16:19:56.663+0000] {logging_mixin.py:190} INFO - [2025-02-02T16:19:56.662+0000] {dagbag.py:588} INFO - Filling up the DagBag from /home/airflow/.local/lib/python3.12/site-packages/airflow/example_dags/example_subdag_operator.py
[2025-02-02T16:19:56.692+0000] {processor.py:925} INFO - DAG(s) 'example_subdag_operator.section-1', 'example_subdag_operator.section-2', 'example_subdag_operator' retrieved from /home/airflow/.local/lib/python3.12/site-packages/airflow/example_dags/example_subdag_operator.py
[2025-02-02T16:19:56.707+0000] {logging_mixin.py:190} INFO - [2025-02-02T16:19:56.707+0000] {dag.py:3239} INFO - Sync 3 DAGs
[2025-02-02T16:19:56.732+0000] {logging_mixin.py:190} INFO - [2025-02-02T16:19:56.731+0000] {dag.py:4180} INFO - Setting next_dagrun for example_subdag_operator to 2022-01-01 00:00:00+00:00, run_after=2022-01-01 00:00:00+00:00
[2025-02-02T16:19:56.736+0000] {logging_mixin.py:190} INFO - [2025-02-02T16:19:56.735+0000] {dag.py:4180} INFO - Setting next_dagrun for example_subdag_operator.section-1 to None, run_after=None
[2025-02-02T16:19:56.738+0000] {logging_mixin.py:190} INFO - [2025-02-02T16:19:56.737+0000] {dag.py:4180} INFO - Setting next_dagrun for example_subdag_operator.section-2 to None, run_after=None
[2025-02-02T16:19:56.747+0000] {logging_mixin.py:190} INFO - [2025-02-02T16:19:56.746+0000] {dag.py:3239} INFO - Sync 2 DAGs
[2025-02-02T16:19:56.753+0000] {logging_mixin.py:190} INFO - [2025-02-02T16:19:56.753+0000] {dag.py:4180} INFO - Setting next_dagrun for example_subdag_operator.section-1 to None, run_after=None
[2025-02-02T16:19:56.754+0000] {logging_mixin.py:190} INFO - [2025-02-02T16:19:56.754+0000] {dag.py:4180} INFO - Setting next_dagrun for example_subdag_operator.section-2 to None, run_after=None
[2025-02-02T16:19:56.772+0000] {processor.py:208} INFO - Processing /home/airflow/.local/lib/python3.12/site-packages/airflow/example_dags/example_subdag_operator.py took 0.121 seconds
[2025-02-02T16:20:27.938+0000] {processor.py:186} INFO - Started process (PID=283) to work on /home/airflow/.local/lib/python3.12/site-packages/airflow/example_dags/example_subdag_operator.py
[2025-02-02T16:20:27.939+0000] {processor.py:914} INFO - Processing file /home/airflow/.local/lib/python3.12/site-packages/airflow/example_dags/example_subdag_operator.py for tasks to queue
[2025-02-02T16:20:27.942+0000] {logging_mixin.py:190} INFO - [2025-02-02T16:20:27.942+0000] {dagbag.py:588} INFO - Filling up the DagBag from /home/airflow/.local/lib/python3.12/site-packages/airflow/example_dags/example_subdag_operator.py
[2025-02-02T16:20:27.969+0000] {processor.py:925} INFO - DAG(s) 'example_subdag_operator.section-1', 'example_subdag_operator.section-2', 'example_subdag_operator' retrieved from /home/airflow/.local/lib/python3.12/site-packages/airflow/example_dags/example_subdag_operator.py
[2025-02-02T16:20:27.985+0000] {logging_mixin.py:190} INFO - [2025-02-02T16:20:27.985+0000] {dag.py:3239} INFO - Sync 3 DAGs
[2025-02-02T16:20:28.009+0000] {logging_mixin.py:190} INFO - [2025-02-02T16:20:28.008+0000] {dag.py:4180} INFO - Setting next_dagrun for example_subdag_operator to 2022-01-01 00:00:00+00:00, run_after=2022-01-01 00:00:00+00:00
[2025-02-02T16:20:28.013+0000] {logging_mixin.py:190} INFO - [2025-02-02T16:20:28.013+0000] {dag.py:4180} INFO - Setting next_dagrun for example_subdag_operator.section-1 to None, run_after=None
[2025-02-02T16:20:28.016+0000] {logging_mixin.py:190} INFO - [2025-02-02T16:20:28.015+0000] {dag.py:4180} INFO - Setting next_dagrun for example_subdag_operator.section-2 to None, run_after=None
[2025-02-02T16:20:28.025+0000] {logging_mixin.py:190} INFO - [2025-02-02T16:20:28.025+0000] {dag.py:3239} INFO - Sync 2 DAGs
[2025-02-02T16:20:28.034+0000] {logging_mixin.py:190} INFO - [2025-02-02T16:20:28.034+0000] {dag.py:4180} INFO - Setting next_dagrun for example_subdag_operator.section-1 to None, run_after=None
[2025-02-02T16:20:28.035+0000] {logging_mixin.py:190} INFO - [2025-02-02T16:20:28.035+0000] {dag.py:4180} INFO - Setting next_dagrun for example_subdag_operator.section-2 to None, run_after=None
[2025-02-02T16:20:28.052+0000] {processor.py:208} INFO - Processing /home/airflow/.local/lib/python3.12/site-packages/airflow/example_dags/example_subdag_operator.py took 0.120 seconds
[2025-02-02T16:20:58.750+0000] {processor.py:186} INFO - Started process (PID=346) to work on /home/airflow/.local/lib/python3.12/site-packages/airflow/example_dags/example_subdag_operator.py
[2025-02-02T16:20:58.751+0000] {processor.py:914} INFO - Processing file /home/airflow/.local/lib/python3.12/site-packages/airflow/example_dags/example_subdag_operator.py for tasks to queue
[2025-02-02T16:20:58.753+0000] {logging_mixin.py:190} INFO - [2025-02-02T16:20:58.753+0000] {dagbag.py:588} INFO - Filling up the DagBag from /home/airflow/.local/lib/python3.12/site-packages/airflow/example_dags/example_subdag_operator.py
[2025-02-02T16:20:58.784+0000] {processor.py:925} INFO - DAG(s) 'example_subdag_operator.section-1', 'example_subdag_operator.section-2', 'example_subdag_operator' retrieved from /home/airflow/.local/lib/python3.12/site-packages/airflow/example_dags/example_subdag_operator.py
[2025-02-02T16:20:58.801+0000] {logging_mixin.py:190} INFO - [2025-02-02T16:20:58.800+0000] {dag.py:3239} INFO - Sync 3 DAGs
[2025-02-02T16:20:58.827+0000] {logging_mixin.py:190} INFO - [2025-02-02T16:20:58.826+0000] {dag.py:4180} INFO - Setting next_dagrun for example_subdag_operator to 2022-01-01 00:00:00+00:00, run_after=2022-01-01 00:00:00+00:00
[2025-02-02T16:20:58.832+0000] {logging_mixin.py:190} INFO - [2025-02-02T16:20:58.831+0000] {dag.py:4180} INFO - Setting next_dagrun for example_subdag_operator.section-1 to None, run_after=None
[2025-02-02T16:20:58.834+0000] {logging_mixin.py:190} INFO - [2025-02-02T16:20:58.834+0000] {dag.py:4180} INFO - Setting next_dagrun for example_subdag_operator.section-2 to None, run_after=None
[2025-02-02T16:20:58.842+0000] {logging_mixin.py:190} INFO - [2025-02-02T16:20:58.841+0000] {dag.py:3239} INFO - Sync 2 DAGs
[2025-02-02T16:20:58.848+0000] {logging_mixin.py:190} INFO - [2025-02-02T16:20:58.848+0000] {dag.py:4180} INFO - Setting next_dagrun for example_subdag_operator.section-1 to None, run_after=None
[2025-02-02T16:20:58.849+0000] {logging_mixin.py:190} INFO - [2025-02-02T16:20:58.849+0000] {dag.py:4180} INFO - Setting next_dagrun for example_subdag_operator.section-2 to None, run_after=None
[2025-02-02T16:20:58.863+0000] {processor.py:208} INFO - Processing /home/airflow/.local/lib/python3.12/site-packages/airflow/example_dags/example_subdag_operator.py took 0.118 seconds
[2025-02-02T16:21:29.964+0000] {processor.py:186} INFO - Started process (PID=409) to work on /home/airflow/.local/lib/python3.12/site-packages/airflow/example_dags/example_subdag_operator.py
[2025-02-02T16:21:29.965+0000] {processor.py:914} INFO - Processing file /home/airflow/.local/lib/python3.12/site-packages/airflow/example_dags/example_subdag_operator.py for tasks to queue
[2025-02-02T16:21:29.968+0000] {logging_mixin.py:190} INFO - [2025-02-02T16:21:29.967+0000] {dagbag.py:588} INFO - Filling up the DagBag from /home/airflow/.local/lib/python3.12/site-packages/airflow/example_dags/example_subdag_operator.py
[2025-02-02T16:21:29.994+0000] {processor.py:925} INFO - DAG(s) 'example_subdag_operator.section-1', 'example_subdag_operator.section-2', 'example_subdag_operator' retrieved from /home/airflow/.local/lib/python3.12/site-packages/airflow/example_dags/example_subdag_operator.py
[2025-02-02T16:21:30.010+0000] {logging_mixin.py:190} INFO - [2025-02-02T16:21:30.009+0000] {dag.py:3239} INFO - Sync 3 DAGs
[2025-02-02T16:21:30.033+0000] {logging_mixin.py:190} INFO - [2025-02-02T16:21:30.033+0000] {dag.py:4180} INFO - Setting next_dagrun for example_subdag_operator to 2022-01-01 00:00:00+00:00, run_after=2022-01-01 00:00:00+00:00
[2025-02-02T16:21:30.037+0000] {logging_mixin.py:190} INFO - [2025-02-02T16:21:30.037+0000] {dag.py:4180} INFO - Setting next_dagrun for example_subdag_operator.section-1 to None, run_after=None
[2025-02-02T16:21:30.039+0000] {logging_mixin.py:190} INFO - [2025-02-02T16:21:30.039+0000] {dag.py:4180} INFO - Setting next_dagrun for example_subdag_operator.section-2 to None, run_after=None
[2025-02-02T16:21:30.047+0000] {logging_mixin.py:190} INFO - [2025-02-02T16:21:30.047+0000] {dag.py:3239} INFO - Sync 2 DAGs
[2025-02-02T16:21:30.055+0000] {logging_mixin.py:190} INFO - [2025-02-02T16:21:30.055+0000] {dag.py:4180} INFO - Setting next_dagrun for example_subdag_operator.section-1 to None, run_after=None
[2025-02-02T16:21:30.056+0000] {logging_mixin.py:190} INFO - [2025-02-02T16:21:30.056+0000] {dag.py:4180} INFO - Setting next_dagrun for example_subdag_operator.section-2 to None, run_after=None
[2025-02-02T16:21:30.071+0000] {processor.py:208} INFO - Processing /home/airflow/.local/lib/python3.12/site-packages/airflow/example_dags/example_subdag_operator.py took 0.113 seconds
[2025-02-02T16:22:00.371+0000] {processor.py:186} INFO - Started process (PID=472) to work on /home/airflow/.local/lib/python3.12/site-packages/airflow/example_dags/example_subdag_operator.py
[2025-02-02T16:22:00.373+0000] {processor.py:914} INFO - Processing file /home/airflow/.local/lib/python3.12/site-packages/airflow/example_dags/example_subdag_operator.py for tasks to queue
[2025-02-02T16:22:00.375+0000] {logging_mixin.py:190} INFO - [2025-02-02T16:22:00.375+0000] {dagbag.py:588} INFO - Filling up the DagBag from /home/airflow/.local/lib/python3.12/site-packages/airflow/example_dags/example_subdag_operator.py
[2025-02-02T16:22:00.402+0000] {processor.py:925} INFO - DAG(s) 'example_subdag_operator.section-1', 'example_subdag_operator.section-2', 'example_subdag_operator' retrieved from /home/airflow/.local/lib/python3.12/site-packages/airflow/example_dags/example_subdag_operator.py
[2025-02-02T16:22:00.417+0000] {logging_mixin.py:190} INFO - [2025-02-02T16:22:00.416+0000] {dag.py:3239} INFO - Sync 3 DAGs
[2025-02-02T16:22:00.440+0000] {logging_mixin.py:190} INFO - [2025-02-02T16:22:00.440+0000] {dag.py:4180} INFO - Setting next_dagrun for example_subdag_operator to 2022-01-01 00:00:00+00:00, run_after=2022-01-01 00:00:00+00:00
[2025-02-02T16:22:00.444+0000] {logging_mixin.py:190} INFO - [2025-02-02T16:22:00.443+0000] {dag.py:4180} INFO - Setting next_dagrun for example_subdag_operator.section-1 to None, run_after=None
[2025-02-02T16:22:00.446+0000] {logging_mixin.py:190} INFO - [2025-02-02T16:22:00.445+0000] {dag.py:4180} INFO - Setting next_dagrun for example_subdag_operator.section-2 to None, run_after=None
[2025-02-02T16:22:00.454+0000] {logging_mixin.py:190} INFO - [2025-02-02T16:22:00.453+0000] {dag.py:3239} INFO - Sync 2 DAGs
[2025-02-02T16:22:00.460+0000] {logging_mixin.py:190} INFO - [2025-02-02T16:22:00.460+0000] {dag.py:4180} INFO - Setting next_dagrun for example_subdag_operator.section-1 to None, run_after=None
[2025-02-02T16:22:00.461+0000] {logging_mixin.py:190} INFO - [2025-02-02T16:22:00.461+0000] {dag.py:4180} INFO - Setting next_dagrun for example_subdag_operator.section-2 to None, run_after=None
[2025-02-02T16:22:00.474+0000] {processor.py:208} INFO - Processing /home/airflow/.local/lib/python3.12/site-packages/airflow/example_dags/example_subdag_operator.py took 0.107 seconds
[2025-02-02T16:22:31.998+0000] {processor.py:186} INFO - Started process (PID=535) to work on /home/airflow/.local/lib/python3.12/site-packages/airflow/example_dags/example_subdag_operator.py
[2025-02-02T16:22:31.999+0000] {processor.py:914} INFO - Processing file /home/airflow/.local/lib/python3.12/site-packages/airflow/example_dags/example_subdag_operator.py for tasks to queue
[2025-02-02T16:22:32.002+0000] {logging_mixin.py:190} INFO - [2025-02-02T16:22:32.002+0000] {dagbag.py:588} INFO - Filling up the DagBag from /home/airflow/.local/lib/python3.12/site-packages/airflow/example_dags/example_subdag_operator.py
[2025-02-02T16:22:32.031+0000] {processor.py:925} INFO - DAG(s) 'example_subdag_operator.section-1', 'example_subdag_operator.section-2', 'example_subdag_operator' retrieved from /home/airflow/.local/lib/python3.12/site-packages/airflow/example_dags/example_subdag_operator.py
[2025-02-02T16:22:32.046+0000] {logging_mixin.py:190} INFO - [2025-02-02T16:22:32.045+0000] {dag.py:3239} INFO - Sync 3 DAGs
[2025-02-02T16:22:32.068+0000] {logging_mixin.py:190} INFO - [2025-02-02T16:22:32.068+0000] {dag.py:4180} INFO - Setting next_dagrun for example_subdag_operator to 2022-01-01 00:00:00+00:00, run_after=2022-01-01 00:00:00+00:00
[2025-02-02T16:22:32.072+0000] {logging_mixin.py:190} INFO - [2025-02-02T16:22:32.072+0000] {dag.py:4180} INFO - Setting next_dagrun for example_subdag_operator.section-1 to None, run_after=None
[2025-02-02T16:22:32.075+0000] {logging_mixin.py:190} INFO - [2025-02-02T16:22:32.074+0000] {dag.py:4180} INFO - Setting next_dagrun for example_subdag_operator.section-2 to None, run_after=None
[2025-02-02T16:22:32.083+0000] {logging_mixin.py:190} INFO - [2025-02-02T16:22:32.082+0000] {dag.py:3239} INFO - Sync 2 DAGs
[2025-02-02T16:22:32.091+0000] {logging_mixin.py:190} INFO - [2025-02-02T16:22:32.090+0000] {dag.py:4180} INFO - Setting next_dagrun for example_subdag_operator.section-1 to None, run_after=None
[2025-02-02T16:22:32.092+0000] {logging_mixin.py:190} INFO - [2025-02-02T16:22:32.092+0000] {dag.py:4180} INFO - Setting next_dagrun for example_subdag_operator.section-2 to None, run_after=None
[2025-02-02T16:22:32.108+0000] {processor.py:208} INFO - Processing /home/airflow/.local/lib/python3.12/site-packages/airflow/example_dags/example_subdag_operator.py took 0.116 seconds
[2025-02-02T16:23:03.031+0000] {processor.py:186} INFO - Started process (PID=598) to work on /home/airflow/.local/lib/python3.12/site-packages/airflow/example_dags/example_subdag_operator.py
[2025-02-02T16:23:03.033+0000] {processor.py:914} INFO - Processing file /home/airflow/.local/lib/python3.12/site-packages/airflow/example_dags/example_subdag_operator.py for tasks to queue
[2025-02-02T16:23:03.035+0000] {logging_mixin.py:190} INFO - [2025-02-02T16:23:03.035+0000] {dagbag.py:588} INFO - Filling up the DagBag from /home/airflow/.local/lib/python3.12/site-packages/airflow/example_dags/example_subdag_operator.py
[2025-02-02T16:23:03.063+0000] {processor.py:925} INFO - DAG(s) 'example_subdag_operator.section-1', 'example_subdag_operator.section-2', 'example_subdag_operator' retrieved from /home/airflow/.local/lib/python3.12/site-packages/airflow/example_dags/example_subdag_operator.py
[2025-02-02T16:23:03.078+0000] {logging_mixin.py:190} INFO - [2025-02-02T16:23:03.078+0000] {dag.py:3239} INFO - Sync 3 DAGs
[2025-02-02T16:23:03.106+0000] {logging_mixin.py:190} INFO - [2025-02-02T16:23:03.105+0000] {dag.py:4180} INFO - Setting next_dagrun for example_subdag_operator to 2022-01-01 00:00:00+00:00, run_after=2022-01-01 00:00:00+00:00
[2025-02-02T16:23:03.111+0000] {logging_mixin.py:190} INFO - [2025-02-02T16:23:03.111+0000] {dag.py:4180} INFO - Setting next_dagrun for example_subdag_operator.section-1 to None, run_after=None
[2025-02-02T16:23:03.113+0000] {logging_mixin.py:190} INFO - [2025-02-02T16:23:03.113+0000] {dag.py:4180} INFO - Setting next_dagrun for example_subdag_operator.section-2 to None, run_after=None
[2025-02-02T16:23:03.124+0000] {logging_mixin.py:190} INFO - [2025-02-02T16:23:03.124+0000] {dag.py:3239} INFO - Sync 2 DAGs
[2025-02-02T16:23:03.134+0000] {logging_mixin.py:190} INFO - [2025-02-02T16:23:03.134+0000] {dag.py:4180} INFO - Setting next_dagrun for example_subdag_operator.section-1 to None, run_after=None
[2025-02-02T16:23:03.135+0000] {logging_mixin.py:190} INFO - [2025-02-02T16:23:03.135+0000] {dag.py:4180} INFO - Setting next_dagrun for example_subdag_operator.section-2 to None, run_after=None
[2025-02-02T16:23:03.149+0000] {processor.py:208} INFO - Processing /home/airflow/.local/lib/python3.12/site-packages/airflow/example_dags/example_subdag_operator.py took 0.124 seconds
[2025-02-02T16:23:34.245+0000] {processor.py:186} INFO - Started process (PID=660) to work on /home/airflow/.local/lib/python3.12/site-packages/airflow/example_dags/example_subdag_operator.py
[2025-02-02T16:23:34.247+0000] {processor.py:914} INFO - Processing file /home/airflow/.local/lib/python3.12/site-packages/airflow/example_dags/example_subdag_operator.py for tasks to queue
[2025-02-02T16:23:34.251+0000] {logging_mixin.py:190} INFO - [2025-02-02T16:23:34.250+0000] {dagbag.py:588} INFO - Filling up the DagBag from /home/airflow/.local/lib/python3.12/site-packages/airflow/example_dags/example_subdag_operator.py
[2025-02-02T16:23:34.282+0000] {processor.py:925} INFO - DAG(s) 'example_subdag_operator.section-1', 'example_subdag_operator.section-2', 'example_subdag_operator' retrieved from /home/airflow/.local/lib/python3.12/site-packages/airflow/example_dags/example_subdag_operator.py
[2025-02-02T16:23:34.302+0000] {logging_mixin.py:190} INFO - [2025-02-02T16:23:34.302+0000] {dag.py:3239} INFO - Sync 3 DAGs
[2025-02-02T16:23:34.332+0000] {logging_mixin.py:190} INFO - [2025-02-02T16:23:34.332+0000] {dag.py:4180} INFO - Setting next_dagrun for example_subdag_operator to 2022-01-01 00:00:00+00:00, run_after=2022-01-01 00:00:00+00:00
[2025-02-02T16:23:34.337+0000] {logging_mixin.py:190} INFO - [2025-02-02T16:23:34.337+0000] {dag.py:4180} INFO - Setting next_dagrun for example_subdag_operator.section-1 to None, run_after=None
[2025-02-02T16:23:34.340+0000] {logging_mixin.py:190} INFO - [2025-02-02T16:23:34.340+0000] {dag.py:4180} INFO - Setting next_dagrun for example_subdag_operator.section-2 to None, run_after=None
[2025-02-02T16:23:34.360+0000] {logging_mixin.py:190} INFO - [2025-02-02T16:23:34.360+0000] {dag.py:3239} INFO - Sync 2 DAGs
[2025-02-02T16:23:34.375+0000] {logging_mixin.py:190} INFO - [2025-02-02T16:23:34.374+0000] {dag.py:4180} INFO - Setting next_dagrun for example_subdag_operator.section-1 to None, run_after=None
[2025-02-02T16:23:34.376+0000] {logging_mixin.py:190} INFO - [2025-02-02T16:23:34.376+0000] {dag.py:4180} INFO - Setting next_dagrun for example_subdag_operator.section-2 to None, run_after=None
[2025-02-02T16:23:34.399+0000] {processor.py:208} INFO - Processing /home/airflow/.local/lib/python3.12/site-packages/airflow/example_dags/example_subdag_operator.py took 0.159 seconds
[2025-02-02T16:24:04.579+0000] {processor.py:186} INFO - Started process (PID=723) to work on /home/airflow/.local/lib/python3.12/site-packages/airflow/example_dags/example_subdag_operator.py
[2025-02-02T16:24:04.581+0000] {processor.py:914} INFO - Processing file /home/airflow/.local/lib/python3.12/site-packages/airflow/example_dags/example_subdag_operator.py for tasks to queue
[2025-02-02T16:24:04.584+0000] {logging_mixin.py:190} INFO - [2025-02-02T16:24:04.583+0000] {dagbag.py:588} INFO - Filling up the DagBag from /home/airflow/.local/lib/python3.12/site-packages/airflow/example_dags/example_subdag_operator.py
[2025-02-02T16:24:04.611+0000] {processor.py:925} INFO - DAG(s) 'example_subdag_operator.section-1', 'example_subdag_operator.section-2', 'example_subdag_operator' retrieved from /home/airflow/.local/lib/python3.12/site-packages/airflow/example_dags/example_subdag_operator.py
[2025-02-02T16:24:04.626+0000] {logging_mixin.py:190} INFO - [2025-02-02T16:24:04.626+0000] {dag.py:3239} INFO - Sync 3 DAGs
[2025-02-02T16:24:04.650+0000] {logging_mixin.py:190} INFO - [2025-02-02T16:24:04.649+0000] {dag.py:4180} INFO - Setting next_dagrun for example_subdag_operator to 2022-01-01 00:00:00+00:00, run_after=2022-01-01 00:00:00+00:00
[2025-02-02T16:24:04.655+0000] {logging_mixin.py:190} INFO - [2025-02-02T16:24:04.655+0000] {dag.py:4180} INFO - Setting next_dagrun for example_subdag_operator.section-1 to None, run_after=None
[2025-02-02T16:24:04.658+0000] {logging_mixin.py:190} INFO - [2025-02-02T16:24:04.657+0000] {dag.py:4180} INFO - Setting next_dagrun for example_subdag_operator.section-2 to None, run_after=None
[2025-02-02T16:24:04.665+0000] {logging_mixin.py:190} INFO - [2025-02-02T16:24:04.665+0000] {dag.py:3239} INFO - Sync 2 DAGs
[2025-02-02T16:24:04.672+0000] {logging_mixin.py:190} INFO - [2025-02-02T16:24:04.672+0000] {dag.py:4180} INFO - Setting next_dagrun for example_subdag_operator.section-1 to None, run_after=None
[2025-02-02T16:24:04.673+0000] {logging_mixin.py:190} INFO - [2025-02-02T16:24:04.673+0000] {dag.py:4180} INFO - Setting next_dagrun for example_subdag_operator.section-2 to None, run_after=None
[2025-02-02T16:24:04.687+0000] {processor.py:208} INFO - Processing /home/airflow/.local/lib/python3.12/site-packages/airflow/example_dags/example_subdag_operator.py took 0.113 seconds
[2025-02-02T16:24:36.820+0000] {processor.py:186} INFO - Started process (PID=786) to work on /home/airflow/.local/lib/python3.12/site-packages/airflow/example_dags/example_subdag_operator.py
[2025-02-02T16:24:36.821+0000] {processor.py:914} INFO - Processing file /home/airflow/.local/lib/python3.12/site-packages/airflow/example_dags/example_subdag_operator.py for tasks to queue
[2025-02-02T16:24:36.824+0000] {logging_mixin.py:190} INFO - [2025-02-02T16:24:36.824+0000] {dagbag.py:588} INFO - Filling up the DagBag from /home/airflow/.local/lib/python3.12/site-packages/airflow/example_dags/example_subdag_operator.py
[2025-02-02T16:24:36.856+0000] {processor.py:925} INFO - DAG(s) 'example_subdag_operator.section-1', 'example_subdag_operator.section-2', 'example_subdag_operator' retrieved from /home/airflow/.local/lib/python3.12/site-packages/airflow/example_dags/example_subdag_operator.py
[2025-02-02T16:24:36.878+0000] {logging_mixin.py:190} INFO - [2025-02-02T16:24:36.878+0000] {dag.py:3239} INFO - Sync 3 DAGs
[2025-02-02T16:24:36.913+0000] {logging_mixin.py:190} INFO - [2025-02-02T16:24:36.912+0000] {dag.py:4180} INFO - Setting next_dagrun for example_subdag_operator to 2022-01-01 00:00:00+00:00, run_after=2022-01-01 00:00:00+00:00
[2025-02-02T16:24:36.920+0000] {logging_mixin.py:190} INFO - [2025-02-02T16:24:36.919+0000] {dag.py:4180} INFO - Setting next_dagrun for example_subdag_operator.section-1 to None, run_after=None
[2025-02-02T16:24:36.923+0000] {logging_mixin.py:190} INFO - [2025-02-02T16:24:36.923+0000] {dag.py:4180} INFO - Setting next_dagrun for example_subdag_operator.section-2 to None, run_after=None
[2025-02-02T16:24:36.935+0000] {logging_mixin.py:190} INFO - [2025-02-02T16:24:36.935+0000] {dag.py:3239} INFO - Sync 2 DAGs
[2025-02-02T16:24:36.944+0000] {logging_mixin.py:190} INFO - [2025-02-02T16:24:36.944+0000] {dag.py:4180} INFO - Setting next_dagrun for example_subdag_operator.section-1 to None, run_after=None
[2025-02-02T16:24:36.945+0000] {logging_mixin.py:190} INFO - [2025-02-02T16:24:36.945+0000] {dag.py:4180} INFO - Setting next_dagrun for example_subdag_operator.section-2 to None, run_after=None
[2025-02-02T16:24:36.964+0000] {processor.py:208} INFO - Processing /home/airflow/.local/lib/python3.12/site-packages/airflow/example_dags/example_subdag_operator.py took 0.149 seconds
[2025-02-02T16:25:07.368+0000] {processor.py:186} INFO - Started process (PID=849) to work on /home/airflow/.local/lib/python3.12/site-packages/airflow/example_dags/example_subdag_operator.py
[2025-02-02T16:25:07.369+0000] {processor.py:914} INFO - Processing file /home/airflow/.local/lib/python3.12/site-packages/airflow/example_dags/example_subdag_operator.py for tasks to queue
[2025-02-02T16:25:07.372+0000] {logging_mixin.py:190} INFO - [2025-02-02T16:25:07.371+0000] {dagbag.py:588} INFO - Filling up the DagBag from /home/airflow/.local/lib/python3.12/site-packages/airflow/example_dags/example_subdag_operator.py
[2025-02-02T16:25:07.404+0000] {processor.py:925} INFO - DAG(s) 'example_subdag_operator.section-1', 'example_subdag_operator.section-2', 'example_subdag_operator' retrieved from /home/airflow/.local/lib/python3.12/site-packages/airflow/example_dags/example_subdag_operator.py
[2025-02-02T16:25:07.424+0000] {logging_mixin.py:190} INFO - [2025-02-02T16:25:07.423+0000] {dag.py:3239} INFO - Sync 3 DAGs
[2025-02-02T16:25:07.453+0000] {logging_mixin.py:190} INFO - [2025-02-02T16:25:07.453+0000] {dag.py:4180} INFO - Setting next_dagrun for example_subdag_operator to 2022-01-01 00:00:00+00:00, run_after=2022-01-01 00:00:00+00:00
[2025-02-02T16:25:07.458+0000] {logging_mixin.py:190} INFO - [2025-02-02T16:25:07.458+0000] {dag.py:4180} INFO - Setting next_dagrun for example_subdag_operator.section-1 to None, run_after=None
[2025-02-02T16:25:07.460+0000] {logging_mixin.py:190} INFO - [2025-02-02T16:25:07.460+0000] {dag.py:4180} INFO - Setting next_dagrun for example_subdag_operator.section-2 to None, run_after=None
[2025-02-02T16:25:07.468+0000] {logging_mixin.py:190} INFO - [2025-02-02T16:25:07.467+0000] {dag.py:3239} INFO - Sync 2 DAGs
[2025-02-02T16:25:07.476+0000] {logging_mixin.py:190} INFO - [2025-02-02T16:25:07.476+0000] {dag.py:4180} INFO - Setting next_dagrun for example_subdag_operator.section-1 to None, run_after=None
[2025-02-02T16:25:07.477+0000] {logging_mixin.py:190} INFO - [2025-02-02T16:25:07.477+0000] {dag.py:4180} INFO - Setting next_dagrun for example_subdag_operator.section-2 to None, run_after=None
[2025-02-02T16:25:07.492+0000] {processor.py:208} INFO - Processing /home/airflow/.local/lib/python3.12/site-packages/airflow/example_dags/example_subdag_operator.py took 0.130 seconds
[2025-02-02T16:25:38.956+0000] {processor.py:186} INFO - Started process (PID=912) to work on /home/airflow/.local/lib/python3.12/site-packages/airflow/example_dags/example_subdag_operator.py
[2025-02-02T16:25:38.958+0000] {processor.py:914} INFO - Processing file /home/airflow/.local/lib/python3.12/site-packages/airflow/example_dags/example_subdag_operator.py for tasks to queue
[2025-02-02T16:25:38.960+0000] {logging_mixin.py:190} INFO - [2025-02-02T16:25:38.960+0000] {dagbag.py:588} INFO - Filling up the DagBag from /home/airflow/.local/lib/python3.12/site-packages/airflow/example_dags/example_subdag_operator.py
[2025-02-02T16:25:38.991+0000] {processor.py:925} INFO - DAG(s) 'example_subdag_operator.section-1', 'example_subdag_operator.section-2', 'example_subdag_operator' retrieved from /home/airflow/.local/lib/python3.12/site-packages/airflow/example_dags/example_subdag_operator.py
[2025-02-02T16:25:39.012+0000] {logging_mixin.py:190} INFO - [2025-02-02T16:25:39.012+0000] {dag.py:3239} INFO - Sync 3 DAGs
[2025-02-02T16:25:39.040+0000] {logging_mixin.py:190} INFO - [2025-02-02T16:25:39.039+0000] {dag.py:4180} INFO - Setting next_dagrun for example_subdag_operator to 2022-01-01 00:00:00+00:00, run_after=2022-01-01 00:00:00+00:00
[2025-02-02T16:25:39.049+0000] {logging_mixin.py:190} INFO - [2025-02-02T16:25:39.049+0000] {dag.py:4180} INFO - Setting next_dagrun for example_subdag_operator.section-1 to None, run_after=None
[2025-02-02T16:25:39.054+0000] {logging_mixin.py:190} INFO - [2025-02-02T16:25:39.053+0000] {dag.py:4180} INFO - Setting next_dagrun for example_subdag_operator.section-2 to None, run_after=None
[2025-02-02T16:25:39.069+0000] {logging_mixin.py:190} INFO - [2025-02-02T16:25:39.069+0000] {dag.py:3239} INFO - Sync 2 DAGs
[2025-02-02T16:25:39.078+0000] {logging_mixin.py:190} INFO - [2025-02-02T16:25:39.078+0000] {dag.py:4180} INFO - Setting next_dagrun for example_subdag_operator.section-1 to None, run_after=None
[2025-02-02T16:25:39.079+0000] {logging_mixin.py:190} INFO - [2025-02-02T16:25:39.079+0000] {dag.py:4180} INFO - Setting next_dagrun for example_subdag_operator.section-2 to None, run_after=None
[2025-02-02T16:25:39.096+0000] {processor.py:208} INFO - Processing /home/airflow/.local/lib/python3.12/site-packages/airflow/example_dags/example_subdag_operator.py took 0.146 seconds
