[2025-02-02T12:16:32.425+0000] {processor.py:186} INFO - Started process (PID=46) to work on /home/airflow/.local/lib/python3.12/site-packages/airflow/example_dags/example_kubernetes_executor.py
[2025-02-02T12:16:32.426+0000] {processor.py:914} INFO - Processing file /home/airflow/.local/lib/python3.12/site-packages/airflow/example_dags/example_kubernetes_executor.py for tasks to queue
[2025-02-02T12:16:32.429+0000] {logging_mixin.py:190} INFO - [2025-02-02T12:16:32.428+0000] {dagbag.py:588} INFO - Filling up the DagBag from /home/airflow/.local/lib/python3.12/site-packages/airflow/example_dags/example_kubernetes_executor.py
[2025-02-02T12:16:32.449+0000] {processor.py:925} INFO - DAG(s) 'example_kubernetes_executor' retrieved from /home/airflow/.local/lib/python3.12/site-packages/airflow/example_dags/example_kubernetes_executor.py
[2025-02-02T12:16:32.568+0000] {logging_mixin.py:190} INFO - [2025-02-02T12:16:32.567+0000] {override.py:1911} INFO - Created Permission View: can read on DAG:example_kubernetes_executor
[2025-02-02T12:16:32.580+0000] {logging_mixin.py:190} INFO - [2025-02-02T12:16:32.580+0000] {override.py:1911} INFO - Created Permission View: can edit on DAG:example_kubernetes_executor
[2025-02-02T12:16:32.590+0000] {logging_mixin.py:190} INFO - [2025-02-02T12:16:32.590+0000] {override.py:1911} INFO - Created Permission View: can delete on DAG:example_kubernetes_executor
[2025-02-02T12:16:32.602+0000] {logging_mixin.py:190} INFO - [2025-02-02T12:16:32.602+0000] {override.py:1911} INFO - Created Permission View: can read on DAG Run:example_kubernetes_executor
[2025-02-02T12:16:32.613+0000] {logging_mixin.py:190} INFO - [2025-02-02T12:16:32.613+0000] {override.py:1911} INFO - Created Permission View: menu access on DAG Run:example_kubernetes_executor
[2025-02-02T12:16:32.623+0000] {logging_mixin.py:190} INFO - [2025-02-02T12:16:32.623+0000] {override.py:1911} INFO - Created Permission View: can create on DAG Run:example_kubernetes_executor
[2025-02-02T12:16:32.633+0000] {logging_mixin.py:190} INFO - [2025-02-02T12:16:32.633+0000] {override.py:1911} INFO - Created Permission View: can delete on DAG Run:example_kubernetes_executor
[2025-02-02T12:16:32.634+0000] {logging_mixin.py:190} INFO - [2025-02-02T12:16:32.634+0000] {dag.py:3239} INFO - Sync 1 DAGs
[2025-02-02T12:16:32.647+0000] {logging_mixin.py:190} INFO - [2025-02-02T12:16:32.647+0000] {dag.py:3262} INFO - Creating ORM DAG for example_kubernetes_executor
[2025-02-02T12:16:32.649+0000] {logging_mixin.py:190} INFO - [2025-02-02T12:16:32.648+0000] {dag.py:4180} INFO - Setting next_dagrun for example_kubernetes_executor to None, run_after=None
[2025-02-02T12:16:32.671+0000] {processor.py:208} INFO - Processing /home/airflow/.local/lib/python3.12/site-packages/airflow/example_dags/example_kubernetes_executor.py took 0.252 seconds
[2025-02-02T12:17:03.684+0000] {processor.py:186} INFO - Started process (PID=109) to work on /home/airflow/.local/lib/python3.12/site-packages/airflow/example_dags/example_kubernetes_executor.py
[2025-02-02T12:17:03.685+0000] {processor.py:914} INFO - Processing file /home/airflow/.local/lib/python3.12/site-packages/airflow/example_dags/example_kubernetes_executor.py for tasks to queue
[2025-02-02T12:17:03.688+0000] {logging_mixin.py:190} INFO - [2025-02-02T12:17:03.687+0000] {dagbag.py:588} INFO - Filling up the DagBag from /home/airflow/.local/lib/python3.12/site-packages/airflow/example_dags/example_kubernetes_executor.py
[2025-02-02T12:17:03.701+0000] {processor.py:925} INFO - DAG(s) 'example_kubernetes_executor' retrieved from /home/airflow/.local/lib/python3.12/site-packages/airflow/example_dags/example_kubernetes_executor.py
[2025-02-02T12:17:03.735+0000] {logging_mixin.py:190} INFO - [2025-02-02T12:17:03.735+0000] {dag.py:3239} INFO - Sync 1 DAGs
[2025-02-02T12:17:03.751+0000] {logging_mixin.py:190} INFO - [2025-02-02T12:17:03.751+0000] {dag.py:4180} INFO - Setting next_dagrun for example_kubernetes_executor to None, run_after=None
[2025-02-02T12:17:03.776+0000] {processor.py:208} INFO - Processing /home/airflow/.local/lib/python3.12/site-packages/airflow/example_dags/example_kubernetes_executor.py took 0.097 seconds
[2025-02-02T12:17:34.618+0000] {processor.py:186} INFO - Started process (PID=178) to work on /home/airflow/.local/lib/python3.12/site-packages/airflow/example_dags/example_kubernetes_executor.py
[2025-02-02T12:17:34.619+0000] {processor.py:914} INFO - Processing file /home/airflow/.local/lib/python3.12/site-packages/airflow/example_dags/example_kubernetes_executor.py for tasks to queue
[2025-02-02T12:17:34.621+0000] {logging_mixin.py:190} INFO - [2025-02-02T12:17:34.621+0000] {dagbag.py:588} INFO - Filling up the DagBag from /home/airflow/.local/lib/python3.12/site-packages/airflow/example_dags/example_kubernetes_executor.py
[2025-02-02T12:17:34.636+0000] {processor.py:925} INFO - DAG(s) 'example_kubernetes_executor' retrieved from /home/airflow/.local/lib/python3.12/site-packages/airflow/example_dags/example_kubernetes_executor.py
[2025-02-02T12:17:34.664+0000] {logging_mixin.py:190} INFO - [2025-02-02T12:17:34.663+0000] {dag.py:3239} INFO - Sync 1 DAGs
[2025-02-02T12:17:34.679+0000] {logging_mixin.py:190} INFO - [2025-02-02T12:17:34.678+0000] {dag.py:4180} INFO - Setting next_dagrun for example_kubernetes_executor to None, run_after=None
[2025-02-02T12:17:34.701+0000] {processor.py:208} INFO - Processing /home/airflow/.local/lib/python3.12/site-packages/airflow/example_dags/example_kubernetes_executor.py took 0.089 seconds
[2025-02-02T12:18:05.950+0000] {processor.py:186} INFO - Started process (PID=241) to work on /home/airflow/.local/lib/python3.12/site-packages/airflow/example_dags/example_kubernetes_executor.py
[2025-02-02T12:18:05.951+0000] {processor.py:914} INFO - Processing file /home/airflow/.local/lib/python3.12/site-packages/airflow/example_dags/example_kubernetes_executor.py for tasks to queue
[2025-02-02T12:18:05.954+0000] {logging_mixin.py:190} INFO - [2025-02-02T12:18:05.953+0000] {dagbag.py:588} INFO - Filling up the DagBag from /home/airflow/.local/lib/python3.12/site-packages/airflow/example_dags/example_kubernetes_executor.py
[2025-02-02T12:18:05.968+0000] {processor.py:925} INFO - DAG(s) 'example_kubernetes_executor' retrieved from /home/airflow/.local/lib/python3.12/site-packages/airflow/example_dags/example_kubernetes_executor.py
[2025-02-02T12:18:05.994+0000] {logging_mixin.py:190} INFO - [2025-02-02T12:18:05.994+0000] {dag.py:3239} INFO - Sync 1 DAGs
[2025-02-02T12:18:06.010+0000] {logging_mixin.py:190} INFO - [2025-02-02T12:18:06.010+0000] {dag.py:4180} INFO - Setting next_dagrun for example_kubernetes_executor to None, run_after=None
[2025-02-02T12:18:06.032+0000] {processor.py:208} INFO - Processing /home/airflow/.local/lib/python3.12/site-packages/airflow/example_dags/example_kubernetes_executor.py took 0.088 seconds
[2025-02-02T12:18:37.141+0000] {processor.py:186} INFO - Started process (PID=304) to work on /home/airflow/.local/lib/python3.12/site-packages/airflow/example_dags/example_kubernetes_executor.py
[2025-02-02T12:18:37.143+0000] {processor.py:914} INFO - Processing file /home/airflow/.local/lib/python3.12/site-packages/airflow/example_dags/example_kubernetes_executor.py for tasks to queue
[2025-02-02T12:18:37.146+0000] {logging_mixin.py:190} INFO - [2025-02-02T12:18:37.145+0000] {dagbag.py:588} INFO - Filling up the DagBag from /home/airflow/.local/lib/python3.12/site-packages/airflow/example_dags/example_kubernetes_executor.py
[2025-02-02T12:18:37.159+0000] {processor.py:925} INFO - DAG(s) 'example_kubernetes_executor' retrieved from /home/airflow/.local/lib/python3.12/site-packages/airflow/example_dags/example_kubernetes_executor.py
[2025-02-02T12:18:37.184+0000] {logging_mixin.py:190} INFO - [2025-02-02T12:18:37.184+0000] {dag.py:3239} INFO - Sync 1 DAGs
[2025-02-02T12:18:37.198+0000] {logging_mixin.py:190} INFO - [2025-02-02T12:18:37.198+0000] {dag.py:4180} INFO - Setting next_dagrun for example_kubernetes_executor to None, run_after=None
[2025-02-02T12:18:37.220+0000] {processor.py:208} INFO - Processing /home/airflow/.local/lib/python3.12/site-packages/airflow/example_dags/example_kubernetes_executor.py took 0.085 seconds
[2025-02-02T12:19:08.705+0000] {processor.py:186} INFO - Started process (PID=367) to work on /home/airflow/.local/lib/python3.12/site-packages/airflow/example_dags/example_kubernetes_executor.py
[2025-02-02T12:19:08.706+0000] {processor.py:914} INFO - Processing file /home/airflow/.local/lib/python3.12/site-packages/airflow/example_dags/example_kubernetes_executor.py for tasks to queue
[2025-02-02T12:19:08.709+0000] {logging_mixin.py:190} INFO - [2025-02-02T12:19:08.709+0000] {dagbag.py:588} INFO - Filling up the DagBag from /home/airflow/.local/lib/python3.12/site-packages/airflow/example_dags/example_kubernetes_executor.py
[2025-02-02T12:19:08.723+0000] {processor.py:925} INFO - DAG(s) 'example_kubernetes_executor' retrieved from /home/airflow/.local/lib/python3.12/site-packages/airflow/example_dags/example_kubernetes_executor.py
[2025-02-02T12:19:08.751+0000] {logging_mixin.py:190} INFO - [2025-02-02T12:19:08.750+0000] {dag.py:3239} INFO - Sync 1 DAGs
[2025-02-02T12:19:08.768+0000] {logging_mixin.py:190} INFO - [2025-02-02T12:19:08.768+0000] {dag.py:4180} INFO - Setting next_dagrun for example_kubernetes_executor to None, run_after=None
[2025-02-02T12:19:08.789+0000] {processor.py:208} INFO - Processing /home/airflow/.local/lib/python3.12/site-packages/airflow/example_dags/example_kubernetes_executor.py took 0.089 seconds
[2025-02-02T12:19:40.465+0000] {processor.py:186} INFO - Started process (PID=430) to work on /home/airflow/.local/lib/python3.12/site-packages/airflow/example_dags/example_kubernetes_executor.py
[2025-02-02T12:19:40.467+0000] {processor.py:914} INFO - Processing file /home/airflow/.local/lib/python3.12/site-packages/airflow/example_dags/example_kubernetes_executor.py for tasks to queue
[2025-02-02T12:19:40.471+0000] {logging_mixin.py:190} INFO - [2025-02-02T12:19:40.471+0000] {dagbag.py:588} INFO - Filling up the DagBag from /home/airflow/.local/lib/python3.12/site-packages/airflow/example_dags/example_kubernetes_executor.py
[2025-02-02T12:19:40.498+0000] {processor.py:925} INFO - DAG(s) 'example_kubernetes_executor' retrieved from /home/airflow/.local/lib/python3.12/site-packages/airflow/example_dags/example_kubernetes_executor.py
[2025-02-02T12:19:40.540+0000] {logging_mixin.py:190} INFO - [2025-02-02T12:19:40.540+0000] {dag.py:3239} INFO - Sync 1 DAGs
[2025-02-02T12:19:40.564+0000] {logging_mixin.py:190} INFO - [2025-02-02T12:19:40.563+0000] {dag.py:4180} INFO - Setting next_dagrun for example_kubernetes_executor to None, run_after=None
[2025-02-02T12:19:40.599+0000] {processor.py:208} INFO - Processing /home/airflow/.local/lib/python3.12/site-packages/airflow/example_dags/example_kubernetes_executor.py took 0.143 seconds
[2025-02-02T12:20:12.388+0000] {processor.py:186} INFO - Started process (PID=493) to work on /home/airflow/.local/lib/python3.12/site-packages/airflow/example_dags/example_kubernetes_executor.py
[2025-02-02T12:20:12.390+0000] {processor.py:914} INFO - Processing file /home/airflow/.local/lib/python3.12/site-packages/airflow/example_dags/example_kubernetes_executor.py for tasks to queue
[2025-02-02T12:20:12.396+0000] {logging_mixin.py:190} INFO - [2025-02-02T12:20:12.395+0000] {dagbag.py:588} INFO - Filling up the DagBag from /home/airflow/.local/lib/python3.12/site-packages/airflow/example_dags/example_kubernetes_executor.py
[2025-02-02T12:20:12.427+0000] {processor.py:925} INFO - DAG(s) 'example_kubernetes_executor' retrieved from /home/airflow/.local/lib/python3.12/site-packages/airflow/example_dags/example_kubernetes_executor.py
[2025-02-02T12:20:12.481+0000] {logging_mixin.py:190} INFO - [2025-02-02T12:20:12.481+0000] {dag.py:3239} INFO - Sync 1 DAGs
[2025-02-02T12:20:12.515+0000] {logging_mixin.py:190} INFO - [2025-02-02T12:20:12.514+0000] {dag.py:4180} INFO - Setting next_dagrun for example_kubernetes_executor to None, run_after=None
[2025-02-02T12:20:12.546+0000] {processor.py:208} INFO - Processing /home/airflow/.local/lib/python3.12/site-packages/airflow/example_dags/example_kubernetes_executor.py took 0.170 seconds
[2025-02-02T16:18:48.115+0000] {processor.py:186} INFO - Started process (PID=46) to work on /home/airflow/.local/lib/python3.12/site-packages/airflow/example_dags/example_kubernetes_executor.py
[2025-02-02T16:18:49.417+0000] {processor.py:914} INFO - Processing file /home/airflow/.local/lib/python3.12/site-packages/airflow/example_dags/example_kubernetes_executor.py for tasks to queue
[2025-02-02T16:18:49.420+0000] {logging_mixin.py:190} INFO - [2025-02-02T16:18:49.419+0000] {dagbag.py:588} INFO - Filling up the DagBag from /home/airflow/.local/lib/python3.12/site-packages/airflow/example_dags/example_kubernetes_executor.py
[2025-02-02T16:18:49.438+0000] {processor.py:925} INFO - DAG(s) 'example_kubernetes_executor' retrieved from /home/airflow/.local/lib/python3.12/site-packages/airflow/example_dags/example_kubernetes_executor.py
[2025-02-02T16:18:49.479+0000] {logging_mixin.py:190} INFO - [2025-02-02T16:18:49.478+0000] {dag.py:3239} INFO - Sync 1 DAGs
[2025-02-02T16:18:49.496+0000] {logging_mixin.py:190} INFO - [2025-02-02T16:18:49.496+0000] {dag.py:4180} INFO - Setting next_dagrun for example_kubernetes_executor to None, run_after=None
[2025-02-02T16:18:49.526+0000] {processor.py:208} INFO - Processing /home/airflow/.local/lib/python3.12/site-packages/airflow/example_dags/example_kubernetes_executor.py took 1.417 seconds
[2025-02-02T16:19:19.991+0000] {processor.py:186} INFO - Started process (PID=108) to work on /home/airflow/.local/lib/python3.12/site-packages/airflow/example_dags/example_kubernetes_executor.py
[2025-02-02T16:19:19.993+0000] {processor.py:914} INFO - Processing file /home/airflow/.local/lib/python3.12/site-packages/airflow/example_dags/example_kubernetes_executor.py for tasks to queue
[2025-02-02T16:19:19.995+0000] {logging_mixin.py:190} INFO - [2025-02-02T16:19:19.995+0000] {dagbag.py:588} INFO - Filling up the DagBag from /home/airflow/.local/lib/python3.12/site-packages/airflow/example_dags/example_kubernetes_executor.py
[2025-02-02T16:19:20.011+0000] {processor.py:925} INFO - DAG(s) 'example_kubernetes_executor' retrieved from /home/airflow/.local/lib/python3.12/site-packages/airflow/example_dags/example_kubernetes_executor.py
[2025-02-02T16:19:20.036+0000] {logging_mixin.py:190} INFO - [2025-02-02T16:19:20.036+0000] {dag.py:3239} INFO - Sync 1 DAGs
[2025-02-02T16:19:20.050+0000] {logging_mixin.py:190} INFO - [2025-02-02T16:19:20.049+0000] {dag.py:4180} INFO - Setting next_dagrun for example_kubernetes_executor to None, run_after=None
[2025-02-02T16:19:20.072+0000] {processor.py:208} INFO - Processing /home/airflow/.local/lib/python3.12/site-packages/airflow/example_dags/example_kubernetes_executor.py took 0.087 seconds
[2025-02-02T16:19:50.266+0000] {processor.py:186} INFO - Started process (PID=172) to work on /home/airflow/.local/lib/python3.12/site-packages/airflow/example_dags/example_kubernetes_executor.py
[2025-02-02T16:19:50.268+0000] {processor.py:914} INFO - Processing file /home/airflow/.local/lib/python3.12/site-packages/airflow/example_dags/example_kubernetes_executor.py for tasks to queue
[2025-02-02T16:19:50.270+0000] {logging_mixin.py:190} INFO - [2025-02-02T16:19:50.270+0000] {dagbag.py:588} INFO - Filling up the DagBag from /home/airflow/.local/lib/python3.12/site-packages/airflow/example_dags/example_kubernetes_executor.py
[2025-02-02T16:19:50.284+0000] {processor.py:925} INFO - DAG(s) 'example_kubernetes_executor' retrieved from /home/airflow/.local/lib/python3.12/site-packages/airflow/example_dags/example_kubernetes_executor.py
[2025-02-02T16:19:50.310+0000] {logging_mixin.py:190} INFO - [2025-02-02T16:19:50.310+0000] {dag.py:3239} INFO - Sync 1 DAGs
[2025-02-02T16:19:50.325+0000] {logging_mixin.py:190} INFO - [2025-02-02T16:19:50.324+0000] {dag.py:4180} INFO - Setting next_dagrun for example_kubernetes_executor to None, run_after=None
[2025-02-02T16:19:50.348+0000] {processor.py:208} INFO - Processing /home/airflow/.local/lib/python3.12/site-packages/airflow/example_dags/example_kubernetes_executor.py took 0.087 seconds
[2025-02-02T16:20:20.680+0000] {processor.py:186} INFO - Started process (PID=234) to work on /home/airflow/.local/lib/python3.12/site-packages/airflow/example_dags/example_kubernetes_executor.py
[2025-02-02T16:20:20.682+0000] {processor.py:914} INFO - Processing file /home/airflow/.local/lib/python3.12/site-packages/airflow/example_dags/example_kubernetes_executor.py for tasks to queue
[2025-02-02T16:20:20.686+0000] {logging_mixin.py:190} INFO - [2025-02-02T16:20:20.686+0000] {dagbag.py:588} INFO - Filling up the DagBag from /home/airflow/.local/lib/python3.12/site-packages/airflow/example_dags/example_kubernetes_executor.py
[2025-02-02T16:20:20.702+0000] {processor.py:925} INFO - DAG(s) 'example_kubernetes_executor' retrieved from /home/airflow/.local/lib/python3.12/site-packages/airflow/example_dags/example_kubernetes_executor.py
[2025-02-02T16:20:20.728+0000] {logging_mixin.py:190} INFO - [2025-02-02T16:20:20.728+0000] {dag.py:3239} INFO - Sync 1 DAGs
[2025-02-02T16:20:20.744+0000] {logging_mixin.py:190} INFO - [2025-02-02T16:20:20.744+0000] {dag.py:4180} INFO - Setting next_dagrun for example_kubernetes_executor to None, run_after=None
[2025-02-02T16:20:20.769+0000] {processor.py:208} INFO - Processing /home/airflow/.local/lib/python3.12/site-packages/airflow/example_dags/example_kubernetes_executor.py took 0.095 seconds
[2025-02-02T16:20:50.957+0000] {processor.py:186} INFO - Started process (PID=296) to work on /home/airflow/.local/lib/python3.12/site-packages/airflow/example_dags/example_kubernetes_executor.py
[2025-02-02T16:20:50.959+0000] {processor.py:914} INFO - Processing file /home/airflow/.local/lib/python3.12/site-packages/airflow/example_dags/example_kubernetes_executor.py for tasks to queue
[2025-02-02T16:20:50.961+0000] {logging_mixin.py:190} INFO - [2025-02-02T16:20:50.961+0000] {dagbag.py:588} INFO - Filling up the DagBag from /home/airflow/.local/lib/python3.12/site-packages/airflow/example_dags/example_kubernetes_executor.py
[2025-02-02T16:20:50.975+0000] {processor.py:925} INFO - DAG(s) 'example_kubernetes_executor' retrieved from /home/airflow/.local/lib/python3.12/site-packages/airflow/example_dags/example_kubernetes_executor.py
[2025-02-02T16:20:51.015+0000] {logging_mixin.py:190} INFO - [2025-02-02T16:20:51.014+0000] {dag.py:3239} INFO - Sync 1 DAGs
[2025-02-02T16:20:51.034+0000] {logging_mixin.py:190} INFO - [2025-02-02T16:20:51.034+0000] {dag.py:4180} INFO - Setting next_dagrun for example_kubernetes_executor to None, run_after=None
[2025-02-02T16:20:51.060+0000] {processor.py:208} INFO - Processing /home/airflow/.local/lib/python3.12/site-packages/airflow/example_dags/example_kubernetes_executor.py took 0.109 seconds
[2025-02-02T16:21:21.680+0000] {processor.py:186} INFO - Started process (PID=359) to work on /home/airflow/.local/lib/python3.12/site-packages/airflow/example_dags/example_kubernetes_executor.py
[2025-02-02T16:21:21.682+0000] {processor.py:914} INFO - Processing file /home/airflow/.local/lib/python3.12/site-packages/airflow/example_dags/example_kubernetes_executor.py for tasks to queue
[2025-02-02T16:21:21.684+0000] {logging_mixin.py:190} INFO - [2025-02-02T16:21:21.683+0000] {dagbag.py:588} INFO - Filling up the DagBag from /home/airflow/.local/lib/python3.12/site-packages/airflow/example_dags/example_kubernetes_executor.py
[2025-02-02T16:21:21.696+0000] {processor.py:925} INFO - DAG(s) 'example_kubernetes_executor' retrieved from /home/airflow/.local/lib/python3.12/site-packages/airflow/example_dags/example_kubernetes_executor.py
[2025-02-02T16:21:21.720+0000] {logging_mixin.py:190} INFO - [2025-02-02T16:21:21.720+0000] {dag.py:3239} INFO - Sync 1 DAGs
[2025-02-02T16:21:21.734+0000] {logging_mixin.py:190} INFO - [2025-02-02T16:21:21.733+0000] {dag.py:4180} INFO - Setting next_dagrun for example_kubernetes_executor to None, run_after=None
[2025-02-02T16:21:21.756+0000] {processor.py:208} INFO - Processing /home/airflow/.local/lib/python3.12/site-packages/airflow/example_dags/example_kubernetes_executor.py took 0.081 seconds
[2025-02-02T16:21:51.889+0000] {processor.py:186} INFO - Started process (PID=422) to work on /home/airflow/.local/lib/python3.12/site-packages/airflow/example_dags/example_kubernetes_executor.py
[2025-02-02T16:21:51.891+0000] {processor.py:914} INFO - Processing file /home/airflow/.local/lib/python3.12/site-packages/airflow/example_dags/example_kubernetes_executor.py for tasks to queue
[2025-02-02T16:21:51.894+0000] {logging_mixin.py:190} INFO - [2025-02-02T16:21:51.893+0000] {dagbag.py:588} INFO - Filling up the DagBag from /home/airflow/.local/lib/python3.12/site-packages/airflow/example_dags/example_kubernetes_executor.py
[2025-02-02T16:21:51.912+0000] {processor.py:925} INFO - DAG(s) 'example_kubernetes_executor' retrieved from /home/airflow/.local/lib/python3.12/site-packages/airflow/example_dags/example_kubernetes_executor.py
[2025-02-02T16:21:51.954+0000] {logging_mixin.py:190} INFO - [2025-02-02T16:21:51.953+0000] {dag.py:3239} INFO - Sync 1 DAGs
[2025-02-02T16:21:51.976+0000] {logging_mixin.py:190} INFO - [2025-02-02T16:21:51.975+0000] {dag.py:4180} INFO - Setting next_dagrun for example_kubernetes_executor to None, run_after=None
[2025-02-02T16:21:52.005+0000] {processor.py:208} INFO - Processing /home/airflow/.local/lib/python3.12/site-packages/airflow/example_dags/example_kubernetes_executor.py took 0.123 seconds
[2025-02-02T16:22:22.432+0000] {processor.py:186} INFO - Started process (PID=485) to work on /home/airflow/.local/lib/python3.12/site-packages/airflow/example_dags/example_kubernetes_executor.py
[2025-02-02T16:22:22.433+0000] {processor.py:914} INFO - Processing file /home/airflow/.local/lib/python3.12/site-packages/airflow/example_dags/example_kubernetes_executor.py for tasks to queue
[2025-02-02T16:22:22.436+0000] {logging_mixin.py:190} INFO - [2025-02-02T16:22:22.435+0000] {dagbag.py:588} INFO - Filling up the DagBag from /home/airflow/.local/lib/python3.12/site-packages/airflow/example_dags/example_kubernetes_executor.py
[2025-02-02T16:22:22.453+0000] {processor.py:925} INFO - DAG(s) 'example_kubernetes_executor' retrieved from /home/airflow/.local/lib/python3.12/site-packages/airflow/example_dags/example_kubernetes_executor.py
[2025-02-02T16:22:22.479+0000] {logging_mixin.py:190} INFO - [2025-02-02T16:22:22.479+0000] {dag.py:3239} INFO - Sync 1 DAGs
[2025-02-02T16:22:22.495+0000] {logging_mixin.py:190} INFO - [2025-02-02T16:22:22.495+0000] {dag.py:4180} INFO - Setting next_dagrun for example_kubernetes_executor to None, run_after=None
[2025-02-02T16:22:22.516+0000] {processor.py:208} INFO - Processing /home/airflow/.local/lib/python3.12/site-packages/airflow/example_dags/example_kubernetes_executor.py took 0.090 seconds
[2025-02-02T16:22:53.081+0000] {processor.py:186} INFO - Started process (PID=548) to work on /home/airflow/.local/lib/python3.12/site-packages/airflow/example_dags/example_kubernetes_executor.py
[2025-02-02T16:22:53.082+0000] {processor.py:914} INFO - Processing file /home/airflow/.local/lib/python3.12/site-packages/airflow/example_dags/example_kubernetes_executor.py for tasks to queue
[2025-02-02T16:22:53.085+0000] {logging_mixin.py:190} INFO - [2025-02-02T16:22:53.085+0000] {dagbag.py:588} INFO - Filling up the DagBag from /home/airflow/.local/lib/python3.12/site-packages/airflow/example_dags/example_kubernetes_executor.py
[2025-02-02T16:22:53.103+0000] {processor.py:925} INFO - DAG(s) 'example_kubernetes_executor' retrieved from /home/airflow/.local/lib/python3.12/site-packages/airflow/example_dags/example_kubernetes_executor.py
[2025-02-02T16:22:53.133+0000] {logging_mixin.py:190} INFO - [2025-02-02T16:22:53.132+0000] {dag.py:3239} INFO - Sync 1 DAGs
[2025-02-02T16:22:53.150+0000] {logging_mixin.py:190} INFO - [2025-02-02T16:22:53.150+0000] {dag.py:4180} INFO - Setting next_dagrun for example_kubernetes_executor to None, run_after=None
[2025-02-02T16:22:53.176+0000] {processor.py:208} INFO - Processing /home/airflow/.local/lib/python3.12/site-packages/airflow/example_dags/example_kubernetes_executor.py took 0.101 seconds
[2025-02-02T16:23:24.005+0000] {processor.py:186} INFO - Started process (PID=611) to work on /home/airflow/.local/lib/python3.12/site-packages/airflow/example_dags/example_kubernetes_executor.py
[2025-02-02T16:23:24.006+0000] {processor.py:914} INFO - Processing file /home/airflow/.local/lib/python3.12/site-packages/airflow/example_dags/example_kubernetes_executor.py for tasks to queue
[2025-02-02T16:23:24.008+0000] {logging_mixin.py:190} INFO - [2025-02-02T16:23:24.008+0000] {dagbag.py:588} INFO - Filling up the DagBag from /home/airflow/.local/lib/python3.12/site-packages/airflow/example_dags/example_kubernetes_executor.py
[2025-02-02T16:23:24.021+0000] {processor.py:925} INFO - DAG(s) 'example_kubernetes_executor' retrieved from /home/airflow/.local/lib/python3.12/site-packages/airflow/example_dags/example_kubernetes_executor.py
[2025-02-02T16:23:24.047+0000] {logging_mixin.py:190} INFO - [2025-02-02T16:23:24.047+0000] {dag.py:3239} INFO - Sync 1 DAGs
[2025-02-02T16:23:24.069+0000] {logging_mixin.py:190} INFO - [2025-02-02T16:23:24.068+0000] {dag.py:4180} INFO - Setting next_dagrun for example_kubernetes_executor to None, run_after=None
[2025-02-02T16:23:24.097+0000] {processor.py:208} INFO - Processing /home/airflow/.local/lib/python3.12/site-packages/airflow/example_dags/example_kubernetes_executor.py took 0.097 seconds
[2025-02-02T16:23:54.529+0000] {processor.py:186} INFO - Started process (PID=674) to work on /home/airflow/.local/lib/python3.12/site-packages/airflow/example_dags/example_kubernetes_executor.py
[2025-02-02T16:23:54.530+0000] {processor.py:914} INFO - Processing file /home/airflow/.local/lib/python3.12/site-packages/airflow/example_dags/example_kubernetes_executor.py for tasks to queue
[2025-02-02T16:23:54.533+0000] {logging_mixin.py:190} INFO - [2025-02-02T16:23:54.533+0000] {dagbag.py:588} INFO - Filling up the DagBag from /home/airflow/.local/lib/python3.12/site-packages/airflow/example_dags/example_kubernetes_executor.py
[2025-02-02T16:23:54.546+0000] {processor.py:925} INFO - DAG(s) 'example_kubernetes_executor' retrieved from /home/airflow/.local/lib/python3.12/site-packages/airflow/example_dags/example_kubernetes_executor.py
[2025-02-02T16:23:54.571+0000] {logging_mixin.py:190} INFO - [2025-02-02T16:23:54.571+0000] {dag.py:3239} INFO - Sync 1 DAGs
[2025-02-02T16:23:54.585+0000] {logging_mixin.py:190} INFO - [2025-02-02T16:23:54.585+0000] {dag.py:4180} INFO - Setting next_dagrun for example_kubernetes_executor to None, run_after=None
[2025-02-02T16:23:54.609+0000] {processor.py:208} INFO - Processing /home/airflow/.local/lib/python3.12/site-packages/airflow/example_dags/example_kubernetes_executor.py took 0.085 seconds
[2025-02-02T16:24:25.447+0000] {processor.py:186} INFO - Started process (PID=737) to work on /home/airflow/.local/lib/python3.12/site-packages/airflow/example_dags/example_kubernetes_executor.py
[2025-02-02T16:24:25.449+0000] {processor.py:914} INFO - Processing file /home/airflow/.local/lib/python3.12/site-packages/airflow/example_dags/example_kubernetes_executor.py for tasks to queue
[2025-02-02T16:24:25.452+0000] {logging_mixin.py:190} INFO - [2025-02-02T16:24:25.452+0000] {dagbag.py:588} INFO - Filling up the DagBag from /home/airflow/.local/lib/python3.12/site-packages/airflow/example_dags/example_kubernetes_executor.py
[2025-02-02T16:24:25.468+0000] {processor.py:925} INFO - DAG(s) 'example_kubernetes_executor' retrieved from /home/airflow/.local/lib/python3.12/site-packages/airflow/example_dags/example_kubernetes_executor.py
[2025-02-02T16:24:25.495+0000] {logging_mixin.py:190} INFO - [2025-02-02T16:24:25.495+0000] {dag.py:3239} INFO - Sync 1 DAGs
[2025-02-02T16:24:25.514+0000] {logging_mixin.py:190} INFO - [2025-02-02T16:24:25.514+0000] {dag.py:4180} INFO - Setting next_dagrun for example_kubernetes_executor to None, run_after=None
[2025-02-02T16:24:25.540+0000] {processor.py:208} INFO - Processing /home/airflow/.local/lib/python3.12/site-packages/airflow/example_dags/example_kubernetes_executor.py took 0.098 seconds
[2025-02-02T16:24:55.635+0000] {processor.py:186} INFO - Started process (PID=800) to work on /home/airflow/.local/lib/python3.12/site-packages/airflow/example_dags/example_kubernetes_executor.py
[2025-02-02T16:24:55.637+0000] {processor.py:914} INFO - Processing file /home/airflow/.local/lib/python3.12/site-packages/airflow/example_dags/example_kubernetes_executor.py for tasks to queue
[2025-02-02T16:24:55.639+0000] {logging_mixin.py:190} INFO - [2025-02-02T16:24:55.639+0000] {dagbag.py:588} INFO - Filling up the DagBag from /home/airflow/.local/lib/python3.12/site-packages/airflow/example_dags/example_kubernetes_executor.py
[2025-02-02T16:24:55.654+0000] {processor.py:925} INFO - DAG(s) 'example_kubernetes_executor' retrieved from /home/airflow/.local/lib/python3.12/site-packages/airflow/example_dags/example_kubernetes_executor.py
[2025-02-02T16:24:55.681+0000] {logging_mixin.py:190} INFO - [2025-02-02T16:24:55.680+0000] {dag.py:3239} INFO - Sync 1 DAGs
[2025-02-02T16:24:55.695+0000] {logging_mixin.py:190} INFO - [2025-02-02T16:24:55.695+0000] {dag.py:4180} INFO - Setting next_dagrun for example_kubernetes_executor to None, run_after=None
[2025-02-02T16:24:55.717+0000] {processor.py:208} INFO - Processing /home/airflow/.local/lib/python3.12/site-packages/airflow/example_dags/example_kubernetes_executor.py took 0.087 seconds
[2025-02-02T16:25:26.024+0000] {processor.py:186} INFO - Started process (PID=863) to work on /home/airflow/.local/lib/python3.12/site-packages/airflow/example_dags/example_kubernetes_executor.py
[2025-02-02T16:25:26.026+0000] {processor.py:914} INFO - Processing file /home/airflow/.local/lib/python3.12/site-packages/airflow/example_dags/example_kubernetes_executor.py for tasks to queue
[2025-02-02T16:25:26.028+0000] {logging_mixin.py:190} INFO - [2025-02-02T16:25:26.028+0000] {dagbag.py:588} INFO - Filling up the DagBag from /home/airflow/.local/lib/python3.12/site-packages/airflow/example_dags/example_kubernetes_executor.py
[2025-02-02T16:25:26.042+0000] {processor.py:925} INFO - DAG(s) 'example_kubernetes_executor' retrieved from /home/airflow/.local/lib/python3.12/site-packages/airflow/example_dags/example_kubernetes_executor.py
[2025-02-02T16:25:26.068+0000] {logging_mixin.py:190} INFO - [2025-02-02T16:25:26.068+0000] {dag.py:3239} INFO - Sync 1 DAGs
[2025-02-02T16:25:26.083+0000] {logging_mixin.py:190} INFO - [2025-02-02T16:25:26.083+0000] {dag.py:4180} INFO - Setting next_dagrun for example_kubernetes_executor to None, run_after=None
[2025-02-02T16:25:26.107+0000] {processor.py:208} INFO - Processing /home/airflow/.local/lib/python3.12/site-packages/airflow/example_dags/example_kubernetes_executor.py took 0.087 seconds
