[2025-02-02T12:16:36.842+0000] {processor.py:186} INFO - Started process (PID=64) to work on /home/airflow/.local/lib/python3.12/site-packages/airflow/example_dags/example_complex.py
[2025-02-02T12:16:36.844+0000] {processor.py:914} INFO - Processing file /home/airflow/.local/lib/python3.12/site-packages/airflow/example_dags/example_complex.py for tasks to queue
[2025-02-02T12:16:36.846+0000] {logging_mixin.py:190} INFO - [2025-02-02T12:16:36.846+0000] {dagbag.py:588} INFO - Filling up the DagBag from /home/airflow/.local/lib/python3.12/site-packages/airflow/example_dags/example_complex.py
[2025-02-02T12:16:36.863+0000] {processor.py:925} INFO - DAG(s) 'example_complex' retrieved from /home/airflow/.local/lib/python3.12/site-packages/airflow/example_dags/example_complex.py
[2025-02-02T12:16:37.020+0000] {logging_mixin.py:190} INFO - [2025-02-02T12:16:37.019+0000] {override.py:1911} INFO - Created Permission View: can read on DAG:example_complex
[2025-02-02T12:16:37.037+0000] {logging_mixin.py:190} INFO - [2025-02-02T12:16:37.037+0000] {override.py:1911} INFO - Created Permission View: can edit on DAG:example_complex
[2025-02-02T12:16:37.049+0000] {logging_mixin.py:190} INFO - [2025-02-02T12:16:37.048+0000] {override.py:1911} INFO - Created Permission View: can delete on DAG:example_complex
[2025-02-02T12:16:37.064+0000] {logging_mixin.py:190} INFO - [2025-02-02T12:16:37.063+0000] {override.py:1911} INFO - Created Permission View: can read on DAG Run:example_complex
[2025-02-02T12:16:37.077+0000] {logging_mixin.py:190} INFO - [2025-02-02T12:16:37.077+0000] {override.py:1911} INFO - Created Permission View: menu access on DAG Run:example_complex
[2025-02-02T12:16:37.090+0000] {logging_mixin.py:190} INFO - [2025-02-02T12:16:37.089+0000] {override.py:1911} INFO - Created Permission View: can create on DAG Run:example_complex
[2025-02-02T12:16:37.102+0000] {logging_mixin.py:190} INFO - [2025-02-02T12:16:37.102+0000] {override.py:1911} INFO - Created Permission View: can delete on DAG Run:example_complex
[2025-02-02T12:16:37.103+0000] {logging_mixin.py:190} INFO - [2025-02-02T12:16:37.103+0000] {dag.py:3239} INFO - Sync 1 DAGs
[2025-02-02T12:16:37.117+0000] {logging_mixin.py:190} INFO - [2025-02-02T12:16:37.117+0000] {dag.py:3262} INFO - Creating ORM DAG for example_complex
[2025-02-02T12:16:37.118+0000] {logging_mixin.py:190} INFO - [2025-02-02T12:16:37.118+0000] {dag.py:4180} INFO - Setting next_dagrun for example_complex to None, run_after=None
[2025-02-02T12:16:37.145+0000] {processor.py:208} INFO - Processing /home/airflow/.local/lib/python3.12/site-packages/airflow/example_dags/example_complex.py took 0.309 seconds
[2025-02-02T12:17:08.564+0000] {processor.py:186} INFO - Started process (PID=127) to work on /home/airflow/.local/lib/python3.12/site-packages/airflow/example_dags/example_complex.py
[2025-02-02T12:17:08.566+0000] {processor.py:914} INFO - Processing file /home/airflow/.local/lib/python3.12/site-packages/airflow/example_dags/example_complex.py for tasks to queue
[2025-02-02T12:17:08.568+0000] {logging_mixin.py:190} INFO - [2025-02-02T12:17:08.568+0000] {dagbag.py:588} INFO - Filling up the DagBag from /home/airflow/.local/lib/python3.12/site-packages/airflow/example_dags/example_complex.py
[2025-02-02T12:17:08.581+0000] {processor.py:925} INFO - DAG(s) 'example_complex' retrieved from /home/airflow/.local/lib/python3.12/site-packages/airflow/example_dags/example_complex.py
[2025-02-02T12:17:08.614+0000] {logging_mixin.py:190} INFO - [2025-02-02T12:17:08.614+0000] {dag.py:3239} INFO - Sync 1 DAGs
[2025-02-02T12:17:08.629+0000] {logging_mixin.py:190} INFO - [2025-02-02T12:17:08.629+0000] {dag.py:4180} INFO - Setting next_dagrun for example_complex to None, run_after=None
[2025-02-02T12:17:08.652+0000] {processor.py:208} INFO - Processing /home/airflow/.local/lib/python3.12/site-packages/airflow/example_dags/example_complex.py took 0.093 seconds
[2025-02-02T12:17:40.307+0000] {processor.py:186} INFO - Started process (PID=190) to work on /home/airflow/.local/lib/python3.12/site-packages/airflow/example_dags/example_complex.py
[2025-02-02T12:17:40.308+0000] {processor.py:914} INFO - Processing file /home/airflow/.local/lib/python3.12/site-packages/airflow/example_dags/example_complex.py for tasks to queue
[2025-02-02T12:17:40.311+0000] {logging_mixin.py:190} INFO - [2025-02-02T12:17:40.311+0000] {dagbag.py:588} INFO - Filling up the DagBag from /home/airflow/.local/lib/python3.12/site-packages/airflow/example_dags/example_complex.py
[2025-02-02T12:17:40.326+0000] {processor.py:925} INFO - DAG(s) 'example_complex' retrieved from /home/airflow/.local/lib/python3.12/site-packages/airflow/example_dags/example_complex.py
[2025-02-02T12:17:40.361+0000] {logging_mixin.py:190} INFO - [2025-02-02T12:17:40.361+0000] {dag.py:3239} INFO - Sync 1 DAGs
[2025-02-02T12:17:40.381+0000] {logging_mixin.py:190} INFO - [2025-02-02T12:17:40.381+0000] {dag.py:4180} INFO - Setting next_dagrun for example_complex to None, run_after=None
[2025-02-02T12:17:40.412+0000] {processor.py:208} INFO - Processing /home/airflow/.local/lib/python3.12/site-packages/airflow/example_dags/example_complex.py took 0.111 seconds
[2025-02-02T12:18:11.731+0000] {processor.py:186} INFO - Started process (PID=253) to work on /home/airflow/.local/lib/python3.12/site-packages/airflow/example_dags/example_complex.py
[2025-02-02T12:18:11.733+0000] {processor.py:914} INFO - Processing file /home/airflow/.local/lib/python3.12/site-packages/airflow/example_dags/example_complex.py for tasks to queue
[2025-02-02T12:18:11.736+0000] {logging_mixin.py:190} INFO - [2025-02-02T12:18:11.735+0000] {dagbag.py:588} INFO - Filling up the DagBag from /home/airflow/.local/lib/python3.12/site-packages/airflow/example_dags/example_complex.py
[2025-02-02T12:18:11.747+0000] {processor.py:925} INFO - DAG(s) 'example_complex' retrieved from /home/airflow/.local/lib/python3.12/site-packages/airflow/example_dags/example_complex.py
[2025-02-02T12:18:11.783+0000] {logging_mixin.py:190} INFO - [2025-02-02T12:18:11.782+0000] {dag.py:3239} INFO - Sync 1 DAGs
[2025-02-02T12:18:11.799+0000] {logging_mixin.py:190} INFO - [2025-02-02T12:18:11.798+0000] {dag.py:4180} INFO - Setting next_dagrun for example_complex to None, run_after=None
[2025-02-02T12:18:11.822+0000] {processor.py:208} INFO - Processing /home/airflow/.local/lib/python3.12/site-packages/airflow/example_dags/example_complex.py took 0.097 seconds
[2025-02-02T12:18:42.802+0000] {processor.py:186} INFO - Started process (PID=316) to work on /home/airflow/.local/lib/python3.12/site-packages/airflow/example_dags/example_complex.py
[2025-02-02T12:18:42.803+0000] {processor.py:914} INFO - Processing file /home/airflow/.local/lib/python3.12/site-packages/airflow/example_dags/example_complex.py for tasks to queue
[2025-02-02T12:18:42.806+0000] {logging_mixin.py:190} INFO - [2025-02-02T12:18:42.806+0000] {dagbag.py:588} INFO - Filling up the DagBag from /home/airflow/.local/lib/python3.12/site-packages/airflow/example_dags/example_complex.py
[2025-02-02T12:18:42.820+0000] {processor.py:925} INFO - DAG(s) 'example_complex' retrieved from /home/airflow/.local/lib/python3.12/site-packages/airflow/example_dags/example_complex.py
[2025-02-02T12:18:42.860+0000] {logging_mixin.py:190} INFO - [2025-02-02T12:18:42.859+0000] {dag.py:3239} INFO - Sync 1 DAGs
[2025-02-02T12:18:42.883+0000] {logging_mixin.py:190} INFO - [2025-02-02T12:18:42.883+0000] {dag.py:4180} INFO - Setting next_dagrun for example_complex to None, run_after=None
[2025-02-02T12:18:42.909+0000] {processor.py:208} INFO - Processing /home/airflow/.local/lib/python3.12/site-packages/airflow/example_dags/example_complex.py took 0.114 seconds
[2025-02-02T12:19:14.353+0000] {processor.py:186} INFO - Started process (PID=379) to work on /home/airflow/.local/lib/python3.12/site-packages/airflow/example_dags/example_complex.py
[2025-02-02T12:19:14.355+0000] {processor.py:914} INFO - Processing file /home/airflow/.local/lib/python3.12/site-packages/airflow/example_dags/example_complex.py for tasks to queue
[2025-02-02T12:19:14.357+0000] {logging_mixin.py:190} INFO - [2025-02-02T12:19:14.357+0000] {dagbag.py:588} INFO - Filling up the DagBag from /home/airflow/.local/lib/python3.12/site-packages/airflow/example_dags/example_complex.py
[2025-02-02T12:19:14.369+0000] {processor.py:925} INFO - DAG(s) 'example_complex' retrieved from /home/airflow/.local/lib/python3.12/site-packages/airflow/example_dags/example_complex.py
[2025-02-02T12:19:14.401+0000] {logging_mixin.py:190} INFO - [2025-02-02T12:19:14.401+0000] {dag.py:3239} INFO - Sync 1 DAGs
[2025-02-02T12:19:14.415+0000] {logging_mixin.py:190} INFO - [2025-02-02T12:19:14.415+0000] {dag.py:4180} INFO - Setting next_dagrun for example_complex to None, run_after=None
[2025-02-02T12:19:14.438+0000] {processor.py:208} INFO - Processing /home/airflow/.local/lib/python3.12/site-packages/airflow/example_dags/example_complex.py took 0.091 seconds
[2025-02-02T12:19:46.133+0000] {processor.py:186} INFO - Started process (PID=442) to work on /home/airflow/.local/lib/python3.12/site-packages/airflow/example_dags/example_complex.py
[2025-02-02T12:19:46.134+0000] {processor.py:914} INFO - Processing file /home/airflow/.local/lib/python3.12/site-packages/airflow/example_dags/example_complex.py for tasks to queue
[2025-02-02T12:19:46.139+0000] {logging_mixin.py:190} INFO - [2025-02-02T12:19:46.138+0000] {dagbag.py:588} INFO - Filling up the DagBag from /home/airflow/.local/lib/python3.12/site-packages/airflow/example_dags/example_complex.py
[2025-02-02T12:19:46.156+0000] {processor.py:925} INFO - DAG(s) 'example_complex' retrieved from /home/airflow/.local/lib/python3.12/site-packages/airflow/example_dags/example_complex.py
[2025-02-02T12:19:46.197+0000] {logging_mixin.py:190} INFO - [2025-02-02T12:19:46.196+0000] {dag.py:3239} INFO - Sync 1 DAGs
[2025-02-02T12:19:46.215+0000] {logging_mixin.py:190} INFO - [2025-02-02T12:19:46.215+0000] {dag.py:4180} INFO - Setting next_dagrun for example_complex to None, run_after=None
[2025-02-02T12:19:46.240+0000] {processor.py:208} INFO - Processing /home/airflow/.local/lib/python3.12/site-packages/airflow/example_dags/example_complex.py took 0.114 seconds
[2025-02-02T12:20:17.874+0000] {processor.py:186} INFO - Started process (PID=505) to work on /home/airflow/.local/lib/python3.12/site-packages/airflow/example_dags/example_complex.py
[2025-02-02T12:20:17.876+0000] {processor.py:914} INFO - Processing file /home/airflow/.local/lib/python3.12/site-packages/airflow/example_dags/example_complex.py for tasks to queue
[2025-02-02T12:20:17.880+0000] {logging_mixin.py:190} INFO - [2025-02-02T12:20:17.880+0000] {dagbag.py:588} INFO - Filling up the DagBag from /home/airflow/.local/lib/python3.12/site-packages/airflow/example_dags/example_complex.py
[2025-02-02T12:20:17.900+0000] {processor.py:925} INFO - DAG(s) 'example_complex' retrieved from /home/airflow/.local/lib/python3.12/site-packages/airflow/example_dags/example_complex.py
[2025-02-02T12:20:17.952+0000] {logging_mixin.py:190} INFO - [2025-02-02T12:20:17.951+0000] {dag.py:3239} INFO - Sync 1 DAGs
[2025-02-02T12:20:17.975+0000] {logging_mixin.py:190} INFO - [2025-02-02T12:20:17.975+0000] {dag.py:4180} INFO - Setting next_dagrun for example_complex to None, run_after=None
[2025-02-02T12:20:18.006+0000] {processor.py:208} INFO - Processing /home/airflow/.local/lib/python3.12/site-packages/airflow/example_dags/example_complex.py took 0.143 seconds
[2025-02-02T16:18:51.470+0000] {processor.py:186} INFO - Started process (PID=58) to work on /home/airflow/.local/lib/python3.12/site-packages/airflow/example_dags/example_complex.py
[2025-02-02T16:18:51.471+0000] {processor.py:914} INFO - Processing file /home/airflow/.local/lib/python3.12/site-packages/airflow/example_dags/example_complex.py for tasks to queue
[2025-02-02T16:18:51.474+0000] {logging_mixin.py:190} INFO - [2025-02-02T16:18:51.473+0000] {dagbag.py:588} INFO - Filling up the DagBag from /home/airflow/.local/lib/python3.12/site-packages/airflow/example_dags/example_complex.py
[2025-02-02T16:18:51.485+0000] {processor.py:925} INFO - DAG(s) 'example_complex' retrieved from /home/airflow/.local/lib/python3.12/site-packages/airflow/example_dags/example_complex.py
[2025-02-02T16:18:51.524+0000] {logging_mixin.py:190} INFO - [2025-02-02T16:18:51.523+0000] {dag.py:3239} INFO - Sync 1 DAGs
[2025-02-02T16:18:51.538+0000] {logging_mixin.py:190} INFO - [2025-02-02T16:18:51.538+0000] {dag.py:4180} INFO - Setting next_dagrun for example_complex to None, run_after=None
[2025-02-02T16:18:51.565+0000] {processor.py:208} INFO - Processing /home/airflow/.local/lib/python3.12/site-packages/airflow/example_dags/example_complex.py took 0.100 seconds
[2025-02-02T16:19:22.874+0000] {processor.py:186} INFO - Started process (PID=121) to work on /home/airflow/.local/lib/python3.12/site-packages/airflow/example_dags/example_complex.py
[2025-02-02T16:19:22.875+0000] {processor.py:914} INFO - Processing file /home/airflow/.local/lib/python3.12/site-packages/airflow/example_dags/example_complex.py for tasks to queue
[2025-02-02T16:19:22.877+0000] {logging_mixin.py:190} INFO - [2025-02-02T16:19:22.877+0000] {dagbag.py:588} INFO - Filling up the DagBag from /home/airflow/.local/lib/python3.12/site-packages/airflow/example_dags/example_complex.py
[2025-02-02T16:19:22.890+0000] {processor.py:925} INFO - DAG(s) 'example_complex' retrieved from /home/airflow/.local/lib/python3.12/site-packages/airflow/example_dags/example_complex.py
[2025-02-02T16:19:22.921+0000] {logging_mixin.py:190} INFO - [2025-02-02T16:19:22.920+0000] {dag.py:3239} INFO - Sync 1 DAGs
[2025-02-02T16:19:22.935+0000] {logging_mixin.py:190} INFO - [2025-02-02T16:19:22.934+0000] {dag.py:4180} INFO - Setting next_dagrun for example_complex to None, run_after=None
[2025-02-02T16:19:22.958+0000] {processor.py:208} INFO - Processing /home/airflow/.local/lib/python3.12/site-packages/airflow/example_dags/example_complex.py took 0.090 seconds
[2025-02-02T16:19:54.135+0000] {processor.py:186} INFO - Started process (PID=184) to work on /home/airflow/.local/lib/python3.12/site-packages/airflow/example_dags/example_complex.py
[2025-02-02T16:19:54.136+0000] {processor.py:914} INFO - Processing file /home/airflow/.local/lib/python3.12/site-packages/airflow/example_dags/example_complex.py for tasks to queue
[2025-02-02T16:19:54.139+0000] {logging_mixin.py:190} INFO - [2025-02-02T16:19:54.139+0000] {dagbag.py:588} INFO - Filling up the DagBag from /home/airflow/.local/lib/python3.12/site-packages/airflow/example_dags/example_complex.py
[2025-02-02T16:19:54.155+0000] {processor.py:925} INFO - DAG(s) 'example_complex' retrieved from /home/airflow/.local/lib/python3.12/site-packages/airflow/example_dags/example_complex.py
[2025-02-02T16:19:54.197+0000] {logging_mixin.py:190} INFO - [2025-02-02T16:19:54.196+0000] {dag.py:3239} INFO - Sync 1 DAGs
[2025-02-02T16:19:54.213+0000] {logging_mixin.py:190} INFO - [2025-02-02T16:19:54.212+0000] {dag.py:4180} INFO - Setting next_dagrun for example_complex to None, run_after=None
[2025-02-02T16:19:54.235+0000] {processor.py:208} INFO - Processing /home/airflow/.local/lib/python3.12/site-packages/airflow/example_dags/example_complex.py took 0.107 seconds
[2025-02-02T16:20:25.144+0000] {processor.py:186} INFO - Started process (PID=247) to work on /home/airflow/.local/lib/python3.12/site-packages/airflow/example_dags/example_complex.py
[2025-02-02T16:20:25.145+0000] {processor.py:914} INFO - Processing file /home/airflow/.local/lib/python3.12/site-packages/airflow/example_dags/example_complex.py for tasks to queue
[2025-02-02T16:20:25.148+0000] {logging_mixin.py:190} INFO - [2025-02-02T16:20:25.148+0000] {dagbag.py:588} INFO - Filling up the DagBag from /home/airflow/.local/lib/python3.12/site-packages/airflow/example_dags/example_complex.py
[2025-02-02T16:20:25.161+0000] {processor.py:925} INFO - DAG(s) 'example_complex' retrieved from /home/airflow/.local/lib/python3.12/site-packages/airflow/example_dags/example_complex.py
[2025-02-02T16:20:25.194+0000] {logging_mixin.py:190} INFO - [2025-02-02T16:20:25.194+0000] {dag.py:3239} INFO - Sync 1 DAGs
[2025-02-02T16:20:25.209+0000] {logging_mixin.py:190} INFO - [2025-02-02T16:20:25.209+0000] {dag.py:4180} INFO - Setting next_dagrun for example_complex to None, run_after=None
[2025-02-02T16:20:25.231+0000] {processor.py:208} INFO - Processing /home/airflow/.local/lib/python3.12/site-packages/airflow/example_dags/example_complex.py took 0.094 seconds
[2025-02-02T16:20:56.466+0000] {processor.py:186} INFO - Started process (PID=316) to work on /home/airflow/.local/lib/python3.12/site-packages/airflow/example_dags/example_complex.py
[2025-02-02T16:20:56.467+0000] {processor.py:914} INFO - Processing file /home/airflow/.local/lib/python3.12/site-packages/airflow/example_dags/example_complex.py for tasks to queue
[2025-02-02T16:20:56.469+0000] {logging_mixin.py:190} INFO - [2025-02-02T16:20:56.469+0000] {dagbag.py:588} INFO - Filling up the DagBag from /home/airflow/.local/lib/python3.12/site-packages/airflow/example_dags/example_complex.py
[2025-02-02T16:20:56.481+0000] {processor.py:925} INFO - DAG(s) 'example_complex' retrieved from /home/airflow/.local/lib/python3.12/site-packages/airflow/example_dags/example_complex.py
[2025-02-02T16:20:56.512+0000] {logging_mixin.py:190} INFO - [2025-02-02T16:20:56.512+0000] {dag.py:3239} INFO - Sync 1 DAGs
[2025-02-02T16:20:56.528+0000] {logging_mixin.py:190} INFO - [2025-02-02T16:20:56.528+0000] {dag.py:4180} INFO - Setting next_dagrun for example_complex to None, run_after=None
[2025-02-02T16:20:56.554+0000] {processor.py:208} INFO - Processing /home/airflow/.local/lib/python3.12/site-packages/airflow/example_dags/example_complex.py took 0.094 seconds
[2025-02-02T16:21:27.257+0000] {processor.py:186} INFO - Started process (PID=379) to work on /home/airflow/.local/lib/python3.12/site-packages/airflow/example_dags/example_complex.py
[2025-02-02T16:21:27.258+0000] {processor.py:914} INFO - Processing file /home/airflow/.local/lib/python3.12/site-packages/airflow/example_dags/example_complex.py for tasks to queue
[2025-02-02T16:21:27.261+0000] {logging_mixin.py:190} INFO - [2025-02-02T16:21:27.260+0000] {dagbag.py:588} INFO - Filling up the DagBag from /home/airflow/.local/lib/python3.12/site-packages/airflow/example_dags/example_complex.py
[2025-02-02T16:21:27.272+0000] {processor.py:925} INFO - DAG(s) 'example_complex' retrieved from /home/airflow/.local/lib/python3.12/site-packages/airflow/example_dags/example_complex.py
[2025-02-02T16:21:27.307+0000] {logging_mixin.py:190} INFO - [2025-02-02T16:21:27.306+0000] {dag.py:3239} INFO - Sync 1 DAGs
[2025-02-02T16:21:27.321+0000] {logging_mixin.py:190} INFO - [2025-02-02T16:21:27.320+0000] {dag.py:4180} INFO - Setting next_dagrun for example_complex to None, run_after=None
[2025-02-02T16:21:27.343+0000] {processor.py:208} INFO - Processing /home/airflow/.local/lib/python3.12/site-packages/airflow/example_dags/example_complex.py took 0.091 seconds
[2025-02-02T16:21:57.478+0000] {processor.py:186} INFO - Started process (PID=441) to work on /home/airflow/.local/lib/python3.12/site-packages/airflow/example_dags/example_complex.py
[2025-02-02T16:21:57.479+0000] {processor.py:914} INFO - Processing file /home/airflow/.local/lib/python3.12/site-packages/airflow/example_dags/example_complex.py for tasks to queue
[2025-02-02T16:21:57.481+0000] {logging_mixin.py:190} INFO - [2025-02-02T16:21:57.481+0000] {dagbag.py:588} INFO - Filling up the DagBag from /home/airflow/.local/lib/python3.12/site-packages/airflow/example_dags/example_complex.py
[2025-02-02T16:21:57.492+0000] {processor.py:925} INFO - DAG(s) 'example_complex' retrieved from /home/airflow/.local/lib/python3.12/site-packages/airflow/example_dags/example_complex.py
[2025-02-02T16:21:57.529+0000] {logging_mixin.py:190} INFO - [2025-02-02T16:21:57.529+0000] {dag.py:3239} INFO - Sync 1 DAGs
[2025-02-02T16:21:57.545+0000] {logging_mixin.py:190} INFO - [2025-02-02T16:21:57.545+0000] {dag.py:4180} INFO - Setting next_dagrun for example_complex to None, run_after=None
[2025-02-02T16:21:57.569+0000] {processor.py:208} INFO - Processing /home/airflow/.local/lib/python3.12/site-packages/airflow/example_dags/example_complex.py took 0.097 seconds
[2025-02-02T16:22:27.748+0000] {processor.py:186} INFO - Started process (PID=503) to work on /home/airflow/.local/lib/python3.12/site-packages/airflow/example_dags/example_complex.py
[2025-02-02T16:22:27.750+0000] {processor.py:914} INFO - Processing file /home/airflow/.local/lib/python3.12/site-packages/airflow/example_dags/example_complex.py for tasks to queue
[2025-02-02T16:22:27.752+0000] {logging_mixin.py:190} INFO - [2025-02-02T16:22:27.752+0000] {dagbag.py:588} INFO - Filling up the DagBag from /home/airflow/.local/lib/python3.12/site-packages/airflow/example_dags/example_complex.py
[2025-02-02T16:22:27.763+0000] {processor.py:925} INFO - DAG(s) 'example_complex' retrieved from /home/airflow/.local/lib/python3.12/site-packages/airflow/example_dags/example_complex.py
[2025-02-02T16:22:27.793+0000] {logging_mixin.py:190} INFO - [2025-02-02T16:22:27.792+0000] {dag.py:3239} INFO - Sync 1 DAGs
[2025-02-02T16:22:27.807+0000] {logging_mixin.py:190} INFO - [2025-02-02T16:22:27.807+0000] {dag.py:4180} INFO - Setting next_dagrun for example_complex to None, run_after=None
[2025-02-02T16:22:27.828+0000] {processor.py:208} INFO - Processing /home/airflow/.local/lib/python3.12/site-packages/airflow/example_dags/example_complex.py took 0.086 seconds
[2025-02-02T16:22:57.990+0000] {processor.py:186} INFO - Started process (PID=566) to work on /home/airflow/.local/lib/python3.12/site-packages/airflow/example_dags/example_complex.py
[2025-02-02T16:22:57.992+0000] {processor.py:914} INFO - Processing file /home/airflow/.local/lib/python3.12/site-packages/airflow/example_dags/example_complex.py for tasks to queue
[2025-02-02T16:22:57.996+0000] {logging_mixin.py:190} INFO - [2025-02-02T16:22:57.996+0000] {dagbag.py:588} INFO - Filling up the DagBag from /home/airflow/.local/lib/python3.12/site-packages/airflow/example_dags/example_complex.py
[2025-02-02T16:22:58.016+0000] {processor.py:925} INFO - DAG(s) 'example_complex' retrieved from /home/airflow/.local/lib/python3.12/site-packages/airflow/example_dags/example_complex.py
[2025-02-02T16:22:58.063+0000] {logging_mixin.py:190} INFO - [2025-02-02T16:22:58.063+0000] {dag.py:3239} INFO - Sync 1 DAGs
[2025-02-02T16:22:58.083+0000] {logging_mixin.py:190} INFO - [2025-02-02T16:22:58.082+0000] {dag.py:4180} INFO - Setting next_dagrun for example_complex to None, run_after=None
[2025-02-02T16:22:58.118+0000] {processor.py:208} INFO - Processing /home/airflow/.local/lib/python3.12/site-packages/airflow/example_dags/example_complex.py took 0.136 seconds
[2025-02-02T16:23:28.570+0000] {processor.py:186} INFO - Started process (PID=628) to work on /home/airflow/.local/lib/python3.12/site-packages/airflow/example_dags/example_complex.py
[2025-02-02T16:23:28.571+0000] {processor.py:914} INFO - Processing file /home/airflow/.local/lib/python3.12/site-packages/airflow/example_dags/example_complex.py for tasks to queue
[2025-02-02T16:23:28.574+0000] {logging_mixin.py:190} INFO - [2025-02-02T16:23:28.573+0000] {dagbag.py:588} INFO - Filling up the DagBag from /home/airflow/.local/lib/python3.12/site-packages/airflow/example_dags/example_complex.py
[2025-02-02T16:23:28.586+0000] {processor.py:925} INFO - DAG(s) 'example_complex' retrieved from /home/airflow/.local/lib/python3.12/site-packages/airflow/example_dags/example_complex.py
[2025-02-02T16:23:28.620+0000] {logging_mixin.py:190} INFO - [2025-02-02T16:23:28.619+0000] {dag.py:3239} INFO - Sync 1 DAGs
[2025-02-02T16:23:28.636+0000] {logging_mixin.py:190} INFO - [2025-02-02T16:23:28.636+0000] {dag.py:4180} INFO - Setting next_dagrun for example_complex to None, run_after=None
[2025-02-02T16:23:28.659+0000] {processor.py:208} INFO - Processing /home/airflow/.local/lib/python3.12/site-packages/airflow/example_dags/example_complex.py took 0.095 seconds
[2025-02-02T16:23:59.212+0000] {processor.py:186} INFO - Started process (PID=691) to work on /home/airflow/.local/lib/python3.12/site-packages/airflow/example_dags/example_complex.py
[2025-02-02T16:23:59.213+0000] {processor.py:914} INFO - Processing file /home/airflow/.local/lib/python3.12/site-packages/airflow/example_dags/example_complex.py for tasks to queue
[2025-02-02T16:23:59.216+0000] {logging_mixin.py:190} INFO - [2025-02-02T16:23:59.216+0000] {dagbag.py:588} INFO - Filling up the DagBag from /home/airflow/.local/lib/python3.12/site-packages/airflow/example_dags/example_complex.py
[2025-02-02T16:23:59.231+0000] {processor.py:925} INFO - DAG(s) 'example_complex' retrieved from /home/airflow/.local/lib/python3.12/site-packages/airflow/example_dags/example_complex.py
[2025-02-02T16:23:59.269+0000] {logging_mixin.py:190} INFO - [2025-02-02T16:23:59.269+0000] {dag.py:3239} INFO - Sync 1 DAGs
[2025-02-02T16:23:59.288+0000] {logging_mixin.py:190} INFO - [2025-02-02T16:23:59.288+0000] {dag.py:4180} INFO - Setting next_dagrun for example_complex to None, run_after=None
[2025-02-02T16:23:59.317+0000] {processor.py:208} INFO - Processing /home/airflow/.local/lib/python3.12/site-packages/airflow/example_dags/example_complex.py took 0.113 seconds
[2025-02-02T16:24:30.162+0000] {processor.py:186} INFO - Started process (PID=754) to work on /home/airflow/.local/lib/python3.12/site-packages/airflow/example_dags/example_complex.py
[2025-02-02T16:24:30.164+0000] {processor.py:914} INFO - Processing file /home/airflow/.local/lib/python3.12/site-packages/airflow/example_dags/example_complex.py for tasks to queue
[2025-02-02T16:24:30.167+0000] {logging_mixin.py:190} INFO - [2025-02-02T16:24:30.166+0000] {dagbag.py:588} INFO - Filling up the DagBag from /home/airflow/.local/lib/python3.12/site-packages/airflow/example_dags/example_complex.py
[2025-02-02T16:24:30.179+0000] {processor.py:925} INFO - DAG(s) 'example_complex' retrieved from /home/airflow/.local/lib/python3.12/site-packages/airflow/example_dags/example_complex.py
[2025-02-02T16:24:30.212+0000] {logging_mixin.py:190} INFO - [2025-02-02T16:24:30.212+0000] {dag.py:3239} INFO - Sync 1 DAGs
[2025-02-02T16:24:30.228+0000] {logging_mixin.py:190} INFO - [2025-02-02T16:24:30.227+0000] {dag.py:4180} INFO - Setting next_dagrun for example_complex to None, run_after=None
[2025-02-02T16:24:30.258+0000] {processor.py:208} INFO - Processing /home/airflow/.local/lib/python3.12/site-packages/airflow/example_dags/example_complex.py took 0.103 seconds
[2025-02-02T16:25:00.466+0000] {processor.py:186} INFO - Started process (PID=816) to work on /home/airflow/.local/lib/python3.12/site-packages/airflow/example_dags/example_complex.py
[2025-02-02T16:25:00.467+0000] {processor.py:914} INFO - Processing file /home/airflow/.local/lib/python3.12/site-packages/airflow/example_dags/example_complex.py for tasks to queue
[2025-02-02T16:25:00.470+0000] {logging_mixin.py:190} INFO - [2025-02-02T16:25:00.469+0000] {dagbag.py:588} INFO - Filling up the DagBag from /home/airflow/.local/lib/python3.12/site-packages/airflow/example_dags/example_complex.py
[2025-02-02T16:25:00.480+0000] {processor.py:925} INFO - DAG(s) 'example_complex' retrieved from /home/airflow/.local/lib/python3.12/site-packages/airflow/example_dags/example_complex.py
[2025-02-02T16:25:00.512+0000] {logging_mixin.py:190} INFO - [2025-02-02T16:25:00.512+0000] {dag.py:3239} INFO - Sync 1 DAGs
[2025-02-02T16:25:00.527+0000] {logging_mixin.py:190} INFO - [2025-02-02T16:25:00.527+0000] {dag.py:4180} INFO - Setting next_dagrun for example_complex to None, run_after=None
[2025-02-02T16:25:00.549+0000] {processor.py:208} INFO - Processing /home/airflow/.local/lib/python3.12/site-packages/airflow/example_dags/example_complex.py took 0.088 seconds
[2025-02-02T16:25:30.839+0000] {processor.py:186} INFO - Started process (PID=879) to work on /home/airflow/.local/lib/python3.12/site-packages/airflow/example_dags/example_complex.py
[2025-02-02T16:25:30.841+0000] {processor.py:914} INFO - Processing file /home/airflow/.local/lib/python3.12/site-packages/airflow/example_dags/example_complex.py for tasks to queue
[2025-02-02T16:25:30.843+0000] {logging_mixin.py:190} INFO - [2025-02-02T16:25:30.843+0000] {dagbag.py:588} INFO - Filling up the DagBag from /home/airflow/.local/lib/python3.12/site-packages/airflow/example_dags/example_complex.py
[2025-02-02T16:25:30.859+0000] {processor.py:925} INFO - DAG(s) 'example_complex' retrieved from /home/airflow/.local/lib/python3.12/site-packages/airflow/example_dags/example_complex.py
[2025-02-02T16:25:30.899+0000] {logging_mixin.py:190} INFO - [2025-02-02T16:25:30.899+0000] {dag.py:3239} INFO - Sync 1 DAGs
[2025-02-02T16:25:30.920+0000] {logging_mixin.py:190} INFO - [2025-02-02T16:25:30.919+0000] {dag.py:4180} INFO - Setting next_dagrun for example_complex to None, run_after=None
[2025-02-02T16:25:30.948+0000] {processor.py:208} INFO - Processing /home/airflow/.local/lib/python3.12/site-packages/airflow/example_dags/example_complex.py took 0.116 seconds
