[2025-02-02T12:16:33.888+0000] {processor.py:186} INFO - Started process (PID=59) to work on /home/airflow/.local/lib/python3.12/site-packages/airflow/example_dags/example_display_name.py
[2025-02-02T12:16:33.889+0000] {processor.py:914} INFO - Processing file /home/airflow/.local/lib/python3.12/site-packages/airflow/example_dags/example_display_name.py for tasks to queue
[2025-02-02T12:16:33.892+0000] {logging_mixin.py:190} INFO - [2025-02-02T12:16:33.892+0000] {dagbag.py:588} INFO - Filling up the DagBag from /home/airflow/.local/lib/python3.12/site-packages/airflow/example_dags/example_display_name.py
[2025-02-02T12:16:33.910+0000] {processor.py:925} INFO - DAG(s) 'example_display_name' retrieved from /home/airflow/.local/lib/python3.12/site-packages/airflow/example_dags/example_display_name.py
[2025-02-02T12:16:34.263+0000] {logging_mixin.py:190} INFO - [2025-02-02T12:16:34.262+0000] {override.py:1911} INFO - Created Permission View: can read on DAG:example_display_name
[2025-02-02T12:16:34.279+0000] {logging_mixin.py:190} INFO - [2025-02-02T12:16:34.278+0000] {override.py:1911} INFO - Created Permission View: can edit on DAG:example_display_name
[2025-02-02T12:16:34.290+0000] {logging_mixin.py:190} INFO - [2025-02-02T12:16:34.290+0000] {override.py:1911} INFO - Created Permission View: can delete on DAG:example_display_name
[2025-02-02T12:16:34.302+0000] {logging_mixin.py:190} INFO - [2025-02-02T12:16:34.302+0000] {override.py:1911} INFO - Created Permission View: can read on DAG Run:example_display_name
[2025-02-02T12:16:34.313+0000] {logging_mixin.py:190} INFO - [2025-02-02T12:16:34.312+0000] {override.py:1911} INFO - Created Permission View: menu access on DAG Run:example_display_name
[2025-02-02T12:16:34.324+0000] {logging_mixin.py:190} INFO - [2025-02-02T12:16:34.324+0000] {override.py:1911} INFO - Created Permission View: can create on DAG Run:example_display_name
[2025-02-02T12:16:34.335+0000] {logging_mixin.py:190} INFO - [2025-02-02T12:16:34.334+0000] {override.py:1911} INFO - Created Permission View: can delete on DAG Run:example_display_name
[2025-02-02T12:16:34.335+0000] {logging_mixin.py:190} INFO - [2025-02-02T12:16:34.335+0000] {dag.py:3239} INFO - Sync 1 DAGs
[2025-02-02T12:16:34.348+0000] {logging_mixin.py:190} INFO - [2025-02-02T12:16:34.348+0000] {dag.py:3262} INFO - Creating ORM DAG for example_display_name
[2025-02-02T12:16:34.350+0000] {logging_mixin.py:190} INFO - [2025-02-02T12:16:34.350+0000] {dag.py:4180} INFO - Setting next_dagrun for example_display_name to None, run_after=None
[2025-02-02T12:16:34.373+0000] {processor.py:208} INFO - Processing /home/airflow/.local/lib/python3.12/site-packages/airflow/example_dags/example_display_name.py took 0.492 seconds
[2025-02-02T12:17:04.482+0000] {processor.py:186} INFO - Started process (PID=122) to work on /home/airflow/.local/lib/python3.12/site-packages/airflow/example_dags/example_display_name.py
[2025-02-02T12:17:04.483+0000] {processor.py:914} INFO - Processing file /home/airflow/.local/lib/python3.12/site-packages/airflow/example_dags/example_display_name.py for tasks to queue
[2025-02-02T12:17:04.486+0000] {logging_mixin.py:190} INFO - [2025-02-02T12:17:04.485+0000] {dagbag.py:588} INFO - Filling up the DagBag from /home/airflow/.local/lib/python3.12/site-packages/airflow/example_dags/example_display_name.py
[2025-02-02T12:17:04.493+0000] {processor.py:925} INFO - DAG(s) 'example_display_name' retrieved from /home/airflow/.local/lib/python3.12/site-packages/airflow/example_dags/example_display_name.py
[2025-02-02T12:17:04.515+0000] {logging_mixin.py:190} INFO - [2025-02-02T12:17:04.515+0000] {dag.py:3239} INFO - Sync 1 DAGs
[2025-02-02T12:17:04.530+0000] {logging_mixin.py:190} INFO - [2025-02-02T12:17:04.530+0000] {dag.py:4180} INFO - Setting next_dagrun for example_display_name to None, run_after=None
[2025-02-02T12:17:04.553+0000] {processor.py:208} INFO - Processing /home/airflow/.local/lib/python3.12/site-packages/airflow/example_dags/example_display_name.py took 0.076 seconds
[2025-02-02T12:17:35.214+0000] {processor.py:186} INFO - Started process (PID=185) to work on /home/airflow/.local/lib/python3.12/site-packages/airflow/example_dags/example_display_name.py
[2025-02-02T12:17:35.216+0000] {processor.py:914} INFO - Processing file /home/airflow/.local/lib/python3.12/site-packages/airflow/example_dags/example_display_name.py for tasks to queue
[2025-02-02T12:17:35.221+0000] {logging_mixin.py:190} INFO - [2025-02-02T12:17:35.220+0000] {dagbag.py:588} INFO - Filling up the DagBag from /home/airflow/.local/lib/python3.12/site-packages/airflow/example_dags/example_display_name.py
[2025-02-02T12:17:35.232+0000] {processor.py:925} INFO - DAG(s) 'example_display_name' retrieved from /home/airflow/.local/lib/python3.12/site-packages/airflow/example_dags/example_display_name.py
[2025-02-02T12:17:35.264+0000] {logging_mixin.py:190} INFO - [2025-02-02T12:17:35.263+0000] {dag.py:3239} INFO - Sync 1 DAGs
[2025-02-02T12:17:35.281+0000] {logging_mixin.py:190} INFO - [2025-02-02T12:17:35.281+0000] {dag.py:4180} INFO - Setting next_dagrun for example_display_name to None, run_after=None
[2025-02-02T12:17:35.310+0000] {processor.py:208} INFO - Processing /home/airflow/.local/lib/python3.12/site-packages/airflow/example_dags/example_display_name.py took 0.110 seconds
[2025-02-02T12:18:06.596+0000] {processor.py:186} INFO - Started process (PID=248) to work on /home/airflow/.local/lib/python3.12/site-packages/airflow/example_dags/example_display_name.py
[2025-02-02T12:18:06.597+0000] {processor.py:914} INFO - Processing file /home/airflow/.local/lib/python3.12/site-packages/airflow/example_dags/example_display_name.py for tasks to queue
[2025-02-02T12:18:06.600+0000] {logging_mixin.py:190} INFO - [2025-02-02T12:18:06.599+0000] {dagbag.py:588} INFO - Filling up the DagBag from /home/airflow/.local/lib/python3.12/site-packages/airflow/example_dags/example_display_name.py
[2025-02-02T12:18:06.608+0000] {processor.py:925} INFO - DAG(s) 'example_display_name' retrieved from /home/airflow/.local/lib/python3.12/site-packages/airflow/example_dags/example_display_name.py
[2025-02-02T12:18:06.629+0000] {logging_mixin.py:190} INFO - [2025-02-02T12:18:06.629+0000] {dag.py:3239} INFO - Sync 1 DAGs
[2025-02-02T12:18:06.644+0000] {logging_mixin.py:190} INFO - [2025-02-02T12:18:06.644+0000] {dag.py:4180} INFO - Setting next_dagrun for example_display_name to None, run_after=None
[2025-02-02T12:18:06.665+0000] {processor.py:208} INFO - Processing /home/airflow/.local/lib/python3.12/site-packages/airflow/example_dags/example_display_name.py took 0.075 seconds
[2025-02-02T12:18:37.703+0000] {processor.py:186} INFO - Started process (PID=311) to work on /home/airflow/.local/lib/python3.12/site-packages/airflow/example_dags/example_display_name.py
[2025-02-02T12:18:37.705+0000] {processor.py:914} INFO - Processing file /home/airflow/.local/lib/python3.12/site-packages/airflow/example_dags/example_display_name.py for tasks to queue
[2025-02-02T12:18:37.707+0000] {logging_mixin.py:190} INFO - [2025-02-02T12:18:37.707+0000] {dagbag.py:588} INFO - Filling up the DagBag from /home/airflow/.local/lib/python3.12/site-packages/airflow/example_dags/example_display_name.py
[2025-02-02T12:18:37.715+0000] {processor.py:925} INFO - DAG(s) 'example_display_name' retrieved from /home/airflow/.local/lib/python3.12/site-packages/airflow/example_dags/example_display_name.py
[2025-02-02T12:18:37.734+0000] {logging_mixin.py:190} INFO - [2025-02-02T12:18:37.734+0000] {dag.py:3239} INFO - Sync 1 DAGs
[2025-02-02T12:18:37.749+0000] {logging_mixin.py:190} INFO - [2025-02-02T12:18:37.748+0000] {dag.py:4180} INFO - Setting next_dagrun for example_display_name to None, run_after=None
[2025-02-02T12:18:37.772+0000] {processor.py:208} INFO - Processing /home/airflow/.local/lib/python3.12/site-packages/airflow/example_dags/example_display_name.py took 0.075 seconds
[2025-02-02T12:19:09.278+0000] {processor.py:186} INFO - Started process (PID=374) to work on /home/airflow/.local/lib/python3.12/site-packages/airflow/example_dags/example_display_name.py
[2025-02-02T12:19:09.280+0000] {processor.py:914} INFO - Processing file /home/airflow/.local/lib/python3.12/site-packages/airflow/example_dags/example_display_name.py for tasks to queue
[2025-02-02T12:19:09.283+0000] {logging_mixin.py:190} INFO - [2025-02-02T12:19:09.282+0000] {dagbag.py:588} INFO - Filling up the DagBag from /home/airflow/.local/lib/python3.12/site-packages/airflow/example_dags/example_display_name.py
[2025-02-02T12:19:09.290+0000] {processor.py:925} INFO - DAG(s) 'example_display_name' retrieved from /home/airflow/.local/lib/python3.12/site-packages/airflow/example_dags/example_display_name.py
[2025-02-02T12:19:09.311+0000] {logging_mixin.py:190} INFO - [2025-02-02T12:19:09.311+0000] {dag.py:3239} INFO - Sync 1 DAGs
[2025-02-02T12:19:09.325+0000] {logging_mixin.py:190} INFO - [2025-02-02T12:19:09.325+0000] {dag.py:4180} INFO - Setting next_dagrun for example_display_name to None, run_after=None
[2025-02-02T12:19:09.348+0000] {processor.py:208} INFO - Processing /home/airflow/.local/lib/python3.12/site-packages/airflow/example_dags/example_display_name.py took 0.075 seconds
[2025-02-02T12:19:41.519+0000] {processor.py:186} INFO - Started process (PID=437) to work on /home/airflow/.local/lib/python3.12/site-packages/airflow/example_dags/example_display_name.py
[2025-02-02T12:19:41.521+0000] {processor.py:914} INFO - Processing file /home/airflow/.local/lib/python3.12/site-packages/airflow/example_dags/example_display_name.py for tasks to queue
[2025-02-02T12:19:41.525+0000] {logging_mixin.py:190} INFO - [2025-02-02T12:19:41.525+0000] {dagbag.py:588} INFO - Filling up the DagBag from /home/airflow/.local/lib/python3.12/site-packages/airflow/example_dags/example_display_name.py
[2025-02-02T12:19:41.540+0000] {processor.py:925} INFO - DAG(s) 'example_display_name' retrieved from /home/airflow/.local/lib/python3.12/site-packages/airflow/example_dags/example_display_name.py
[2025-02-02T12:19:41.577+0000] {logging_mixin.py:190} INFO - [2025-02-02T12:19:41.576+0000] {dag.py:3239} INFO - Sync 1 DAGs
[2025-02-02T12:19:41.608+0000] {logging_mixin.py:190} INFO - [2025-02-02T12:19:41.608+0000] {dag.py:4180} INFO - Setting next_dagrun for example_display_name to None, run_after=None
[2025-02-02T12:19:41.650+0000] {processor.py:208} INFO - Processing /home/airflow/.local/lib/python3.12/site-packages/airflow/example_dags/example_display_name.py took 0.143 seconds
[2025-02-02T12:20:13.265+0000] {processor.py:186} INFO - Started process (PID=500) to work on /home/airflow/.local/lib/python3.12/site-packages/airflow/example_dags/example_display_name.py
[2025-02-02T12:20:13.267+0000] {processor.py:914} INFO - Processing file /home/airflow/.local/lib/python3.12/site-packages/airflow/example_dags/example_display_name.py for tasks to queue
[2025-02-02T12:20:13.270+0000] {logging_mixin.py:190} INFO - [2025-02-02T12:20:13.270+0000] {dagbag.py:588} INFO - Filling up the DagBag from /home/airflow/.local/lib/python3.12/site-packages/airflow/example_dags/example_display_name.py
[2025-02-02T12:20:13.281+0000] {processor.py:925} INFO - DAG(s) 'example_display_name' retrieved from /home/airflow/.local/lib/python3.12/site-packages/airflow/example_dags/example_display_name.py
[2025-02-02T12:20:13.309+0000] {logging_mixin.py:190} INFO - [2025-02-02T12:20:13.309+0000] {dag.py:3239} INFO - Sync 1 DAGs
[2025-02-02T12:20:13.329+0000] {logging_mixin.py:190} INFO - [2025-02-02T12:20:13.329+0000] {dag.py:4180} INFO - Setting next_dagrun for example_display_name to None, run_after=None
[2025-02-02T12:20:13.359+0000] {processor.py:208} INFO - Processing /home/airflow/.local/lib/python3.12/site-packages/airflow/example_dags/example_display_name.py took 0.102 seconds
[2025-02-02T16:18:50.401+0000] {processor.py:186} INFO - Started process (PID=53) to work on /home/airflow/.local/lib/python3.12/site-packages/airflow/example_dags/example_display_name.py
[2025-02-02T16:18:50.402+0000] {processor.py:914} INFO - Processing file /home/airflow/.local/lib/python3.12/site-packages/airflow/example_dags/example_display_name.py for tasks to queue
[2025-02-02T16:18:50.405+0000] {logging_mixin.py:190} INFO - [2025-02-02T16:18:50.404+0000] {dagbag.py:588} INFO - Filling up the DagBag from /home/airflow/.local/lib/python3.12/site-packages/airflow/example_dags/example_display_name.py
[2025-02-02T16:18:50.414+0000] {processor.py:925} INFO - DAG(s) 'example_display_name' retrieved from /home/airflow/.local/lib/python3.12/site-packages/airflow/example_dags/example_display_name.py
[2025-02-02T16:18:50.441+0000] {logging_mixin.py:190} INFO - [2025-02-02T16:18:50.441+0000] {dag.py:3239} INFO - Sync 1 DAGs
[2025-02-02T16:18:50.454+0000] {logging_mixin.py:190} INFO - [2025-02-02T16:18:50.454+0000] {dag.py:4180} INFO - Setting next_dagrun for example_display_name to None, run_after=None
[2025-02-02T16:18:50.473+0000] {processor.py:208} INFO - Processing /home/airflow/.local/lib/python3.12/site-packages/airflow/example_dags/example_display_name.py took 0.078 seconds
[2025-02-02T16:19:20.838+0000] {processor.py:186} INFO - Started process (PID=116) to work on /home/airflow/.local/lib/python3.12/site-packages/airflow/example_dags/example_display_name.py
[2025-02-02T16:19:20.839+0000] {processor.py:914} INFO - Processing file /home/airflow/.local/lib/python3.12/site-packages/airflow/example_dags/example_display_name.py for tasks to queue
[2025-02-02T16:19:20.841+0000] {logging_mixin.py:190} INFO - [2025-02-02T16:19:20.841+0000] {dagbag.py:588} INFO - Filling up the DagBag from /home/airflow/.local/lib/python3.12/site-packages/airflow/example_dags/example_display_name.py
[2025-02-02T16:19:20.848+0000] {processor.py:925} INFO - DAG(s) 'example_display_name' retrieved from /home/airflow/.local/lib/python3.12/site-packages/airflow/example_dags/example_display_name.py
[2025-02-02T16:19:20.866+0000] {logging_mixin.py:190} INFO - [2025-02-02T16:19:20.866+0000] {dag.py:3239} INFO - Sync 1 DAGs
[2025-02-02T16:19:20.880+0000] {logging_mixin.py:190} INFO - [2025-02-02T16:19:20.879+0000] {dag.py:4180} INFO - Setting next_dagrun for example_display_name to None, run_after=None
[2025-02-02T16:19:20.900+0000] {processor.py:208} INFO - Processing /home/airflow/.local/lib/python3.12/site-packages/airflow/example_dags/example_display_name.py took 0.067 seconds
[2025-02-02T16:19:51.896+0000] {processor.py:186} INFO - Started process (PID=179) to work on /home/airflow/.local/lib/python3.12/site-packages/airflow/example_dags/example_display_name.py
[2025-02-02T16:19:51.898+0000] {processor.py:914} INFO - Processing file /home/airflow/.local/lib/python3.12/site-packages/airflow/example_dags/example_display_name.py for tasks to queue
[2025-02-02T16:19:51.901+0000] {logging_mixin.py:190} INFO - [2025-02-02T16:19:51.900+0000] {dagbag.py:588} INFO - Filling up the DagBag from /home/airflow/.local/lib/python3.12/site-packages/airflow/example_dags/example_display_name.py
[2025-02-02T16:19:51.909+0000] {processor.py:925} INFO - DAG(s) 'example_display_name' retrieved from /home/airflow/.local/lib/python3.12/site-packages/airflow/example_dags/example_display_name.py
[2025-02-02T16:19:51.931+0000] {logging_mixin.py:190} INFO - [2025-02-02T16:19:51.931+0000] {dag.py:3239} INFO - Sync 1 DAGs
[2025-02-02T16:19:51.946+0000] {logging_mixin.py:190} INFO - [2025-02-02T16:19:51.945+0000] {dag.py:4180} INFO - Setting next_dagrun for example_display_name to None, run_after=None
[2025-02-02T16:19:51.970+0000] {processor.py:208} INFO - Processing /home/airflow/.local/lib/python3.12/site-packages/airflow/example_dags/example_display_name.py took 0.079 seconds
[2025-02-02T16:20:22.446+0000] {processor.py:186} INFO - Started process (PID=241) to work on /home/airflow/.local/lib/python3.12/site-packages/airflow/example_dags/example_display_name.py
[2025-02-02T16:20:22.447+0000] {processor.py:914} INFO - Processing file /home/airflow/.local/lib/python3.12/site-packages/airflow/example_dags/example_display_name.py for tasks to queue
[2025-02-02T16:20:22.449+0000] {logging_mixin.py:190} INFO - [2025-02-02T16:20:22.449+0000] {dagbag.py:588} INFO - Filling up the DagBag from /home/airflow/.local/lib/python3.12/site-packages/airflow/example_dags/example_display_name.py
[2025-02-02T16:20:22.456+0000] {processor.py:925} INFO - DAG(s) 'example_display_name' retrieved from /home/airflow/.local/lib/python3.12/site-packages/airflow/example_dags/example_display_name.py
[2025-02-02T16:20:22.476+0000] {logging_mixin.py:190} INFO - [2025-02-02T16:20:22.475+0000] {dag.py:3239} INFO - Sync 1 DAGs
[2025-02-02T16:20:22.491+0000] {logging_mixin.py:190} INFO - [2025-02-02T16:20:22.490+0000] {dag.py:4180} INFO - Setting next_dagrun for example_display_name to None, run_after=None
[2025-02-02T16:20:22.514+0000] {processor.py:208} INFO - Processing /home/airflow/.local/lib/python3.12/site-packages/airflow/example_dags/example_display_name.py took 0.073 seconds
[2025-02-02T16:20:52.712+0000] {processor.py:186} INFO - Started process (PID=304) to work on /home/airflow/.local/lib/python3.12/site-packages/airflow/example_dags/example_display_name.py
[2025-02-02T16:20:52.713+0000] {processor.py:914} INFO - Processing file /home/airflow/.local/lib/python3.12/site-packages/airflow/example_dags/example_display_name.py for tasks to queue
[2025-02-02T16:20:52.716+0000] {logging_mixin.py:190} INFO - [2025-02-02T16:20:52.715+0000] {dagbag.py:588} INFO - Filling up the DagBag from /home/airflow/.local/lib/python3.12/site-packages/airflow/example_dags/example_display_name.py
[2025-02-02T16:20:52.723+0000] {processor.py:925} INFO - DAG(s) 'example_display_name' retrieved from /home/airflow/.local/lib/python3.12/site-packages/airflow/example_dags/example_display_name.py
[2025-02-02T16:20:52.743+0000] {logging_mixin.py:190} INFO - [2025-02-02T16:20:52.743+0000] {dag.py:3239} INFO - Sync 1 DAGs
[2025-02-02T16:20:52.758+0000] {logging_mixin.py:190} INFO - [2025-02-02T16:20:52.757+0000] {dag.py:4180} INFO - Setting next_dagrun for example_display_name to None, run_after=None
[2025-02-02T16:20:52.783+0000] {processor.py:208} INFO - Processing /home/airflow/.local/lib/python3.12/site-packages/airflow/example_dags/example_display_name.py took 0.076 seconds
[2025-02-02T16:21:23.263+0000] {processor.py:186} INFO - Started process (PID=367) to work on /home/airflow/.local/lib/python3.12/site-packages/airflow/example_dags/example_display_name.py
[2025-02-02T16:21:23.264+0000] {processor.py:914} INFO - Processing file /home/airflow/.local/lib/python3.12/site-packages/airflow/example_dags/example_display_name.py for tasks to queue
[2025-02-02T16:21:23.267+0000] {logging_mixin.py:190} INFO - [2025-02-02T16:21:23.267+0000] {dagbag.py:588} INFO - Filling up the DagBag from /home/airflow/.local/lib/python3.12/site-packages/airflow/example_dags/example_display_name.py
[2025-02-02T16:21:23.274+0000] {processor.py:925} INFO - DAG(s) 'example_display_name' retrieved from /home/airflow/.local/lib/python3.12/site-packages/airflow/example_dags/example_display_name.py
[2025-02-02T16:21:23.293+0000] {logging_mixin.py:190} INFO - [2025-02-02T16:21:23.293+0000] {dag.py:3239} INFO - Sync 1 DAGs
[2025-02-02T16:21:23.307+0000] {logging_mixin.py:190} INFO - [2025-02-02T16:21:23.306+0000] {dag.py:4180} INFO - Setting next_dagrun for example_display_name to None, run_after=None
[2025-02-02T16:21:23.328+0000] {processor.py:208} INFO - Processing /home/airflow/.local/lib/python3.12/site-packages/airflow/example_dags/example_display_name.py took 0.070 seconds
[2025-02-02T16:21:53.683+0000] {processor.py:186} INFO - Started process (PID=429) to work on /home/airflow/.local/lib/python3.12/site-packages/airflow/example_dags/example_display_name.py
[2025-02-02T16:21:53.684+0000] {processor.py:914} INFO - Processing file /home/airflow/.local/lib/python3.12/site-packages/airflow/example_dags/example_display_name.py for tasks to queue
[2025-02-02T16:21:53.686+0000] {logging_mixin.py:190} INFO - [2025-02-02T16:21:53.686+0000] {dagbag.py:588} INFO - Filling up the DagBag from /home/airflow/.local/lib/python3.12/site-packages/airflow/example_dags/example_display_name.py
[2025-02-02T16:21:53.693+0000] {processor.py:925} INFO - DAG(s) 'example_display_name' retrieved from /home/airflow/.local/lib/python3.12/site-packages/airflow/example_dags/example_display_name.py
[2025-02-02T16:21:53.716+0000] {logging_mixin.py:190} INFO - [2025-02-02T16:21:53.716+0000] {dag.py:3239} INFO - Sync 1 DAGs
[2025-02-02T16:21:53.734+0000] {logging_mixin.py:190} INFO - [2025-02-02T16:21:53.734+0000] {dag.py:4180} INFO - Setting next_dagrun for example_display_name to None, run_after=None
[2025-02-02T16:21:53.762+0000] {processor.py:208} INFO - Processing /home/airflow/.local/lib/python3.12/site-packages/airflow/example_dags/example_display_name.py took 0.084 seconds
[2025-02-02T16:22:23.857+0000] {processor.py:186} INFO - Started process (PID=491) to work on /home/airflow/.local/lib/python3.12/site-packages/airflow/example_dags/example_display_name.py
[2025-02-02T16:22:23.859+0000] {processor.py:914} INFO - Processing file /home/airflow/.local/lib/python3.12/site-packages/airflow/example_dags/example_display_name.py for tasks to queue
[2025-02-02T16:22:23.861+0000] {logging_mixin.py:190} INFO - [2025-02-02T16:22:23.861+0000] {dagbag.py:588} INFO - Filling up the DagBag from /home/airflow/.local/lib/python3.12/site-packages/airflow/example_dags/example_display_name.py
[2025-02-02T16:22:23.868+0000] {processor.py:925} INFO - DAG(s) 'example_display_name' retrieved from /home/airflow/.local/lib/python3.12/site-packages/airflow/example_dags/example_display_name.py
[2025-02-02T16:22:23.889+0000] {logging_mixin.py:190} INFO - [2025-02-02T16:22:23.889+0000] {dag.py:3239} INFO - Sync 1 DAGs
[2025-02-02T16:22:23.904+0000] {logging_mixin.py:190} INFO - [2025-02-02T16:22:23.904+0000] {dag.py:4180} INFO - Setting next_dagrun for example_display_name to None, run_after=None
[2025-02-02T16:22:23.928+0000] {processor.py:208} INFO - Processing /home/airflow/.local/lib/python3.12/site-packages/airflow/example_dags/example_display_name.py took 0.076 seconds
[2025-02-02T16:22:54.547+0000] {processor.py:186} INFO - Started process (PID=555) to work on /home/airflow/.local/lib/python3.12/site-packages/airflow/example_dags/example_display_name.py
[2025-02-02T16:22:54.549+0000] {processor.py:914} INFO - Processing file /home/airflow/.local/lib/python3.12/site-packages/airflow/example_dags/example_display_name.py for tasks to queue
[2025-02-02T16:22:54.552+0000] {logging_mixin.py:190} INFO - [2025-02-02T16:22:54.551+0000] {dagbag.py:588} INFO - Filling up the DagBag from /home/airflow/.local/lib/python3.12/site-packages/airflow/example_dags/example_display_name.py
[2025-02-02T16:22:54.561+0000] {processor.py:925} INFO - DAG(s) 'example_display_name' retrieved from /home/airflow/.local/lib/python3.12/site-packages/airflow/example_dags/example_display_name.py
[2025-02-02T16:22:54.586+0000] {logging_mixin.py:190} INFO - [2025-02-02T16:22:54.586+0000] {dag.py:3239} INFO - Sync 1 DAGs
[2025-02-02T16:22:54.605+0000] {logging_mixin.py:190} INFO - [2025-02-02T16:22:54.604+0000] {dag.py:4180} INFO - Setting next_dagrun for example_display_name to None, run_after=None
[2025-02-02T16:22:54.634+0000] {processor.py:208} INFO - Processing /home/airflow/.local/lib/python3.12/site-packages/airflow/example_dags/example_display_name.py took 0.093 seconds
[2025-02-02T16:23:25.497+0000] {processor.py:186} INFO - Started process (PID=618) to work on /home/airflow/.local/lib/python3.12/site-packages/airflow/example_dags/example_display_name.py
[2025-02-02T16:23:25.499+0000] {processor.py:914} INFO - Processing file /home/airflow/.local/lib/python3.12/site-packages/airflow/example_dags/example_display_name.py for tasks to queue
[2025-02-02T16:23:25.506+0000] {logging_mixin.py:190} INFO - [2025-02-02T16:23:25.505+0000] {dagbag.py:588} INFO - Filling up the DagBag from /home/airflow/.local/lib/python3.12/site-packages/airflow/example_dags/example_display_name.py
[2025-02-02T16:23:25.532+0000] {processor.py:925} INFO - DAG(s) 'example_display_name' retrieved from /home/airflow/.local/lib/python3.12/site-packages/airflow/example_dags/example_display_name.py
[2025-02-02T16:23:25.571+0000] {logging_mixin.py:190} INFO - [2025-02-02T16:23:25.571+0000] {dag.py:3239} INFO - Sync 1 DAGs
[2025-02-02T16:23:25.595+0000] {logging_mixin.py:190} INFO - [2025-02-02T16:23:25.595+0000] {dag.py:4180} INFO - Setting next_dagrun for example_display_name to None, run_after=None
[2025-02-02T16:23:25.622+0000] {processor.py:208} INFO - Processing /home/airflow/.local/lib/python3.12/site-packages/airflow/example_dags/example_display_name.py took 0.136 seconds
[2025-02-02T16:23:55.939+0000] {processor.py:186} INFO - Started process (PID=681) to work on /home/airflow/.local/lib/python3.12/site-packages/airflow/example_dags/example_display_name.py
[2025-02-02T16:23:55.940+0000] {processor.py:914} INFO - Processing file /home/airflow/.local/lib/python3.12/site-packages/airflow/example_dags/example_display_name.py for tasks to queue
[2025-02-02T16:23:55.942+0000] {logging_mixin.py:190} INFO - [2025-02-02T16:23:55.942+0000] {dagbag.py:588} INFO - Filling up the DagBag from /home/airflow/.local/lib/python3.12/site-packages/airflow/example_dags/example_display_name.py
[2025-02-02T16:23:55.949+0000] {processor.py:925} INFO - DAG(s) 'example_display_name' retrieved from /home/airflow/.local/lib/python3.12/site-packages/airflow/example_dags/example_display_name.py
[2025-02-02T16:23:55.969+0000] {logging_mixin.py:190} INFO - [2025-02-02T16:23:55.968+0000] {dag.py:3239} INFO - Sync 1 DAGs
[2025-02-02T16:23:55.982+0000] {logging_mixin.py:190} INFO - [2025-02-02T16:23:55.982+0000] {dag.py:4180} INFO - Setting next_dagrun for example_display_name to None, run_after=None
[2025-02-02T16:23:56.006+0000] {processor.py:208} INFO - Processing /home/airflow/.local/lib/python3.12/site-packages/airflow/example_dags/example_display_name.py took 0.073 seconds
[2025-02-02T16:24:26.872+0000] {processor.py:186} INFO - Started process (PID=750) to work on /home/airflow/.local/lib/python3.12/site-packages/airflow/example_dags/example_display_name.py
[2025-02-02T16:24:26.873+0000] {processor.py:914} INFO - Processing file /home/airflow/.local/lib/python3.12/site-packages/airflow/example_dags/example_display_name.py for tasks to queue
[2025-02-02T16:24:26.876+0000] {logging_mixin.py:190} INFO - [2025-02-02T16:24:26.875+0000] {dagbag.py:588} INFO - Filling up the DagBag from /home/airflow/.local/lib/python3.12/site-packages/airflow/example_dags/example_display_name.py
[2025-02-02T16:24:26.884+0000] {processor.py:925} INFO - DAG(s) 'example_display_name' retrieved from /home/airflow/.local/lib/python3.12/site-packages/airflow/example_dags/example_display_name.py
[2025-02-02T16:24:26.906+0000] {logging_mixin.py:190} INFO - [2025-02-02T16:24:26.906+0000] {dag.py:3239} INFO - Sync 1 DAGs
[2025-02-02T16:24:26.920+0000] {logging_mixin.py:190} INFO - [2025-02-02T16:24:26.920+0000] {dag.py:4180} INFO - Setting next_dagrun for example_display_name to None, run_after=None
[2025-02-02T16:24:26.945+0000] {processor.py:208} INFO - Processing /home/airflow/.local/lib/python3.12/site-packages/airflow/example_dags/example_display_name.py took 0.079 seconds
[2025-02-02T16:24:57.167+0000] {processor.py:186} INFO - Started process (PID=813) to work on /home/airflow/.local/lib/python3.12/site-packages/airflow/example_dags/example_display_name.py
[2025-02-02T16:24:57.168+0000] {processor.py:914} INFO - Processing file /home/airflow/.local/lib/python3.12/site-packages/airflow/example_dags/example_display_name.py for tasks to queue
[2025-02-02T16:24:57.171+0000] {logging_mixin.py:190} INFO - [2025-02-02T16:24:57.171+0000] {dagbag.py:588} INFO - Filling up the DagBag from /home/airflow/.local/lib/python3.12/site-packages/airflow/example_dags/example_display_name.py
[2025-02-02T16:24:57.180+0000] {processor.py:925} INFO - DAG(s) 'example_display_name' retrieved from /home/airflow/.local/lib/python3.12/site-packages/airflow/example_dags/example_display_name.py
[2025-02-02T16:24:57.203+0000] {logging_mixin.py:190} INFO - [2025-02-02T16:24:57.202+0000] {dag.py:3239} INFO - Sync 1 DAGs
[2025-02-02T16:24:57.218+0000] {logging_mixin.py:190} INFO - [2025-02-02T16:24:57.217+0000] {dag.py:4180} INFO - Setting next_dagrun for example_display_name to None, run_after=None
[2025-02-02T16:24:57.240+0000] {processor.py:208} INFO - Processing /home/airflow/.local/lib/python3.12/site-packages/airflow/example_dags/example_display_name.py took 0.079 seconds
[2025-02-02T16:25:27.520+0000] {processor.py:186} INFO - Started process (PID=876) to work on /home/airflow/.local/lib/python3.12/site-packages/airflow/example_dags/example_display_name.py
[2025-02-02T16:25:27.521+0000] {processor.py:914} INFO - Processing file /home/airflow/.local/lib/python3.12/site-packages/airflow/example_dags/example_display_name.py for tasks to queue
[2025-02-02T16:25:27.524+0000] {logging_mixin.py:190} INFO - [2025-02-02T16:25:27.524+0000] {dagbag.py:588} INFO - Filling up the DagBag from /home/airflow/.local/lib/python3.12/site-packages/airflow/example_dags/example_display_name.py
[2025-02-02T16:25:27.534+0000] {processor.py:925} INFO - DAG(s) 'example_display_name' retrieved from /home/airflow/.local/lib/python3.12/site-packages/airflow/example_dags/example_display_name.py
[2025-02-02T16:25:27.555+0000] {logging_mixin.py:190} INFO - [2025-02-02T16:25:27.555+0000] {dag.py:3239} INFO - Sync 1 DAGs
[2025-02-02T16:25:27.580+0000] {logging_mixin.py:190} INFO - [2025-02-02T16:25:27.579+0000] {dag.py:4180} INFO - Setting next_dagrun for example_display_name to None, run_after=None
[2025-02-02T16:25:27.609+0000] {processor.py:208} INFO - Processing /home/airflow/.local/lib/python3.12/site-packages/airflow/example_dags/example_display_name.py took 0.096 seconds
