[2025-02-02T12:16:42.819+0000] {processor.py:186} INFO - Started process (PID=95) to work on /home/airflow/.local/lib/python3.12/site-packages/airflow/example_dags/example_external_task_marker_dag.py
[2025-02-02T12:16:42.820+0000] {processor.py:914} INFO - Processing file /home/airflow/.local/lib/python3.12/site-packages/airflow/example_dags/example_external_task_marker_dag.py for tasks to queue
[2025-02-02T12:16:42.824+0000] {logging_mixin.py:190} INFO - [2025-02-02T12:16:42.823+0000] {dagbag.py:588} INFO - Filling up the DagBag from /home/airflow/.local/lib/python3.12/site-packages/airflow/example_dags/example_external_task_marker_dag.py
[2025-02-02T12:16:42.835+0000] {processor.py:925} INFO - DAG(s) 'example_external_task_marker_child', 'example_external_task_marker_parent' retrieved from /home/airflow/.local/lib/python3.12/site-packages/airflow/example_dags/example_external_task_marker_dag.py
[2025-02-02T12:16:42.954+0000] {logging_mixin.py:190} INFO - [2025-02-02T12:16:42.953+0000] {override.py:1911} INFO - Created Permission View: can read on DAG:example_external_task_marker_child
[2025-02-02T12:16:42.966+0000] {logging_mixin.py:190} INFO - [2025-02-02T12:16:42.966+0000] {override.py:1911} INFO - Created Permission View: can edit on DAG:example_external_task_marker_child
[2025-02-02T12:16:42.979+0000] {logging_mixin.py:190} INFO - [2025-02-02T12:16:42.979+0000] {override.py:1911} INFO - Created Permission View: can delete on DAG:example_external_task_marker_child
[2025-02-02T12:16:42.993+0000] {logging_mixin.py:190} INFO - [2025-02-02T12:16:42.993+0000] {override.py:1911} INFO - Created Permission View: can read on DAG Run:example_external_task_marker_child
[2025-02-02T12:16:43.002+0000] {logging_mixin.py:190} INFO - [2025-02-02T12:16:43.002+0000] {override.py:1911} INFO - Created Permission View: menu access on DAG Run:example_external_task_marker_child
[2025-02-02T12:16:43.012+0000] {logging_mixin.py:190} INFO - [2025-02-02T12:16:43.011+0000] {override.py:1911} INFO - Created Permission View: can create on DAG Run:example_external_task_marker_child
[2025-02-02T12:16:43.020+0000] {logging_mixin.py:190} INFO - [2025-02-02T12:16:43.020+0000] {override.py:1911} INFO - Created Permission View: can delete on DAG Run:example_external_task_marker_child
[2025-02-02T12:16:43.036+0000] {logging_mixin.py:190} INFO - [2025-02-02T12:16:43.036+0000] {override.py:1911} INFO - Created Permission View: can read on DAG:example_external_task_marker_parent
[2025-02-02T12:16:43.045+0000] {logging_mixin.py:190} INFO - [2025-02-02T12:16:43.045+0000] {override.py:1911} INFO - Created Permission View: can edit on DAG:example_external_task_marker_parent
[2025-02-02T12:16:43.053+0000] {logging_mixin.py:190} INFO - [2025-02-02T12:16:43.053+0000] {override.py:1911} INFO - Created Permission View: can delete on DAG:example_external_task_marker_parent
[2025-02-02T12:16:43.065+0000] {logging_mixin.py:190} INFO - [2025-02-02T12:16:43.065+0000] {override.py:1911} INFO - Created Permission View: can read on DAG Run:example_external_task_marker_parent
[2025-02-02T12:16:43.073+0000] {logging_mixin.py:190} INFO - [2025-02-02T12:16:43.073+0000] {override.py:1911} INFO - Created Permission View: menu access on DAG Run:example_external_task_marker_parent
[2025-02-02T12:16:43.083+0000] {logging_mixin.py:190} INFO - [2025-02-02T12:16:43.082+0000] {override.py:1911} INFO - Created Permission View: can create on DAG Run:example_external_task_marker_parent
[2025-02-02T12:16:43.094+0000] {logging_mixin.py:190} INFO - [2025-02-02T12:16:43.094+0000] {override.py:1911} INFO - Created Permission View: can delete on DAG Run:example_external_task_marker_parent
[2025-02-02T12:16:43.095+0000] {logging_mixin.py:190} INFO - [2025-02-02T12:16:43.094+0000] {dag.py:3239} INFO - Sync 2 DAGs
[2025-02-02T12:16:43.108+0000] {logging_mixin.py:190} INFO - [2025-02-02T12:16:43.108+0000] {dag.py:3262} INFO - Creating ORM DAG for example_external_task_marker_parent
[2025-02-02T12:16:43.109+0000] {logging_mixin.py:190} INFO - [2025-02-02T12:16:43.109+0000] {dag.py:3262} INFO - Creating ORM DAG for example_external_task_marker_child
[2025-02-02T12:16:43.115+0000] {logging_mixin.py:190} INFO - [2025-02-02T12:16:43.115+0000] {dag.py:4180} INFO - Setting next_dagrun for example_external_task_marker_child to None, run_after=None
[2025-02-02T12:16:43.116+0000] {logging_mixin.py:190} INFO - [2025-02-02T12:16:43.116+0000] {dag.py:4180} INFO - Setting next_dagrun for example_external_task_marker_parent to None, run_after=None
[2025-02-02T12:16:43.139+0000] {processor.py:208} INFO - Processing /home/airflow/.local/lib/python3.12/site-packages/airflow/example_dags/example_external_task_marker_dag.py took 0.325 seconds
[2025-02-02T12:17:14.035+0000] {processor.py:186} INFO - Started process (PID=158) to work on /home/airflow/.local/lib/python3.12/site-packages/airflow/example_dags/example_external_task_marker_dag.py
[2025-02-02T12:17:14.036+0000] {processor.py:914} INFO - Processing file /home/airflow/.local/lib/python3.12/site-packages/airflow/example_dags/example_external_task_marker_dag.py for tasks to queue
[2025-02-02T12:17:14.039+0000] {logging_mixin.py:190} INFO - [2025-02-02T12:17:14.039+0000] {dagbag.py:588} INFO - Filling up the DagBag from /home/airflow/.local/lib/python3.12/site-packages/airflow/example_dags/example_external_task_marker_dag.py
[2025-02-02T12:17:14.048+0000] {processor.py:925} INFO - DAG(s) 'example_external_task_marker_parent', 'example_external_task_marker_child' retrieved from /home/airflow/.local/lib/python3.12/site-packages/airflow/example_dags/example_external_task_marker_dag.py
[2025-02-02T12:17:14.072+0000] {logging_mixin.py:190} INFO - [2025-02-02T12:17:14.072+0000] {dag.py:3239} INFO - Sync 2 DAGs
[2025-02-02T12:17:14.088+0000] {logging_mixin.py:190} INFO - [2025-02-02T12:17:14.088+0000] {dag.py:4180} INFO - Setting next_dagrun for example_external_task_marker_child to None, run_after=None
[2025-02-02T12:17:14.094+0000] {logging_mixin.py:190} INFO - [2025-02-02T12:17:14.094+0000] {dag.py:4180} INFO - Setting next_dagrun for example_external_task_marker_parent to None, run_after=None
[2025-02-02T12:17:14.116+0000] {processor.py:208} INFO - Processing /home/airflow/.local/lib/python3.12/site-packages/airflow/example_dags/example_external_task_marker_dag.py took 0.087 seconds
[2025-02-02T12:17:44.257+0000] {processor.py:186} INFO - Started process (PID=221) to work on /home/airflow/.local/lib/python3.12/site-packages/airflow/example_dags/example_external_task_marker_dag.py
[2025-02-02T12:17:44.258+0000] {processor.py:914} INFO - Processing file /home/airflow/.local/lib/python3.12/site-packages/airflow/example_dags/example_external_task_marker_dag.py for tasks to queue
[2025-02-02T12:17:44.260+0000] {logging_mixin.py:190} INFO - [2025-02-02T12:17:44.260+0000] {dagbag.py:588} INFO - Filling up the DagBag from /home/airflow/.local/lib/python3.12/site-packages/airflow/example_dags/example_external_task_marker_dag.py
[2025-02-02T12:17:44.269+0000] {processor.py:925} INFO - DAG(s) 'example_external_task_marker_child', 'example_external_task_marker_parent' retrieved from /home/airflow/.local/lib/python3.12/site-packages/airflow/example_dags/example_external_task_marker_dag.py
[2025-02-02T12:17:44.293+0000] {logging_mixin.py:190} INFO - [2025-02-02T12:17:44.292+0000] {dag.py:3239} INFO - Sync 2 DAGs
[2025-02-02T12:17:44.308+0000] {logging_mixin.py:190} INFO - [2025-02-02T12:17:44.308+0000] {dag.py:4180} INFO - Setting next_dagrun for example_external_task_marker_child to None, run_after=None
[2025-02-02T12:17:44.313+0000] {logging_mixin.py:190} INFO - [2025-02-02T12:17:44.313+0000] {dag.py:4180} INFO - Setting next_dagrun for example_external_task_marker_parent to None, run_after=None
[2025-02-02T12:17:44.335+0000] {processor.py:208} INFO - Processing /home/airflow/.local/lib/python3.12/site-packages/airflow/example_dags/example_external_task_marker_dag.py took 0.085 seconds
[2025-02-02T12:18:14.462+0000] {processor.py:186} INFO - Started process (PID=284) to work on /home/airflow/.local/lib/python3.12/site-packages/airflow/example_dags/example_external_task_marker_dag.py
[2025-02-02T12:18:14.464+0000] {processor.py:914} INFO - Processing file /home/airflow/.local/lib/python3.12/site-packages/airflow/example_dags/example_external_task_marker_dag.py for tasks to queue
[2025-02-02T12:18:14.568+0000] {logging_mixin.py:190} INFO - [2025-02-02T12:18:14.568+0000] {dagbag.py:588} INFO - Filling up the DagBag from /home/airflow/.local/lib/python3.12/site-packages/airflow/example_dags/example_external_task_marker_dag.py
[2025-02-02T12:18:14.577+0000] {processor.py:925} INFO - DAG(s) 'example_external_task_marker_child', 'example_external_task_marker_parent' retrieved from /home/airflow/.local/lib/python3.12/site-packages/airflow/example_dags/example_external_task_marker_dag.py
[2025-02-02T12:18:14.609+0000] {logging_mixin.py:190} INFO - [2025-02-02T12:18:14.609+0000] {dag.py:3239} INFO - Sync 2 DAGs
[2025-02-02T12:18:14.627+0000] {logging_mixin.py:190} INFO - [2025-02-02T12:18:14.627+0000] {dag.py:4180} INFO - Setting next_dagrun for example_external_task_marker_child to None, run_after=None
[2025-02-02T12:18:14.634+0000] {logging_mixin.py:190} INFO - [2025-02-02T12:18:14.633+0000] {dag.py:4180} INFO - Setting next_dagrun for example_external_task_marker_parent to None, run_after=None
[2025-02-02T12:18:14.665+0000] {processor.py:208} INFO - Processing /home/airflow/.local/lib/python3.12/site-packages/airflow/example_dags/example_external_task_marker_dag.py took 0.208 seconds
[2025-02-02T12:18:45.720+0000] {processor.py:186} INFO - Started process (PID=347) to work on /home/airflow/.local/lib/python3.12/site-packages/airflow/example_dags/example_external_task_marker_dag.py
[2025-02-02T12:18:45.721+0000] {processor.py:914} INFO - Processing file /home/airflow/.local/lib/python3.12/site-packages/airflow/example_dags/example_external_task_marker_dag.py for tasks to queue
[2025-02-02T12:18:45.723+0000] {logging_mixin.py:190} INFO - [2025-02-02T12:18:45.723+0000] {dagbag.py:588} INFO - Filling up the DagBag from /home/airflow/.local/lib/python3.12/site-packages/airflow/example_dags/example_external_task_marker_dag.py
[2025-02-02T12:18:45.732+0000] {processor.py:925} INFO - DAG(s) 'example_external_task_marker_child', 'example_external_task_marker_parent' retrieved from /home/airflow/.local/lib/python3.12/site-packages/airflow/example_dags/example_external_task_marker_dag.py
[2025-02-02T12:18:45.757+0000] {logging_mixin.py:190} INFO - [2025-02-02T12:18:45.757+0000] {dag.py:3239} INFO - Sync 2 DAGs
[2025-02-02T12:18:45.775+0000] {logging_mixin.py:190} INFO - [2025-02-02T12:18:45.774+0000] {dag.py:4180} INFO - Setting next_dagrun for example_external_task_marker_child to None, run_after=None
[2025-02-02T12:18:45.780+0000] {logging_mixin.py:190} INFO - [2025-02-02T12:18:45.780+0000] {dag.py:4180} INFO - Setting next_dagrun for example_external_task_marker_parent to None, run_after=None
[2025-02-02T12:18:45.801+0000] {processor.py:208} INFO - Processing /home/airflow/.local/lib/python3.12/site-packages/airflow/example_dags/example_external_task_marker_dag.py took 0.087 seconds
[2025-02-02T12:19:16.584+0000] {processor.py:186} INFO - Started process (PID=410) to work on /home/airflow/.local/lib/python3.12/site-packages/airflow/example_dags/example_external_task_marker_dag.py
[2025-02-02T12:19:16.586+0000] {processor.py:914} INFO - Processing file /home/airflow/.local/lib/python3.12/site-packages/airflow/example_dags/example_external_task_marker_dag.py for tasks to queue
[2025-02-02T12:19:16.588+0000] {logging_mixin.py:190} INFO - [2025-02-02T12:19:16.588+0000] {dagbag.py:588} INFO - Filling up the DagBag from /home/airflow/.local/lib/python3.12/site-packages/airflow/example_dags/example_external_task_marker_dag.py
[2025-02-02T12:19:16.596+0000] {processor.py:925} INFO - DAG(s) 'example_external_task_marker_child', 'example_external_task_marker_parent' retrieved from /home/airflow/.local/lib/python3.12/site-packages/airflow/example_dags/example_external_task_marker_dag.py
[2025-02-02T12:19:16.622+0000] {logging_mixin.py:190} INFO - [2025-02-02T12:19:16.621+0000] {dag.py:3239} INFO - Sync 2 DAGs
[2025-02-02T12:19:16.637+0000] {logging_mixin.py:190} INFO - [2025-02-02T12:19:16.636+0000] {dag.py:4180} INFO - Setting next_dagrun for example_external_task_marker_child to None, run_after=None
[2025-02-02T12:19:16.641+0000] {logging_mixin.py:190} INFO - [2025-02-02T12:19:16.641+0000] {dag.py:4180} INFO - Setting next_dagrun for example_external_task_marker_parent to None, run_after=None
[2025-02-02T12:19:16.661+0000] {processor.py:208} INFO - Processing /home/airflow/.local/lib/python3.12/site-packages/airflow/example_dags/example_external_task_marker_dag.py took 0.083 seconds
[2025-02-02T12:19:48.760+0000] {processor.py:186} INFO - Started process (PID=473) to work on /home/airflow/.local/lib/python3.12/site-packages/airflow/example_dags/example_external_task_marker_dag.py
[2025-02-02T12:19:48.762+0000] {processor.py:914} INFO - Processing file /home/airflow/.local/lib/python3.12/site-packages/airflow/example_dags/example_external_task_marker_dag.py for tasks to queue
[2025-02-02T12:19:48.764+0000] {logging_mixin.py:190} INFO - [2025-02-02T12:19:48.764+0000] {dagbag.py:588} INFO - Filling up the DagBag from /home/airflow/.local/lib/python3.12/site-packages/airflow/example_dags/example_external_task_marker_dag.py
[2025-02-02T12:19:48.774+0000] {processor.py:925} INFO - DAG(s) 'example_external_task_marker_parent', 'example_external_task_marker_child' retrieved from /home/airflow/.local/lib/python3.12/site-packages/airflow/example_dags/example_external_task_marker_dag.py
[2025-02-02T12:19:48.805+0000] {logging_mixin.py:190} INFO - [2025-02-02T12:19:48.805+0000] {dag.py:3239} INFO - Sync 2 DAGs
[2025-02-02T12:19:48.823+0000] {logging_mixin.py:190} INFO - [2025-02-02T12:19:48.822+0000] {dag.py:4180} INFO - Setting next_dagrun for example_external_task_marker_child to None, run_after=None
[2025-02-02T12:19:48.830+0000] {logging_mixin.py:190} INFO - [2025-02-02T12:19:48.829+0000] {dag.py:4180} INFO - Setting next_dagrun for example_external_task_marker_parent to None, run_after=None
[2025-02-02T12:19:48.852+0000] {processor.py:208} INFO - Processing /home/airflow/.local/lib/python3.12/site-packages/airflow/example_dags/example_external_task_marker_dag.py took 0.099 seconds
[2025-02-02T12:20:21.413+0000] {processor.py:186} INFO - Started process (PID=536) to work on /home/airflow/.local/lib/python3.12/site-packages/airflow/example_dags/example_external_task_marker_dag.py
[2025-02-02T12:20:21.415+0000] {processor.py:914} INFO - Processing file /home/airflow/.local/lib/python3.12/site-packages/airflow/example_dags/example_external_task_marker_dag.py for tasks to queue
[2025-02-02T12:20:21.418+0000] {logging_mixin.py:190} INFO - [2025-02-02T12:20:21.418+0000] {dagbag.py:588} INFO - Filling up the DagBag from /home/airflow/.local/lib/python3.12/site-packages/airflow/example_dags/example_external_task_marker_dag.py
[2025-02-02T12:20:21.430+0000] {processor.py:925} INFO - DAG(s) 'example_external_task_marker_parent', 'example_external_task_marker_child' retrieved from /home/airflow/.local/lib/python3.12/site-packages/airflow/example_dags/example_external_task_marker_dag.py
[2025-02-02T12:20:21.466+0000] {logging_mixin.py:190} INFO - [2025-02-02T12:20:21.465+0000] {dag.py:3239} INFO - Sync 2 DAGs
[2025-02-02T12:20:21.487+0000] {logging_mixin.py:190} INFO - [2025-02-02T12:20:21.486+0000] {dag.py:4180} INFO - Setting next_dagrun for example_external_task_marker_child to None, run_after=None
[2025-02-02T12:20:21.492+0000] {logging_mixin.py:190} INFO - [2025-02-02T12:20:21.492+0000] {dag.py:4180} INFO - Setting next_dagrun for example_external_task_marker_parent to None, run_after=None
[2025-02-02T12:20:21.521+0000] {processor.py:208} INFO - Processing /home/airflow/.local/lib/python3.12/site-packages/airflow/example_dags/example_external_task_marker_dag.py took 0.116 seconds
[2025-02-02T16:18:54.173+0000] {processor.py:186} INFO - Started process (PID=89) to work on /home/airflow/.local/lib/python3.12/site-packages/airflow/example_dags/example_external_task_marker_dag.py
[2025-02-02T16:18:54.174+0000] {processor.py:914} INFO - Processing file /home/airflow/.local/lib/python3.12/site-packages/airflow/example_dags/example_external_task_marker_dag.py for tasks to queue
[2025-02-02T16:18:54.177+0000] {logging_mixin.py:190} INFO - [2025-02-02T16:18:54.177+0000] {dagbag.py:588} INFO - Filling up the DagBag from /home/airflow/.local/lib/python3.12/site-packages/airflow/example_dags/example_external_task_marker_dag.py
[2025-02-02T16:18:54.186+0000] {processor.py:925} INFO - DAG(s) 'example_external_task_marker_parent', 'example_external_task_marker_child' retrieved from /home/airflow/.local/lib/python3.12/site-packages/airflow/example_dags/example_external_task_marker_dag.py
[2025-02-02T16:18:54.213+0000] {logging_mixin.py:190} INFO - [2025-02-02T16:18:54.213+0000] {dag.py:3239} INFO - Sync 2 DAGs
[2025-02-02T16:18:54.229+0000] {logging_mixin.py:190} INFO - [2025-02-02T16:18:54.228+0000] {dag.py:4180} INFO - Setting next_dagrun for example_external_task_marker_child to None, run_after=None
[2025-02-02T16:18:54.233+0000] {logging_mixin.py:190} INFO - [2025-02-02T16:18:54.232+0000] {dag.py:4180} INFO - Setting next_dagrun for example_external_task_marker_parent to None, run_after=None
[2025-02-02T16:18:54.256+0000] {processor.py:208} INFO - Processing /home/airflow/.local/lib/python3.12/site-packages/airflow/example_dags/example_external_task_marker_dag.py took 0.089 seconds
[2025-02-02T16:19:25.137+0000] {processor.py:186} INFO - Started process (PID=152) to work on /home/airflow/.local/lib/python3.12/site-packages/airflow/example_dags/example_external_task_marker_dag.py
[2025-02-02T16:19:25.139+0000] {processor.py:914} INFO - Processing file /home/airflow/.local/lib/python3.12/site-packages/airflow/example_dags/example_external_task_marker_dag.py for tasks to queue
[2025-02-02T16:19:25.143+0000] {logging_mixin.py:190} INFO - [2025-02-02T16:19:25.143+0000] {dagbag.py:588} INFO - Filling up the DagBag from /home/airflow/.local/lib/python3.12/site-packages/airflow/example_dags/example_external_task_marker_dag.py
[2025-02-02T16:19:25.158+0000] {processor.py:925} INFO - DAG(s) 'example_external_task_marker_parent', 'example_external_task_marker_child' retrieved from /home/airflow/.local/lib/python3.12/site-packages/airflow/example_dags/example_external_task_marker_dag.py
[2025-02-02T16:19:25.186+0000] {logging_mixin.py:190} INFO - [2025-02-02T16:19:25.186+0000] {dag.py:3239} INFO - Sync 2 DAGs
[2025-02-02T16:19:25.201+0000] {logging_mixin.py:190} INFO - [2025-02-02T16:19:25.201+0000] {dag.py:4180} INFO - Setting next_dagrun for example_external_task_marker_child to None, run_after=None
[2025-02-02T16:19:25.205+0000] {logging_mixin.py:190} INFO - [2025-02-02T16:19:25.205+0000] {dag.py:4180} INFO - Setting next_dagrun for example_external_task_marker_parent to None, run_after=None
[2025-02-02T16:19:25.225+0000] {processor.py:208} INFO - Processing /home/airflow/.local/lib/python3.12/site-packages/airflow/example_dags/example_external_task_marker_dag.py took 0.097 seconds
[2025-02-02T16:19:56.781+0000] {processor.py:186} INFO - Started process (PID=221) to work on /home/airflow/.local/lib/python3.12/site-packages/airflow/example_dags/example_external_task_marker_dag.py
[2025-02-02T16:19:56.783+0000] {processor.py:914} INFO - Processing file /home/airflow/.local/lib/python3.12/site-packages/airflow/example_dags/example_external_task_marker_dag.py for tasks to queue
[2025-02-02T16:19:56.785+0000] {logging_mixin.py:190} INFO - [2025-02-02T16:19:56.785+0000] {dagbag.py:588} INFO - Filling up the DagBag from /home/airflow/.local/lib/python3.12/site-packages/airflow/example_dags/example_external_task_marker_dag.py
[2025-02-02T16:19:56.794+0000] {processor.py:925} INFO - DAG(s) 'example_external_task_marker_parent', 'example_external_task_marker_child' retrieved from /home/airflow/.local/lib/python3.12/site-packages/airflow/example_dags/example_external_task_marker_dag.py
[2025-02-02T16:19:56.819+0000] {logging_mixin.py:190} INFO - [2025-02-02T16:19:56.819+0000] {dag.py:3239} INFO - Sync 2 DAGs
[2025-02-02T16:19:56.833+0000] {logging_mixin.py:190} INFO - [2025-02-02T16:19:56.833+0000] {dag.py:4180} INFO - Setting next_dagrun for example_external_task_marker_child to None, run_after=None
[2025-02-02T16:19:56.839+0000] {logging_mixin.py:190} INFO - [2025-02-02T16:19:56.839+0000] {dag.py:4180} INFO - Setting next_dagrun for example_external_task_marker_parent to None, run_after=None
[2025-02-02T16:19:56.859+0000] {processor.py:208} INFO - Processing /home/airflow/.local/lib/python3.12/site-packages/airflow/example_dags/example_external_task_marker_dag.py took 0.083 seconds
[2025-02-02T16:20:28.068+0000] {processor.py:186} INFO - Started process (PID=284) to work on /home/airflow/.local/lib/python3.12/site-packages/airflow/example_dags/example_external_task_marker_dag.py
[2025-02-02T16:20:28.069+0000] {processor.py:914} INFO - Processing file /home/airflow/.local/lib/python3.12/site-packages/airflow/example_dags/example_external_task_marker_dag.py for tasks to queue
[2025-02-02T16:20:28.072+0000] {logging_mixin.py:190} INFO - [2025-02-02T16:20:28.071+0000] {dagbag.py:588} INFO - Filling up the DagBag from /home/airflow/.local/lib/python3.12/site-packages/airflow/example_dags/example_external_task_marker_dag.py
[2025-02-02T16:20:28.081+0000] {processor.py:925} INFO - DAG(s) 'example_external_task_marker_child', 'example_external_task_marker_parent' retrieved from /home/airflow/.local/lib/python3.12/site-packages/airflow/example_dags/example_external_task_marker_dag.py
[2025-02-02T16:20:28.108+0000] {logging_mixin.py:190} INFO - [2025-02-02T16:20:28.108+0000] {dag.py:3239} INFO - Sync 2 DAGs
[2025-02-02T16:20:28.125+0000] {logging_mixin.py:190} INFO - [2025-02-02T16:20:28.124+0000] {dag.py:4180} INFO - Setting next_dagrun for example_external_task_marker_child to None, run_after=None
[2025-02-02T16:20:28.129+0000] {logging_mixin.py:190} INFO - [2025-02-02T16:20:28.129+0000] {dag.py:4180} INFO - Setting next_dagrun for example_external_task_marker_parent to None, run_after=None
[2025-02-02T16:20:28.151+0000] {processor.py:208} INFO - Processing /home/airflow/.local/lib/python3.12/site-packages/airflow/example_dags/example_external_task_marker_dag.py took 0.089 seconds
[2025-02-02T16:20:58.817+0000] {processor.py:186} INFO - Started process (PID=347) to work on /home/airflow/.local/lib/python3.12/site-packages/airflow/example_dags/example_external_task_marker_dag.py
[2025-02-02T16:20:58.818+0000] {processor.py:914} INFO - Processing file /home/airflow/.local/lib/python3.12/site-packages/airflow/example_dags/example_external_task_marker_dag.py for tasks to queue
[2025-02-02T16:20:58.821+0000] {logging_mixin.py:190} INFO - [2025-02-02T16:20:58.821+0000] {dagbag.py:588} INFO - Filling up the DagBag from /home/airflow/.local/lib/python3.12/site-packages/airflow/example_dags/example_external_task_marker_dag.py
[2025-02-02T16:20:58.829+0000] {processor.py:925} INFO - DAG(s) 'example_external_task_marker_child', 'example_external_task_marker_parent' retrieved from /home/airflow/.local/lib/python3.12/site-packages/airflow/example_dags/example_external_task_marker_dag.py
[2025-02-02T16:20:58.853+0000] {logging_mixin.py:190} INFO - [2025-02-02T16:20:58.852+0000] {dag.py:3239} INFO - Sync 2 DAGs
[2025-02-02T16:20:58.868+0000] {logging_mixin.py:190} INFO - [2025-02-02T16:20:58.868+0000] {dag.py:4180} INFO - Setting next_dagrun for example_external_task_marker_child to None, run_after=None
[2025-02-02T16:20:58.872+0000] {logging_mixin.py:190} INFO - [2025-02-02T16:20:58.872+0000] {dag.py:4180} INFO - Setting next_dagrun for example_external_task_marker_parent to None, run_after=None
[2025-02-02T16:20:58.893+0000] {processor.py:208} INFO - Processing /home/airflow/.local/lib/python3.12/site-packages/airflow/example_dags/example_external_task_marker_dag.py took 0.081 seconds
[2025-02-02T16:21:30.081+0000] {processor.py:186} INFO - Started process (PID=410) to work on /home/airflow/.local/lib/python3.12/site-packages/airflow/example_dags/example_external_task_marker_dag.py
[2025-02-02T16:21:30.082+0000] {processor.py:914} INFO - Processing file /home/airflow/.local/lib/python3.12/site-packages/airflow/example_dags/example_external_task_marker_dag.py for tasks to queue
[2025-02-02T16:21:30.085+0000] {logging_mixin.py:190} INFO - [2025-02-02T16:21:30.085+0000] {dagbag.py:588} INFO - Filling up the DagBag from /home/airflow/.local/lib/python3.12/site-packages/airflow/example_dags/example_external_task_marker_dag.py
[2025-02-02T16:21:30.094+0000] {processor.py:925} INFO - DAG(s) 'example_external_task_marker_child', 'example_external_task_marker_parent' retrieved from /home/airflow/.local/lib/python3.12/site-packages/airflow/example_dags/example_external_task_marker_dag.py
[2025-02-02T16:21:30.119+0000] {logging_mixin.py:190} INFO - [2025-02-02T16:21:30.118+0000] {dag.py:3239} INFO - Sync 2 DAGs
[2025-02-02T16:21:30.133+0000] {logging_mixin.py:190} INFO - [2025-02-02T16:21:30.133+0000] {dag.py:4180} INFO - Setting next_dagrun for example_external_task_marker_child to None, run_after=None
[2025-02-02T16:21:30.137+0000] {logging_mixin.py:190} INFO - [2025-02-02T16:21:30.137+0000] {dag.py:4180} INFO - Setting next_dagrun for example_external_task_marker_parent to None, run_after=None
[2025-02-02T16:21:30.158+0000] {processor.py:208} INFO - Processing /home/airflow/.local/lib/python3.12/site-packages/airflow/example_dags/example_external_task_marker_dag.py took 0.083 seconds
[2025-02-02T16:22:00.449+0000] {processor.py:186} INFO - Started process (PID=473) to work on /home/airflow/.local/lib/python3.12/site-packages/airflow/example_dags/example_external_task_marker_dag.py
[2025-02-02T16:22:00.450+0000] {processor.py:914} INFO - Processing file /home/airflow/.local/lib/python3.12/site-packages/airflow/example_dags/example_external_task_marker_dag.py for tasks to queue
[2025-02-02T16:22:00.452+0000] {logging_mixin.py:190} INFO - [2025-02-02T16:22:00.452+0000] {dagbag.py:588} INFO - Filling up the DagBag from /home/airflow/.local/lib/python3.12/site-packages/airflow/example_dags/example_external_task_marker_dag.py
[2025-02-02T16:22:00.460+0000] {processor.py:925} INFO - DAG(s) 'example_external_task_marker_parent', 'example_external_task_marker_child' retrieved from /home/airflow/.local/lib/python3.12/site-packages/airflow/example_dags/example_external_task_marker_dag.py
[2025-02-02T16:22:00.486+0000] {logging_mixin.py:190} INFO - [2025-02-02T16:22:00.485+0000] {dag.py:3239} INFO - Sync 2 DAGs
[2025-02-02T16:22:00.502+0000] {logging_mixin.py:190} INFO - [2025-02-02T16:22:00.501+0000] {dag.py:4180} INFO - Setting next_dagrun for example_external_task_marker_child to None, run_after=None
[2025-02-02T16:22:00.507+0000] {logging_mixin.py:190} INFO - [2025-02-02T16:22:00.507+0000] {dag.py:4180} INFO - Setting next_dagrun for example_external_task_marker_parent to None, run_after=None
[2025-02-02T16:22:00.528+0000] {processor.py:208} INFO - Processing /home/airflow/.local/lib/python3.12/site-packages/airflow/example_dags/example_external_task_marker_dag.py took 0.084 seconds
[2025-02-02T16:22:32.112+0000] {processor.py:186} INFO - Started process (PID=536) to work on /home/airflow/.local/lib/python3.12/site-packages/airflow/example_dags/example_external_task_marker_dag.py
[2025-02-02T16:22:32.113+0000] {processor.py:914} INFO - Processing file /home/airflow/.local/lib/python3.12/site-packages/airflow/example_dags/example_external_task_marker_dag.py for tasks to queue
[2025-02-02T16:22:32.117+0000] {logging_mixin.py:190} INFO - [2025-02-02T16:22:32.116+0000] {dagbag.py:588} INFO - Filling up the DagBag from /home/airflow/.local/lib/python3.12/site-packages/airflow/example_dags/example_external_task_marker_dag.py
[2025-02-02T16:22:32.125+0000] {processor.py:925} INFO - DAG(s) 'example_external_task_marker_parent', 'example_external_task_marker_child' retrieved from /home/airflow/.local/lib/python3.12/site-packages/airflow/example_dags/example_external_task_marker_dag.py
[2025-02-02T16:22:32.151+0000] {logging_mixin.py:190} INFO - [2025-02-02T16:22:32.151+0000] {dag.py:3239} INFO - Sync 2 DAGs
[2025-02-02T16:22:32.167+0000] {logging_mixin.py:190} INFO - [2025-02-02T16:22:32.167+0000] {dag.py:4180} INFO - Setting next_dagrun for example_external_task_marker_child to None, run_after=None
[2025-02-02T16:22:32.172+0000] {logging_mixin.py:190} INFO - [2025-02-02T16:22:32.172+0000] {dag.py:4180} INFO - Setting next_dagrun for example_external_task_marker_parent to None, run_after=None
[2025-02-02T16:22:32.194+0000] {processor.py:208} INFO - Processing /home/airflow/.local/lib/python3.12/site-packages/airflow/example_dags/example_external_task_marker_dag.py took 0.087 seconds
[2025-02-02T16:23:03.192+0000] {processor.py:186} INFO - Started process (PID=599) to work on /home/airflow/.local/lib/python3.12/site-packages/airflow/example_dags/example_external_task_marker_dag.py
[2025-02-02T16:23:03.193+0000] {processor.py:914} INFO - Processing file /home/airflow/.local/lib/python3.12/site-packages/airflow/example_dags/example_external_task_marker_dag.py for tasks to queue
[2025-02-02T16:23:03.196+0000] {logging_mixin.py:190} INFO - [2025-02-02T16:23:03.195+0000] {dagbag.py:588} INFO - Filling up the DagBag from /home/airflow/.local/lib/python3.12/site-packages/airflow/example_dags/example_external_task_marker_dag.py
[2025-02-02T16:23:03.203+0000] {processor.py:925} INFO - DAG(s) 'example_external_task_marker_parent', 'example_external_task_marker_child' retrieved from /home/airflow/.local/lib/python3.12/site-packages/airflow/example_dags/example_external_task_marker_dag.py
[2025-02-02T16:23:03.229+0000] {logging_mixin.py:190} INFO - [2025-02-02T16:23:03.229+0000] {dag.py:3239} INFO - Sync 2 DAGs
[2025-02-02T16:23:03.246+0000] {logging_mixin.py:190} INFO - [2025-02-02T16:23:03.246+0000] {dag.py:4180} INFO - Setting next_dagrun for example_external_task_marker_child to None, run_after=None
[2025-02-02T16:23:03.252+0000] {logging_mixin.py:190} INFO - [2025-02-02T16:23:03.252+0000] {dag.py:4180} INFO - Setting next_dagrun for example_external_task_marker_parent to None, run_after=None
[2025-02-02T16:23:03.272+0000] {processor.py:208} INFO - Processing /home/airflow/.local/lib/python3.12/site-packages/airflow/example_dags/example_external_task_marker_dag.py took 0.086 seconds
[2025-02-02T16:23:34.446+0000] {processor.py:186} INFO - Started process (PID=662) to work on /home/airflow/.local/lib/python3.12/site-packages/airflow/example_dags/example_external_task_marker_dag.py
[2025-02-02T16:23:34.448+0000] {processor.py:914} INFO - Processing file /home/airflow/.local/lib/python3.12/site-packages/airflow/example_dags/example_external_task_marker_dag.py for tasks to queue
[2025-02-02T16:23:34.451+0000] {logging_mixin.py:190} INFO - [2025-02-02T16:23:34.450+0000] {dagbag.py:588} INFO - Filling up the DagBag from /home/airflow/.local/lib/python3.12/site-packages/airflow/example_dags/example_external_task_marker_dag.py
[2025-02-02T16:23:34.459+0000] {processor.py:925} INFO - DAG(s) 'example_external_task_marker_child', 'example_external_task_marker_parent' retrieved from /home/airflow/.local/lib/python3.12/site-packages/airflow/example_dags/example_external_task_marker_dag.py
[2025-02-02T16:23:34.489+0000] {logging_mixin.py:190} INFO - [2025-02-02T16:23:34.489+0000] {dag.py:3239} INFO - Sync 2 DAGs
[2025-02-02T16:23:34.510+0000] {logging_mixin.py:190} INFO - [2025-02-02T16:23:34.509+0000] {dag.py:4180} INFO - Setting next_dagrun for example_external_task_marker_child to None, run_after=None
[2025-02-02T16:23:34.515+0000] {logging_mixin.py:190} INFO - [2025-02-02T16:23:34.515+0000] {dag.py:4180} INFO - Setting next_dagrun for example_external_task_marker_parent to None, run_after=None
[2025-02-02T16:23:34.538+0000] {processor.py:208} INFO - Processing /home/airflow/.local/lib/python3.12/site-packages/airflow/example_dags/example_external_task_marker_dag.py took 0.098 seconds
[2025-02-02T16:24:04.662+0000] {processor.py:186} INFO - Started process (PID=724) to work on /home/airflow/.local/lib/python3.12/site-packages/airflow/example_dags/example_external_task_marker_dag.py
[2025-02-02T16:24:04.664+0000] {processor.py:914} INFO - Processing file /home/airflow/.local/lib/python3.12/site-packages/airflow/example_dags/example_external_task_marker_dag.py for tasks to queue
[2025-02-02T16:24:04.666+0000] {logging_mixin.py:190} INFO - [2025-02-02T16:24:04.666+0000] {dagbag.py:588} INFO - Filling up the DagBag from /home/airflow/.local/lib/python3.12/site-packages/airflow/example_dags/example_external_task_marker_dag.py
[2025-02-02T16:24:04.674+0000] {processor.py:925} INFO - DAG(s) 'example_external_task_marker_child', 'example_external_task_marker_parent' retrieved from /home/airflow/.local/lib/python3.12/site-packages/airflow/example_dags/example_external_task_marker_dag.py
[2025-02-02T16:24:04.696+0000] {logging_mixin.py:190} INFO - [2025-02-02T16:24:04.696+0000] {dag.py:3239} INFO - Sync 2 DAGs
[2025-02-02T16:24:04.715+0000] {logging_mixin.py:190} INFO - [2025-02-02T16:24:04.714+0000] {dag.py:4180} INFO - Setting next_dagrun for example_external_task_marker_child to None, run_after=None
[2025-02-02T16:24:04.719+0000] {logging_mixin.py:190} INFO - [2025-02-02T16:24:04.719+0000] {dag.py:4180} INFO - Setting next_dagrun for example_external_task_marker_parent to None, run_after=None
[2025-02-02T16:24:04.737+0000] {processor.py:208} INFO - Processing /home/airflow/.local/lib/python3.12/site-packages/airflow/example_dags/example_external_task_marker_dag.py took 0.080 seconds
[2025-02-02T16:24:36.902+0000] {processor.py:186} INFO - Started process (PID=787) to work on /home/airflow/.local/lib/python3.12/site-packages/airflow/example_dags/example_external_task_marker_dag.py
[2025-02-02T16:24:36.904+0000] {processor.py:914} INFO - Processing file /home/airflow/.local/lib/python3.12/site-packages/airflow/example_dags/example_external_task_marker_dag.py for tasks to queue
[2025-02-02T16:24:36.906+0000] {logging_mixin.py:190} INFO - [2025-02-02T16:24:36.906+0000] {dagbag.py:588} INFO - Filling up the DagBag from /home/airflow/.local/lib/python3.12/site-packages/airflow/example_dags/example_external_task_marker_dag.py
[2025-02-02T16:24:36.917+0000] {processor.py:925} INFO - DAG(s) 'example_external_task_marker_parent', 'example_external_task_marker_child' retrieved from /home/airflow/.local/lib/python3.12/site-packages/airflow/example_dags/example_external_task_marker_dag.py
[2025-02-02T16:24:36.950+0000] {logging_mixin.py:190} INFO - [2025-02-02T16:24:36.949+0000] {dag.py:3239} INFO - Sync 2 DAGs
[2025-02-02T16:24:36.969+0000] {logging_mixin.py:190} INFO - [2025-02-02T16:24:36.969+0000] {dag.py:4180} INFO - Setting next_dagrun for example_external_task_marker_child to None, run_after=None
[2025-02-02T16:24:36.978+0000] {logging_mixin.py:190} INFO - [2025-02-02T16:24:36.977+0000] {dag.py:4180} INFO - Setting next_dagrun for example_external_task_marker_parent to None, run_after=None
[2025-02-02T16:24:37.022+0000] {processor.py:208} INFO - Processing /home/airflow/.local/lib/python3.12/site-packages/airflow/example_dags/example_external_task_marker_dag.py took 0.132 seconds
[2025-02-02T16:25:07.445+0000] {processor.py:186} INFO - Started process (PID=850) to work on /home/airflow/.local/lib/python3.12/site-packages/airflow/example_dags/example_external_task_marker_dag.py
[2025-02-02T16:25:07.447+0000] {processor.py:914} INFO - Processing file /home/airflow/.local/lib/python3.12/site-packages/airflow/example_dags/example_external_task_marker_dag.py for tasks to queue
[2025-02-02T16:25:07.449+0000] {logging_mixin.py:190} INFO - [2025-02-02T16:25:07.449+0000] {dagbag.py:588} INFO - Filling up the DagBag from /home/airflow/.local/lib/python3.12/site-packages/airflow/example_dags/example_external_task_marker_dag.py
[2025-02-02T16:25:07.457+0000] {processor.py:925} INFO - DAG(s) 'example_external_task_marker_parent', 'example_external_task_marker_child' retrieved from /home/airflow/.local/lib/python3.12/site-packages/airflow/example_dags/example_external_task_marker_dag.py
[2025-02-02T16:25:07.480+0000] {logging_mixin.py:190} INFO - [2025-02-02T16:25:07.480+0000] {dag.py:3239} INFO - Sync 2 DAGs
[2025-02-02T16:25:07.496+0000] {logging_mixin.py:190} INFO - [2025-02-02T16:25:07.495+0000] {dag.py:4180} INFO - Setting next_dagrun for example_external_task_marker_child to None, run_after=None
[2025-02-02T16:25:07.500+0000] {logging_mixin.py:190} INFO - [2025-02-02T16:25:07.500+0000] {dag.py:4180} INFO - Setting next_dagrun for example_external_task_marker_parent to None, run_after=None
[2025-02-02T16:25:07.521+0000] {processor.py:208} INFO - Processing /home/airflow/.local/lib/python3.12/site-packages/airflow/example_dags/example_external_task_marker_dag.py took 0.081 seconds
[2025-02-02T16:25:39.023+0000] {processor.py:186} INFO - Started process (PID=913) to work on /home/airflow/.local/lib/python3.12/site-packages/airflow/example_dags/example_external_task_marker_dag.py
[2025-02-02T16:25:39.025+0000] {processor.py:914} INFO - Processing file /home/airflow/.local/lib/python3.12/site-packages/airflow/example_dags/example_external_task_marker_dag.py for tasks to queue
[2025-02-02T16:25:39.028+0000] {logging_mixin.py:190} INFO - [2025-02-02T16:25:39.027+0000] {dagbag.py:588} INFO - Filling up the DagBag from /home/airflow/.local/lib/python3.12/site-packages/airflow/example_dags/example_external_task_marker_dag.py
[2025-02-02T16:25:39.037+0000] {processor.py:925} INFO - DAG(s) 'example_external_task_marker_parent', 'example_external_task_marker_child' retrieved from /home/airflow/.local/lib/python3.12/site-packages/airflow/example_dags/example_external_task_marker_dag.py
[2025-02-02T16:25:39.079+0000] {logging_mixin.py:190} INFO - [2025-02-02T16:25:39.079+0000] {dag.py:3239} INFO - Sync 2 DAGs
[2025-02-02T16:25:39.099+0000] {logging_mixin.py:190} INFO - [2025-02-02T16:25:39.099+0000] {dag.py:4180} INFO - Setting next_dagrun for example_external_task_marker_child to None, run_after=None
[2025-02-02T16:25:39.104+0000] {logging_mixin.py:190} INFO - [2025-02-02T16:25:39.104+0000] {dag.py:4180} INFO - Setting next_dagrun for example_external_task_marker_parent to None, run_after=None
[2025-02-02T16:25:39.132+0000] {processor.py:208} INFO - Processing /home/airflow/.local/lib/python3.12/site-packages/airflow/example_dags/example_external_task_marker_dag.py took 0.115 seconds
