[2025-02-02T12:16:32.717+0000] {processor.py:186} INFO - Started process (PID=48) to work on /home/airflow/.local/lib/python3.12/site-packages/airflow/example_dags/example_branch_labels.py
[2025-02-02T12:16:32.719+0000] {processor.py:914} INFO - Processing file /home/airflow/.local/lib/python3.12/site-packages/airflow/example_dags/example_branch_labels.py for tasks to queue
[2025-02-02T12:16:32.722+0000] {logging_mixin.py:190} INFO - [2025-02-02T12:16:32.721+0000] {dagbag.py:588} INFO - Filling up the DagBag from /home/airflow/.local/lib/python3.12/site-packages/airflow/example_dags/example_branch_labels.py
[2025-02-02T12:16:32.866+0000] {processor.py:925} INFO - DAG(s) 'example_branch_labels' retrieved from /home/airflow/.local/lib/python3.12/site-packages/airflow/example_dags/example_branch_labels.py
[2025-02-02T12:16:32.978+0000] {logging_mixin.py:190} INFO - [2025-02-02T12:16:32.977+0000] {override.py:1911} INFO - Created Permission View: can read on DAG:example_branch_labels
[2025-02-02T12:16:32.990+0000] {logging_mixin.py:190} INFO - [2025-02-02T12:16:32.990+0000] {override.py:1911} INFO - Created Permission View: can edit on DAG:example_branch_labels
[2025-02-02T12:16:33.000+0000] {logging_mixin.py:190} INFO - [2025-02-02T12:16:32.999+0000] {override.py:1911} INFO - Created Permission View: can delete on DAG:example_branch_labels
[2025-02-02T12:16:33.012+0000] {logging_mixin.py:190} INFO - [2025-02-02T12:16:33.011+0000] {override.py:1911} INFO - Created Permission View: can read on DAG Run:example_branch_labels
[2025-02-02T12:16:33.022+0000] {logging_mixin.py:190} INFO - [2025-02-02T12:16:33.021+0000] {override.py:1911} INFO - Created Permission View: menu access on DAG Run:example_branch_labels
[2025-02-02T12:16:33.032+0000] {logging_mixin.py:190} INFO - [2025-02-02T12:16:33.031+0000] {override.py:1911} INFO - Created Permission View: can create on DAG Run:example_branch_labels
[2025-02-02T12:16:33.043+0000] {logging_mixin.py:190} INFO - [2025-02-02T12:16:33.043+0000] {override.py:1911} INFO - Created Permission View: can delete on DAG Run:example_branch_labels
[2025-02-02T12:16:33.044+0000] {logging_mixin.py:190} INFO - [2025-02-02T12:16:33.044+0000] {dag.py:3239} INFO - Sync 1 DAGs
[2025-02-02T12:16:33.059+0000] {logging_mixin.py:190} INFO - [2025-02-02T12:16:33.059+0000] {dag.py:3262} INFO - Creating ORM DAG for example_branch_labels
[2025-02-02T12:16:33.071+0000] {logging_mixin.py:190} INFO - [2025-02-02T12:16:33.071+0000] {dag.py:4180} INFO - Setting next_dagrun for example_branch_labels to 2025-02-01 00:00:00+00:00, run_after=2025-02-02 00:00:00+00:00
[2025-02-02T12:16:33.092+0000] {processor.py:208} INFO - Processing /home/airflow/.local/lib/python3.12/site-packages/airflow/example_dags/example_branch_labels.py took 0.381 seconds
[2025-02-02T12:17:03.955+0000] {processor.py:186} INFO - Started process (PID=117) to work on /home/airflow/.local/lib/python3.12/site-packages/airflow/example_dags/example_branch_labels.py
[2025-02-02T12:17:03.956+0000] {processor.py:914} INFO - Processing file /home/airflow/.local/lib/python3.12/site-packages/airflow/example_dags/example_branch_labels.py for tasks to queue
[2025-02-02T12:17:03.958+0000] {logging_mixin.py:190} INFO - [2025-02-02T12:17:03.958+0000] {dagbag.py:588} INFO - Filling up the DagBag from /home/airflow/.local/lib/python3.12/site-packages/airflow/example_dags/example_branch_labels.py
[2025-02-02T12:17:03.968+0000] {processor.py:925} INFO - DAG(s) 'example_branch_labels' retrieved from /home/airflow/.local/lib/python3.12/site-packages/airflow/example_dags/example_branch_labels.py
[2025-02-02T12:17:03.998+0000] {logging_mixin.py:190} INFO - [2025-02-02T12:17:03.998+0000] {dag.py:3239} INFO - Sync 1 DAGs
[2025-02-02T12:17:04.024+0000] {logging_mixin.py:190} INFO - [2025-02-02T12:17:04.024+0000] {dag.py:4180} INFO - Setting next_dagrun for example_branch_labels to 2025-02-01 00:00:00+00:00, run_after=2025-02-02 00:00:00+00:00
[2025-02-02T12:17:04.051+0000] {processor.py:208} INFO - Processing /home/airflow/.local/lib/python3.12/site-packages/airflow/example_dags/example_branch_labels.py took 0.101 seconds
[2025-02-02T12:17:34.755+0000] {processor.py:186} INFO - Started process (PID=180) to work on /home/airflow/.local/lib/python3.12/site-packages/airflow/example_dags/example_branch_labels.py
[2025-02-02T12:17:34.756+0000] {processor.py:914} INFO - Processing file /home/airflow/.local/lib/python3.12/site-packages/airflow/example_dags/example_branch_labels.py for tasks to queue
[2025-02-02T12:17:34.759+0000] {logging_mixin.py:190} INFO - [2025-02-02T12:17:34.759+0000] {dagbag.py:588} INFO - Filling up the DagBag from /home/airflow/.local/lib/python3.12/site-packages/airflow/example_dags/example_branch_labels.py
[2025-02-02T12:17:34.770+0000] {processor.py:925} INFO - DAG(s) 'example_branch_labels' retrieved from /home/airflow/.local/lib/python3.12/site-packages/airflow/example_dags/example_branch_labels.py
[2025-02-02T12:17:34.794+0000] {logging_mixin.py:190} INFO - [2025-02-02T12:17:34.794+0000] {dag.py:3239} INFO - Sync 1 DAGs
[2025-02-02T12:17:34.822+0000] {logging_mixin.py:190} INFO - [2025-02-02T12:17:34.822+0000] {dag.py:4180} INFO - Setting next_dagrun for example_branch_labels to 2025-02-01 00:00:00+00:00, run_after=2025-02-02 00:00:00+00:00
[2025-02-02T12:17:34.845+0000] {processor.py:208} INFO - Processing /home/airflow/.local/lib/python3.12/site-packages/airflow/example_dags/example_branch_labels.py took 0.095 seconds
[2025-02-02T12:18:06.081+0000] {processor.py:186} INFO - Started process (PID=243) to work on /home/airflow/.local/lib/python3.12/site-packages/airflow/example_dags/example_branch_labels.py
[2025-02-02T12:18:06.082+0000] {processor.py:914} INFO - Processing file /home/airflow/.local/lib/python3.12/site-packages/airflow/example_dags/example_branch_labels.py for tasks to queue
[2025-02-02T12:18:06.085+0000] {logging_mixin.py:190} INFO - [2025-02-02T12:18:06.084+0000] {dagbag.py:588} INFO - Filling up the DagBag from /home/airflow/.local/lib/python3.12/site-packages/airflow/example_dags/example_branch_labels.py
[2025-02-02T12:18:06.096+0000] {processor.py:925} INFO - DAG(s) 'example_branch_labels' retrieved from /home/airflow/.local/lib/python3.12/site-packages/airflow/example_dags/example_branch_labels.py
[2025-02-02T12:18:06.117+0000] {logging_mixin.py:190} INFO - [2025-02-02T12:18:06.116+0000] {dag.py:3239} INFO - Sync 1 DAGs
[2025-02-02T12:18:06.140+0000] {logging_mixin.py:190} INFO - [2025-02-02T12:18:06.140+0000] {dag.py:4180} INFO - Setting next_dagrun for example_branch_labels to 2025-02-01 00:00:00+00:00, run_after=2025-02-02 00:00:00+00:00
[2025-02-02T12:18:06.162+0000] {processor.py:208} INFO - Processing /home/airflow/.local/lib/python3.12/site-packages/airflow/example_dags/example_branch_labels.py took 0.088 seconds
[2025-02-02T12:18:37.268+0000] {processor.py:186} INFO - Started process (PID=306) to work on /home/airflow/.local/lib/python3.12/site-packages/airflow/example_dags/example_branch_labels.py
[2025-02-02T12:18:37.269+0000] {processor.py:914} INFO - Processing file /home/airflow/.local/lib/python3.12/site-packages/airflow/example_dags/example_branch_labels.py for tasks to queue
[2025-02-02T12:18:37.272+0000] {logging_mixin.py:190} INFO - [2025-02-02T12:18:37.272+0000] {dagbag.py:588} INFO - Filling up the DagBag from /home/airflow/.local/lib/python3.12/site-packages/airflow/example_dags/example_branch_labels.py
[2025-02-02T12:18:37.282+0000] {processor.py:925} INFO - DAG(s) 'example_branch_labels' retrieved from /home/airflow/.local/lib/python3.12/site-packages/airflow/example_dags/example_branch_labels.py
[2025-02-02T12:18:37.305+0000] {logging_mixin.py:190} INFO - [2025-02-02T12:18:37.305+0000] {dag.py:3239} INFO - Sync 1 DAGs
[2025-02-02T12:18:37.330+0000] {logging_mixin.py:190} INFO - [2025-02-02T12:18:37.330+0000] {dag.py:4180} INFO - Setting next_dagrun for example_branch_labels to 2025-02-01 00:00:00+00:00, run_after=2025-02-02 00:00:00+00:00
[2025-02-02T12:18:37.352+0000] {processor.py:208} INFO - Processing /home/airflow/.local/lib/python3.12/site-packages/airflow/example_dags/example_branch_labels.py took 0.090 seconds
[2025-02-02T12:19:08.838+0000] {processor.py:186} INFO - Started process (PID=369) to work on /home/airflow/.local/lib/python3.12/site-packages/airflow/example_dags/example_branch_labels.py
[2025-02-02T12:19:08.839+0000] {processor.py:914} INFO - Processing file /home/airflow/.local/lib/python3.12/site-packages/airflow/example_dags/example_branch_labels.py for tasks to queue
[2025-02-02T12:19:08.842+0000] {logging_mixin.py:190} INFO - [2025-02-02T12:19:08.841+0000] {dagbag.py:588} INFO - Filling up the DagBag from /home/airflow/.local/lib/python3.12/site-packages/airflow/example_dags/example_branch_labels.py
[2025-02-02T12:19:08.852+0000] {processor.py:925} INFO - DAG(s) 'example_branch_labels' retrieved from /home/airflow/.local/lib/python3.12/site-packages/airflow/example_dags/example_branch_labels.py
[2025-02-02T12:19:08.874+0000] {logging_mixin.py:190} INFO - [2025-02-02T12:19:08.874+0000] {dag.py:3239} INFO - Sync 1 DAGs
[2025-02-02T12:19:08.907+0000] {logging_mixin.py:190} INFO - [2025-02-02T12:19:08.907+0000] {dag.py:4180} INFO - Setting next_dagrun for example_branch_labels to 2025-02-01 00:00:00+00:00, run_after=2025-02-02 00:00:00+00:00
[2025-02-02T12:19:08.935+0000] {processor.py:208} INFO - Processing /home/airflow/.local/lib/python3.12/site-packages/airflow/example_dags/example_branch_labels.py took 0.103 seconds
[2025-02-02T12:19:40.665+0000] {processor.py:186} INFO - Started process (PID=432) to work on /home/airflow/.local/lib/python3.12/site-packages/airflow/example_dags/example_branch_labels.py
[2025-02-02T12:19:40.666+0000] {processor.py:914} INFO - Processing file /home/airflow/.local/lib/python3.12/site-packages/airflow/example_dags/example_branch_labels.py for tasks to queue
[2025-02-02T12:19:40.671+0000] {logging_mixin.py:190} INFO - [2025-02-02T12:19:40.670+0000] {dagbag.py:588} INFO - Filling up the DagBag from /home/airflow/.local/lib/python3.12/site-packages/airflow/example_dags/example_branch_labels.py
[2025-02-02T12:19:40.688+0000] {processor.py:925} INFO - DAG(s) 'example_branch_labels' retrieved from /home/airflow/.local/lib/python3.12/site-packages/airflow/example_dags/example_branch_labels.py
[2025-02-02T12:19:40.721+0000] {logging_mixin.py:190} INFO - [2025-02-02T12:19:40.720+0000] {dag.py:3239} INFO - Sync 1 DAGs
[2025-02-02T12:19:40.766+0000] {logging_mixin.py:190} INFO - [2025-02-02T12:19:40.765+0000] {dag.py:4180} INFO - Setting next_dagrun for example_branch_labels to 2025-02-01 00:00:00+00:00, run_after=2025-02-02 00:00:00+00:00
[2025-02-02T12:19:40.800+0000] {processor.py:208} INFO - Processing /home/airflow/.local/lib/python3.12/site-packages/airflow/example_dags/example_branch_labels.py took 0.144 seconds
[2025-02-02T12:20:12.624+0000] {processor.py:186} INFO - Started process (PID=495) to work on /home/airflow/.local/lib/python3.12/site-packages/airflow/example_dags/example_branch_labels.py
[2025-02-02T12:20:12.626+0000] {processor.py:914} INFO - Processing file /home/airflow/.local/lib/python3.12/site-packages/airflow/example_dags/example_branch_labels.py for tasks to queue
[2025-02-02T12:20:12.629+0000] {logging_mixin.py:190} INFO - [2025-02-02T12:20:12.629+0000] {dagbag.py:588} INFO - Filling up the DagBag from /home/airflow/.local/lib/python3.12/site-packages/airflow/example_dags/example_branch_labels.py
[2025-02-02T12:20:12.644+0000] {processor.py:925} INFO - DAG(s) 'example_branch_labels' retrieved from /home/airflow/.local/lib/python3.12/site-packages/airflow/example_dags/example_branch_labels.py
[2025-02-02T12:20:12.675+0000] {logging_mixin.py:190} INFO - [2025-02-02T12:20:12.675+0000] {dag.py:3239} INFO - Sync 1 DAGs
[2025-02-02T12:20:12.714+0000] {logging_mixin.py:190} INFO - [2025-02-02T12:20:12.714+0000] {dag.py:4180} INFO - Setting next_dagrun for example_branch_labels to 2025-02-01 00:00:00+00:00, run_after=2025-02-02 00:00:00+00:00
[2025-02-02T12:20:12.746+0000] {processor.py:208} INFO - Processing /home/airflow/.local/lib/python3.12/site-packages/airflow/example_dags/example_branch_labels.py took 0.130 seconds
[2025-02-02T16:18:49.894+0000] {processor.py:186} INFO - Started process (PID=48) to work on /home/airflow/.local/lib/python3.12/site-packages/airflow/example_dags/example_branch_labels.py
[2025-02-02T16:18:49.895+0000] {processor.py:914} INFO - Processing file /home/airflow/.local/lib/python3.12/site-packages/airflow/example_dags/example_branch_labels.py for tasks to queue
[2025-02-02T16:18:49.898+0000] {logging_mixin.py:190} INFO - [2025-02-02T16:18:49.898+0000] {dagbag.py:588} INFO - Filling up the DagBag from /home/airflow/.local/lib/python3.12/site-packages/airflow/example_dags/example_branch_labels.py
[2025-02-02T16:18:49.910+0000] {processor.py:925} INFO - DAG(s) 'example_branch_labels' retrieved from /home/airflow/.local/lib/python3.12/site-packages/airflow/example_dags/example_branch_labels.py
[2025-02-02T16:18:49.941+0000] {logging_mixin.py:190} INFO - [2025-02-02T16:18:49.941+0000] {dag.py:3239} INFO - Sync 1 DAGs
[2025-02-02T16:18:49.964+0000] {logging_mixin.py:190} INFO - [2025-02-02T16:18:49.964+0000] {dag.py:4180} INFO - Setting next_dagrun for example_branch_labels to 2025-02-01 00:00:00+00:00, run_after=2025-02-02 00:00:00+00:00
[2025-02-02T16:18:49.983+0000] {processor.py:208} INFO - Processing /home/airflow/.local/lib/python3.12/site-packages/airflow/example_dags/example_branch_labels.py took 0.095 seconds
[2025-02-02T16:19:20.118+0000] {processor.py:186} INFO - Started process (PID=110) to work on /home/airflow/.local/lib/python3.12/site-packages/airflow/example_dags/example_branch_labels.py
[2025-02-02T16:19:20.119+0000] {processor.py:914} INFO - Processing file /home/airflow/.local/lib/python3.12/site-packages/airflow/example_dags/example_branch_labels.py for tasks to queue
[2025-02-02T16:19:20.122+0000] {logging_mixin.py:190} INFO - [2025-02-02T16:19:20.121+0000] {dagbag.py:588} INFO - Filling up the DagBag from /home/airflow/.local/lib/python3.12/site-packages/airflow/example_dags/example_branch_labels.py
[2025-02-02T16:19:20.133+0000] {processor.py:925} INFO - DAG(s) 'example_branch_labels' retrieved from /home/airflow/.local/lib/python3.12/site-packages/airflow/example_dags/example_branch_labels.py
[2025-02-02T16:19:20.155+0000] {logging_mixin.py:190} INFO - [2025-02-02T16:19:20.155+0000] {dag.py:3239} INFO - Sync 1 DAGs
[2025-02-02T16:19:20.178+0000] {logging_mixin.py:190} INFO - [2025-02-02T16:19:20.178+0000] {dag.py:4180} INFO - Setting next_dagrun for example_branch_labels to 2025-02-01 00:00:00+00:00, run_after=2025-02-02 00:00:00+00:00
[2025-02-02T16:19:20.204+0000] {processor.py:208} INFO - Processing /home/airflow/.local/lib/python3.12/site-packages/airflow/example_dags/example_branch_labels.py took 0.094 seconds
[2025-02-02T16:19:50.267+0000] {processor.py:186} INFO - Started process (PID=173) to work on /home/airflow/.local/lib/python3.12/site-packages/airflow/example_dags/example_branch_labels.py
[2025-02-02T16:19:50.268+0000] {processor.py:914} INFO - Processing file /home/airflow/.local/lib/python3.12/site-packages/airflow/example_dags/example_branch_labels.py for tasks to queue
[2025-02-02T16:19:50.270+0000] {logging_mixin.py:190} INFO - [2025-02-02T16:19:50.270+0000] {dagbag.py:588} INFO - Filling up the DagBag from /home/airflow/.local/lib/python3.12/site-packages/airflow/example_dags/example_branch_labels.py
[2025-02-02T16:19:50.279+0000] {processor.py:925} INFO - DAG(s) 'example_branch_labels' retrieved from /home/airflow/.local/lib/python3.12/site-packages/airflow/example_dags/example_branch_labels.py
[2025-02-02T16:19:50.302+0000] {logging_mixin.py:190} INFO - [2025-02-02T16:19:50.301+0000] {dag.py:3239} INFO - Sync 1 DAGs
[2025-02-02T16:19:50.327+0000] {logging_mixin.py:190} INFO - [2025-02-02T16:19:50.326+0000] {dag.py:4180} INFO - Setting next_dagrun for example_branch_labels to 2025-02-01 00:00:00+00:00, run_after=2025-02-02 00:00:00+00:00
[2025-02-02T16:19:50.349+0000] {processor.py:208} INFO - Processing /home/airflow/.local/lib/python3.12/site-packages/airflow/example_dags/example_branch_labels.py took 0.088 seconds
[2025-02-02T16:20:20.913+0000] {processor.py:186} INFO - Started process (PID=236) to work on /home/airflow/.local/lib/python3.12/site-packages/airflow/example_dags/example_branch_labels.py
[2025-02-02T16:20:20.914+0000] {processor.py:914} INFO - Processing file /home/airflow/.local/lib/python3.12/site-packages/airflow/example_dags/example_branch_labels.py for tasks to queue
[2025-02-02T16:20:20.916+0000] {logging_mixin.py:190} INFO - [2025-02-02T16:20:20.916+0000] {dagbag.py:588} INFO - Filling up the DagBag from /home/airflow/.local/lib/python3.12/site-packages/airflow/example_dags/example_branch_labels.py
[2025-02-02T16:20:20.925+0000] {processor.py:925} INFO - DAG(s) 'example_branch_labels' retrieved from /home/airflow/.local/lib/python3.12/site-packages/airflow/example_dags/example_branch_labels.py
[2025-02-02T16:20:20.945+0000] {logging_mixin.py:190} INFO - [2025-02-02T16:20:20.945+0000] {dag.py:3239} INFO - Sync 1 DAGs
[2025-02-02T16:20:20.970+0000] {logging_mixin.py:190} INFO - [2025-02-02T16:20:20.970+0000] {dag.py:4180} INFO - Setting next_dagrun for example_branch_labels to 2025-02-01 00:00:00+00:00, run_after=2025-02-02 00:00:00+00:00
[2025-02-02T16:20:20.991+0000] {processor.py:208} INFO - Processing /home/airflow/.local/lib/python3.12/site-packages/airflow/example_dags/example_branch_labels.py took 0.083 seconds
[2025-02-02T16:20:51.111+0000] {processor.py:186} INFO - Started process (PID=298) to work on /home/airflow/.local/lib/python3.12/site-packages/airflow/example_dags/example_branch_labels.py
[2025-02-02T16:20:51.112+0000] {processor.py:914} INFO - Processing file /home/airflow/.local/lib/python3.12/site-packages/airflow/example_dags/example_branch_labels.py for tasks to queue
[2025-02-02T16:20:51.115+0000] {logging_mixin.py:190} INFO - [2025-02-02T16:20:51.114+0000] {dagbag.py:588} INFO - Filling up the DagBag from /home/airflow/.local/lib/python3.12/site-packages/airflow/example_dags/example_branch_labels.py
[2025-02-02T16:20:51.127+0000] {processor.py:925} INFO - DAG(s) 'example_branch_labels' retrieved from /home/airflow/.local/lib/python3.12/site-packages/airflow/example_dags/example_branch_labels.py
[2025-02-02T16:20:51.150+0000] {logging_mixin.py:190} INFO - [2025-02-02T16:20:51.149+0000] {dag.py:3239} INFO - Sync 1 DAGs
[2025-02-02T16:20:51.175+0000] {logging_mixin.py:190} INFO - [2025-02-02T16:20:51.174+0000] {dag.py:4180} INFO - Setting next_dagrun for example_branch_labels to 2025-02-01 00:00:00+00:00, run_after=2025-02-02 00:00:00+00:00
[2025-02-02T16:20:51.199+0000] {processor.py:208} INFO - Processing /home/airflow/.local/lib/python3.12/site-packages/airflow/example_dags/example_branch_labels.py took 0.094 seconds
[2025-02-02T16:21:21.797+0000] {processor.py:186} INFO - Started process (PID=361) to work on /home/airflow/.local/lib/python3.12/site-packages/airflow/example_dags/example_branch_labels.py
[2025-02-02T16:21:21.798+0000] {processor.py:914} INFO - Processing file /home/airflow/.local/lib/python3.12/site-packages/airflow/example_dags/example_branch_labels.py for tasks to queue
[2025-02-02T16:21:21.800+0000] {logging_mixin.py:190} INFO - [2025-02-02T16:21:21.800+0000] {dagbag.py:588} INFO - Filling up the DagBag from /home/airflow/.local/lib/python3.12/site-packages/airflow/example_dags/example_branch_labels.py
[2025-02-02T16:21:21.810+0000] {processor.py:925} INFO - DAG(s) 'example_branch_labels' retrieved from /home/airflow/.local/lib/python3.12/site-packages/airflow/example_dags/example_branch_labels.py
[2025-02-02T16:21:21.833+0000] {logging_mixin.py:190} INFO - [2025-02-02T16:21:21.833+0000] {dag.py:3239} INFO - Sync 1 DAGs
[2025-02-02T16:21:21.858+0000] {logging_mixin.py:190} INFO - [2025-02-02T16:21:21.858+0000] {dag.py:4180} INFO - Setting next_dagrun for example_branch_labels to 2025-02-01 00:00:00+00:00, run_after=2025-02-02 00:00:00+00:00
[2025-02-02T16:21:21.879+0000] {processor.py:208} INFO - Processing /home/airflow/.local/lib/python3.12/site-packages/airflow/example_dags/example_branch_labels.py took 0.088 seconds
[2025-02-02T16:21:52.081+0000] {processor.py:186} INFO - Started process (PID=424) to work on /home/airflow/.local/lib/python3.12/site-packages/airflow/example_dags/example_branch_labels.py
[2025-02-02T16:21:52.083+0000] {processor.py:914} INFO - Processing file /home/airflow/.local/lib/python3.12/site-packages/airflow/example_dags/example_branch_labels.py for tasks to queue
[2025-02-02T16:21:52.086+0000] {logging_mixin.py:190} INFO - [2025-02-02T16:21:52.085+0000] {dagbag.py:588} INFO - Filling up the DagBag from /home/airflow/.local/lib/python3.12/site-packages/airflow/example_dags/example_branch_labels.py
[2025-02-02T16:21:52.099+0000] {processor.py:925} INFO - DAG(s) 'example_branch_labels' retrieved from /home/airflow/.local/lib/python3.12/site-packages/airflow/example_dags/example_branch_labels.py
[2025-02-02T16:21:52.138+0000] {logging_mixin.py:190} INFO - [2025-02-02T16:21:52.137+0000] {dag.py:3239} INFO - Sync 1 DAGs
[2025-02-02T16:21:52.183+0000] {logging_mixin.py:190} INFO - [2025-02-02T16:21:52.182+0000] {dag.py:4180} INFO - Setting next_dagrun for example_branch_labels to 2025-02-01 00:00:00+00:00, run_after=2025-02-02 00:00:00+00:00
[2025-02-02T16:21:52.215+0000] {processor.py:208} INFO - Processing /home/airflow/.local/lib/python3.12/site-packages/airflow/example_dags/example_branch_labels.py took 0.143 seconds
[2025-02-02T16:22:22.565+0000] {processor.py:186} INFO - Started process (PID=487) to work on /home/airflow/.local/lib/python3.12/site-packages/airflow/example_dags/example_branch_labels.py
[2025-02-02T16:22:22.566+0000] {processor.py:914} INFO - Processing file /home/airflow/.local/lib/python3.12/site-packages/airflow/example_dags/example_branch_labels.py for tasks to queue
[2025-02-02T16:22:22.570+0000] {logging_mixin.py:190} INFO - [2025-02-02T16:22:22.569+0000] {dagbag.py:588} INFO - Filling up the DagBag from /home/airflow/.local/lib/python3.12/site-packages/airflow/example_dags/example_branch_labels.py
[2025-02-02T16:22:22.580+0000] {processor.py:925} INFO - DAG(s) 'example_branch_labels' retrieved from /home/airflow/.local/lib/python3.12/site-packages/airflow/example_dags/example_branch_labels.py
[2025-02-02T16:22:22.602+0000] {logging_mixin.py:190} INFO - [2025-02-02T16:22:22.602+0000] {dag.py:3239} INFO - Sync 1 DAGs
[2025-02-02T16:22:22.628+0000] {logging_mixin.py:190} INFO - [2025-02-02T16:22:22.627+0000] {dag.py:4180} INFO - Setting next_dagrun for example_branch_labels to 2025-02-01 00:00:00+00:00, run_after=2025-02-02 00:00:00+00:00
[2025-02-02T16:22:22.650+0000] {processor.py:208} INFO - Processing /home/airflow/.local/lib/python3.12/site-packages/airflow/example_dags/example_branch_labels.py took 0.090 seconds
[2025-02-02T16:22:53.224+0000] {processor.py:186} INFO - Started process (PID=550) to work on /home/airflow/.local/lib/python3.12/site-packages/airflow/example_dags/example_branch_labels.py
[2025-02-02T16:22:53.225+0000] {processor.py:914} INFO - Processing file /home/airflow/.local/lib/python3.12/site-packages/airflow/example_dags/example_branch_labels.py for tasks to queue
[2025-02-02T16:22:53.228+0000] {logging_mixin.py:190} INFO - [2025-02-02T16:22:53.227+0000] {dagbag.py:588} INFO - Filling up the DagBag from /home/airflow/.local/lib/python3.12/site-packages/airflow/example_dags/example_branch_labels.py
[2025-02-02T16:22:53.238+0000] {processor.py:925} INFO - DAG(s) 'example_branch_labels' retrieved from /home/airflow/.local/lib/python3.12/site-packages/airflow/example_dags/example_branch_labels.py
[2025-02-02T16:22:53.262+0000] {logging_mixin.py:190} INFO - [2025-02-02T16:22:53.262+0000] {dag.py:3239} INFO - Sync 1 DAGs
[2025-02-02T16:22:53.290+0000] {logging_mixin.py:190} INFO - [2025-02-02T16:22:53.290+0000] {dag.py:4180} INFO - Setting next_dagrun for example_branch_labels to 2025-02-01 00:00:00+00:00, run_after=2025-02-02 00:00:00+00:00
[2025-02-02T16:22:53.314+0000] {processor.py:208} INFO - Processing /home/airflow/.local/lib/python3.12/site-packages/airflow/example_dags/example_branch_labels.py took 0.097 seconds
[2025-02-02T16:23:24.145+0000] {processor.py:186} INFO - Started process (PID=613) to work on /home/airflow/.local/lib/python3.12/site-packages/airflow/example_dags/example_branch_labels.py
[2025-02-02T16:23:24.146+0000] {processor.py:914} INFO - Processing file /home/airflow/.local/lib/python3.12/site-packages/airflow/example_dags/example_branch_labels.py for tasks to queue
[2025-02-02T16:23:24.148+0000] {logging_mixin.py:190} INFO - [2025-02-02T16:23:24.148+0000] {dagbag.py:588} INFO - Filling up the DagBag from /home/airflow/.local/lib/python3.12/site-packages/airflow/example_dags/example_branch_labels.py
[2025-02-02T16:23:24.158+0000] {processor.py:925} INFO - DAG(s) 'example_branch_labels' retrieved from /home/airflow/.local/lib/python3.12/site-packages/airflow/example_dags/example_branch_labels.py
[2025-02-02T16:23:24.180+0000] {logging_mixin.py:190} INFO - [2025-02-02T16:23:24.180+0000] {dag.py:3239} INFO - Sync 1 DAGs
[2025-02-02T16:23:24.206+0000] {logging_mixin.py:190} INFO - [2025-02-02T16:23:24.206+0000] {dag.py:4180} INFO - Setting next_dagrun for example_branch_labels to 2025-02-01 00:00:00+00:00, run_after=2025-02-02 00:00:00+00:00
[2025-02-02T16:23:24.227+0000] {processor.py:208} INFO - Processing /home/airflow/.local/lib/python3.12/site-packages/airflow/example_dags/example_branch_labels.py took 0.087 seconds
[2025-02-02T16:23:54.646+0000] {processor.py:186} INFO - Started process (PID=676) to work on /home/airflow/.local/lib/python3.12/site-packages/airflow/example_dags/example_branch_labels.py
[2025-02-02T16:23:54.647+0000] {processor.py:914} INFO - Processing file /home/airflow/.local/lib/python3.12/site-packages/airflow/example_dags/example_branch_labels.py for tasks to queue
[2025-02-02T16:23:54.649+0000] {logging_mixin.py:190} INFO - [2025-02-02T16:23:54.649+0000] {dagbag.py:588} INFO - Filling up the DagBag from /home/airflow/.local/lib/python3.12/site-packages/airflow/example_dags/example_branch_labels.py
[2025-02-02T16:23:54.658+0000] {processor.py:925} INFO - DAG(s) 'example_branch_labels' retrieved from /home/airflow/.local/lib/python3.12/site-packages/airflow/example_dags/example_branch_labels.py
[2025-02-02T16:23:54.681+0000] {logging_mixin.py:190} INFO - [2025-02-02T16:23:54.681+0000] {dag.py:3239} INFO - Sync 1 DAGs
[2025-02-02T16:23:54.705+0000] {logging_mixin.py:190} INFO - [2025-02-02T16:23:54.705+0000] {dag.py:4180} INFO - Setting next_dagrun for example_branch_labels to 2025-02-01 00:00:00+00:00, run_after=2025-02-02 00:00:00+00:00
[2025-02-02T16:23:54.728+0000] {processor.py:208} INFO - Processing /home/airflow/.local/lib/python3.12/site-packages/airflow/example_dags/example_branch_labels.py took 0.088 seconds
[2025-02-02T16:24:25.561+0000] {processor.py:186} INFO - Started process (PID=739) to work on /home/airflow/.local/lib/python3.12/site-packages/airflow/example_dags/example_branch_labels.py
[2025-02-02T16:24:25.562+0000] {processor.py:914} INFO - Processing file /home/airflow/.local/lib/python3.12/site-packages/airflow/example_dags/example_branch_labels.py for tasks to queue
[2025-02-02T16:24:25.565+0000] {logging_mixin.py:190} INFO - [2025-02-02T16:24:25.565+0000] {dagbag.py:588} INFO - Filling up the DagBag from /home/airflow/.local/lib/python3.12/site-packages/airflow/example_dags/example_branch_labels.py
[2025-02-02T16:24:25.576+0000] {processor.py:925} INFO - DAG(s) 'example_branch_labels' retrieved from /home/airflow/.local/lib/python3.12/site-packages/airflow/example_dags/example_branch_labels.py
[2025-02-02T16:24:25.598+0000] {logging_mixin.py:190} INFO - [2025-02-02T16:24:25.597+0000] {dag.py:3239} INFO - Sync 1 DAGs
[2025-02-02T16:24:25.623+0000] {logging_mixin.py:190} INFO - [2025-02-02T16:24:25.623+0000] {dag.py:4180} INFO - Setting next_dagrun for example_branch_labels to 2025-02-01 00:00:00+00:00, run_after=2025-02-02 00:00:00+00:00
[2025-02-02T16:24:25.657+0000] {processor.py:208} INFO - Processing /home/airflow/.local/lib/python3.12/site-packages/airflow/example_dags/example_branch_labels.py took 0.101 seconds
[2025-02-02T16:24:55.766+0000] {processor.py:186} INFO - Started process (PID=802) to work on /home/airflow/.local/lib/python3.12/site-packages/airflow/example_dags/example_branch_labels.py
[2025-02-02T16:24:55.767+0000] {processor.py:914} INFO - Processing file /home/airflow/.local/lib/python3.12/site-packages/airflow/example_dags/example_branch_labels.py for tasks to queue
[2025-02-02T16:24:55.770+0000] {logging_mixin.py:190} INFO - [2025-02-02T16:24:55.770+0000] {dagbag.py:588} INFO - Filling up the DagBag from /home/airflow/.local/lib/python3.12/site-packages/airflow/example_dags/example_branch_labels.py
[2025-02-02T16:24:55.780+0000] {processor.py:925} INFO - DAG(s) 'example_branch_labels' retrieved from /home/airflow/.local/lib/python3.12/site-packages/airflow/example_dags/example_branch_labels.py
[2025-02-02T16:24:55.803+0000] {logging_mixin.py:190} INFO - [2025-02-02T16:24:55.803+0000] {dag.py:3239} INFO - Sync 1 DAGs
[2025-02-02T16:24:55.829+0000] {logging_mixin.py:190} INFO - [2025-02-02T16:24:55.829+0000] {dag.py:4180} INFO - Setting next_dagrun for example_branch_labels to 2025-02-01 00:00:00+00:00, run_after=2025-02-02 00:00:00+00:00
[2025-02-02T16:24:55.849+0000] {processor.py:208} INFO - Processing /home/airflow/.local/lib/python3.12/site-packages/airflow/example_dags/example_branch_labels.py took 0.089 seconds
[2025-02-02T16:25:26.156+0000] {processor.py:186} INFO - Started process (PID=865) to work on /home/airflow/.local/lib/python3.12/site-packages/airflow/example_dags/example_branch_labels.py
[2025-02-02T16:25:26.157+0000] {processor.py:914} INFO - Processing file /home/airflow/.local/lib/python3.12/site-packages/airflow/example_dags/example_branch_labels.py for tasks to queue
[2025-02-02T16:25:26.159+0000] {logging_mixin.py:190} INFO - [2025-02-02T16:25:26.159+0000] {dagbag.py:588} INFO - Filling up the DagBag from /home/airflow/.local/lib/python3.12/site-packages/airflow/example_dags/example_branch_labels.py
[2025-02-02T16:25:26.168+0000] {processor.py:925} INFO - DAG(s) 'example_branch_labels' retrieved from /home/airflow/.local/lib/python3.12/site-packages/airflow/example_dags/example_branch_labels.py
[2025-02-02T16:25:26.191+0000] {logging_mixin.py:190} INFO - [2025-02-02T16:25:26.191+0000] {dag.py:3239} INFO - Sync 1 DAGs
[2025-02-02T16:25:26.217+0000] {logging_mixin.py:190} INFO - [2025-02-02T16:25:26.217+0000] {dag.py:4180} INFO - Setting next_dagrun for example_branch_labels to 2025-02-01 00:00:00+00:00, run_after=2025-02-02 00:00:00+00:00
[2025-02-02T16:25:26.241+0000] {processor.py:208} INFO - Processing /home/airflow/.local/lib/python3.12/site-packages/airflow/example_dags/example_branch_labels.py took 0.090 seconds
