[2025-02-02T12:16:37.203+0000] {processor.py:186} INFO - Started process (PID=66) to work on /home/airflow/.local/lib/python3.12/site-packages/airflow/example_dags/example_skip_dag.py
[2025-02-02T12:16:37.204+0000] {processor.py:914} INFO - Processing file /home/airflow/.local/lib/python3.12/site-packages/airflow/example_dags/example_skip_dag.py for tasks to queue
[2025-02-02T12:16:37.208+0000] {logging_mixin.py:190} INFO - [2025-02-02T12:16:37.207+0000] {dagbag.py:588} INFO - Filling up the DagBag from /home/airflow/.local/lib/python3.12/site-packages/airflow/example_dags/example_skip_dag.py
[2025-02-02T12:16:37.220+0000] {processor.py:925} INFO - DAG(s) 'example_skip_dag' retrieved from /home/airflow/.local/lib/python3.12/site-packages/airflow/example_dags/example_skip_dag.py
[2025-02-02T12:16:37.349+0000] {logging_mixin.py:190} INFO - [2025-02-02T12:16:37.348+0000] {override.py:1911} INFO - Created Permission View: can read on DAG:example_skip_dag
[2025-02-02T12:16:37.365+0000] {logging_mixin.py:190} INFO - [2025-02-02T12:16:37.364+0000] {override.py:1911} INFO - Created Permission View: can edit on DAG:example_skip_dag
[2025-02-02T12:16:37.377+0000] {logging_mixin.py:190} INFO - [2025-02-02T12:16:37.376+0000] {override.py:1911} INFO - Created Permission View: can delete on DAG:example_skip_dag
[2025-02-02T12:16:37.392+0000] {logging_mixin.py:190} INFO - [2025-02-02T12:16:37.392+0000] {override.py:1911} INFO - Created Permission View: can read on DAG Run:example_skip_dag
[2025-02-02T12:16:37.405+0000] {logging_mixin.py:190} INFO - [2025-02-02T12:16:37.404+0000] {override.py:1911} INFO - Created Permission View: menu access on DAG Run:example_skip_dag
[2025-02-02T12:16:37.419+0000] {logging_mixin.py:190} INFO - [2025-02-02T12:16:37.418+0000] {override.py:1911} INFO - Created Permission View: can create on DAG Run:example_skip_dag
[2025-02-02T12:16:37.432+0000] {logging_mixin.py:190} INFO - [2025-02-02T12:16:37.432+0000] {override.py:1911} INFO - Created Permission View: can delete on DAG Run:example_skip_dag
[2025-02-02T12:16:37.434+0000] {logging_mixin.py:190} INFO - [2025-02-02T12:16:37.433+0000] {dag.py:3239} INFO - Sync 1 DAGs
[2025-02-02T12:16:37.452+0000] {logging_mixin.py:190} INFO - [2025-02-02T12:16:37.452+0000] {dag.py:3262} INFO - Creating ORM DAG for example_skip_dag
[2025-02-02T12:16:37.467+0000] {logging_mixin.py:190} INFO - [2025-02-02T12:16:37.467+0000] {dag.py:4180} INFO - Setting next_dagrun for example_skip_dag to 2025-02-01 00:00:00+00:00, run_after=2025-02-02 00:00:00+00:00
[2025-02-02T12:16:37.491+0000] {processor.py:208} INFO - Processing /home/airflow/.local/lib/python3.12/site-packages/airflow/example_dags/example_skip_dag.py took 0.294 seconds
[2025-02-02T12:17:08.625+0000] {processor.py:186} INFO - Started process (PID=128) to work on /home/airflow/.local/lib/python3.12/site-packages/airflow/example_dags/example_skip_dag.py
[2025-02-02T12:17:08.626+0000] {processor.py:914} INFO - Processing file /home/airflow/.local/lib/python3.12/site-packages/airflow/example_dags/example_skip_dag.py for tasks to queue
[2025-02-02T12:17:08.629+0000] {logging_mixin.py:190} INFO - [2025-02-02T12:17:08.629+0000] {dagbag.py:588} INFO - Filling up the DagBag from /home/airflow/.local/lib/python3.12/site-packages/airflow/example_dags/example_skip_dag.py
[2025-02-02T12:17:08.637+0000] {processor.py:925} INFO - DAG(s) 'example_skip_dag' retrieved from /home/airflow/.local/lib/python3.12/site-packages/airflow/example_dags/example_skip_dag.py
[2025-02-02T12:17:08.661+0000] {logging_mixin.py:190} INFO - [2025-02-02T12:17:08.661+0000] {dag.py:3239} INFO - Sync 1 DAGs
[2025-02-02T12:17:08.692+0000] {logging_mixin.py:190} INFO - [2025-02-02T12:17:08.692+0000] {dag.py:4180} INFO - Setting next_dagrun for example_skip_dag to 2025-02-01 00:00:00+00:00, run_after=2025-02-02 00:00:00+00:00
[2025-02-02T12:17:08.717+0000] {processor.py:208} INFO - Processing /home/airflow/.local/lib/python3.12/site-packages/airflow/example_dags/example_skip_dag.py took 0.098 seconds
[2025-02-02T12:17:40.411+0000] {processor.py:186} INFO - Started process (PID=191) to work on /home/airflow/.local/lib/python3.12/site-packages/airflow/example_dags/example_skip_dag.py
[2025-02-02T12:17:40.413+0000] {processor.py:914} INFO - Processing file /home/airflow/.local/lib/python3.12/site-packages/airflow/example_dags/example_skip_dag.py for tasks to queue
[2025-02-02T12:17:40.416+0000] {logging_mixin.py:190} INFO - [2025-02-02T12:17:40.415+0000] {dagbag.py:588} INFO - Filling up the DagBag from /home/airflow/.local/lib/python3.12/site-packages/airflow/example_dags/example_skip_dag.py
[2025-02-02T12:17:40.426+0000] {processor.py:925} INFO - DAG(s) 'example_skip_dag' retrieved from /home/airflow/.local/lib/python3.12/site-packages/airflow/example_dags/example_skip_dag.py
[2025-02-02T12:17:40.454+0000] {logging_mixin.py:190} INFO - [2025-02-02T12:17:40.453+0000] {dag.py:3239} INFO - Sync 1 DAGs
[2025-02-02T12:17:40.479+0000] {logging_mixin.py:190} INFO - [2025-02-02T12:17:40.479+0000] {dag.py:4180} INFO - Setting next_dagrun for example_skip_dag to 2025-02-01 00:00:00+00:00, run_after=2025-02-02 00:00:00+00:00
[2025-02-02T12:17:40.502+0000] {processor.py:208} INFO - Processing /home/airflow/.local/lib/python3.12/site-packages/airflow/example_dags/example_skip_dag.py took 0.099 seconds
[2025-02-02T12:18:11.761+0000] {processor.py:186} INFO - Started process (PID=254) to work on /home/airflow/.local/lib/python3.12/site-packages/airflow/example_dags/example_skip_dag.py
[2025-02-02T12:18:11.762+0000] {processor.py:914} INFO - Processing file /home/airflow/.local/lib/python3.12/site-packages/airflow/example_dags/example_skip_dag.py for tasks to queue
[2025-02-02T12:18:11.765+0000] {logging_mixin.py:190} INFO - [2025-02-02T12:18:11.764+0000] {dagbag.py:588} INFO - Filling up the DagBag from /home/airflow/.local/lib/python3.12/site-packages/airflow/example_dags/example_skip_dag.py
[2025-02-02T12:18:11.773+0000] {processor.py:925} INFO - DAG(s) 'example_skip_dag' retrieved from /home/airflow/.local/lib/python3.12/site-packages/airflow/example_dags/example_skip_dag.py
[2025-02-02T12:18:11.796+0000] {logging_mixin.py:190} INFO - [2025-02-02T12:18:11.796+0000] {dag.py:3239} INFO - Sync 1 DAGs
[2025-02-02T12:18:11.820+0000] {logging_mixin.py:190} INFO - [2025-02-02T12:18:11.820+0000] {dag.py:4180} INFO - Setting next_dagrun for example_skip_dag to 2025-02-01 00:00:00+00:00, run_after=2025-02-02 00:00:00+00:00
[2025-02-02T12:18:11.843+0000] {processor.py:208} INFO - Processing /home/airflow/.local/lib/python3.12/site-packages/airflow/example_dags/example_skip_dag.py took 0.088 seconds
[2025-02-02T12:18:42.899+0000] {processor.py:186} INFO - Started process (PID=317) to work on /home/airflow/.local/lib/python3.12/site-packages/airflow/example_dags/example_skip_dag.py
[2025-02-02T12:18:42.901+0000] {processor.py:914} INFO - Processing file /home/airflow/.local/lib/python3.12/site-packages/airflow/example_dags/example_skip_dag.py for tasks to queue
[2025-02-02T12:18:42.904+0000] {logging_mixin.py:190} INFO - [2025-02-02T12:18:42.904+0000] {dagbag.py:588} INFO - Filling up the DagBag from /home/airflow/.local/lib/python3.12/site-packages/airflow/example_dags/example_skip_dag.py
[2025-02-02T12:18:42.915+0000] {processor.py:925} INFO - DAG(s) 'example_skip_dag' retrieved from /home/airflow/.local/lib/python3.12/site-packages/airflow/example_dags/example_skip_dag.py
[2025-02-02T12:18:42.940+0000] {logging_mixin.py:190} INFO - [2025-02-02T12:18:42.940+0000] {dag.py:3239} INFO - Sync 1 DAGs
[2025-02-02T12:18:42.967+0000] {logging_mixin.py:190} INFO - [2025-02-02T12:18:42.966+0000] {dag.py:4180} INFO - Setting next_dagrun for example_skip_dag to 2025-02-01 00:00:00+00:00, run_after=2025-02-02 00:00:00+00:00
[2025-02-02T12:18:42.992+0000] {processor.py:208} INFO - Processing /home/airflow/.local/lib/python3.12/site-packages/airflow/example_dags/example_skip_dag.py took 0.100 seconds
[2025-02-02T12:19:14.397+0000] {processor.py:186} INFO - Started process (PID=380) to work on /home/airflow/.local/lib/python3.12/site-packages/airflow/example_dags/example_skip_dag.py
[2025-02-02T12:19:14.399+0000] {processor.py:914} INFO - Processing file /home/airflow/.local/lib/python3.12/site-packages/airflow/example_dags/example_skip_dag.py for tasks to queue
[2025-02-02T12:19:14.402+0000] {logging_mixin.py:190} INFO - [2025-02-02T12:19:14.401+0000] {dagbag.py:588} INFO - Filling up the DagBag from /home/airflow/.local/lib/python3.12/site-packages/airflow/example_dags/example_skip_dag.py
[2025-02-02T12:19:14.409+0000] {processor.py:925} INFO - DAG(s) 'example_skip_dag' retrieved from /home/airflow/.local/lib/python3.12/site-packages/airflow/example_dags/example_skip_dag.py
[2025-02-02T12:19:14.431+0000] {logging_mixin.py:190} INFO - [2025-02-02T12:19:14.431+0000] {dag.py:3239} INFO - Sync 1 DAGs
[2025-02-02T12:19:14.456+0000] {logging_mixin.py:190} INFO - [2025-02-02T12:19:14.456+0000] {dag.py:4180} INFO - Setting next_dagrun for example_skip_dag to 2025-02-01 00:00:00+00:00, run_after=2025-02-02 00:00:00+00:00
[2025-02-02T12:19:14.478+0000] {processor.py:208} INFO - Processing /home/airflow/.local/lib/python3.12/site-packages/airflow/example_dags/example_skip_dag.py took 0.087 seconds
[2025-02-02T12:19:46.184+0000] {processor.py:186} INFO - Started process (PID=443) to work on /home/airflow/.local/lib/python3.12/site-packages/airflow/example_dags/example_skip_dag.py
[2025-02-02T12:19:46.185+0000] {processor.py:914} INFO - Processing file /home/airflow/.local/lib/python3.12/site-packages/airflow/example_dags/example_skip_dag.py for tasks to queue
[2025-02-02T12:19:46.189+0000] {logging_mixin.py:190} INFO - [2025-02-02T12:19:46.189+0000] {dagbag.py:588} INFO - Filling up the DagBag from /home/airflow/.local/lib/python3.12/site-packages/airflow/example_dags/example_skip_dag.py
[2025-02-02T12:19:46.199+0000] {processor.py:925} INFO - DAG(s) 'example_skip_dag' retrieved from /home/airflow/.local/lib/python3.12/site-packages/airflow/example_dags/example_skip_dag.py
[2025-02-02T12:19:46.229+0000] {logging_mixin.py:190} INFO - [2025-02-02T12:19:46.228+0000] {dag.py:3239} INFO - Sync 1 DAGs
[2025-02-02T12:19:46.260+0000] {logging_mixin.py:190} INFO - [2025-02-02T12:19:46.260+0000] {dag.py:4180} INFO - Setting next_dagrun for example_skip_dag to 2025-02-01 00:00:00+00:00, run_after=2025-02-02 00:00:00+00:00
[2025-02-02T12:19:46.290+0000] {processor.py:208} INFO - Processing /home/airflow/.local/lib/python3.12/site-packages/airflow/example_dags/example_skip_dag.py took 0.115 seconds
[2025-02-02T12:20:17.941+0000] {processor.py:186} INFO - Started process (PID=506) to work on /home/airflow/.local/lib/python3.12/site-packages/airflow/example_dags/example_skip_dag.py
[2025-02-02T12:20:17.943+0000] {processor.py:914} INFO - Processing file /home/airflow/.local/lib/python3.12/site-packages/airflow/example_dags/example_skip_dag.py for tasks to queue
[2025-02-02T12:20:17.947+0000] {logging_mixin.py:190} INFO - [2025-02-02T12:20:17.947+0000] {dagbag.py:588} INFO - Filling up the DagBag from /home/airflow/.local/lib/python3.12/site-packages/airflow/example_dags/example_skip_dag.py
[2025-02-02T12:20:17.960+0000] {processor.py:925} INFO - DAG(s) 'example_skip_dag' retrieved from /home/airflow/.local/lib/python3.12/site-packages/airflow/example_dags/example_skip_dag.py
[2025-02-02T12:20:17.995+0000] {logging_mixin.py:190} INFO - [2025-02-02T12:20:17.995+0000] {dag.py:3239} INFO - Sync 1 DAGs
[2025-02-02T12:20:18.037+0000] {logging_mixin.py:190} INFO - [2025-02-02T12:20:18.037+0000] {dag.py:4180} INFO - Setting next_dagrun for example_skip_dag to 2025-02-01 00:00:00+00:00, run_after=2025-02-02 00:00:00+00:00
[2025-02-02T12:20:18.071+0000] {processor.py:208} INFO - Processing /home/airflow/.local/lib/python3.12/site-packages/airflow/example_dags/example_skip_dag.py took 0.138 seconds
[2025-02-02T16:18:51.607+0000] {processor.py:186} INFO - Started process (PID=60) to work on /home/airflow/.local/lib/python3.12/site-packages/airflow/example_dags/example_skip_dag.py
[2025-02-02T16:18:51.608+0000] {processor.py:914} INFO - Processing file /home/airflow/.local/lib/python3.12/site-packages/airflow/example_dags/example_skip_dag.py for tasks to queue
[2025-02-02T16:18:51.611+0000] {logging_mixin.py:190} INFO - [2025-02-02T16:18:51.611+0000] {dagbag.py:588} INFO - Filling up the DagBag from /home/airflow/.local/lib/python3.12/site-packages/airflow/example_dags/example_skip_dag.py
[2025-02-02T16:18:51.619+0000] {processor.py:925} INFO - DAG(s) 'example_skip_dag' retrieved from /home/airflow/.local/lib/python3.12/site-packages/airflow/example_dags/example_skip_dag.py
[2025-02-02T16:18:51.652+0000] {logging_mixin.py:190} INFO - [2025-02-02T16:18:51.651+0000] {dag.py:3239} INFO - Sync 1 DAGs
[2025-02-02T16:18:51.678+0000] {logging_mixin.py:190} INFO - [2025-02-02T16:18:51.678+0000] {dag.py:4180} INFO - Setting next_dagrun for example_skip_dag to 2025-02-01 00:00:00+00:00, run_after=2025-02-02 00:00:00+00:00
[2025-02-02T16:18:51.701+0000] {processor.py:208} INFO - Processing /home/airflow/.local/lib/python3.12/site-packages/airflow/example_dags/example_skip_dag.py took 0.100 seconds
[2025-02-02T16:19:22.912+0000] {processor.py:186} INFO - Started process (PID=122) to work on /home/airflow/.local/lib/python3.12/site-packages/airflow/example_dags/example_skip_dag.py
[2025-02-02T16:19:22.914+0000] {processor.py:914} INFO - Processing file /home/airflow/.local/lib/python3.12/site-packages/airflow/example_dags/example_skip_dag.py for tasks to queue
[2025-02-02T16:19:22.916+0000] {logging_mixin.py:190} INFO - [2025-02-02T16:19:22.916+0000] {dagbag.py:588} INFO - Filling up the DagBag from /home/airflow/.local/lib/python3.12/site-packages/airflow/example_dags/example_skip_dag.py
[2025-02-02T16:19:22.923+0000] {processor.py:925} INFO - DAG(s) 'example_skip_dag' retrieved from /home/airflow/.local/lib/python3.12/site-packages/airflow/example_dags/example_skip_dag.py
[2025-02-02T16:19:22.945+0000] {logging_mixin.py:190} INFO - [2025-02-02T16:19:22.945+0000] {dag.py:3239} INFO - Sync 1 DAGs
[2025-02-02T16:19:22.968+0000] {logging_mixin.py:190} INFO - [2025-02-02T16:19:22.968+0000] {dag.py:4180} INFO - Setting next_dagrun for example_skip_dag to 2025-02-01 00:00:00+00:00, run_after=2025-02-02 00:00:00+00:00
[2025-02-02T16:19:22.991+0000] {processor.py:208} INFO - Processing /home/airflow/.local/lib/python3.12/site-packages/airflow/example_dags/example_skip_dag.py took 0.084 seconds
[2025-02-02T16:19:54.240+0000] {processor.py:186} INFO - Started process (PID=185) to work on /home/airflow/.local/lib/python3.12/site-packages/airflow/example_dags/example_skip_dag.py
[2025-02-02T16:19:54.241+0000] {processor.py:914} INFO - Processing file /home/airflow/.local/lib/python3.12/site-packages/airflow/example_dags/example_skip_dag.py for tasks to queue
[2025-02-02T16:19:54.243+0000] {logging_mixin.py:190} INFO - [2025-02-02T16:19:54.243+0000] {dagbag.py:588} INFO - Filling up the DagBag from /home/airflow/.local/lib/python3.12/site-packages/airflow/example_dags/example_skip_dag.py
[2025-02-02T16:19:54.252+0000] {processor.py:925} INFO - DAG(s) 'example_skip_dag' retrieved from /home/airflow/.local/lib/python3.12/site-packages/airflow/example_dags/example_skip_dag.py
[2025-02-02T16:19:54.278+0000] {logging_mixin.py:190} INFO - [2025-02-02T16:19:54.277+0000] {dag.py:3239} INFO - Sync 1 DAGs
[2025-02-02T16:19:54.305+0000] {logging_mixin.py:190} INFO - [2025-02-02T16:19:54.305+0000] {dag.py:4180} INFO - Setting next_dagrun for example_skip_dag to 2025-02-01 00:00:00+00:00, run_after=2025-02-02 00:00:00+00:00
[2025-02-02T16:19:54.330+0000] {processor.py:208} INFO - Processing /home/airflow/.local/lib/python3.12/site-packages/airflow/example_dags/example_skip_dag.py took 0.096 seconds
[2025-02-02T16:20:25.208+0000] {processor.py:186} INFO - Started process (PID=248) to work on /home/airflow/.local/lib/python3.12/site-packages/airflow/example_dags/example_skip_dag.py
[2025-02-02T16:20:25.209+0000] {processor.py:914} INFO - Processing file /home/airflow/.local/lib/python3.12/site-packages/airflow/example_dags/example_skip_dag.py for tasks to queue
[2025-02-02T16:20:25.211+0000] {logging_mixin.py:190} INFO - [2025-02-02T16:20:25.211+0000] {dagbag.py:588} INFO - Filling up the DagBag from /home/airflow/.local/lib/python3.12/site-packages/airflow/example_dags/example_skip_dag.py
[2025-02-02T16:20:25.219+0000] {processor.py:925} INFO - DAG(s) 'example_skip_dag' retrieved from /home/airflow/.local/lib/python3.12/site-packages/airflow/example_dags/example_skip_dag.py
[2025-02-02T16:20:25.243+0000] {logging_mixin.py:190} INFO - [2025-02-02T16:20:25.243+0000] {dag.py:3239} INFO - Sync 1 DAGs
[2025-02-02T16:20:25.270+0000] {logging_mixin.py:190} INFO - [2025-02-02T16:20:25.270+0000] {dag.py:4180} INFO - Setting next_dagrun for example_skip_dag to 2025-02-01 00:00:00+00:00, run_after=2025-02-02 00:00:00+00:00
[2025-02-02T16:20:25.293+0000] {processor.py:208} INFO - Processing /home/airflow/.local/lib/python3.12/site-packages/airflow/example_dags/example_skip_dag.py took 0.090 seconds
[2025-02-02T16:20:56.538+0000] {processor.py:186} INFO - Started process (PID=317) to work on /home/airflow/.local/lib/python3.12/site-packages/airflow/example_dags/example_skip_dag.py
[2025-02-02T16:20:56.539+0000] {processor.py:914} INFO - Processing file /home/airflow/.local/lib/python3.12/site-packages/airflow/example_dags/example_skip_dag.py for tasks to queue
[2025-02-02T16:20:56.542+0000] {logging_mixin.py:190} INFO - [2025-02-02T16:20:56.542+0000] {dagbag.py:588} INFO - Filling up the DagBag from /home/airflow/.local/lib/python3.12/site-packages/airflow/example_dags/example_skip_dag.py
[2025-02-02T16:20:56.550+0000] {processor.py:925} INFO - DAG(s) 'example_skip_dag' retrieved from /home/airflow/.local/lib/python3.12/site-packages/airflow/example_dags/example_skip_dag.py
[2025-02-02T16:20:56.574+0000] {logging_mixin.py:190} INFO - [2025-02-02T16:20:56.573+0000] {dag.py:3239} INFO - Sync 1 DAGs
[2025-02-02T16:20:56.597+0000] {logging_mixin.py:190} INFO - [2025-02-02T16:20:56.597+0000] {dag.py:4180} INFO - Setting next_dagrun for example_skip_dag to 2025-02-01 00:00:00+00:00, run_after=2025-02-02 00:00:00+00:00
[2025-02-02T16:20:56.618+0000] {processor.py:208} INFO - Processing /home/airflow/.local/lib/python3.12/site-packages/airflow/example_dags/example_skip_dag.py took 0.085 seconds
[2025-02-02T16:21:27.383+0000] {processor.py:186} INFO - Started process (PID=380) to work on /home/airflow/.local/lib/python3.12/site-packages/airflow/example_dags/example_skip_dag.py
[2025-02-02T16:21:27.384+0000] {processor.py:914} INFO - Processing file /home/airflow/.local/lib/python3.12/site-packages/airflow/example_dags/example_skip_dag.py for tasks to queue
[2025-02-02T16:21:27.386+0000] {logging_mixin.py:190} INFO - [2025-02-02T16:21:27.386+0000] {dagbag.py:588} INFO - Filling up the DagBag from /home/airflow/.local/lib/python3.12/site-packages/airflow/example_dags/example_skip_dag.py
[2025-02-02T16:21:27.393+0000] {processor.py:925} INFO - DAG(s) 'example_skip_dag' retrieved from /home/airflow/.local/lib/python3.12/site-packages/airflow/example_dags/example_skip_dag.py
[2025-02-02T16:21:27.417+0000] {logging_mixin.py:190} INFO - [2025-02-02T16:21:27.417+0000] {dag.py:3239} INFO - Sync 1 DAGs
[2025-02-02T16:21:27.441+0000] {logging_mixin.py:190} INFO - [2025-02-02T16:21:27.441+0000] {dag.py:4180} INFO - Setting next_dagrun for example_skip_dag to 2025-02-01 00:00:00+00:00, run_after=2025-02-02 00:00:00+00:00
[2025-02-02T16:21:27.463+0000] {processor.py:208} INFO - Processing /home/airflow/.local/lib/python3.12/site-packages/airflow/example_dags/example_skip_dag.py took 0.086 seconds
[2025-02-02T16:21:58.303+0000] {processor.py:186} INFO - Started process (PID=443) to work on /home/airflow/.local/lib/python3.12/site-packages/airflow/example_dags/example_skip_dag.py
[2025-02-02T16:21:58.304+0000] {processor.py:914} INFO - Processing file /home/airflow/.local/lib/python3.12/site-packages/airflow/example_dags/example_skip_dag.py for tasks to queue
[2025-02-02T16:21:58.307+0000] {logging_mixin.py:190} INFO - [2025-02-02T16:21:58.306+0000] {dagbag.py:588} INFO - Filling up the DagBag from /home/airflow/.local/lib/python3.12/site-packages/airflow/example_dags/example_skip_dag.py
[2025-02-02T16:21:58.314+0000] {processor.py:925} INFO - DAG(s) 'example_skip_dag' retrieved from /home/airflow/.local/lib/python3.12/site-packages/airflow/example_dags/example_skip_dag.py
[2025-02-02T16:21:58.336+0000] {logging_mixin.py:190} INFO - [2025-02-02T16:21:58.336+0000] {dag.py:3239} INFO - Sync 1 DAGs
[2025-02-02T16:21:58.359+0000] {logging_mixin.py:190} INFO - [2025-02-02T16:21:58.359+0000] {dag.py:4180} INFO - Setting next_dagrun for example_skip_dag to 2025-02-01 00:00:00+00:00, run_after=2025-02-02 00:00:00+00:00
[2025-02-02T16:21:58.380+0000] {processor.py:208} INFO - Processing /home/airflow/.local/lib/python3.12/site-packages/airflow/example_dags/example_skip_dag.py took 0.083 seconds
[2025-02-02T16:22:29.534+0000] {processor.py:186} INFO - Started process (PID=506) to work on /home/airflow/.local/lib/python3.12/site-packages/airflow/example_dags/example_skip_dag.py
[2025-02-02T16:22:29.535+0000] {processor.py:914} INFO - Processing file /home/airflow/.local/lib/python3.12/site-packages/airflow/example_dags/example_skip_dag.py for tasks to queue
[2025-02-02T16:22:29.537+0000] {logging_mixin.py:190} INFO - [2025-02-02T16:22:29.537+0000] {dagbag.py:588} INFO - Filling up the DagBag from /home/airflow/.local/lib/python3.12/site-packages/airflow/example_dags/example_skip_dag.py
[2025-02-02T16:22:29.545+0000] {processor.py:925} INFO - DAG(s) 'example_skip_dag' retrieved from /home/airflow/.local/lib/python3.12/site-packages/airflow/example_dags/example_skip_dag.py
[2025-02-02T16:22:29.570+0000] {logging_mixin.py:190} INFO - [2025-02-02T16:22:29.570+0000] {dag.py:3239} INFO - Sync 1 DAGs
[2025-02-02T16:22:29.595+0000] {logging_mixin.py:190} INFO - [2025-02-02T16:22:29.595+0000] {dag.py:4180} INFO - Setting next_dagrun for example_skip_dag to 2025-02-01 00:00:00+00:00, run_after=2025-02-02 00:00:00+00:00
[2025-02-02T16:22:29.619+0000] {processor.py:208} INFO - Processing /home/airflow/.local/lib/python3.12/site-packages/airflow/example_dags/example_skip_dag.py took 0.090 seconds
[2025-02-02T16:23:00.551+0000] {processor.py:186} INFO - Started process (PID=569) to work on /home/airflow/.local/lib/python3.12/site-packages/airflow/example_dags/example_skip_dag.py
[2025-02-02T16:23:00.552+0000] {processor.py:914} INFO - Processing file /home/airflow/.local/lib/python3.12/site-packages/airflow/example_dags/example_skip_dag.py for tasks to queue
[2025-02-02T16:23:00.554+0000] {logging_mixin.py:190} INFO - [2025-02-02T16:23:00.554+0000] {dagbag.py:588} INFO - Filling up the DagBag from /home/airflow/.local/lib/python3.12/site-packages/airflow/example_dags/example_skip_dag.py
[2025-02-02T16:23:00.563+0000] {processor.py:925} INFO - DAG(s) 'example_skip_dag' retrieved from /home/airflow/.local/lib/python3.12/site-packages/airflow/example_dags/example_skip_dag.py
[2025-02-02T16:23:00.585+0000] {logging_mixin.py:190} INFO - [2025-02-02T16:23:00.584+0000] {dag.py:3239} INFO - Sync 1 DAGs
[2025-02-02T16:23:00.611+0000] {logging_mixin.py:190} INFO - [2025-02-02T16:23:00.611+0000] {dag.py:4180} INFO - Setting next_dagrun for example_skip_dag to 2025-02-01 00:00:00+00:00, run_after=2025-02-02 00:00:00+00:00
[2025-02-02T16:23:00.632+0000] {processor.py:208} INFO - Processing /home/airflow/.local/lib/python3.12/site-packages/airflow/example_dags/example_skip_dag.py took 0.086 seconds
[2025-02-02T16:23:31.517+0000] {processor.py:186} INFO - Started process (PID=632) to work on /home/airflow/.local/lib/python3.12/site-packages/airflow/example_dags/example_skip_dag.py
[2025-02-02T16:23:31.518+0000] {processor.py:914} INFO - Processing file /home/airflow/.local/lib/python3.12/site-packages/airflow/example_dags/example_skip_dag.py for tasks to queue
[2025-02-02T16:23:31.521+0000] {logging_mixin.py:190} INFO - [2025-02-02T16:23:31.520+0000] {dagbag.py:588} INFO - Filling up the DagBag from /home/airflow/.local/lib/python3.12/site-packages/airflow/example_dags/example_skip_dag.py
[2025-02-02T16:23:31.529+0000] {processor.py:925} INFO - DAG(s) 'example_skip_dag' retrieved from /home/airflow/.local/lib/python3.12/site-packages/airflow/example_dags/example_skip_dag.py
[2025-02-02T16:23:31.562+0000] {logging_mixin.py:190} INFO - [2025-02-02T16:23:31.562+0000] {dag.py:3239} INFO - Sync 1 DAGs
[2025-02-02T16:23:31.589+0000] {logging_mixin.py:190} INFO - [2025-02-02T16:23:31.589+0000] {dag.py:4180} INFO - Setting next_dagrun for example_skip_dag to 2025-02-01 00:00:00+00:00, run_after=2025-02-02 00:00:00+00:00
[2025-02-02T16:23:31.618+0000] {processor.py:208} INFO - Processing /home/airflow/.local/lib/python3.12/site-packages/airflow/example_dags/example_skip_dag.py took 0.107 seconds
[2025-02-02T16:24:02.790+0000] {processor.py:186} INFO - Started process (PID=695) to work on /home/airflow/.local/lib/python3.12/site-packages/airflow/example_dags/example_skip_dag.py
[2025-02-02T16:24:02.791+0000] {processor.py:914} INFO - Processing file /home/airflow/.local/lib/python3.12/site-packages/airflow/example_dags/example_skip_dag.py for tasks to queue
[2025-02-02T16:24:02.794+0000] {logging_mixin.py:190} INFO - [2025-02-02T16:24:02.793+0000] {dagbag.py:588} INFO - Filling up the DagBag from /home/airflow/.local/lib/python3.12/site-packages/airflow/example_dags/example_skip_dag.py
[2025-02-02T16:24:02.802+0000] {processor.py:925} INFO - DAG(s) 'example_skip_dag' retrieved from /home/airflow/.local/lib/python3.12/site-packages/airflow/example_dags/example_skip_dag.py
[2025-02-02T16:24:02.824+0000] {logging_mixin.py:190} INFO - [2025-02-02T16:24:02.823+0000] {dag.py:3239} INFO - Sync 1 DAGs
[2025-02-02T16:24:02.849+0000] {logging_mixin.py:190} INFO - [2025-02-02T16:24:02.849+0000] {dag.py:4180} INFO - Setting next_dagrun for example_skip_dag to 2025-02-01 00:00:00+00:00, run_after=2025-02-02 00:00:00+00:00
[2025-02-02T16:24:02.879+0000] {processor.py:208} INFO - Processing /home/airflow/.local/lib/python3.12/site-packages/airflow/example_dags/example_skip_dag.py took 0.094 seconds
[2025-02-02T16:24:34.211+0000] {processor.py:186} INFO - Started process (PID=758) to work on /home/airflow/.local/lib/python3.12/site-packages/airflow/example_dags/example_skip_dag.py
[2025-02-02T16:24:34.217+0000] {processor.py:914} INFO - Processing file /home/airflow/.local/lib/python3.12/site-packages/airflow/example_dags/example_skip_dag.py for tasks to queue
[2025-02-02T16:24:34.234+0000] {logging_mixin.py:190} INFO - [2025-02-02T16:24:34.233+0000] {dagbag.py:588} INFO - Filling up the DagBag from /home/airflow/.local/lib/python3.12/site-packages/airflow/example_dags/example_skip_dag.py
[2025-02-02T16:24:34.269+0000] {processor.py:925} INFO - DAG(s) 'example_skip_dag' retrieved from /home/airflow/.local/lib/python3.12/site-packages/airflow/example_dags/example_skip_dag.py
[2025-02-02T16:24:34.323+0000] {logging_mixin.py:190} INFO - [2025-02-02T16:24:34.322+0000] {dag.py:3239} INFO - Sync 1 DAGs
[2025-02-02T16:24:34.358+0000] {logging_mixin.py:190} INFO - [2025-02-02T16:24:34.358+0000] {dag.py:4180} INFO - Setting next_dagrun for example_skip_dag to 2025-02-01 00:00:00+00:00, run_after=2025-02-02 00:00:00+00:00
[2025-02-02T16:24:34.395+0000] {processor.py:208} INFO - Processing /home/airflow/.local/lib/python3.12/site-packages/airflow/example_dags/example_skip_dag.py took 0.204 seconds
[2025-02-02T16:25:05.488+0000] {processor.py:186} INFO - Started process (PID=821) to work on /home/airflow/.local/lib/python3.12/site-packages/airflow/example_dags/example_skip_dag.py
[2025-02-02T16:25:05.490+0000] {processor.py:914} INFO - Processing file /home/airflow/.local/lib/python3.12/site-packages/airflow/example_dags/example_skip_dag.py for tasks to queue
[2025-02-02T16:25:05.493+0000] {logging_mixin.py:190} INFO - [2025-02-02T16:25:05.493+0000] {dagbag.py:588} INFO - Filling up the DagBag from /home/airflow/.local/lib/python3.12/site-packages/airflow/example_dags/example_skip_dag.py
[2025-02-02T16:25:05.503+0000] {processor.py:925} INFO - DAG(s) 'example_skip_dag' retrieved from /home/airflow/.local/lib/python3.12/site-packages/airflow/example_dags/example_skip_dag.py
[2025-02-02T16:25:05.529+0000] {logging_mixin.py:190} INFO - [2025-02-02T16:25:05.529+0000] {dag.py:3239} INFO - Sync 1 DAGs
[2025-02-02T16:25:05.562+0000] {logging_mixin.py:190} INFO - [2025-02-02T16:25:05.561+0000] {dag.py:4180} INFO - Setting next_dagrun for example_skip_dag to 2025-02-01 00:00:00+00:00, run_after=2025-02-02 00:00:00+00:00
[2025-02-02T16:25:05.589+0000] {processor.py:208} INFO - Processing /home/airflow/.local/lib/python3.12/site-packages/airflow/example_dags/example_skip_dag.py took 0.107 seconds
[2025-02-02T16:25:36.937+0000] {processor.py:186} INFO - Started process (PID=884) to work on /home/airflow/.local/lib/python3.12/site-packages/airflow/example_dags/example_skip_dag.py
[2025-02-02T16:25:36.939+0000] {processor.py:914} INFO - Processing file /home/airflow/.local/lib/python3.12/site-packages/airflow/example_dags/example_skip_dag.py for tasks to queue
[2025-02-02T16:25:36.941+0000] {logging_mixin.py:190} INFO - [2025-02-02T16:25:36.941+0000] {dagbag.py:588} INFO - Filling up the DagBag from /home/airflow/.local/lib/python3.12/site-packages/airflow/example_dags/example_skip_dag.py
[2025-02-02T16:25:36.951+0000] {processor.py:925} INFO - DAG(s) 'example_skip_dag' retrieved from /home/airflow/.local/lib/python3.12/site-packages/airflow/example_dags/example_skip_dag.py
[2025-02-02T16:25:36.975+0000] {logging_mixin.py:190} INFO - [2025-02-02T16:25:36.975+0000] {dag.py:3239} INFO - Sync 1 DAGs
[2025-02-02T16:25:37.000+0000] {logging_mixin.py:190} INFO - [2025-02-02T16:25:37.000+0000] {dag.py:4180} INFO - Setting next_dagrun for example_skip_dag to 2025-02-01 00:00:00+00:00, run_after=2025-02-02 00:00:00+00:00
[2025-02-02T16:25:37.025+0000] {processor.py:208} INFO - Processing /home/airflow/.local/lib/python3.12/site-packages/airflow/example_dags/example_skip_dag.py took 0.093 seconds
