[2025-02-02T12:16:40.128+0000] {processor.py:186} INFO - Started process (PID=82) to work on /home/airflow/.local/lib/python3.12/site-packages/airflow/example_dags/example_nested_branch_dag.py
[2025-02-02T12:16:40.129+0000] {processor.py:914} INFO - Processing file /home/airflow/.local/lib/python3.12/site-packages/airflow/example_dags/example_nested_branch_dag.py for tasks to queue
[2025-02-02T12:16:40.133+0000] {logging_mixin.py:190} INFO - [2025-02-02T12:16:40.132+0000] {dagbag.py:588} INFO - Filling up the DagBag from /home/airflow/.local/lib/python3.12/site-packages/airflow/example_dags/example_nested_branch_dag.py
[2025-02-02T12:16:40.155+0000] {processor.py:925} INFO - DAG(s) 'example_nested_branch_dag' retrieved from /home/airflow/.local/lib/python3.12/site-packages/airflow/example_dags/example_nested_branch_dag.py
[2025-02-02T12:16:40.334+0000] {logging_mixin.py:190} INFO - [2025-02-02T12:16:40.333+0000] {override.py:1911} INFO - Created Permission View: can read on DAG:example_nested_branch_dag
[2025-02-02T12:16:40.353+0000] {logging_mixin.py:190} INFO - [2025-02-02T12:16:40.352+0000] {override.py:1911} INFO - Created Permission View: can edit on DAG:example_nested_branch_dag
[2025-02-02T12:16:40.367+0000] {logging_mixin.py:190} INFO - [2025-02-02T12:16:40.366+0000] {override.py:1911} INFO - Created Permission View: can delete on DAG:example_nested_branch_dag
[2025-02-02T12:16:40.383+0000] {logging_mixin.py:190} INFO - [2025-02-02T12:16:40.383+0000] {override.py:1911} INFO - Created Permission View: can read on DAG Run:example_nested_branch_dag
[2025-02-02T12:16:40.396+0000] {logging_mixin.py:190} INFO - [2025-02-02T12:16:40.396+0000] {override.py:1911} INFO - Created Permission View: menu access on DAG Run:example_nested_branch_dag
[2025-02-02T12:16:40.414+0000] {logging_mixin.py:190} INFO - [2025-02-02T12:16:40.414+0000] {override.py:1911} INFO - Created Permission View: can create on DAG Run:example_nested_branch_dag
[2025-02-02T12:16:40.429+0000] {logging_mixin.py:190} INFO - [2025-02-02T12:16:40.429+0000] {override.py:1911} INFO - Created Permission View: can delete on DAG Run:example_nested_branch_dag
[2025-02-02T12:16:40.430+0000] {logging_mixin.py:190} INFO - [2025-02-02T12:16:40.430+0000] {dag.py:3239} INFO - Sync 1 DAGs
[2025-02-02T12:16:40.455+0000] {logging_mixin.py:190} INFO - [2025-02-02T12:16:40.455+0000] {dag.py:3262} INFO - Creating ORM DAG for example_nested_branch_dag
[2025-02-02T12:16:40.474+0000] {logging_mixin.py:190} INFO - [2025-02-02T12:16:40.473+0000] {dag.py:4180} INFO - Setting next_dagrun for example_nested_branch_dag to 2025-02-01 00:00:00+00:00, run_after=2025-02-02 00:00:00+00:00
[2025-02-02T12:16:40.506+0000] {processor.py:208} INFO - Processing /home/airflow/.local/lib/python3.12/site-packages/airflow/example_dags/example_nested_branch_dag.py took 0.384 seconds
[2025-02-02T12:17:11.184+0000] {processor.py:186} INFO - Started process (PID=145) to work on /home/airflow/.local/lib/python3.12/site-packages/airflow/example_dags/example_nested_branch_dag.py
[2025-02-02T12:17:11.186+0000] {processor.py:914} INFO - Processing file /home/airflow/.local/lib/python3.12/site-packages/airflow/example_dags/example_nested_branch_dag.py for tasks to queue
[2025-02-02T12:17:11.188+0000] {logging_mixin.py:190} INFO - [2025-02-02T12:17:11.188+0000] {dagbag.py:588} INFO - Filling up the DagBag from /home/airflow/.local/lib/python3.12/site-packages/airflow/example_dags/example_nested_branch_dag.py
[2025-02-02T12:17:11.202+0000] {processor.py:925} INFO - DAG(s) 'example_nested_branch_dag' retrieved from /home/airflow/.local/lib/python3.12/site-packages/airflow/example_dags/example_nested_branch_dag.py
[2025-02-02T12:17:11.225+0000] {logging_mixin.py:190} INFO - [2025-02-02T12:17:11.225+0000] {dag.py:3239} INFO - Sync 1 DAGs
[2025-02-02T12:17:11.255+0000] {logging_mixin.py:190} INFO - [2025-02-02T12:17:11.254+0000] {dag.py:4180} INFO - Setting next_dagrun for example_nested_branch_dag to 2025-02-01 00:00:00+00:00, run_after=2025-02-02 00:00:00+00:00
[2025-02-02T12:17:11.284+0000] {processor.py:208} INFO - Processing /home/airflow/.local/lib/python3.12/site-packages/airflow/example_dags/example_nested_branch_dag.py took 0.107 seconds
[2025-02-02T12:17:42.410+0000] {processor.py:186} INFO - Started process (PID=208) to work on /home/airflow/.local/lib/python3.12/site-packages/airflow/example_dags/example_nested_branch_dag.py
[2025-02-02T12:17:42.411+0000] {processor.py:914} INFO - Processing file /home/airflow/.local/lib/python3.12/site-packages/airflow/example_dags/example_nested_branch_dag.py for tasks to queue
[2025-02-02T12:17:42.414+0000] {logging_mixin.py:190} INFO - [2025-02-02T12:17:42.413+0000] {dagbag.py:588} INFO - Filling up the DagBag from /home/airflow/.local/lib/python3.12/site-packages/airflow/example_dags/example_nested_branch_dag.py
[2025-02-02T12:17:42.425+0000] {processor.py:925} INFO - DAG(s) 'example_nested_branch_dag' retrieved from /home/airflow/.local/lib/python3.12/site-packages/airflow/example_dags/example_nested_branch_dag.py
[2025-02-02T12:17:42.451+0000] {logging_mixin.py:190} INFO - [2025-02-02T12:17:42.451+0000] {dag.py:3239} INFO - Sync 1 DAGs
[2025-02-02T12:17:42.477+0000] {logging_mixin.py:190} INFO - [2025-02-02T12:17:42.477+0000] {dag.py:4180} INFO - Setting next_dagrun for example_nested_branch_dag to 2025-02-01 00:00:00+00:00, run_after=2025-02-02 00:00:00+00:00
[2025-02-02T12:17:42.500+0000] {processor.py:208} INFO - Processing /home/airflow/.local/lib/python3.12/site-packages/airflow/example_dags/example_nested_branch_dag.py took 0.096 seconds
[2025-02-02T12:18:13.549+0000] {processor.py:186} INFO - Started process (PID=271) to work on /home/airflow/.local/lib/python3.12/site-packages/airflow/example_dags/example_nested_branch_dag.py
[2025-02-02T12:18:13.550+0000] {processor.py:914} INFO - Processing file /home/airflow/.local/lib/python3.12/site-packages/airflow/example_dags/example_nested_branch_dag.py for tasks to queue
[2025-02-02T12:18:13.554+0000] {logging_mixin.py:190} INFO - [2025-02-02T12:18:13.553+0000] {dagbag.py:588} INFO - Filling up the DagBag from /home/airflow/.local/lib/python3.12/site-packages/airflow/example_dags/example_nested_branch_dag.py
[2025-02-02T12:18:13.565+0000] {processor.py:925} INFO - DAG(s) 'example_nested_branch_dag' retrieved from /home/airflow/.local/lib/python3.12/site-packages/airflow/example_dags/example_nested_branch_dag.py
[2025-02-02T12:18:13.588+0000] {logging_mixin.py:190} INFO - [2025-02-02T12:18:13.588+0000] {dag.py:3239} INFO - Sync 1 DAGs
[2025-02-02T12:18:13.616+0000] {logging_mixin.py:190} INFO - [2025-02-02T12:18:13.615+0000] {dag.py:4180} INFO - Setting next_dagrun for example_nested_branch_dag to 2025-02-01 00:00:00+00:00, run_after=2025-02-02 00:00:00+00:00
[2025-02-02T12:18:13.639+0000] {processor.py:208} INFO - Processing /home/airflow/.local/lib/python3.12/site-packages/airflow/example_dags/example_nested_branch_dag.py took 0.096 seconds
[2025-02-02T12:18:44.429+0000] {processor.py:186} INFO - Started process (PID=334) to work on /home/airflow/.local/lib/python3.12/site-packages/airflow/example_dags/example_nested_branch_dag.py
[2025-02-02T12:18:44.430+0000] {processor.py:914} INFO - Processing file /home/airflow/.local/lib/python3.12/site-packages/airflow/example_dags/example_nested_branch_dag.py for tasks to queue
[2025-02-02T12:18:44.433+0000] {logging_mixin.py:190} INFO - [2025-02-02T12:18:44.432+0000] {dagbag.py:588} INFO - Filling up the DagBag from /home/airflow/.local/lib/python3.12/site-packages/airflow/example_dags/example_nested_branch_dag.py
[2025-02-02T12:18:44.444+0000] {processor.py:925} INFO - DAG(s) 'example_nested_branch_dag' retrieved from /home/airflow/.local/lib/python3.12/site-packages/airflow/example_dags/example_nested_branch_dag.py
[2025-02-02T12:18:44.467+0000] {logging_mixin.py:190} INFO - [2025-02-02T12:18:44.467+0000] {dag.py:3239} INFO - Sync 1 DAGs
[2025-02-02T12:18:44.492+0000] {logging_mixin.py:190} INFO - [2025-02-02T12:18:44.491+0000] {dag.py:4180} INFO - Setting next_dagrun for example_nested_branch_dag to 2025-02-01 00:00:00+00:00, run_after=2025-02-02 00:00:00+00:00
[2025-02-02T12:18:44.514+0000] {processor.py:208} INFO - Processing /home/airflow/.local/lib/python3.12/site-packages/airflow/example_dags/example_nested_branch_dag.py took 0.092 seconds
[2025-02-02T12:19:15.749+0000] {processor.py:186} INFO - Started process (PID=397) to work on /home/airflow/.local/lib/python3.12/site-packages/airflow/example_dags/example_nested_branch_dag.py
[2025-02-02T12:19:15.751+0000] {processor.py:914} INFO - Processing file /home/airflow/.local/lib/python3.12/site-packages/airflow/example_dags/example_nested_branch_dag.py for tasks to queue
[2025-02-02T12:19:15.753+0000] {logging_mixin.py:190} INFO - [2025-02-02T12:19:15.753+0000] {dagbag.py:588} INFO - Filling up the DagBag from /home/airflow/.local/lib/python3.12/site-packages/airflow/example_dags/example_nested_branch_dag.py
[2025-02-02T12:19:15.764+0000] {processor.py:925} INFO - DAG(s) 'example_nested_branch_dag' retrieved from /home/airflow/.local/lib/python3.12/site-packages/airflow/example_dags/example_nested_branch_dag.py
[2025-02-02T12:19:15.787+0000] {logging_mixin.py:190} INFO - [2025-02-02T12:19:15.787+0000] {dag.py:3239} INFO - Sync 1 DAGs
[2025-02-02T12:19:15.812+0000] {logging_mixin.py:190} INFO - [2025-02-02T12:19:15.811+0000] {dag.py:4180} INFO - Setting next_dagrun for example_nested_branch_dag to 2025-02-01 00:00:00+00:00, run_after=2025-02-02 00:00:00+00:00
[2025-02-02T12:19:15.834+0000] {processor.py:208} INFO - Processing /home/airflow/.local/lib/python3.12/site-packages/airflow/example_dags/example_nested_branch_dag.py took 0.091 seconds
[2025-02-02T12:19:47.815+0000] {processor.py:186} INFO - Started process (PID=460) to work on /home/airflow/.local/lib/python3.12/site-packages/airflow/example_dags/example_nested_branch_dag.py
[2025-02-02T12:19:47.816+0000] {processor.py:914} INFO - Processing file /home/airflow/.local/lib/python3.12/site-packages/airflow/example_dags/example_nested_branch_dag.py for tasks to queue
[2025-02-02T12:19:47.819+0000] {logging_mixin.py:190} INFO - [2025-02-02T12:19:47.818+0000] {dagbag.py:588} INFO - Filling up the DagBag from /home/airflow/.local/lib/python3.12/site-packages/airflow/example_dags/example_nested_branch_dag.py
[2025-02-02T12:19:47.831+0000] {processor.py:925} INFO - DAG(s) 'example_nested_branch_dag' retrieved from /home/airflow/.local/lib/python3.12/site-packages/airflow/example_dags/example_nested_branch_dag.py
[2025-02-02T12:19:47.857+0000] {logging_mixin.py:190} INFO - [2025-02-02T12:19:47.856+0000] {dag.py:3239} INFO - Sync 1 DAGs
[2025-02-02T12:19:47.883+0000] {logging_mixin.py:190} INFO - [2025-02-02T12:19:47.883+0000] {dag.py:4180} INFO - Setting next_dagrun for example_nested_branch_dag to 2025-02-01 00:00:00+00:00, run_after=2025-02-02 00:00:00+00:00
[2025-02-02T12:19:47.909+0000] {processor.py:208} INFO - Processing /home/airflow/.local/lib/python3.12/site-packages/airflow/example_dags/example_nested_branch_dag.py took 0.100 seconds
[2025-02-02T12:20:20.124+0000] {processor.py:186} INFO - Started process (PID=523) to work on /home/airflow/.local/lib/python3.12/site-packages/airflow/example_dags/example_nested_branch_dag.py
[2025-02-02T12:20:20.126+0000] {processor.py:914} INFO - Processing file /home/airflow/.local/lib/python3.12/site-packages/airflow/example_dags/example_nested_branch_dag.py for tasks to queue
[2025-02-02T12:20:20.131+0000] {logging_mixin.py:190} INFO - [2025-02-02T12:20:20.130+0000] {dagbag.py:588} INFO - Filling up the DagBag from /home/airflow/.local/lib/python3.12/site-packages/airflow/example_dags/example_nested_branch_dag.py
[2025-02-02T12:20:20.149+0000] {processor.py:925} INFO - DAG(s) 'example_nested_branch_dag' retrieved from /home/airflow/.local/lib/python3.12/site-packages/airflow/example_dags/example_nested_branch_dag.py
[2025-02-02T12:20:20.185+0000] {logging_mixin.py:190} INFO - [2025-02-02T12:20:20.185+0000] {dag.py:3239} INFO - Sync 1 DAGs
[2025-02-02T12:20:20.222+0000] {logging_mixin.py:190} INFO - [2025-02-02T12:20:20.221+0000] {dag.py:4180} INFO - Setting next_dagrun for example_nested_branch_dag to 2025-02-01 00:00:00+00:00, run_after=2025-02-02 00:00:00+00:00
[2025-02-02T12:20:20.250+0000] {processor.py:208} INFO - Processing /home/airflow/.local/lib/python3.12/site-packages/airflow/example_dags/example_nested_branch_dag.py took 0.134 seconds
[2025-02-02T16:18:53.283+0000] {processor.py:186} INFO - Started process (PID=76) to work on /home/airflow/.local/lib/python3.12/site-packages/airflow/example_dags/example_nested_branch_dag.py
[2025-02-02T16:18:53.284+0000] {processor.py:914} INFO - Processing file /home/airflow/.local/lib/python3.12/site-packages/airflow/example_dags/example_nested_branch_dag.py for tasks to queue
[2025-02-02T16:18:53.287+0000] {logging_mixin.py:190} INFO - [2025-02-02T16:18:53.286+0000] {dagbag.py:588} INFO - Filling up the DagBag from /home/airflow/.local/lib/python3.12/site-packages/airflow/example_dags/example_nested_branch_dag.py
[2025-02-02T16:18:53.299+0000] {processor.py:925} INFO - DAG(s) 'example_nested_branch_dag' retrieved from /home/airflow/.local/lib/python3.12/site-packages/airflow/example_dags/example_nested_branch_dag.py
[2025-02-02T16:18:53.333+0000] {logging_mixin.py:190} INFO - [2025-02-02T16:18:53.333+0000] {dag.py:3239} INFO - Sync 1 DAGs
[2025-02-02T16:18:53.360+0000] {logging_mixin.py:190} INFO - [2025-02-02T16:18:53.359+0000] {dag.py:4180} INFO - Setting next_dagrun for example_nested_branch_dag to 2025-02-01 00:00:00+00:00, run_after=2025-02-02 00:00:00+00:00
[2025-02-02T16:18:53.383+0000] {processor.py:208} INFO - Processing /home/airflow/.local/lib/python3.12/site-packages/airflow/example_dags/example_nested_branch_dag.py took 0.104 seconds
[2025-02-02T16:19:24.304+0000] {processor.py:186} INFO - Started process (PID=139) to work on /home/airflow/.local/lib/python3.12/site-packages/airflow/example_dags/example_nested_branch_dag.py
[2025-02-02T16:19:24.305+0000] {processor.py:914} INFO - Processing file /home/airflow/.local/lib/python3.12/site-packages/airflow/example_dags/example_nested_branch_dag.py for tasks to queue
[2025-02-02T16:19:24.307+0000] {logging_mixin.py:190} INFO - [2025-02-02T16:19:24.307+0000] {dagbag.py:588} INFO - Filling up the DagBag from /home/airflow/.local/lib/python3.12/site-packages/airflow/example_dags/example_nested_branch_dag.py
[2025-02-02T16:19:24.318+0000] {processor.py:925} INFO - DAG(s) 'example_nested_branch_dag' retrieved from /home/airflow/.local/lib/python3.12/site-packages/airflow/example_dags/example_nested_branch_dag.py
[2025-02-02T16:19:24.340+0000] {logging_mixin.py:190} INFO - [2025-02-02T16:19:24.339+0000] {dag.py:3239} INFO - Sync 1 DAGs
[2025-02-02T16:19:24.366+0000] {logging_mixin.py:190} INFO - [2025-02-02T16:19:24.366+0000] {dag.py:4180} INFO - Setting next_dagrun for example_nested_branch_dag to 2025-02-01 00:00:00+00:00, run_after=2025-02-02 00:00:00+00:00
[2025-02-02T16:19:24.389+0000] {processor.py:208} INFO - Processing /home/airflow/.local/lib/python3.12/site-packages/airflow/example_dags/example_nested_branch_dag.py took 0.090 seconds
[2025-02-02T16:19:55.617+0000] {processor.py:186} INFO - Started process (PID=202) to work on /home/airflow/.local/lib/python3.12/site-packages/airflow/example_dags/example_nested_branch_dag.py
[2025-02-02T16:19:55.619+0000] {processor.py:914} INFO - Processing file /home/airflow/.local/lib/python3.12/site-packages/airflow/example_dags/example_nested_branch_dag.py for tasks to queue
[2025-02-02T16:19:55.621+0000] {logging_mixin.py:190} INFO - [2025-02-02T16:19:55.621+0000] {dagbag.py:588} INFO - Filling up the DagBag from /home/airflow/.local/lib/python3.12/site-packages/airflow/example_dags/example_nested_branch_dag.py
[2025-02-02T16:19:55.635+0000] {processor.py:925} INFO - DAG(s) 'example_nested_branch_dag' retrieved from /home/airflow/.local/lib/python3.12/site-packages/airflow/example_dags/example_nested_branch_dag.py
[2025-02-02T16:19:55.659+0000] {logging_mixin.py:190} INFO - [2025-02-02T16:19:55.658+0000] {dag.py:3239} INFO - Sync 1 DAGs
[2025-02-02T16:19:55.685+0000] {logging_mixin.py:190} INFO - [2025-02-02T16:19:55.685+0000] {dag.py:4180} INFO - Setting next_dagrun for example_nested_branch_dag to 2025-02-01 00:00:00+00:00, run_after=2025-02-02 00:00:00+00:00
[2025-02-02T16:19:55.709+0000] {processor.py:208} INFO - Processing /home/airflow/.local/lib/python3.12/site-packages/airflow/example_dags/example_nested_branch_dag.py took 0.098 seconds
[2025-02-02T16:20:26.934+0000] {processor.py:186} INFO - Started process (PID=271) to work on /home/airflow/.local/lib/python3.12/site-packages/airflow/example_dags/example_nested_branch_dag.py
[2025-02-02T16:20:26.935+0000] {processor.py:914} INFO - Processing file /home/airflow/.local/lib/python3.12/site-packages/airflow/example_dags/example_nested_branch_dag.py for tasks to queue
[2025-02-02T16:20:26.938+0000] {logging_mixin.py:190} INFO - [2025-02-02T16:20:26.938+0000] {dagbag.py:588} INFO - Filling up the DagBag from /home/airflow/.local/lib/python3.12/site-packages/airflow/example_dags/example_nested_branch_dag.py
[2025-02-02T16:20:26.948+0000] {processor.py:925} INFO - DAG(s) 'example_nested_branch_dag' retrieved from /home/airflow/.local/lib/python3.12/site-packages/airflow/example_dags/example_nested_branch_dag.py
[2025-02-02T16:20:26.973+0000] {logging_mixin.py:190} INFO - [2025-02-02T16:20:26.973+0000] {dag.py:3239} INFO - Sync 1 DAGs
[2025-02-02T16:20:26.997+0000] {logging_mixin.py:190} INFO - [2025-02-02T16:20:26.996+0000] {dag.py:4180} INFO - Setting next_dagrun for example_nested_branch_dag to 2025-02-01 00:00:00+00:00, run_after=2025-02-02 00:00:00+00:00
[2025-02-02T16:20:27.020+0000] {processor.py:208} INFO - Processing /home/airflow/.local/lib/python3.12/site-packages/airflow/example_dags/example_nested_branch_dag.py took 0.091 seconds
[2025-02-02T16:20:58.065+0000] {processor.py:186} INFO - Started process (PID=334) to work on /home/airflow/.local/lib/python3.12/site-packages/airflow/example_dags/example_nested_branch_dag.py
[2025-02-02T16:20:58.066+0000] {processor.py:914} INFO - Processing file /home/airflow/.local/lib/python3.12/site-packages/airflow/example_dags/example_nested_branch_dag.py for tasks to queue
[2025-02-02T16:20:58.069+0000] {logging_mixin.py:190} INFO - [2025-02-02T16:20:58.068+0000] {dagbag.py:588} INFO - Filling up the DagBag from /home/airflow/.local/lib/python3.12/site-packages/airflow/example_dags/example_nested_branch_dag.py
[2025-02-02T16:20:58.079+0000] {processor.py:925} INFO - DAG(s) 'example_nested_branch_dag' retrieved from /home/airflow/.local/lib/python3.12/site-packages/airflow/example_dags/example_nested_branch_dag.py
[2025-02-02T16:20:58.100+0000] {logging_mixin.py:190} INFO - [2025-02-02T16:20:58.100+0000] {dag.py:3239} INFO - Sync 1 DAGs
[2025-02-02T16:20:58.126+0000] {logging_mixin.py:190} INFO - [2025-02-02T16:20:58.126+0000] {dag.py:4180} INFO - Setting next_dagrun for example_nested_branch_dag to 2025-02-01 00:00:00+00:00, run_after=2025-02-02 00:00:00+00:00
[2025-02-02T16:20:58.147+0000] {processor.py:208} INFO - Processing /home/airflow/.local/lib/python3.12/site-packages/airflow/example_dags/example_nested_branch_dag.py took 0.087 seconds
[2025-02-02T16:21:28.953+0000] {processor.py:186} INFO - Started process (PID=397) to work on /home/airflow/.local/lib/python3.12/site-packages/airflow/example_dags/example_nested_branch_dag.py
[2025-02-02T16:21:28.954+0000] {processor.py:914} INFO - Processing file /home/airflow/.local/lib/python3.12/site-packages/airflow/example_dags/example_nested_branch_dag.py for tasks to queue
[2025-02-02T16:21:28.956+0000] {logging_mixin.py:190} INFO - [2025-02-02T16:21:28.956+0000] {dagbag.py:588} INFO - Filling up the DagBag from /home/airflow/.local/lib/python3.12/site-packages/airflow/example_dags/example_nested_branch_dag.py
[2025-02-02T16:21:28.968+0000] {processor.py:925} INFO - DAG(s) 'example_nested_branch_dag' retrieved from /home/airflow/.local/lib/python3.12/site-packages/airflow/example_dags/example_nested_branch_dag.py
[2025-02-02T16:21:28.991+0000] {logging_mixin.py:190} INFO - [2025-02-02T16:21:28.991+0000] {dag.py:3239} INFO - Sync 1 DAGs
[2025-02-02T16:21:29.015+0000] {logging_mixin.py:190} INFO - [2025-02-02T16:21:29.015+0000] {dag.py:4180} INFO - Setting next_dagrun for example_nested_branch_dag to 2025-02-01 00:00:00+00:00, run_after=2025-02-02 00:00:00+00:00
[2025-02-02T16:21:29.040+0000] {processor.py:208} INFO - Processing /home/airflow/.local/lib/python3.12/site-packages/airflow/example_dags/example_nested_branch_dag.py took 0.092 seconds
[2025-02-02T16:21:59.346+0000] {processor.py:186} INFO - Started process (PID=460) to work on /home/airflow/.local/lib/python3.12/site-packages/airflow/example_dags/example_nested_branch_dag.py
[2025-02-02T16:21:59.347+0000] {processor.py:914} INFO - Processing file /home/airflow/.local/lib/python3.12/site-packages/airflow/example_dags/example_nested_branch_dag.py for tasks to queue
[2025-02-02T16:21:59.349+0000] {logging_mixin.py:190} INFO - [2025-02-02T16:21:59.349+0000] {dagbag.py:588} INFO - Filling up the DagBag from /home/airflow/.local/lib/python3.12/site-packages/airflow/example_dags/example_nested_branch_dag.py
[2025-02-02T16:21:59.359+0000] {processor.py:925} INFO - DAG(s) 'example_nested_branch_dag' retrieved from /home/airflow/.local/lib/python3.12/site-packages/airflow/example_dags/example_nested_branch_dag.py
[2025-02-02T16:21:59.380+0000] {logging_mixin.py:190} INFO - [2025-02-02T16:21:59.380+0000] {dag.py:3239} INFO - Sync 1 DAGs
[2025-02-02T16:21:59.404+0000] {logging_mixin.py:190} INFO - [2025-02-02T16:21:59.404+0000] {dag.py:4180} INFO - Setting next_dagrun for example_nested_branch_dag to 2025-02-01 00:00:00+00:00, run_after=2025-02-02 00:00:00+00:00
[2025-02-02T16:21:59.423+0000] {processor.py:208} INFO - Processing /home/airflow/.local/lib/python3.12/site-packages/airflow/example_dags/example_nested_branch_dag.py took 0.082 seconds
[2025-02-02T16:22:30.852+0000] {processor.py:186} INFO - Started process (PID=522) to work on /home/airflow/.local/lib/python3.12/site-packages/airflow/example_dags/example_nested_branch_dag.py
[2025-02-02T16:22:30.853+0000] {processor.py:914} INFO - Processing file /home/airflow/.local/lib/python3.12/site-packages/airflow/example_dags/example_nested_branch_dag.py for tasks to queue
[2025-02-02T16:22:30.856+0000] {logging_mixin.py:190} INFO - [2025-02-02T16:22:30.855+0000] {dagbag.py:588} INFO - Filling up the DagBag from /home/airflow/.local/lib/python3.12/site-packages/airflow/example_dags/example_nested_branch_dag.py
[2025-02-02T16:22:30.867+0000] {processor.py:925} INFO - DAG(s) 'example_nested_branch_dag' retrieved from /home/airflow/.local/lib/python3.12/site-packages/airflow/example_dags/example_nested_branch_dag.py
[2025-02-02T16:22:30.888+0000] {logging_mixin.py:190} INFO - [2025-02-02T16:22:30.888+0000] {dag.py:3239} INFO - Sync 1 DAGs
[2025-02-02T16:22:30.911+0000] {logging_mixin.py:190} INFO - [2025-02-02T16:22:30.911+0000] {dag.py:4180} INFO - Setting next_dagrun for example_nested_branch_dag to 2025-02-01 00:00:00+00:00, run_after=2025-02-02 00:00:00+00:00
[2025-02-02T16:22:30.932+0000] {processor.py:208} INFO - Processing /home/airflow/.local/lib/python3.12/site-packages/airflow/example_dags/example_nested_branch_dag.py took 0.085 seconds
[2025-02-02T16:23:01.876+0000] {processor.py:186} INFO - Started process (PID=585) to work on /home/airflow/.local/lib/python3.12/site-packages/airflow/example_dags/example_nested_branch_dag.py
[2025-02-02T16:23:01.877+0000] {processor.py:914} INFO - Processing file /home/airflow/.local/lib/python3.12/site-packages/airflow/example_dags/example_nested_branch_dag.py for tasks to queue
[2025-02-02T16:23:01.880+0000] {logging_mixin.py:190} INFO - [2025-02-02T16:23:01.879+0000] {dagbag.py:588} INFO - Filling up the DagBag from /home/airflow/.local/lib/python3.12/site-packages/airflow/example_dags/example_nested_branch_dag.py
[2025-02-02T16:23:01.890+0000] {processor.py:925} INFO - DAG(s) 'example_nested_branch_dag' retrieved from /home/airflow/.local/lib/python3.12/site-packages/airflow/example_dags/example_nested_branch_dag.py
[2025-02-02T16:23:01.912+0000] {logging_mixin.py:190} INFO - [2025-02-02T16:23:01.912+0000] {dag.py:3239} INFO - Sync 1 DAGs
[2025-02-02T16:23:01.936+0000] {logging_mixin.py:190} INFO - [2025-02-02T16:23:01.936+0000] {dag.py:4180} INFO - Setting next_dagrun for example_nested_branch_dag to 2025-02-01 00:00:00+00:00, run_after=2025-02-02 00:00:00+00:00
[2025-02-02T16:23:01.958+0000] {processor.py:208} INFO - Processing /home/airflow/.local/lib/python3.12/site-packages/airflow/example_dags/example_nested_branch_dag.py took 0.087 seconds
[2025-02-02T16:23:33.413+0000] {processor.py:186} INFO - Started process (PID=648) to work on /home/airflow/.local/lib/python3.12/site-packages/airflow/example_dags/example_nested_branch_dag.py
[2025-02-02T16:23:33.414+0000] {processor.py:914} INFO - Processing file /home/airflow/.local/lib/python3.12/site-packages/airflow/example_dags/example_nested_branch_dag.py for tasks to queue
[2025-02-02T16:23:33.418+0000] {logging_mixin.py:190} INFO - [2025-02-02T16:23:33.417+0000] {dagbag.py:588} INFO - Filling up the DagBag from /home/airflow/.local/lib/python3.12/site-packages/airflow/example_dags/example_nested_branch_dag.py
[2025-02-02T16:23:33.434+0000] {processor.py:925} INFO - DAG(s) 'example_nested_branch_dag' retrieved from /home/airflow/.local/lib/python3.12/site-packages/airflow/example_dags/example_nested_branch_dag.py
[2025-02-02T16:23:33.462+0000] {logging_mixin.py:190} INFO - [2025-02-02T16:23:33.462+0000] {dag.py:3239} INFO - Sync 1 DAGs
[2025-02-02T16:23:33.494+0000] {logging_mixin.py:190} INFO - [2025-02-02T16:23:33.493+0000] {dag.py:4180} INFO - Setting next_dagrun for example_nested_branch_dag to 2025-02-01 00:00:00+00:00, run_after=2025-02-02 00:00:00+00:00
[2025-02-02T16:23:33.523+0000] {processor.py:208} INFO - Processing /home/airflow/.local/lib/python3.12/site-packages/airflow/example_dags/example_nested_branch_dag.py took 0.117 seconds
[2025-02-02T16:24:03.808+0000] {processor.py:186} INFO - Started process (PID=711) to work on /home/airflow/.local/lib/python3.12/site-packages/airflow/example_dags/example_nested_branch_dag.py
[2025-02-02T16:24:03.810+0000] {processor.py:914} INFO - Processing file /home/airflow/.local/lib/python3.12/site-packages/airflow/example_dags/example_nested_branch_dag.py for tasks to queue
[2025-02-02T16:24:03.812+0000] {logging_mixin.py:190} INFO - [2025-02-02T16:24:03.812+0000] {dagbag.py:588} INFO - Filling up the DagBag from /home/airflow/.local/lib/python3.12/site-packages/airflow/example_dags/example_nested_branch_dag.py
[2025-02-02T16:24:03.823+0000] {processor.py:925} INFO - DAG(s) 'example_nested_branch_dag' retrieved from /home/airflow/.local/lib/python3.12/site-packages/airflow/example_dags/example_nested_branch_dag.py
[2025-02-02T16:24:03.844+0000] {logging_mixin.py:190} INFO - [2025-02-02T16:24:03.844+0000] {dag.py:3239} INFO - Sync 1 DAGs
[2025-02-02T16:24:03.869+0000] {logging_mixin.py:190} INFO - [2025-02-02T16:24:03.869+0000] {dag.py:4180} INFO - Setting next_dagrun for example_nested_branch_dag to 2025-02-01 00:00:00+00:00, run_after=2025-02-02 00:00:00+00:00
[2025-02-02T16:24:03.891+0000] {processor.py:208} INFO - Processing /home/airflow/.local/lib/python3.12/site-packages/airflow/example_dags/example_nested_branch_dag.py took 0.088 seconds
[2025-02-02T16:24:35.937+0000] {processor.py:186} INFO - Started process (PID=774) to work on /home/airflow/.local/lib/python3.12/site-packages/airflow/example_dags/example_nested_branch_dag.py
[2025-02-02T16:24:35.939+0000] {processor.py:914} INFO - Processing file /home/airflow/.local/lib/python3.12/site-packages/airflow/example_dags/example_nested_branch_dag.py for tasks to queue
[2025-02-02T16:24:35.941+0000] {logging_mixin.py:190} INFO - [2025-02-02T16:24:35.941+0000] {dagbag.py:588} INFO - Filling up the DagBag from /home/airflow/.local/lib/python3.12/site-packages/airflow/example_dags/example_nested_branch_dag.py
[2025-02-02T16:24:35.954+0000] {processor.py:925} INFO - DAG(s) 'example_nested_branch_dag' retrieved from /home/airflow/.local/lib/python3.12/site-packages/airflow/example_dags/example_nested_branch_dag.py
[2025-02-02T16:24:35.980+0000] {logging_mixin.py:190} INFO - [2025-02-02T16:24:35.980+0000] {dag.py:3239} INFO - Sync 1 DAGs
[2025-02-02T16:24:36.009+0000] {logging_mixin.py:190} INFO - [2025-02-02T16:24:36.009+0000] {dag.py:4180} INFO - Setting next_dagrun for example_nested_branch_dag to 2025-02-01 00:00:00+00:00, run_after=2025-02-02 00:00:00+00:00
[2025-02-02T16:24:36.044+0000] {processor.py:208} INFO - Processing /home/airflow/.local/lib/python3.12/site-packages/airflow/example_dags/example_nested_branch_dag.py took 0.112 seconds
[2025-02-02T16:25:06.580+0000] {processor.py:186} INFO - Started process (PID=837) to work on /home/airflow/.local/lib/python3.12/site-packages/airflow/example_dags/example_nested_branch_dag.py
[2025-02-02T16:25:06.581+0000] {processor.py:914} INFO - Processing file /home/airflow/.local/lib/python3.12/site-packages/airflow/example_dags/example_nested_branch_dag.py for tasks to queue
[2025-02-02T16:25:06.584+0000] {logging_mixin.py:190} INFO - [2025-02-02T16:25:06.584+0000] {dagbag.py:588} INFO - Filling up the DagBag from /home/airflow/.local/lib/python3.12/site-packages/airflow/example_dags/example_nested_branch_dag.py
[2025-02-02T16:25:06.597+0000] {processor.py:925} INFO - DAG(s) 'example_nested_branch_dag' retrieved from /home/airflow/.local/lib/python3.12/site-packages/airflow/example_dags/example_nested_branch_dag.py
[2025-02-02T16:25:06.627+0000] {logging_mixin.py:190} INFO - [2025-02-02T16:25:06.627+0000] {dag.py:3239} INFO - Sync 1 DAGs
[2025-02-02T16:25:06.654+0000] {logging_mixin.py:190} INFO - [2025-02-02T16:25:06.654+0000] {dag.py:4180} INFO - Setting next_dagrun for example_nested_branch_dag to 2025-02-01 00:00:00+00:00, run_after=2025-02-02 00:00:00+00:00
[2025-02-02T16:25:06.675+0000] {processor.py:208} INFO - Processing /home/airflow/.local/lib/python3.12/site-packages/airflow/example_dags/example_nested_branch_dag.py took 0.102 seconds
[2025-02-02T16:25:38.165+0000] {processor.py:186} INFO - Started process (PID=900) to work on /home/airflow/.local/lib/python3.12/site-packages/airflow/example_dags/example_nested_branch_dag.py
[2025-02-02T16:25:38.167+0000] {processor.py:914} INFO - Processing file /home/airflow/.local/lib/python3.12/site-packages/airflow/example_dags/example_nested_branch_dag.py for tasks to queue
[2025-02-02T16:25:38.170+0000] {logging_mixin.py:190} INFO - [2025-02-02T16:25:38.169+0000] {dagbag.py:588} INFO - Filling up the DagBag from /home/airflow/.local/lib/python3.12/site-packages/airflow/example_dags/example_nested_branch_dag.py
[2025-02-02T16:25:38.181+0000] {processor.py:925} INFO - DAG(s) 'example_nested_branch_dag' retrieved from /home/airflow/.local/lib/python3.12/site-packages/airflow/example_dags/example_nested_branch_dag.py
[2025-02-02T16:25:38.205+0000] {logging_mixin.py:190} INFO - [2025-02-02T16:25:38.205+0000] {dag.py:3239} INFO - Sync 1 DAGs
[2025-02-02T16:25:38.228+0000] {logging_mixin.py:190} INFO - [2025-02-02T16:25:38.228+0000] {dag.py:4180} INFO - Setting next_dagrun for example_nested_branch_dag to 2025-02-01 00:00:00+00:00, run_after=2025-02-02 00:00:00+00:00
[2025-02-02T16:25:38.248+0000] {processor.py:208} INFO - Processing /home/airflow/.local/lib/python3.12/site-packages/airflow/example_dags/example_nested_branch_dag.py took 0.088 seconds
