[2025-02-02T12:16:39.544+0000] {processor.py:186} INFO - Started process (PID=78) to work on /home/airflow/.local/lib/python3.12/site-packages/airflow/example_dags/example_latest_only.py
[2025-02-02T12:16:39.545+0000] {processor.py:914} INFO - Processing file /home/airflow/.local/lib/python3.12/site-packages/airflow/example_dags/example_latest_only.py for tasks to queue
[2025-02-02T12:16:39.548+0000] {logging_mixin.py:190} INFO - [2025-02-02T12:16:39.548+0000] {dagbag.py:588} INFO - Filling up the DagBag from /home/airflow/.local/lib/python3.12/site-packages/airflow/example_dags/example_latest_only.py
[2025-02-02T12:16:39.557+0000] {processor.py:925} INFO - DAG(s) 'latest_only' retrieved from /home/airflow/.local/lib/python3.12/site-packages/airflow/example_dags/example_latest_only.py
[2025-02-02T12:16:39.671+0000] {logging_mixin.py:190} INFO - [2025-02-02T12:16:39.670+0000] {override.py:1911} INFO - Created Permission View: can read on DAG:latest_only
[2025-02-02T12:16:39.685+0000] {logging_mixin.py:190} INFO - [2025-02-02T12:16:39.685+0000] {override.py:1911} INFO - Created Permission View: can edit on DAG:latest_only
[2025-02-02T12:16:39.695+0000] {logging_mixin.py:190} INFO - [2025-02-02T12:16:39.695+0000] {override.py:1911} INFO - Created Permission View: can delete on DAG:latest_only
[2025-02-02T12:16:39.707+0000] {logging_mixin.py:190} INFO - [2025-02-02T12:16:39.707+0000] {override.py:1911} INFO - Created Permission View: can read on DAG Run:latest_only
[2025-02-02T12:16:39.717+0000] {logging_mixin.py:190} INFO - [2025-02-02T12:16:39.717+0000] {override.py:1911} INFO - Created Permission View: menu access on DAG Run:latest_only
[2025-02-02T12:16:39.726+0000] {logging_mixin.py:190} INFO - [2025-02-02T12:16:39.725+0000] {override.py:1911} INFO - Created Permission View: can create on DAG Run:latest_only
[2025-02-02T12:16:39.735+0000] {logging_mixin.py:190} INFO - [2025-02-02T12:16:39.734+0000] {override.py:1911} INFO - Created Permission View: can delete on DAG Run:latest_only
[2025-02-02T12:16:39.735+0000] {logging_mixin.py:190} INFO - [2025-02-02T12:16:39.735+0000] {dag.py:3239} INFO - Sync 1 DAGs
[2025-02-02T12:16:39.752+0000] {logging_mixin.py:190} INFO - [2025-02-02T12:16:39.751+0000] {dag.py:3262} INFO - Creating ORM DAG for latest_only
[2025-02-02T12:16:39.762+0000] {logging_mixin.py:190} INFO - [2025-02-02T12:16:39.762+0000] {dag.py:4180} INFO - Setting next_dagrun for latest_only to 2025-02-02 08:00:00+00:00, run_after=2025-02-02 12:00:00+00:00
[2025-02-02T12:16:39.783+0000] {processor.py:208} INFO - Processing /home/airflow/.local/lib/python3.12/site-packages/airflow/example_dags/example_latest_only.py took 0.245 seconds
[2025-02-02T12:17:09.890+0000] {processor.py:186} INFO - Started process (PID=141) to work on /home/airflow/.local/lib/python3.12/site-packages/airflow/example_dags/example_latest_only.py
[2025-02-02T12:17:09.891+0000] {processor.py:914} INFO - Processing file /home/airflow/.local/lib/python3.12/site-packages/airflow/example_dags/example_latest_only.py for tasks to queue
[2025-02-02T12:17:09.895+0000] {logging_mixin.py:190} INFO - [2025-02-02T12:17:09.894+0000] {dagbag.py:588} INFO - Filling up the DagBag from /home/airflow/.local/lib/python3.12/site-packages/airflow/example_dags/example_latest_only.py
[2025-02-02T12:17:09.903+0000] {processor.py:925} INFO - DAG(s) 'latest_only' retrieved from /home/airflow/.local/lib/python3.12/site-packages/airflow/example_dags/example_latest_only.py
[2025-02-02T12:17:09.927+0000] {logging_mixin.py:190} INFO - [2025-02-02T12:17:09.927+0000] {dag.py:3239} INFO - Sync 1 DAGs
[2025-02-02T12:17:09.960+0000] {logging_mixin.py:190} INFO - [2025-02-02T12:17:09.960+0000] {dag.py:4180} INFO - Setting next_dagrun for latest_only to 2025-02-02 08:00:00+00:00, run_after=2025-02-02 12:00:00+00:00
[2025-02-02T12:17:09.986+0000] {processor.py:208} INFO - Processing /home/airflow/.local/lib/python3.12/site-packages/airflow/example_dags/example_latest_only.py took 0.101 seconds
[2025-02-02T12:17:42.132+0000] {processor.py:186} INFO - Started process (PID=204) to work on /home/airflow/.local/lib/python3.12/site-packages/airflow/example_dags/example_latest_only.py
[2025-02-02T12:17:42.133+0000] {processor.py:914} INFO - Processing file /home/airflow/.local/lib/python3.12/site-packages/airflow/example_dags/example_latest_only.py for tasks to queue
[2025-02-02T12:17:42.136+0000] {logging_mixin.py:190} INFO - [2025-02-02T12:17:42.136+0000] {dagbag.py:588} INFO - Filling up the DagBag from /home/airflow/.local/lib/python3.12/site-packages/airflow/example_dags/example_latest_only.py
[2025-02-02T12:17:42.143+0000] {processor.py:925} INFO - DAG(s) 'latest_only' retrieved from /home/airflow/.local/lib/python3.12/site-packages/airflow/example_dags/example_latest_only.py
[2025-02-02T12:17:42.165+0000] {logging_mixin.py:190} INFO - [2025-02-02T12:17:42.165+0000] {dag.py:3239} INFO - Sync 1 DAGs
[2025-02-02T12:17:42.188+0000] {logging_mixin.py:190} INFO - [2025-02-02T12:17:42.188+0000] {dag.py:4180} INFO - Setting next_dagrun for latest_only to 2025-02-02 08:00:00+00:00, run_after=2025-02-02 12:00:00+00:00
[2025-02-02T12:17:42.209+0000] {processor.py:208} INFO - Processing /home/airflow/.local/lib/python3.12/site-packages/airflow/example_dags/example_latest_only.py took 0.083 seconds
[2025-02-02T12:18:13.287+0000] {processor.py:186} INFO - Started process (PID=267) to work on /home/airflow/.local/lib/python3.12/site-packages/airflow/example_dags/example_latest_only.py
[2025-02-02T12:18:13.288+0000] {processor.py:914} INFO - Processing file /home/airflow/.local/lib/python3.12/site-packages/airflow/example_dags/example_latest_only.py for tasks to queue
[2025-02-02T12:18:13.292+0000] {logging_mixin.py:190} INFO - [2025-02-02T12:18:13.291+0000] {dagbag.py:588} INFO - Filling up the DagBag from /home/airflow/.local/lib/python3.12/site-packages/airflow/example_dags/example_latest_only.py
[2025-02-02T12:18:13.300+0000] {processor.py:925} INFO - DAG(s) 'latest_only' retrieved from /home/airflow/.local/lib/python3.12/site-packages/airflow/example_dags/example_latest_only.py
[2025-02-02T12:18:13.326+0000] {logging_mixin.py:190} INFO - [2025-02-02T12:18:13.325+0000] {dag.py:3239} INFO - Sync 1 DAGs
[2025-02-02T12:18:13.354+0000] {logging_mixin.py:190} INFO - [2025-02-02T12:18:13.353+0000] {dag.py:4180} INFO - Setting next_dagrun for latest_only to 2025-02-02 08:00:00+00:00, run_after=2025-02-02 12:00:00+00:00
[2025-02-02T12:18:13.377+0000] {processor.py:208} INFO - Processing /home/airflow/.local/lib/python3.12/site-packages/airflow/example_dags/example_latest_only.py took 0.097 seconds
[2025-02-02T12:18:44.034+0000] {processor.py:186} INFO - Started process (PID=330) to work on /home/airflow/.local/lib/python3.12/site-packages/airflow/example_dags/example_latest_only.py
[2025-02-02T12:18:44.035+0000] {processor.py:914} INFO - Processing file /home/airflow/.local/lib/python3.12/site-packages/airflow/example_dags/example_latest_only.py for tasks to queue
[2025-02-02T12:18:44.038+0000] {logging_mixin.py:190} INFO - [2025-02-02T12:18:44.038+0000] {dagbag.py:588} INFO - Filling up the DagBag from /home/airflow/.local/lib/python3.12/site-packages/airflow/example_dags/example_latest_only.py
[2025-02-02T12:18:44.045+0000] {processor.py:925} INFO - DAG(s) 'latest_only' retrieved from /home/airflow/.local/lib/python3.12/site-packages/airflow/example_dags/example_latest_only.py
[2025-02-02T12:18:44.066+0000] {logging_mixin.py:190} INFO - [2025-02-02T12:18:44.065+0000] {dag.py:3239} INFO - Sync 1 DAGs
[2025-02-02T12:18:44.090+0000] {logging_mixin.py:190} INFO - [2025-02-02T12:18:44.090+0000] {dag.py:4180} INFO - Setting next_dagrun for latest_only to 2025-02-02 08:00:00+00:00, run_after=2025-02-02 12:00:00+00:00
[2025-02-02T12:18:44.113+0000] {processor.py:208} INFO - Processing /home/airflow/.local/lib/python3.12/site-packages/airflow/example_dags/example_latest_only.py took 0.085 seconds
[2025-02-02T12:19:15.501+0000] {processor.py:186} INFO - Started process (PID=393) to work on /home/airflow/.local/lib/python3.12/site-packages/airflow/example_dags/example_latest_only.py
[2025-02-02T12:19:15.503+0000] {processor.py:914} INFO - Processing file /home/airflow/.local/lib/python3.12/site-packages/airflow/example_dags/example_latest_only.py for tasks to queue
[2025-02-02T12:19:15.506+0000] {logging_mixin.py:190} INFO - [2025-02-02T12:19:15.505+0000] {dagbag.py:588} INFO - Filling up the DagBag from /home/airflow/.local/lib/python3.12/site-packages/airflow/example_dags/example_latest_only.py
[2025-02-02T12:19:15.513+0000] {processor.py:925} INFO - DAG(s) 'latest_only' retrieved from /home/airflow/.local/lib/python3.12/site-packages/airflow/example_dags/example_latest_only.py
[2025-02-02T12:19:15.534+0000] {logging_mixin.py:190} INFO - [2025-02-02T12:19:15.533+0000] {dag.py:3239} INFO - Sync 1 DAGs
[2025-02-02T12:19:15.560+0000] {logging_mixin.py:190} INFO - [2025-02-02T12:19:15.560+0000] {dag.py:4180} INFO - Setting next_dagrun for latest_only to 2025-02-02 08:00:00+00:00, run_after=2025-02-02 12:00:00+00:00
[2025-02-02T12:19:15.581+0000] {processor.py:208} INFO - Processing /home/airflow/.local/lib/python3.12/site-packages/airflow/example_dags/example_latest_only.py took 0.087 seconds
[2025-02-02T12:19:47.534+0000] {processor.py:186} INFO - Started process (PID=456) to work on /home/airflow/.local/lib/python3.12/site-packages/airflow/example_dags/example_latest_only.py
[2025-02-02T12:19:47.535+0000] {processor.py:914} INFO - Processing file /home/airflow/.local/lib/python3.12/site-packages/airflow/example_dags/example_latest_only.py for tasks to queue
[2025-02-02T12:19:47.539+0000] {logging_mixin.py:190} INFO - [2025-02-02T12:19:47.539+0000] {dagbag.py:588} INFO - Filling up the DagBag from /home/airflow/.local/lib/python3.12/site-packages/airflow/example_dags/example_latest_only.py
[2025-02-02T12:19:47.546+0000] {processor.py:925} INFO - DAG(s) 'latest_only' retrieved from /home/airflow/.local/lib/python3.12/site-packages/airflow/example_dags/example_latest_only.py
[2025-02-02T12:19:47.574+0000] {logging_mixin.py:190} INFO - [2025-02-02T12:19:47.573+0000] {dag.py:3239} INFO - Sync 1 DAGs
[2025-02-02T12:19:47.599+0000] {logging_mixin.py:190} INFO - [2025-02-02T12:19:47.599+0000] {dag.py:4180} INFO - Setting next_dagrun for latest_only to 2025-02-02 08:00:00+00:00, run_after=2025-02-02 12:00:00+00:00
[2025-02-02T12:19:47.625+0000] {processor.py:208} INFO - Processing /home/airflow/.local/lib/python3.12/site-packages/airflow/example_dags/example_latest_only.py took 0.098 seconds
[2025-02-02T12:20:19.685+0000] {processor.py:186} INFO - Started process (PID=519) to work on /home/airflow/.local/lib/python3.12/site-packages/airflow/example_dags/example_latest_only.py
[2025-02-02T12:20:19.687+0000] {processor.py:914} INFO - Processing file /home/airflow/.local/lib/python3.12/site-packages/airflow/example_dags/example_latest_only.py for tasks to queue
[2025-02-02T12:20:19.691+0000] {logging_mixin.py:190} INFO - [2025-02-02T12:20:19.690+0000] {dagbag.py:588} INFO - Filling up the DagBag from /home/airflow/.local/lib/python3.12/site-packages/airflow/example_dags/example_latest_only.py
[2025-02-02T12:20:19.704+0000] {processor.py:925} INFO - DAG(s) 'latest_only' retrieved from /home/airflow/.local/lib/python3.12/site-packages/airflow/example_dags/example_latest_only.py
[2025-02-02T12:20:19.734+0000] {logging_mixin.py:190} INFO - [2025-02-02T12:20:19.734+0000] {dag.py:3239} INFO - Sync 1 DAGs
[2025-02-02T12:20:19.772+0000] {logging_mixin.py:190} INFO - [2025-02-02T12:20:19.772+0000] {dag.py:4180} INFO - Setting next_dagrun for latest_only to 2025-02-02 08:00:00+00:00, run_after=2025-02-02 12:00:00+00:00
[2025-02-02T12:20:19.832+0000] {processor.py:208} INFO - Processing /home/airflow/.local/lib/python3.12/site-packages/airflow/example_dags/example_latest_only.py took 0.156 seconds
[2025-02-02T16:18:52.789+0000] {processor.py:186} INFO - Started process (PID=72) to work on /home/airflow/.local/lib/python3.12/site-packages/airflow/example_dags/example_latest_only.py
[2025-02-02T16:18:52.790+0000] {processor.py:914} INFO - Processing file /home/airflow/.local/lib/python3.12/site-packages/airflow/example_dags/example_latest_only.py for tasks to queue
[2025-02-02T16:18:52.792+0000] {logging_mixin.py:190} INFO - [2025-02-02T16:18:52.792+0000] {dagbag.py:588} INFO - Filling up the DagBag from /home/airflow/.local/lib/python3.12/site-packages/airflow/example_dags/example_latest_only.py
[2025-02-02T16:18:52.800+0000] {processor.py:925} INFO - DAG(s) 'latest_only' retrieved from /home/airflow/.local/lib/python3.12/site-packages/airflow/example_dags/example_latest_only.py
[2025-02-02T16:18:52.826+0000] {logging_mixin.py:190} INFO - [2025-02-02T16:18:52.825+0000] {dag.py:3239} INFO - Sync 1 DAGs
[2025-02-02T16:18:52.851+0000] {logging_mixin.py:190} INFO - [2025-02-02T16:18:52.851+0000] {dag.py:4180} INFO - Setting next_dagrun for latest_only to 2025-02-02 12:00:00+00:00, run_after=2025-02-02 16:00:00+00:00
[2025-02-02T16:18:52.874+0000] {processor.py:208} INFO - Processing /home/airflow/.local/lib/python3.12/site-packages/airflow/example_dags/example_latest_only.py took 0.090 seconds
[2025-02-02T16:19:24.060+0000] {processor.py:186} INFO - Started process (PID=135) to work on /home/airflow/.local/lib/python3.12/site-packages/airflow/example_dags/example_latest_only.py
[2025-02-02T16:19:24.061+0000] {processor.py:914} INFO - Processing file /home/airflow/.local/lib/python3.12/site-packages/airflow/example_dags/example_latest_only.py for tasks to queue
[2025-02-02T16:19:24.064+0000] {logging_mixin.py:190} INFO - [2025-02-02T16:19:24.064+0000] {dagbag.py:588} INFO - Filling up the DagBag from /home/airflow/.local/lib/python3.12/site-packages/airflow/example_dags/example_latest_only.py
[2025-02-02T16:19:24.070+0000] {processor.py:925} INFO - DAG(s) 'latest_only' retrieved from /home/airflow/.local/lib/python3.12/site-packages/airflow/example_dags/example_latest_only.py
[2025-02-02T16:19:24.091+0000] {logging_mixin.py:190} INFO - [2025-02-02T16:19:24.091+0000] {dag.py:3239} INFO - Sync 1 DAGs
[2025-02-02T16:19:24.116+0000] {logging_mixin.py:190} INFO - [2025-02-02T16:19:24.116+0000] {dag.py:4180} INFO - Setting next_dagrun for latest_only to 2025-02-02 12:00:00+00:00, run_after=2025-02-02 16:00:00+00:00
[2025-02-02T16:19:24.141+0000] {processor.py:208} INFO - Processing /home/airflow/.local/lib/python3.12/site-packages/airflow/example_dags/example_latest_only.py took 0.087 seconds
[2025-02-02T16:19:55.368+0000] {processor.py:186} INFO - Started process (PID=198) to work on /home/airflow/.local/lib/python3.12/site-packages/airflow/example_dags/example_latest_only.py
[2025-02-02T16:19:55.369+0000] {processor.py:914} INFO - Processing file /home/airflow/.local/lib/python3.12/site-packages/airflow/example_dags/example_latest_only.py for tasks to queue
[2025-02-02T16:19:55.373+0000] {logging_mixin.py:190} INFO - [2025-02-02T16:19:55.372+0000] {dagbag.py:588} INFO - Filling up the DagBag from /home/airflow/.local/lib/python3.12/site-packages/airflow/example_dags/example_latest_only.py
[2025-02-02T16:19:55.380+0000] {processor.py:925} INFO - DAG(s) 'latest_only' retrieved from /home/airflow/.local/lib/python3.12/site-packages/airflow/example_dags/example_latest_only.py
[2025-02-02T16:19:55.402+0000] {logging_mixin.py:190} INFO - [2025-02-02T16:19:55.402+0000] {dag.py:3239} INFO - Sync 1 DAGs
[2025-02-02T16:19:55.425+0000] {logging_mixin.py:190} INFO - [2025-02-02T16:19:55.425+0000] {dag.py:4180} INFO - Setting next_dagrun for latest_only to 2025-02-02 12:00:00+00:00, run_after=2025-02-02 16:00:00+00:00
[2025-02-02T16:19:55.446+0000] {processor.py:208} INFO - Processing /home/airflow/.local/lib/python3.12/site-packages/airflow/example_dags/example_latest_only.py took 0.085 seconds
[2025-02-02T16:20:26.687+0000] {processor.py:186} INFO - Started process (PID=267) to work on /home/airflow/.local/lib/python3.12/site-packages/airflow/example_dags/example_latest_only.py
[2025-02-02T16:20:26.688+0000] {processor.py:914} INFO - Processing file /home/airflow/.local/lib/python3.12/site-packages/airflow/example_dags/example_latest_only.py for tasks to queue
[2025-02-02T16:20:26.691+0000] {logging_mixin.py:190} INFO - [2025-02-02T16:20:26.690+0000] {dagbag.py:588} INFO - Filling up the DagBag from /home/airflow/.local/lib/python3.12/site-packages/airflow/example_dags/example_latest_only.py
[2025-02-02T16:20:26.697+0000] {processor.py:925} INFO - DAG(s) 'latest_only' retrieved from /home/airflow/.local/lib/python3.12/site-packages/airflow/example_dags/example_latest_only.py
[2025-02-02T16:20:26.716+0000] {logging_mixin.py:190} INFO - [2025-02-02T16:20:26.715+0000] {dag.py:3239} INFO - Sync 1 DAGs
[2025-02-02T16:20:26.738+0000] {logging_mixin.py:190} INFO - [2025-02-02T16:20:26.738+0000] {dag.py:4180} INFO - Setting next_dagrun for latest_only to 2025-02-02 12:00:00+00:00, run_after=2025-02-02 16:00:00+00:00
[2025-02-02T16:20:26.758+0000] {processor.py:208} INFO - Processing /home/airflow/.local/lib/python3.12/site-packages/airflow/example_dags/example_latest_only.py took 0.076 seconds
[2025-02-02T16:20:57.662+0000] {processor.py:186} INFO - Started process (PID=330) to work on /home/airflow/.local/lib/python3.12/site-packages/airflow/example_dags/example_latest_only.py
[2025-02-02T16:20:57.663+0000] {processor.py:914} INFO - Processing file /home/airflow/.local/lib/python3.12/site-packages/airflow/example_dags/example_latest_only.py for tasks to queue
[2025-02-02T16:20:57.666+0000] {logging_mixin.py:190} INFO - [2025-02-02T16:20:57.666+0000] {dagbag.py:588} INFO - Filling up the DagBag from /home/airflow/.local/lib/python3.12/site-packages/airflow/example_dags/example_latest_only.py
[2025-02-02T16:20:57.672+0000] {processor.py:925} INFO - DAG(s) 'latest_only' retrieved from /home/airflow/.local/lib/python3.12/site-packages/airflow/example_dags/example_latest_only.py
[2025-02-02T16:20:57.695+0000] {logging_mixin.py:190} INFO - [2025-02-02T16:20:57.695+0000] {dag.py:3239} INFO - Sync 1 DAGs
[2025-02-02T16:20:57.720+0000] {logging_mixin.py:190} INFO - [2025-02-02T16:20:57.720+0000] {dag.py:4180} INFO - Setting next_dagrun for latest_only to 2025-02-02 12:00:00+00:00, run_after=2025-02-02 16:00:00+00:00
[2025-02-02T16:20:57.744+0000] {processor.py:208} INFO - Processing /home/airflow/.local/lib/python3.12/site-packages/airflow/example_dags/example_latest_only.py took 0.087 seconds
[2025-02-02T16:21:28.455+0000] {processor.py:186} INFO - Started process (PID=393) to work on /home/airflow/.local/lib/python3.12/site-packages/airflow/example_dags/example_latest_only.py
[2025-02-02T16:21:28.456+0000] {processor.py:914} INFO - Processing file /home/airflow/.local/lib/python3.12/site-packages/airflow/example_dags/example_latest_only.py for tasks to queue
[2025-02-02T16:21:28.458+0000] {logging_mixin.py:190} INFO - [2025-02-02T16:21:28.458+0000] {dagbag.py:588} INFO - Filling up the DagBag from /home/airflow/.local/lib/python3.12/site-packages/airflow/example_dags/example_latest_only.py
[2025-02-02T16:21:28.465+0000] {processor.py:925} INFO - DAG(s) 'latest_only' retrieved from /home/airflow/.local/lib/python3.12/site-packages/airflow/example_dags/example_latest_only.py
[2025-02-02T16:21:28.485+0000] {logging_mixin.py:190} INFO - [2025-02-02T16:21:28.485+0000] {dag.py:3239} INFO - Sync 1 DAGs
[2025-02-02T16:21:28.509+0000] {logging_mixin.py:190} INFO - [2025-02-02T16:21:28.509+0000] {dag.py:4180} INFO - Setting next_dagrun for latest_only to 2025-02-02 12:00:00+00:00, run_after=2025-02-02 16:00:00+00:00
[2025-02-02T16:21:28.529+0000] {processor.py:208} INFO - Processing /home/airflow/.local/lib/python3.12/site-packages/airflow/example_dags/example_latest_only.py took 0.080 seconds
[2025-02-02T16:21:59.066+0000] {processor.py:186} INFO - Started process (PID=455) to work on /home/airflow/.local/lib/python3.12/site-packages/airflow/example_dags/example_latest_only.py
[2025-02-02T16:21:59.067+0000] {processor.py:914} INFO - Processing file /home/airflow/.local/lib/python3.12/site-packages/airflow/example_dags/example_latest_only.py for tasks to queue
[2025-02-02T16:21:59.070+0000] {logging_mixin.py:190} INFO - [2025-02-02T16:21:59.069+0000] {dagbag.py:588} INFO - Filling up the DagBag from /home/airflow/.local/lib/python3.12/site-packages/airflow/example_dags/example_latest_only.py
[2025-02-02T16:21:59.077+0000] {processor.py:925} INFO - DAG(s) 'latest_only' retrieved from /home/airflow/.local/lib/python3.12/site-packages/airflow/example_dags/example_latest_only.py
[2025-02-02T16:21:59.097+0000] {logging_mixin.py:190} INFO - [2025-02-02T16:21:59.097+0000] {dag.py:3239} INFO - Sync 1 DAGs
[2025-02-02T16:21:59.125+0000] {logging_mixin.py:190} INFO - [2025-02-02T16:21:59.125+0000] {dag.py:4180} INFO - Setting next_dagrun for latest_only to 2025-02-02 12:00:00+00:00, run_after=2025-02-02 16:00:00+00:00
[2025-02-02T16:21:59.148+0000] {processor.py:208} INFO - Processing /home/airflow/.local/lib/python3.12/site-packages/airflow/example_dags/example_latest_only.py took 0.087 seconds
[2025-02-02T16:22:30.434+0000] {processor.py:186} INFO - Started process (PID=518) to work on /home/airflow/.local/lib/python3.12/site-packages/airflow/example_dags/example_latest_only.py
[2025-02-02T16:22:30.435+0000] {processor.py:914} INFO - Processing file /home/airflow/.local/lib/python3.12/site-packages/airflow/example_dags/example_latest_only.py for tasks to queue
[2025-02-02T16:22:30.438+0000] {logging_mixin.py:190} INFO - [2025-02-02T16:22:30.437+0000] {dagbag.py:588} INFO - Filling up the DagBag from /home/airflow/.local/lib/python3.12/site-packages/airflow/example_dags/example_latest_only.py
[2025-02-02T16:22:30.445+0000] {processor.py:925} INFO - DAG(s) 'latest_only' retrieved from /home/airflow/.local/lib/python3.12/site-packages/airflow/example_dags/example_latest_only.py
[2025-02-02T16:22:30.465+0000] {logging_mixin.py:190} INFO - [2025-02-02T16:22:30.465+0000] {dag.py:3239} INFO - Sync 1 DAGs
[2025-02-02T16:22:30.488+0000] {logging_mixin.py:190} INFO - [2025-02-02T16:22:30.488+0000] {dag.py:4180} INFO - Setting next_dagrun for latest_only to 2025-02-02 12:00:00+00:00, run_after=2025-02-02 16:00:00+00:00
[2025-02-02T16:22:30.510+0000] {processor.py:208} INFO - Processing /home/airflow/.local/lib/python3.12/site-packages/airflow/example_dags/example_latest_only.py took 0.082 seconds
[2025-02-02T16:23:01.467+0000] {processor.py:186} INFO - Started process (PID=581) to work on /home/airflow/.local/lib/python3.12/site-packages/airflow/example_dags/example_latest_only.py
[2025-02-02T16:23:01.468+0000] {processor.py:914} INFO - Processing file /home/airflow/.local/lib/python3.12/site-packages/airflow/example_dags/example_latest_only.py for tasks to queue
[2025-02-02T16:23:01.471+0000] {logging_mixin.py:190} INFO - [2025-02-02T16:23:01.470+0000] {dagbag.py:588} INFO - Filling up the DagBag from /home/airflow/.local/lib/python3.12/site-packages/airflow/example_dags/example_latest_only.py
[2025-02-02T16:23:01.478+0000] {processor.py:925} INFO - DAG(s) 'latest_only' retrieved from /home/airflow/.local/lib/python3.12/site-packages/airflow/example_dags/example_latest_only.py
[2025-02-02T16:23:01.500+0000] {logging_mixin.py:190} INFO - [2025-02-02T16:23:01.500+0000] {dag.py:3239} INFO - Sync 1 DAGs
[2025-02-02T16:23:01.524+0000] {logging_mixin.py:190} INFO - [2025-02-02T16:23:01.524+0000] {dag.py:4180} INFO - Setting next_dagrun for latest_only to 2025-02-02 12:00:00+00:00, run_after=2025-02-02 16:00:00+00:00
[2025-02-02T16:23:01.544+0000] {processor.py:208} INFO - Processing /home/airflow/.local/lib/python3.12/site-packages/airflow/example_dags/example_latest_only.py took 0.082 seconds
[2025-02-02T16:23:32.880+0000] {processor.py:186} INFO - Started process (PID=644) to work on /home/airflow/.local/lib/python3.12/site-packages/airflow/example_dags/example_latest_only.py
[2025-02-02T16:23:32.882+0000] {processor.py:914} INFO - Processing file /home/airflow/.local/lib/python3.12/site-packages/airflow/example_dags/example_latest_only.py for tasks to queue
[2025-02-02T16:23:32.885+0000] {logging_mixin.py:190} INFO - [2025-02-02T16:23:32.885+0000] {dagbag.py:588} INFO - Filling up the DagBag from /home/airflow/.local/lib/python3.12/site-packages/airflow/example_dags/example_latest_only.py
[2025-02-02T16:23:32.896+0000] {processor.py:925} INFO - DAG(s) 'latest_only' retrieved from /home/airflow/.local/lib/python3.12/site-packages/airflow/example_dags/example_latest_only.py
[2025-02-02T16:23:32.925+0000] {logging_mixin.py:190} INFO - [2025-02-02T16:23:32.925+0000] {dag.py:3239} INFO - Sync 1 DAGs
[2025-02-02T16:23:32.964+0000] {logging_mixin.py:190} INFO - [2025-02-02T16:23:32.963+0000] {dag.py:4180} INFO - Setting next_dagrun for latest_only to 2025-02-02 12:00:00+00:00, run_after=2025-02-02 16:00:00+00:00
[2025-02-02T16:23:32.999+0000] {processor.py:208} INFO - Processing /home/airflow/.local/lib/python3.12/site-packages/airflow/example_dags/example_latest_only.py took 0.128 seconds
[2025-02-02T16:24:03.561+0000] {processor.py:186} INFO - Started process (PID=707) to work on /home/airflow/.local/lib/python3.12/site-packages/airflow/example_dags/example_latest_only.py
[2025-02-02T16:24:03.562+0000] {processor.py:914} INFO - Processing file /home/airflow/.local/lib/python3.12/site-packages/airflow/example_dags/example_latest_only.py for tasks to queue
[2025-02-02T16:24:03.564+0000] {logging_mixin.py:190} INFO - [2025-02-02T16:24:03.564+0000] {dagbag.py:588} INFO - Filling up the DagBag from /home/airflow/.local/lib/python3.12/site-packages/airflow/example_dags/example_latest_only.py
[2025-02-02T16:24:03.571+0000] {processor.py:925} INFO - DAG(s) 'latest_only' retrieved from /home/airflow/.local/lib/python3.12/site-packages/airflow/example_dags/example_latest_only.py
[2025-02-02T16:24:03.591+0000] {logging_mixin.py:190} INFO - [2025-02-02T16:24:03.590+0000] {dag.py:3239} INFO - Sync 1 DAGs
[2025-02-02T16:24:03.616+0000] {logging_mixin.py:190} INFO - [2025-02-02T16:24:03.615+0000] {dag.py:4180} INFO - Setting next_dagrun for latest_only to 2025-02-02 12:00:00+00:00, run_after=2025-02-02 16:00:00+00:00
[2025-02-02T16:24:03.642+0000] {processor.py:208} INFO - Processing /home/airflow/.local/lib/python3.12/site-packages/airflow/example_dags/example_latest_only.py took 0.086 seconds
[2025-02-02T16:24:35.423+0000] {processor.py:186} INFO - Started process (PID=770) to work on /home/airflow/.local/lib/python3.12/site-packages/airflow/example_dags/example_latest_only.py
[2025-02-02T16:24:35.424+0000] {processor.py:914} INFO - Processing file /home/airflow/.local/lib/python3.12/site-packages/airflow/example_dags/example_latest_only.py for tasks to queue
[2025-02-02T16:24:35.428+0000] {logging_mixin.py:190} INFO - [2025-02-02T16:24:35.427+0000] {dagbag.py:588} INFO - Filling up the DagBag from /home/airflow/.local/lib/python3.12/site-packages/airflow/example_dags/example_latest_only.py
[2025-02-02T16:24:35.436+0000] {processor.py:925} INFO - DAG(s) 'latest_only' retrieved from /home/airflow/.local/lib/python3.12/site-packages/airflow/example_dags/example_latest_only.py
[2025-02-02T16:24:35.464+0000] {logging_mixin.py:190} INFO - [2025-02-02T16:24:35.464+0000] {dag.py:3239} INFO - Sync 1 DAGs
[2025-02-02T16:24:35.497+0000] {logging_mixin.py:190} INFO - [2025-02-02T16:24:35.496+0000] {dag.py:4180} INFO - Setting next_dagrun for latest_only to 2025-02-02 12:00:00+00:00, run_after=2025-02-02 16:00:00+00:00
[2025-02-02T16:24:35.524+0000] {processor.py:208} INFO - Processing /home/airflow/.local/lib/python3.12/site-packages/airflow/example_dags/example_latest_only.py took 0.107 seconds
[2025-02-02T16:25:06.326+0000] {processor.py:186} INFO - Started process (PID=833) to work on /home/airflow/.local/lib/python3.12/site-packages/airflow/example_dags/example_latest_only.py
[2025-02-02T16:25:06.327+0000] {processor.py:914} INFO - Processing file /home/airflow/.local/lib/python3.12/site-packages/airflow/example_dags/example_latest_only.py for tasks to queue
[2025-02-02T16:25:06.330+0000] {logging_mixin.py:190} INFO - [2025-02-02T16:25:06.329+0000] {dagbag.py:588} INFO - Filling up the DagBag from /home/airflow/.local/lib/python3.12/site-packages/airflow/example_dags/example_latest_only.py
[2025-02-02T16:25:06.337+0000] {processor.py:925} INFO - DAG(s) 'latest_only' retrieved from /home/airflow/.local/lib/python3.12/site-packages/airflow/example_dags/example_latest_only.py
[2025-02-02T16:25:06.357+0000] {logging_mixin.py:190} INFO - [2025-02-02T16:25:06.357+0000] {dag.py:3239} INFO - Sync 1 DAGs
[2025-02-02T16:25:06.382+0000] {logging_mixin.py:190} INFO - [2025-02-02T16:25:06.382+0000] {dag.py:4180} INFO - Setting next_dagrun for latest_only to 2025-02-02 12:00:00+00:00, run_after=2025-02-02 16:00:00+00:00
[2025-02-02T16:25:06.405+0000] {processor.py:208} INFO - Processing /home/airflow/.local/lib/python3.12/site-packages/airflow/example_dags/example_latest_only.py took 0.084 seconds
[2025-02-02T16:25:37.908+0000] {processor.py:186} INFO - Started process (PID=896) to work on /home/airflow/.local/lib/python3.12/site-packages/airflow/example_dags/example_latest_only.py
[2025-02-02T16:25:37.910+0000] {processor.py:914} INFO - Processing file /home/airflow/.local/lib/python3.12/site-packages/airflow/example_dags/example_latest_only.py for tasks to queue
[2025-02-02T16:25:37.913+0000] {logging_mixin.py:190} INFO - [2025-02-02T16:25:37.912+0000] {dagbag.py:588} INFO - Filling up the DagBag from /home/airflow/.local/lib/python3.12/site-packages/airflow/example_dags/example_latest_only.py
[2025-02-02T16:25:37.921+0000] {processor.py:925} INFO - DAG(s) 'latest_only' retrieved from /home/airflow/.local/lib/python3.12/site-packages/airflow/example_dags/example_latest_only.py
[2025-02-02T16:25:37.942+0000] {logging_mixin.py:190} INFO - [2025-02-02T16:25:37.941+0000] {dag.py:3239} INFO - Sync 1 DAGs
[2025-02-02T16:25:37.966+0000] {logging_mixin.py:190} INFO - [2025-02-02T16:25:37.966+0000] {dag.py:4180} INFO - Setting next_dagrun for latest_only to 2025-02-02 12:00:00+00:00, run_after=2025-02-02 16:00:00+00:00
[2025-02-02T16:25:37.991+0000] {processor.py:208} INFO - Processing /home/airflow/.local/lib/python3.12/site-packages/airflow/example_dags/example_latest_only.py took 0.091 seconds
