[2025-02-02T12:16:29.811+0000] {processor.py:186} INFO - Started process (PID=43) to work on /home/airflow/.local/lib/python3.12/site-packages/airflow/example_dags/example_xcom.py
[2025-02-02T12:16:29.812+0000] {processor.py:914} INFO - Processing file /home/airflow/.local/lib/python3.12/site-packages/airflow/example_dags/example_xcom.py for tasks to queue
[2025-02-02T12:16:29.817+0000] {logging_mixin.py:190} INFO - [2025-02-02T12:16:29.816+0000] {dagbag.py:588} INFO - Filling up the DagBag from /home/airflow/.local/lib/python3.12/site-packages/airflow/example_dags/example_xcom.py
[2025-02-02T12:16:29.834+0000] {processor.py:925} INFO - DAG(s) 'example_xcom' retrieved from /home/airflow/.local/lib/python3.12/site-packages/airflow/example_dags/example_xcom.py
[2025-02-02T12:16:29.981+0000] {logging_mixin.py:190} INFO - [2025-02-02T12:16:29.980+0000] {override.py:1911} INFO - Created Permission View: can read on DAG:example_xcom
[2025-02-02T12:16:29.995+0000] {logging_mixin.py:190} INFO - [2025-02-02T12:16:29.995+0000] {override.py:1911} INFO - Created Permission View: can edit on DAG:example_xcom
[2025-02-02T12:16:30.007+0000] {logging_mixin.py:190} INFO - [2025-02-02T12:16:30.007+0000] {override.py:1911} INFO - Created Permission View: can delete on DAG:example_xcom
[2025-02-02T12:16:30.023+0000] {logging_mixin.py:190} INFO - [2025-02-02T12:16:30.022+0000] {override.py:1911} INFO - Created Permission View: can read on DAG Run:example_xcom
[2025-02-02T12:16:30.033+0000] {logging_mixin.py:190} INFO - [2025-02-02T12:16:30.033+0000] {override.py:1911} INFO - Created Permission View: menu access on DAG Run:example_xcom
[2025-02-02T12:16:30.044+0000] {logging_mixin.py:190} INFO - [2025-02-02T12:16:30.043+0000] {override.py:1911} INFO - Created Permission View: can create on DAG Run:example_xcom
[2025-02-02T12:16:30.053+0000] {logging_mixin.py:190} INFO - [2025-02-02T12:16:30.053+0000] {override.py:1911} INFO - Created Permission View: can delete on DAG Run:example_xcom
[2025-02-02T12:16:30.054+0000] {logging_mixin.py:190} INFO - [2025-02-02T12:16:30.054+0000] {dag.py:3239} INFO - Sync 1 DAGs
[2025-02-02T12:16:30.069+0000] {logging_mixin.py:190} INFO - [2025-02-02T12:16:30.068+0000] {dag.py:3262} INFO - Creating ORM DAG for example_xcom
[2025-02-02T12:16:30.080+0000] {logging_mixin.py:190} INFO - [2025-02-02T12:16:30.080+0000] {dag.py:4180} INFO - Setting next_dagrun for example_xcom to 2021-01-01 00:00:00+00:00, run_after=2021-01-01 00:00:00+00:00
[2025-02-02T12:16:30.104+0000] {processor.py:208} INFO - Processing /home/airflow/.local/lib/python3.12/site-packages/airflow/example_dags/example_xcom.py took 0.303 seconds
[2025-02-02T12:17:00.820+0000] {processor.py:186} INFO - Started process (PID=106) to work on /home/airflow/.local/lib/python3.12/site-packages/airflow/example_dags/example_xcom.py
[2025-02-02T12:17:00.821+0000] {processor.py:914} INFO - Processing file /home/airflow/.local/lib/python3.12/site-packages/airflow/example_dags/example_xcom.py for tasks to queue
[2025-02-02T12:17:00.823+0000] {logging_mixin.py:190} INFO - [2025-02-02T12:17:00.823+0000] {dagbag.py:588} INFO - Filling up the DagBag from /home/airflow/.local/lib/python3.12/site-packages/airflow/example_dags/example_xcom.py
[2025-02-02T12:17:00.833+0000] {processor.py:925} INFO - DAG(s) 'example_xcom' retrieved from /home/airflow/.local/lib/python3.12/site-packages/airflow/example_dags/example_xcom.py
[2025-02-02T12:17:00.855+0000] {logging_mixin.py:190} INFO - [2025-02-02T12:17:00.855+0000] {dag.py:3239} INFO - Sync 1 DAGs
[2025-02-02T12:17:00.879+0000] {logging_mixin.py:190} INFO - [2025-02-02T12:17:00.878+0000] {dag.py:4180} INFO - Setting next_dagrun for example_xcom to 2021-01-01 00:00:00+00:00, run_after=2021-01-01 00:00:00+00:00
[2025-02-02T12:17:00.898+0000] {processor.py:208} INFO - Processing /home/airflow/.local/lib/python3.12/site-packages/airflow/example_dags/example_xcom.py took 0.085 seconds
[2025-02-02T12:17:31.680+0000] {processor.py:186} INFO - Started process (PID=169) to work on /home/airflow/.local/lib/python3.12/site-packages/airflow/example_dags/example_xcom.py
[2025-02-02T12:17:31.681+0000] {processor.py:914} INFO - Processing file /home/airflow/.local/lib/python3.12/site-packages/airflow/example_dags/example_xcom.py for tasks to queue
[2025-02-02T12:17:31.684+0000] {logging_mixin.py:190} INFO - [2025-02-02T12:17:31.684+0000] {dagbag.py:588} INFO - Filling up the DagBag from /home/airflow/.local/lib/python3.12/site-packages/airflow/example_dags/example_xcom.py
[2025-02-02T12:17:31.696+0000] {processor.py:925} INFO - DAG(s) 'example_xcom' retrieved from /home/airflow/.local/lib/python3.12/site-packages/airflow/example_dags/example_xcom.py
[2025-02-02T12:17:31.718+0000] {logging_mixin.py:190} INFO - [2025-02-02T12:17:31.718+0000] {dag.py:3239} INFO - Sync 1 DAGs
[2025-02-02T12:17:31.742+0000] {logging_mixin.py:190} INFO - [2025-02-02T12:17:31.742+0000] {dag.py:4180} INFO - Setting next_dagrun for example_xcom to 2021-01-01 00:00:00+00:00, run_after=2021-01-01 00:00:00+00:00
[2025-02-02T12:17:31.769+0000] {processor.py:208} INFO - Processing /home/airflow/.local/lib/python3.12/site-packages/airflow/example_dags/example_xcom.py took 0.094 seconds
[2025-02-02T12:18:02.078+0000] {processor.py:186} INFO - Started process (PID=232) to work on /home/airflow/.local/lib/python3.12/site-packages/airflow/example_dags/example_xcom.py
[2025-02-02T12:18:02.079+0000] {processor.py:914} INFO - Processing file /home/airflow/.local/lib/python3.12/site-packages/airflow/example_dags/example_xcom.py for tasks to queue
[2025-02-02T12:18:02.082+0000] {logging_mixin.py:190} INFO - [2025-02-02T12:18:02.082+0000] {dagbag.py:588} INFO - Filling up the DagBag from /home/airflow/.local/lib/python3.12/site-packages/airflow/example_dags/example_xcom.py
[2025-02-02T12:18:02.094+0000] {processor.py:925} INFO - DAG(s) 'example_xcom' retrieved from /home/airflow/.local/lib/python3.12/site-packages/airflow/example_dags/example_xcom.py
[2025-02-02T12:18:02.128+0000] {logging_mixin.py:190} INFO - [2025-02-02T12:18:02.128+0000] {dag.py:3239} INFO - Sync 1 DAGs
[2025-02-02T12:18:02.160+0000] {logging_mixin.py:190} INFO - [2025-02-02T12:18:02.160+0000] {dag.py:4180} INFO - Setting next_dagrun for example_xcom to 2021-01-01 00:00:00+00:00, run_after=2021-01-01 00:00:00+00:00
[2025-02-02T12:18:02.186+0000] {processor.py:208} INFO - Processing /home/airflow/.local/lib/python3.12/site-packages/airflow/example_dags/example_xcom.py took 0.115 seconds
[2025-02-02T12:18:32.268+0000] {processor.py:186} INFO - Started process (PID=295) to work on /home/airflow/.local/lib/python3.12/site-packages/airflow/example_dags/example_xcom.py
[2025-02-02T12:18:32.270+0000] {processor.py:914} INFO - Processing file /home/airflow/.local/lib/python3.12/site-packages/airflow/example_dags/example_xcom.py for tasks to queue
[2025-02-02T12:18:32.272+0000] {logging_mixin.py:190} INFO - [2025-02-02T12:18:32.272+0000] {dagbag.py:588} INFO - Filling up the DagBag from /home/airflow/.local/lib/python3.12/site-packages/airflow/example_dags/example_xcom.py
[2025-02-02T12:18:32.282+0000] {processor.py:925} INFO - DAG(s) 'example_xcom' retrieved from /home/airflow/.local/lib/python3.12/site-packages/airflow/example_dags/example_xcom.py
[2025-02-02T12:18:32.304+0000] {logging_mixin.py:190} INFO - [2025-02-02T12:18:32.304+0000] {dag.py:3239} INFO - Sync 1 DAGs
[2025-02-02T12:18:32.334+0000] {logging_mixin.py:190} INFO - [2025-02-02T12:18:32.334+0000] {dag.py:4180} INFO - Setting next_dagrun for example_xcom to 2021-01-01 00:00:00+00:00, run_after=2021-01-01 00:00:00+00:00
[2025-02-02T12:18:32.361+0000] {processor.py:208} INFO - Processing /home/airflow/.local/lib/python3.12/site-packages/airflow/example_dags/example_xcom.py took 0.099 seconds
[2025-02-02T12:19:02.839+0000] {processor.py:186} INFO - Started process (PID=358) to work on /home/airflow/.local/lib/python3.12/site-packages/airflow/example_dags/example_xcom.py
[2025-02-02T12:19:02.840+0000] {processor.py:914} INFO - Processing file /home/airflow/.local/lib/python3.12/site-packages/airflow/example_dags/example_xcom.py for tasks to queue
[2025-02-02T12:19:02.843+0000] {logging_mixin.py:190} INFO - [2025-02-02T12:19:02.842+0000] {dagbag.py:588} INFO - Filling up the DagBag from /home/airflow/.local/lib/python3.12/site-packages/airflow/example_dags/example_xcom.py
[2025-02-02T12:19:02.852+0000] {processor.py:925} INFO - DAG(s) 'example_xcom' retrieved from /home/airflow/.local/lib/python3.12/site-packages/airflow/example_dags/example_xcom.py
[2025-02-02T12:19:02.875+0000] {logging_mixin.py:190} INFO - [2025-02-02T12:19:02.875+0000] {dag.py:3239} INFO - Sync 1 DAGs
[2025-02-02T12:19:02.898+0000] {logging_mixin.py:190} INFO - [2025-02-02T12:19:02.898+0000] {dag.py:4180} INFO - Setting next_dagrun for example_xcom to 2021-01-01 00:00:00+00:00, run_after=2021-01-01 00:00:00+00:00
[2025-02-02T12:19:02.919+0000] {processor.py:208} INFO - Processing /home/airflow/.local/lib/python3.12/site-packages/airflow/example_dags/example_xcom.py took 0.085 seconds
[2025-02-02T12:19:35.078+0000] {processor.py:186} INFO - Started process (PID=427) to work on /home/airflow/.local/lib/python3.12/site-packages/airflow/example_dags/example_xcom.py
[2025-02-02T12:19:35.079+0000] {processor.py:914} INFO - Processing file /home/airflow/.local/lib/python3.12/site-packages/airflow/example_dags/example_xcom.py for tasks to queue
[2025-02-02T12:19:35.083+0000] {logging_mixin.py:190} INFO - [2025-02-02T12:19:35.082+0000] {dagbag.py:588} INFO - Filling up the DagBag from /home/airflow/.local/lib/python3.12/site-packages/airflow/example_dags/example_xcom.py
[2025-02-02T12:19:35.094+0000] {processor.py:925} INFO - DAG(s) 'example_xcom' retrieved from /home/airflow/.local/lib/python3.12/site-packages/airflow/example_dags/example_xcom.py
[2025-02-02T12:19:35.119+0000] {logging_mixin.py:190} INFO - [2025-02-02T12:19:35.119+0000] {dag.py:3239} INFO - Sync 1 DAGs
[2025-02-02T12:19:35.152+0000] {logging_mixin.py:190} INFO - [2025-02-02T12:19:35.151+0000] {dag.py:4180} INFO - Setting next_dagrun for example_xcom to 2021-01-01 00:00:00+00:00, run_after=2021-01-01 00:00:00+00:00
[2025-02-02T12:19:35.179+0000] {processor.py:208} INFO - Processing /home/airflow/.local/lib/python3.12/site-packages/airflow/example_dags/example_xcom.py took 0.107 seconds
[2025-02-02T12:20:05.872+0000] {processor.py:186} INFO - Started process (PID=490) to work on /home/airflow/.local/lib/python3.12/site-packages/airflow/example_dags/example_xcom.py
[2025-02-02T12:20:05.874+0000] {processor.py:914} INFO - Processing file /home/airflow/.local/lib/python3.12/site-packages/airflow/example_dags/example_xcom.py for tasks to queue
[2025-02-02T12:20:05.880+0000] {logging_mixin.py:190} INFO - [2025-02-02T12:20:05.879+0000] {dagbag.py:588} INFO - Filling up the DagBag from /home/airflow/.local/lib/python3.12/site-packages/airflow/example_dags/example_xcom.py
[2025-02-02T12:20:05.905+0000] {processor.py:925} INFO - DAG(s) 'example_xcom' retrieved from /home/airflow/.local/lib/python3.12/site-packages/airflow/example_dags/example_xcom.py
[2025-02-02T12:20:05.950+0000] {logging_mixin.py:190} INFO - [2025-02-02T12:20:05.950+0000] {dag.py:3239} INFO - Sync 1 DAGs
[2025-02-02T12:20:05.990+0000] {logging_mixin.py:190} INFO - [2025-02-02T12:20:05.990+0000] {dag.py:4180} INFO - Setting next_dagrun for example_xcom to 2021-01-01 00:00:00+00:00, run_after=2021-01-01 00:00:00+00:00
[2025-02-02T12:20:06.026+0000] {processor.py:208} INFO - Processing /home/airflow/.local/lib/python3.12/site-packages/airflow/example_dags/example_xcom.py took 0.168 seconds
[2025-02-02T12:20:36.678+0000] {processor.py:186} INFO - Started process (PID=553) to work on /home/airflow/.local/lib/python3.12/site-packages/airflow/example_dags/example_xcom.py
[2025-02-02T12:20:36.681+0000] {processor.py:914} INFO - Processing file /home/airflow/.local/lib/python3.12/site-packages/airflow/example_dags/example_xcom.py for tasks to queue
[2025-02-02T12:20:36.686+0000] {logging_mixin.py:190} INFO - [2025-02-02T12:20:36.685+0000] {dagbag.py:588} INFO - Filling up the DagBag from /home/airflow/.local/lib/python3.12/site-packages/airflow/example_dags/example_xcom.py
[2025-02-02T12:20:36.713+0000] {processor.py:925} INFO - DAG(s) 'example_xcom' retrieved from /home/airflow/.local/lib/python3.12/site-packages/airflow/example_dags/example_xcom.py
[2025-02-02T12:20:36.762+0000] {logging_mixin.py:190} INFO - [2025-02-02T12:20:36.762+0000] {dag.py:3239} INFO - Sync 1 DAGs
[2025-02-02T12:20:36.807+0000] {logging_mixin.py:190} INFO - [2025-02-02T12:20:36.807+0000] {dag.py:4180} INFO - Setting next_dagrun for example_xcom to 2021-01-01 00:00:00+00:00, run_after=2021-01-01 00:00:00+00:00
[2025-02-02T12:20:36.848+0000] {processor.py:208} INFO - Processing /home/airflow/.local/lib/python3.12/site-packages/airflow/example_dags/example_xcom.py took 0.185 seconds
[2025-02-02T16:18:46.783+0000] {processor.py:186} INFO - Started process (PID=43) to work on /home/airflow/.local/lib/python3.12/site-packages/airflow/example_dags/example_xcom.py
[2025-02-02T16:18:46.784+0000] {processor.py:914} INFO - Processing file /home/airflow/.local/lib/python3.12/site-packages/airflow/example_dags/example_xcom.py for tasks to queue
[2025-02-02T16:18:46.787+0000] {logging_mixin.py:190} INFO - [2025-02-02T16:18:46.786+0000] {dagbag.py:588} INFO - Filling up the DagBag from /home/airflow/.local/lib/python3.12/site-packages/airflow/example_dags/example_xcom.py
[2025-02-02T16:18:46.800+0000] {processor.py:925} INFO - DAG(s) 'example_xcom' retrieved from /home/airflow/.local/lib/python3.12/site-packages/airflow/example_dags/example_xcom.py
[2025-02-02T16:18:46.840+0000] {logging_mixin.py:190} INFO - [2025-02-02T16:18:46.839+0000] {dag.py:3239} INFO - Sync 1 DAGs
[2025-02-02T16:18:46.872+0000] {logging_mixin.py:190} INFO - [2025-02-02T16:18:46.872+0000] {dag.py:4180} INFO - Setting next_dagrun for example_xcom to 2021-01-01 00:00:00+00:00, run_after=2021-01-01 00:00:00+00:00
[2025-02-02T16:18:46.898+0000] {processor.py:208} INFO - Processing /home/airflow/.local/lib/python3.12/site-packages/airflow/example_dags/example_xcom.py took 0.121 seconds
[2025-02-02T16:19:17.082+0000] {processor.py:186} INFO - Started process (PID=106) to work on /home/airflow/.local/lib/python3.12/site-packages/airflow/example_dags/example_xcom.py
[2025-02-02T16:19:17.083+0000] {processor.py:914} INFO - Processing file /home/airflow/.local/lib/python3.12/site-packages/airflow/example_dags/example_xcom.py for tasks to queue
[2025-02-02T16:19:17.086+0000] {logging_mixin.py:190} INFO - [2025-02-02T16:19:17.085+0000] {dagbag.py:588} INFO - Filling up the DagBag from /home/airflow/.local/lib/python3.12/site-packages/airflow/example_dags/example_xcom.py
[2025-02-02T16:19:17.094+0000] {processor.py:925} INFO - DAG(s) 'example_xcom' retrieved from /home/airflow/.local/lib/python3.12/site-packages/airflow/example_dags/example_xcom.py
[2025-02-02T16:19:17.114+0000] {logging_mixin.py:190} INFO - [2025-02-02T16:19:17.114+0000] {dag.py:3239} INFO - Sync 1 DAGs
[2025-02-02T16:19:17.137+0000] {logging_mixin.py:190} INFO - [2025-02-02T16:19:17.137+0000] {dag.py:4180} INFO - Setting next_dagrun for example_xcom to 2021-01-01 00:00:00+00:00, run_after=2021-01-01 00:00:00+00:00
[2025-02-02T16:19:17.160+0000] {processor.py:208} INFO - Processing /home/airflow/.local/lib/python3.12/site-packages/airflow/example_dags/example_xcom.py took 0.083 seconds
[2025-02-02T16:19:47.983+0000] {processor.py:186} INFO - Started process (PID=169) to work on /home/airflow/.local/lib/python3.12/site-packages/airflow/example_dags/example_xcom.py
[2025-02-02T16:19:47.984+0000] {processor.py:914} INFO - Processing file /home/airflow/.local/lib/python3.12/site-packages/airflow/example_dags/example_xcom.py for tasks to queue
[2025-02-02T16:19:47.986+0000] {logging_mixin.py:190} INFO - [2025-02-02T16:19:47.986+0000] {dagbag.py:588} INFO - Filling up the DagBag from /home/airflow/.local/lib/python3.12/site-packages/airflow/example_dags/example_xcom.py
[2025-02-02T16:19:47.995+0000] {processor.py:925} INFO - DAG(s) 'example_xcom' retrieved from /home/airflow/.local/lib/python3.12/site-packages/airflow/example_dags/example_xcom.py
[2025-02-02T16:19:48.017+0000] {logging_mixin.py:190} INFO - [2025-02-02T16:19:48.017+0000] {dag.py:3239} INFO - Sync 1 DAGs
[2025-02-02T16:19:48.043+0000] {logging_mixin.py:190} INFO - [2025-02-02T16:19:48.042+0000] {dag.py:4180} INFO - Setting next_dagrun for example_xcom to 2021-01-01 00:00:00+00:00, run_after=2021-01-01 00:00:00+00:00
[2025-02-02T16:19:48.067+0000] {processor.py:208} INFO - Processing /home/airflow/.local/lib/python3.12/site-packages/airflow/example_dags/example_xcom.py took 0.090 seconds
[2025-02-02T16:20:18.521+0000] {processor.py:186} INFO - Started process (PID=232) to work on /home/airflow/.local/lib/python3.12/site-packages/airflow/example_dags/example_xcom.py
[2025-02-02T16:20:18.523+0000] {processor.py:914} INFO - Processing file /home/airflow/.local/lib/python3.12/site-packages/airflow/example_dags/example_xcom.py for tasks to queue
[2025-02-02T16:20:18.527+0000] {logging_mixin.py:190} INFO - [2025-02-02T16:20:18.526+0000] {dagbag.py:588} INFO - Filling up the DagBag from /home/airflow/.local/lib/python3.12/site-packages/airflow/example_dags/example_xcom.py
[2025-02-02T16:20:18.540+0000] {processor.py:925} INFO - DAG(s) 'example_xcom' retrieved from /home/airflow/.local/lib/python3.12/site-packages/airflow/example_dags/example_xcom.py
[2025-02-02T16:20:18.566+0000] {logging_mixin.py:190} INFO - [2025-02-02T16:20:18.565+0000] {dag.py:3239} INFO - Sync 1 DAGs
[2025-02-02T16:20:18.589+0000] {logging_mixin.py:190} INFO - [2025-02-02T16:20:18.589+0000] {dag.py:4180} INFO - Setting next_dagrun for example_xcom to 2021-01-01 00:00:00+00:00, run_after=2021-01-01 00:00:00+00:00
[2025-02-02T16:20:18.612+0000] {processor.py:208} INFO - Processing /home/airflow/.local/lib/python3.12/site-packages/airflow/example_dags/example_xcom.py took 0.098 seconds
[2025-02-02T16:20:48.818+0000] {processor.py:186} INFO - Started process (PID=295) to work on /home/airflow/.local/lib/python3.12/site-packages/airflow/example_dags/example_xcom.py
[2025-02-02T16:20:48.819+0000] {processor.py:914} INFO - Processing file /home/airflow/.local/lib/python3.12/site-packages/airflow/example_dags/example_xcom.py for tasks to queue
[2025-02-02T16:20:48.822+0000] {logging_mixin.py:190} INFO - [2025-02-02T16:20:48.821+0000] {dagbag.py:588} INFO - Filling up the DagBag from /home/airflow/.local/lib/python3.12/site-packages/airflow/example_dags/example_xcom.py
[2025-02-02T16:20:48.830+0000] {processor.py:925} INFO - DAG(s) 'example_xcom' retrieved from /home/airflow/.local/lib/python3.12/site-packages/airflow/example_dags/example_xcom.py
[2025-02-02T16:20:48.851+0000] {logging_mixin.py:190} INFO - [2025-02-02T16:20:48.850+0000] {dag.py:3239} INFO - Sync 1 DAGs
[2025-02-02T16:20:48.874+0000] {logging_mixin.py:190} INFO - [2025-02-02T16:20:48.873+0000] {dag.py:4180} INFO - Setting next_dagrun for example_xcom to 2021-01-01 00:00:00+00:00, run_after=2021-01-01 00:00:00+00:00
[2025-02-02T16:20:48.896+0000] {processor.py:208} INFO - Processing /home/airflow/.local/lib/python3.12/site-packages/airflow/example_dags/example_xcom.py took 0.083 seconds
[2025-02-02T16:21:19.548+0000] {processor.py:186} INFO - Started process (PID=358) to work on /home/airflow/.local/lib/python3.12/site-packages/airflow/example_dags/example_xcom.py
[2025-02-02T16:21:19.550+0000] {processor.py:914} INFO - Processing file /home/airflow/.local/lib/python3.12/site-packages/airflow/example_dags/example_xcom.py for tasks to queue
[2025-02-02T16:21:19.552+0000] {logging_mixin.py:190} INFO - [2025-02-02T16:21:19.552+0000] {dagbag.py:588} INFO - Filling up the DagBag from /home/airflow/.local/lib/python3.12/site-packages/airflow/example_dags/example_xcom.py
[2025-02-02T16:21:19.561+0000] {processor.py:925} INFO - DAG(s) 'example_xcom' retrieved from /home/airflow/.local/lib/python3.12/site-packages/airflow/example_dags/example_xcom.py
[2025-02-02T16:21:19.582+0000] {logging_mixin.py:190} INFO - [2025-02-02T16:21:19.581+0000] {dag.py:3239} INFO - Sync 1 DAGs
[2025-02-02T16:21:19.605+0000] {logging_mixin.py:190} INFO - [2025-02-02T16:21:19.605+0000] {dag.py:4180} INFO - Setting next_dagrun for example_xcom to 2021-01-01 00:00:00+00:00, run_after=2021-01-01 00:00:00+00:00
[2025-02-02T16:21:19.626+0000] {processor.py:208} INFO - Processing /home/airflow/.local/lib/python3.12/site-packages/airflow/example_dags/example_xcom.py took 0.083 seconds
[2025-02-02T16:21:49.815+0000] {processor.py:186} INFO - Started process (PID=421) to work on /home/airflow/.local/lib/python3.12/site-packages/airflow/example_dags/example_xcom.py
[2025-02-02T16:21:49.816+0000] {processor.py:914} INFO - Processing file /home/airflow/.local/lib/python3.12/site-packages/airflow/example_dags/example_xcom.py for tasks to queue
[2025-02-02T16:21:49.819+0000] {logging_mixin.py:190} INFO - [2025-02-02T16:21:49.819+0000] {dagbag.py:588} INFO - Filling up the DagBag from /home/airflow/.local/lib/python3.12/site-packages/airflow/example_dags/example_xcom.py
[2025-02-02T16:21:49.828+0000] {processor.py:925} INFO - DAG(s) 'example_xcom' retrieved from /home/airflow/.local/lib/python3.12/site-packages/airflow/example_dags/example_xcom.py
[2025-02-02T16:21:49.851+0000] {logging_mixin.py:190} INFO - [2025-02-02T16:21:49.851+0000] {dag.py:3239} INFO - Sync 1 DAGs
[2025-02-02T16:21:49.878+0000] {logging_mixin.py:190} INFO - [2025-02-02T16:21:49.877+0000] {dag.py:4180} INFO - Setting next_dagrun for example_xcom to 2021-01-01 00:00:00+00:00, run_after=2021-01-01 00:00:00+00:00
[2025-02-02T16:21:49.901+0000] {processor.py:208} INFO - Processing /home/airflow/.local/lib/python3.12/site-packages/airflow/example_dags/example_xcom.py took 0.092 seconds
[2025-02-02T16:22:20.406+0000] {processor.py:186} INFO - Started process (PID=484) to work on /home/airflow/.local/lib/python3.12/site-packages/airflow/example_dags/example_xcom.py
[2025-02-02T16:22:20.408+0000] {processor.py:914} INFO - Processing file /home/airflow/.local/lib/python3.12/site-packages/airflow/example_dags/example_xcom.py for tasks to queue
[2025-02-02T16:22:20.410+0000] {logging_mixin.py:190} INFO - [2025-02-02T16:22:20.409+0000] {dagbag.py:588} INFO - Filling up the DagBag from /home/airflow/.local/lib/python3.12/site-packages/airflow/example_dags/example_xcom.py
[2025-02-02T16:22:20.419+0000] {processor.py:925} INFO - DAG(s) 'example_xcom' retrieved from /home/airflow/.local/lib/python3.12/site-packages/airflow/example_dags/example_xcom.py
[2025-02-02T16:22:20.441+0000] {logging_mixin.py:190} INFO - [2025-02-02T16:22:20.440+0000] {dag.py:3239} INFO - Sync 1 DAGs
[2025-02-02T16:22:20.465+0000] {logging_mixin.py:190} INFO - [2025-02-02T16:22:20.464+0000] {dag.py:4180} INFO - Setting next_dagrun for example_xcom to 2021-01-01 00:00:00+00:00, run_after=2021-01-01 00:00:00+00:00
[2025-02-02T16:22:20.488+0000] {processor.py:208} INFO - Processing /home/airflow/.local/lib/python3.12/site-packages/airflow/example_dags/example_xcom.py took 0.087 seconds
[2025-02-02T16:22:50.925+0000] {processor.py:186} INFO - Started process (PID=547) to work on /home/airflow/.local/lib/python3.12/site-packages/airflow/example_dags/example_xcom.py
[2025-02-02T16:22:50.926+0000] {processor.py:914} INFO - Processing file /home/airflow/.local/lib/python3.12/site-packages/airflow/example_dags/example_xcom.py for tasks to queue
[2025-02-02T16:22:50.928+0000] {logging_mixin.py:190} INFO - [2025-02-02T16:22:50.928+0000] {dagbag.py:588} INFO - Filling up the DagBag from /home/airflow/.local/lib/python3.12/site-packages/airflow/example_dags/example_xcom.py
[2025-02-02T16:22:50.938+0000] {processor.py:925} INFO - DAG(s) 'example_xcom' retrieved from /home/airflow/.local/lib/python3.12/site-packages/airflow/example_dags/example_xcom.py
[2025-02-02T16:22:50.961+0000] {logging_mixin.py:190} INFO - [2025-02-02T16:22:50.961+0000] {dag.py:3239} INFO - Sync 1 DAGs
[2025-02-02T16:22:50.991+0000] {logging_mixin.py:190} INFO - [2025-02-02T16:22:50.991+0000] {dag.py:4180} INFO - Setting next_dagrun for example_xcom to 2021-01-01 00:00:00+00:00, run_after=2021-01-01 00:00:00+00:00
[2025-02-02T16:22:51.019+0000] {processor.py:208} INFO - Processing /home/airflow/.local/lib/python3.12/site-packages/airflow/example_dags/example_xcom.py took 0.100 seconds
[2025-02-02T16:23:21.928+0000] {processor.py:186} INFO - Started process (PID=610) to work on /home/airflow/.local/lib/python3.12/site-packages/airflow/example_dags/example_xcom.py
[2025-02-02T16:23:21.929+0000] {processor.py:914} INFO - Processing file /home/airflow/.local/lib/python3.12/site-packages/airflow/example_dags/example_xcom.py for tasks to queue
[2025-02-02T16:23:21.932+0000] {logging_mixin.py:190} INFO - [2025-02-02T16:23:21.931+0000] {dagbag.py:588} INFO - Filling up the DagBag from /home/airflow/.local/lib/python3.12/site-packages/airflow/example_dags/example_xcom.py
[2025-02-02T16:23:21.941+0000] {processor.py:925} INFO - DAG(s) 'example_xcom' retrieved from /home/airflow/.local/lib/python3.12/site-packages/airflow/example_dags/example_xcom.py
[2025-02-02T16:23:21.962+0000] {logging_mixin.py:190} INFO - [2025-02-02T16:23:21.961+0000] {dag.py:3239} INFO - Sync 1 DAGs
[2025-02-02T16:23:21.984+0000] {logging_mixin.py:190} INFO - [2025-02-02T16:23:21.984+0000] {dag.py:4180} INFO - Setting next_dagrun for example_xcom to 2021-01-01 00:00:00+00:00, run_after=2021-01-01 00:00:00+00:00
[2025-02-02T16:23:22.004+0000] {processor.py:208} INFO - Processing /home/airflow/.local/lib/python3.12/site-packages/airflow/example_dags/example_xcom.py took 0.087 seconds
[2025-02-02T16:23:52.456+0000] {processor.py:186} INFO - Started process (PID=673) to work on /home/airflow/.local/lib/python3.12/site-packages/airflow/example_dags/example_xcom.py
[2025-02-02T16:23:52.457+0000] {processor.py:914} INFO - Processing file /home/airflow/.local/lib/python3.12/site-packages/airflow/example_dags/example_xcom.py for tasks to queue
[2025-02-02T16:23:52.461+0000] {logging_mixin.py:190} INFO - [2025-02-02T16:23:52.460+0000] {dagbag.py:588} INFO - Filling up the DagBag from /home/airflow/.local/lib/python3.12/site-packages/airflow/example_dags/example_xcom.py
[2025-02-02T16:23:52.472+0000] {processor.py:925} INFO - DAG(s) 'example_xcom' retrieved from /home/airflow/.local/lib/python3.12/site-packages/airflow/example_dags/example_xcom.py
[2025-02-02T16:23:52.497+0000] {logging_mixin.py:190} INFO - [2025-02-02T16:23:52.497+0000] {dag.py:3239} INFO - Sync 1 DAGs
[2025-02-02T16:23:52.521+0000] {logging_mixin.py:190} INFO - [2025-02-02T16:23:52.521+0000] {dag.py:4180} INFO - Setting next_dagrun for example_xcom to 2021-01-01 00:00:00+00:00, run_after=2021-01-01 00:00:00+00:00
[2025-02-02T16:23:52.543+0000] {processor.py:208} INFO - Processing /home/airflow/.local/lib/python3.12/site-packages/airflow/example_dags/example_xcom.py took 0.094 seconds
[2025-02-02T16:24:23.379+0000] {processor.py:186} INFO - Started process (PID=736) to work on /home/airflow/.local/lib/python3.12/site-packages/airflow/example_dags/example_xcom.py
[2025-02-02T16:24:23.381+0000] {processor.py:914} INFO - Processing file /home/airflow/.local/lib/python3.12/site-packages/airflow/example_dags/example_xcom.py for tasks to queue
[2025-02-02T16:24:23.384+0000] {logging_mixin.py:190} INFO - [2025-02-02T16:24:23.383+0000] {dagbag.py:588} INFO - Filling up the DagBag from /home/airflow/.local/lib/python3.12/site-packages/airflow/example_dags/example_xcom.py
[2025-02-02T16:24:23.394+0000] {processor.py:925} INFO - DAG(s) 'example_xcom' retrieved from /home/airflow/.local/lib/python3.12/site-packages/airflow/example_dags/example_xcom.py
[2025-02-02T16:24:23.415+0000] {logging_mixin.py:190} INFO - [2025-02-02T16:24:23.415+0000] {dag.py:3239} INFO - Sync 1 DAGs
[2025-02-02T16:24:23.437+0000] {logging_mixin.py:190} INFO - [2025-02-02T16:24:23.437+0000] {dag.py:4180} INFO - Setting next_dagrun for example_xcom to 2021-01-01 00:00:00+00:00, run_after=2021-01-01 00:00:00+00:00
[2025-02-02T16:24:23.459+0000] {processor.py:208} INFO - Processing /home/airflow/.local/lib/python3.12/site-packages/airflow/example_dags/example_xcom.py took 0.086 seconds
[2025-02-02T16:24:53.563+0000] {processor.py:186} INFO - Started process (PID=799) to work on /home/airflow/.local/lib/python3.12/site-packages/airflow/example_dags/example_xcom.py
[2025-02-02T16:24:53.564+0000] {processor.py:914} INFO - Processing file /home/airflow/.local/lib/python3.12/site-packages/airflow/example_dags/example_xcom.py for tasks to queue
[2025-02-02T16:24:53.567+0000] {logging_mixin.py:190} INFO - [2025-02-02T16:24:53.567+0000] {dagbag.py:588} INFO - Filling up the DagBag from /home/airflow/.local/lib/python3.12/site-packages/airflow/example_dags/example_xcom.py
[2025-02-02T16:24:53.576+0000] {processor.py:925} INFO - DAG(s) 'example_xcom' retrieved from /home/airflow/.local/lib/python3.12/site-packages/airflow/example_dags/example_xcom.py
[2025-02-02T16:24:53.598+0000] {logging_mixin.py:190} INFO - [2025-02-02T16:24:53.597+0000] {dag.py:3239} INFO - Sync 1 DAGs
[2025-02-02T16:24:53.620+0000] {logging_mixin.py:190} INFO - [2025-02-02T16:24:53.620+0000] {dag.py:4180} INFO - Setting next_dagrun for example_xcom to 2021-01-01 00:00:00+00:00, run_after=2021-01-01 00:00:00+00:00
[2025-02-02T16:24:53.642+0000] {processor.py:208} INFO - Processing /home/airflow/.local/lib/python3.12/site-packages/airflow/example_dags/example_xcom.py took 0.084 seconds
[2025-02-02T16:25:23.941+0000] {processor.py:186} INFO - Started process (PID=862) to work on /home/airflow/.local/lib/python3.12/site-packages/airflow/example_dags/example_xcom.py
[2025-02-02T16:25:23.942+0000] {processor.py:914} INFO - Processing file /home/airflow/.local/lib/python3.12/site-packages/airflow/example_dags/example_xcom.py for tasks to queue
[2025-02-02T16:25:23.945+0000] {logging_mixin.py:190} INFO - [2025-02-02T16:25:23.944+0000] {dagbag.py:588} INFO - Filling up the DagBag from /home/airflow/.local/lib/python3.12/site-packages/airflow/example_dags/example_xcom.py
[2025-02-02T16:25:23.955+0000] {processor.py:925} INFO - DAG(s) 'example_xcom' retrieved from /home/airflow/.local/lib/python3.12/site-packages/airflow/example_dags/example_xcom.py
[2025-02-02T16:25:23.978+0000] {logging_mixin.py:190} INFO - [2025-02-02T16:25:23.977+0000] {dag.py:3239} INFO - Sync 1 DAGs
[2025-02-02T16:25:24.003+0000] {logging_mixin.py:190} INFO - [2025-02-02T16:25:24.003+0000] {dag.py:4180} INFO - Setting next_dagrun for example_xcom to 2021-01-01 00:00:00+00:00, run_after=2021-01-01 00:00:00+00:00
[2025-02-02T16:25:24.025+0000] {processor.py:208} INFO - Processing /home/airflow/.local/lib/python3.12/site-packages/airflow/example_dags/example_xcom.py took 0.090 seconds
