[2025-02-02T12:16:39.979+0000] {processor.py:186} INFO - Started process (PID=81) to work on /home/airflow/.local/lib/python3.12/site-packages/airflow/example_dags/example_branch_operator.py
[2025-02-02T12:16:39.980+0000] {processor.py:914} INFO - Processing file /home/airflow/.local/lib/python3.12/site-packages/airflow/example_dags/example_branch_operator.py for tasks to queue
[2025-02-02T12:16:39.982+0000] {logging_mixin.py:190} INFO - [2025-02-02T12:16:39.982+0000] {dagbag.py:588} INFO - Filling up the DagBag from /home/airflow/.local/lib/python3.12/site-packages/airflow/example_dags/example_branch_operator.py
[2025-02-02T12:16:40.003+0000] {processor.py:925} INFO - DAG(s) 'example_branch_operator' retrieved from /home/airflow/.local/lib/python3.12/site-packages/airflow/example_dags/example_branch_operator.py
[2025-02-02T12:16:40.124+0000] {logging_mixin.py:190} INFO - [2025-02-02T12:16:40.123+0000] {override.py:1911} INFO - Created Permission View: can read on DAG:example_branch_operator
[2025-02-02T12:16:40.139+0000] {logging_mixin.py:190} INFO - [2025-02-02T12:16:40.138+0000] {override.py:1911} INFO - Created Permission View: can edit on DAG:example_branch_operator
[2025-02-02T12:16:40.153+0000] {logging_mixin.py:190} INFO - [2025-02-02T12:16:40.152+0000] {override.py:1911} INFO - Created Permission View: can delete on DAG:example_branch_operator
[2025-02-02T12:16:40.168+0000] {logging_mixin.py:190} INFO - [2025-02-02T12:16:40.168+0000] {override.py:1911} INFO - Created Permission View: can read on DAG Run:example_branch_operator
[2025-02-02T12:16:40.183+0000] {logging_mixin.py:190} INFO - [2025-02-02T12:16:40.182+0000] {override.py:1911} INFO - Created Permission View: menu access on DAG Run:example_branch_operator
[2025-02-02T12:16:40.198+0000] {logging_mixin.py:190} INFO - [2025-02-02T12:16:40.197+0000] {override.py:1911} INFO - Created Permission View: can create on DAG Run:example_branch_operator
[2025-02-02T12:16:40.213+0000] {logging_mixin.py:190} INFO - [2025-02-02T12:16:40.212+0000] {override.py:1911} INFO - Created Permission View: can delete on DAG Run:example_branch_operator
[2025-02-02T12:16:40.214+0000] {logging_mixin.py:190} INFO - [2025-02-02T12:16:40.214+0000] {dag.py:3239} INFO - Sync 1 DAGs
[2025-02-02T12:16:40.238+0000] {logging_mixin.py:190} INFO - [2025-02-02T12:16:40.238+0000] {dag.py:3262} INFO - Creating ORM DAG for example_branch_operator
[2025-02-02T12:16:40.255+0000] {logging_mixin.py:190} INFO - [2025-02-02T12:16:40.254+0000] {dag.py:4180} INFO - Setting next_dagrun for example_branch_operator to 2025-02-01 00:00:00+00:00, run_after=2025-02-02 00:00:00+00:00
[2025-02-02T12:16:40.288+0000] {processor.py:208} INFO - Processing /home/airflow/.local/lib/python3.12/site-packages/airflow/example_dags/example_branch_operator.py took 0.315 seconds
[2025-02-02T12:17:11.051+0000] {processor.py:186} INFO - Started process (PID=144) to work on /home/airflow/.local/lib/python3.12/site-packages/airflow/example_dags/example_branch_operator.py
[2025-02-02T12:17:11.052+0000] {processor.py:914} INFO - Processing file /home/airflow/.local/lib/python3.12/site-packages/airflow/example_dags/example_branch_operator.py for tasks to queue
[2025-02-02T12:17:11.054+0000] {logging_mixin.py:190} INFO - [2025-02-02T12:17:11.054+0000] {dagbag.py:588} INFO - Filling up the DagBag from /home/airflow/.local/lib/python3.12/site-packages/airflow/example_dags/example_branch_operator.py
[2025-02-02T12:17:11.072+0000] {processor.py:925} INFO - DAG(s) 'example_branch_operator' retrieved from /home/airflow/.local/lib/python3.12/site-packages/airflow/example_dags/example_branch_operator.py
[2025-02-02T12:17:11.105+0000] {logging_mixin.py:190} INFO - [2025-02-02T12:17:11.105+0000] {dag.py:3239} INFO - Sync 1 DAGs
[2025-02-02T12:17:11.134+0000] {logging_mixin.py:190} INFO - [2025-02-02T12:17:11.134+0000] {dag.py:4180} INFO - Setting next_dagrun for example_branch_operator to 2025-02-01 00:00:00+00:00, run_after=2025-02-02 00:00:00+00:00
[2025-02-02T12:17:11.164+0000] {processor.py:208} INFO - Processing /home/airflow/.local/lib/python3.12/site-packages/airflow/example_dags/example_branch_operator.py took 0.119 seconds
[2025-02-02T12:17:42.409+0000] {processor.py:186} INFO - Started process (PID=207) to work on /home/airflow/.local/lib/python3.12/site-packages/airflow/example_dags/example_branch_operator.py
[2025-02-02T12:17:42.411+0000] {processor.py:914} INFO - Processing file /home/airflow/.local/lib/python3.12/site-packages/airflow/example_dags/example_branch_operator.py for tasks to queue
[2025-02-02T12:17:42.414+0000] {logging_mixin.py:190} INFO - [2025-02-02T12:17:42.413+0000] {dagbag.py:588} INFO - Filling up the DagBag from /home/airflow/.local/lib/python3.12/site-packages/airflow/example_dags/example_branch_operator.py
[2025-02-02T12:17:42.439+0000] {processor.py:925} INFO - DAG(s) 'example_branch_operator' retrieved from /home/airflow/.local/lib/python3.12/site-packages/airflow/example_dags/example_branch_operator.py
[2025-02-02T12:17:42.469+0000] {logging_mixin.py:190} INFO - [2025-02-02T12:17:42.469+0000] {dag.py:3239} INFO - Sync 1 DAGs
[2025-02-02T12:17:42.495+0000] {logging_mixin.py:190} INFO - [2025-02-02T12:17:42.495+0000] {dag.py:4180} INFO - Setting next_dagrun for example_branch_operator to 2025-02-01 00:00:00+00:00, run_after=2025-02-02 00:00:00+00:00
[2025-02-02T12:17:42.521+0000] {processor.py:208} INFO - Processing /home/airflow/.local/lib/python3.12/site-packages/airflow/example_dags/example_branch_operator.py took 0.117 seconds
[2025-02-02T12:18:13.482+0000] {processor.py:186} INFO - Started process (PID=270) to work on /home/airflow/.local/lib/python3.12/site-packages/airflow/example_dags/example_branch_operator.py
[2025-02-02T12:18:13.483+0000] {processor.py:914} INFO - Processing file /home/airflow/.local/lib/python3.12/site-packages/airflow/example_dags/example_branch_operator.py for tasks to queue
[2025-02-02T12:18:13.485+0000] {logging_mixin.py:190} INFO - [2025-02-02T12:18:13.485+0000] {dagbag.py:588} INFO - Filling up the DagBag from /home/airflow/.local/lib/python3.12/site-packages/airflow/example_dags/example_branch_operator.py
[2025-02-02T12:18:13.502+0000] {processor.py:925} INFO - DAG(s) 'example_branch_operator' retrieved from /home/airflow/.local/lib/python3.12/site-packages/airflow/example_dags/example_branch_operator.py
[2025-02-02T12:18:13.532+0000] {logging_mixin.py:190} INFO - [2025-02-02T12:18:13.532+0000] {dag.py:3239} INFO - Sync 1 DAGs
[2025-02-02T12:18:13.558+0000] {logging_mixin.py:190} INFO - [2025-02-02T12:18:13.557+0000] {dag.py:4180} INFO - Setting next_dagrun for example_branch_operator to 2025-02-01 00:00:00+00:00, run_after=2025-02-02 00:00:00+00:00
[2025-02-02T12:18:13.581+0000] {processor.py:208} INFO - Processing /home/airflow/.local/lib/python3.12/site-packages/airflow/example_dags/example_branch_operator.py took 0.104 seconds
[2025-02-02T12:18:44.396+0000] {processor.py:186} INFO - Started process (PID=333) to work on /home/airflow/.local/lib/python3.12/site-packages/airflow/example_dags/example_branch_operator.py
[2025-02-02T12:18:44.397+0000] {processor.py:914} INFO - Processing file /home/airflow/.local/lib/python3.12/site-packages/airflow/example_dags/example_branch_operator.py for tasks to queue
[2025-02-02T12:18:44.400+0000] {logging_mixin.py:190} INFO - [2025-02-02T12:18:44.399+0000] {dagbag.py:588} INFO - Filling up the DagBag from /home/airflow/.local/lib/python3.12/site-packages/airflow/example_dags/example_branch_operator.py
[2025-02-02T12:18:44.419+0000] {processor.py:925} INFO - DAG(s) 'example_branch_operator' retrieved from /home/airflow/.local/lib/python3.12/site-packages/airflow/example_dags/example_branch_operator.py
[2025-02-02T12:18:44.445+0000] {logging_mixin.py:190} INFO - [2025-02-02T12:18:44.445+0000] {dag.py:3239} INFO - Sync 1 DAGs
[2025-02-02T12:18:44.470+0000] {logging_mixin.py:190} INFO - [2025-02-02T12:18:44.469+0000] {dag.py:4180} INFO - Setting next_dagrun for example_branch_operator to 2025-02-01 00:00:00+00:00, run_after=2025-02-02 00:00:00+00:00
[2025-02-02T12:18:44.491+0000] {processor.py:208} INFO - Processing /home/airflow/.local/lib/python3.12/site-packages/airflow/example_dags/example_branch_operator.py took 0.100 seconds
[2025-02-02T12:19:15.690+0000] {processor.py:186} INFO - Started process (PID=396) to work on /home/airflow/.local/lib/python3.12/site-packages/airflow/example_dags/example_branch_operator.py
[2025-02-02T12:19:15.691+0000] {processor.py:914} INFO - Processing file /home/airflow/.local/lib/python3.12/site-packages/airflow/example_dags/example_branch_operator.py for tasks to queue
[2025-02-02T12:19:15.693+0000] {logging_mixin.py:190} INFO - [2025-02-02T12:19:15.693+0000] {dagbag.py:588} INFO - Filling up the DagBag from /home/airflow/.local/lib/python3.12/site-packages/airflow/example_dags/example_branch_operator.py
[2025-02-02T12:19:15.711+0000] {processor.py:925} INFO - DAG(s) 'example_branch_operator' retrieved from /home/airflow/.local/lib/python3.12/site-packages/airflow/example_dags/example_branch_operator.py
[2025-02-02T12:19:15.741+0000] {logging_mixin.py:190} INFO - [2025-02-02T12:19:15.741+0000] {dag.py:3239} INFO - Sync 1 DAGs
[2025-02-02T12:19:15.767+0000] {logging_mixin.py:190} INFO - [2025-02-02T12:19:15.766+0000] {dag.py:4180} INFO - Setting next_dagrun for example_branch_operator to 2025-02-01 00:00:00+00:00, run_after=2025-02-02 00:00:00+00:00
[2025-02-02T12:19:15.790+0000] {processor.py:208} INFO - Processing /home/airflow/.local/lib/python3.12/site-packages/airflow/example_dags/example_branch_operator.py took 0.105 seconds
[2025-02-02T12:19:47.713+0000] {processor.py:186} INFO - Started process (PID=459) to work on /home/airflow/.local/lib/python3.12/site-packages/airflow/example_dags/example_branch_operator.py
[2025-02-02T12:19:47.714+0000] {processor.py:914} INFO - Processing file /home/airflow/.local/lib/python3.12/site-packages/airflow/example_dags/example_branch_operator.py for tasks to queue
[2025-02-02T12:19:47.717+0000] {logging_mixin.py:190} INFO - [2025-02-02T12:19:47.716+0000] {dagbag.py:588} INFO - Filling up the DagBag from /home/airflow/.local/lib/python3.12/site-packages/airflow/example_dags/example_branch_operator.py
[2025-02-02T12:19:47.737+0000] {processor.py:925} INFO - DAG(s) 'example_branch_operator' retrieved from /home/airflow/.local/lib/python3.12/site-packages/airflow/example_dags/example_branch_operator.py
[2025-02-02T12:19:47.767+0000] {logging_mixin.py:190} INFO - [2025-02-02T12:19:47.767+0000] {dag.py:3239} INFO - Sync 1 DAGs
[2025-02-02T12:19:47.797+0000] {logging_mixin.py:190} INFO - [2025-02-02T12:19:47.796+0000] {dag.py:4180} INFO - Setting next_dagrun for example_branch_operator to 2025-02-01 00:00:00+00:00, run_after=2025-02-02 00:00:00+00:00
[2025-02-02T12:19:47.821+0000] {processor.py:208} INFO - Processing /home/airflow/.local/lib/python3.12/site-packages/airflow/example_dags/example_branch_operator.py took 0.115 seconds
[2025-02-02T12:20:19.965+0000] {processor.py:186} INFO - Started process (PID=522) to work on /home/airflow/.local/lib/python3.12/site-packages/airflow/example_dags/example_branch_operator.py
[2025-02-02T12:20:19.967+0000] {processor.py:914} INFO - Processing file /home/airflow/.local/lib/python3.12/site-packages/airflow/example_dags/example_branch_operator.py for tasks to queue
[2025-02-02T12:20:19.971+0000] {logging_mixin.py:190} INFO - [2025-02-02T12:20:19.970+0000] {dagbag.py:588} INFO - Filling up the DagBag from /home/airflow/.local/lib/python3.12/site-packages/airflow/example_dags/example_branch_operator.py
[2025-02-02T12:20:19.997+0000] {processor.py:925} INFO - DAG(s) 'example_branch_operator' retrieved from /home/airflow/.local/lib/python3.12/site-packages/airflow/example_dags/example_branch_operator.py
[2025-02-02T12:20:20.042+0000] {logging_mixin.py:190} INFO - [2025-02-02T12:20:20.042+0000] {dag.py:3239} INFO - Sync 1 DAGs
[2025-02-02T12:20:20.084+0000] {logging_mixin.py:190} INFO - [2025-02-02T12:20:20.083+0000] {dag.py:4180} INFO - Setting next_dagrun for example_branch_operator to 2025-02-01 00:00:00+00:00, run_after=2025-02-02 00:00:00+00:00
[2025-02-02T12:20:20.119+0000] {processor.py:208} INFO - Processing /home/airflow/.local/lib/python3.12/site-packages/airflow/example_dags/example_branch_operator.py took 0.165 seconds
[2025-02-02T16:18:53.040+0000] {processor.py:186} INFO - Started process (PID=75) to work on /home/airflow/.local/lib/python3.12/site-packages/airflow/example_dags/example_branch_operator.py
[2025-02-02T16:18:53.041+0000] {processor.py:914} INFO - Processing file /home/airflow/.local/lib/python3.12/site-packages/airflow/example_dags/example_branch_operator.py for tasks to queue
[2025-02-02T16:18:53.044+0000] {logging_mixin.py:190} INFO - [2025-02-02T16:18:53.044+0000] {dagbag.py:588} INFO - Filling up the DagBag from /home/airflow/.local/lib/python3.12/site-packages/airflow/example_dags/example_branch_operator.py
[2025-02-02T16:18:53.060+0000] {processor.py:925} INFO - DAG(s) 'example_branch_operator' retrieved from /home/airflow/.local/lib/python3.12/site-packages/airflow/example_dags/example_branch_operator.py
[2025-02-02T16:18:53.184+0000] {logging_mixin.py:190} INFO - [2025-02-02T16:18:53.183+0000] {dag.py:3239} INFO - Sync 1 DAGs
[2025-02-02T16:18:53.207+0000] {logging_mixin.py:190} INFO - [2025-02-02T16:18:53.207+0000] {dag.py:4180} INFO - Setting next_dagrun for example_branch_operator to 2025-02-01 00:00:00+00:00, run_after=2025-02-02 00:00:00+00:00
[2025-02-02T16:18:53.233+0000] {processor.py:208} INFO - Processing /home/airflow/.local/lib/python3.12/site-packages/airflow/example_dags/example_branch_operator.py took 0.198 seconds
[2025-02-02T16:19:24.264+0000] {processor.py:186} INFO - Started process (PID=138) to work on /home/airflow/.local/lib/python3.12/site-packages/airflow/example_dags/example_branch_operator.py
[2025-02-02T16:19:24.265+0000] {processor.py:914} INFO - Processing file /home/airflow/.local/lib/python3.12/site-packages/airflow/example_dags/example_branch_operator.py for tasks to queue
[2025-02-02T16:19:24.267+0000] {logging_mixin.py:190} INFO - [2025-02-02T16:19:24.267+0000] {dagbag.py:588} INFO - Filling up the DagBag from /home/airflow/.local/lib/python3.12/site-packages/airflow/example_dags/example_branch_operator.py
[2025-02-02T16:19:24.287+0000] {processor.py:925} INFO - DAG(s) 'example_branch_operator' retrieved from /home/airflow/.local/lib/python3.12/site-packages/airflow/example_dags/example_branch_operator.py
[2025-02-02T16:19:24.317+0000] {logging_mixin.py:190} INFO - [2025-02-02T16:19:24.316+0000] {dag.py:3239} INFO - Sync 1 DAGs
[2025-02-02T16:19:24.342+0000] {logging_mixin.py:190} INFO - [2025-02-02T16:19:24.342+0000] {dag.py:4180} INFO - Setting next_dagrun for example_branch_operator to 2025-02-01 00:00:00+00:00, run_after=2025-02-02 00:00:00+00:00
[2025-02-02T16:19:24.365+0000] {processor.py:208} INFO - Processing /home/airflow/.local/lib/python3.12/site-packages/airflow/example_dags/example_branch_operator.py took 0.107 seconds
[2025-02-02T16:19:55.538+0000] {processor.py:186} INFO - Started process (PID=201) to work on /home/airflow/.local/lib/python3.12/site-packages/airflow/example_dags/example_branch_operator.py
[2025-02-02T16:19:55.540+0000] {processor.py:914} INFO - Processing file /home/airflow/.local/lib/python3.12/site-packages/airflow/example_dags/example_branch_operator.py for tasks to queue
[2025-02-02T16:19:55.542+0000] {logging_mixin.py:190} INFO - [2025-02-02T16:19:55.542+0000] {dagbag.py:588} INFO - Filling up the DagBag from /home/airflow/.local/lib/python3.12/site-packages/airflow/example_dags/example_branch_operator.py
[2025-02-02T16:19:55.559+0000] {processor.py:925} INFO - DAG(s) 'example_branch_operator' retrieved from /home/airflow/.local/lib/python3.12/site-packages/airflow/example_dags/example_branch_operator.py
[2025-02-02T16:19:55.591+0000] {logging_mixin.py:190} INFO - [2025-02-02T16:19:55.591+0000] {dag.py:3239} INFO - Sync 1 DAGs
[2025-02-02T16:19:55.620+0000] {logging_mixin.py:190} INFO - [2025-02-02T16:19:55.620+0000] {dag.py:4180} INFO - Setting next_dagrun for example_branch_operator to 2025-02-01 00:00:00+00:00, run_after=2025-02-02 00:00:00+00:00
[2025-02-02T16:19:55.644+0000] {processor.py:208} INFO - Processing /home/airflow/.local/lib/python3.12/site-packages/airflow/example_dags/example_branch_operator.py took 0.112 seconds
[2025-02-02T16:20:26.934+0000] {processor.py:186} INFO - Started process (PID=270) to work on /home/airflow/.local/lib/python3.12/site-packages/airflow/example_dags/example_branch_operator.py
[2025-02-02T16:20:26.935+0000] {processor.py:914} INFO - Processing file /home/airflow/.local/lib/python3.12/site-packages/airflow/example_dags/example_branch_operator.py for tasks to queue
[2025-02-02T16:20:26.938+0000] {logging_mixin.py:190} INFO - [2025-02-02T16:20:26.938+0000] {dagbag.py:588} INFO - Filling up the DagBag from /home/airflow/.local/lib/python3.12/site-packages/airflow/example_dags/example_branch_operator.py
[2025-02-02T16:20:26.955+0000] {processor.py:925} INFO - DAG(s) 'example_branch_operator' retrieved from /home/airflow/.local/lib/python3.12/site-packages/airflow/example_dags/example_branch_operator.py
[2025-02-02T16:20:26.984+0000] {logging_mixin.py:190} INFO - [2025-02-02T16:20:26.984+0000] {dag.py:3239} INFO - Sync 1 DAGs
[2025-02-02T16:20:27.009+0000] {logging_mixin.py:190} INFO - [2025-02-02T16:20:27.009+0000] {dag.py:4180} INFO - Setting next_dagrun for example_branch_operator to 2025-02-01 00:00:00+00:00, run_after=2025-02-02 00:00:00+00:00
[2025-02-02T16:20:27.032+0000] {processor.py:208} INFO - Processing /home/airflow/.local/lib/python3.12/site-packages/airflow/example_dags/example_branch_operator.py took 0.103 seconds
[2025-02-02T16:20:57.924+0000] {processor.py:186} INFO - Started process (PID=333) to work on /home/airflow/.local/lib/python3.12/site-packages/airflow/example_dags/example_branch_operator.py
[2025-02-02T16:20:57.925+0000] {processor.py:914} INFO - Processing file /home/airflow/.local/lib/python3.12/site-packages/airflow/example_dags/example_branch_operator.py for tasks to queue
[2025-02-02T16:20:57.927+0000] {logging_mixin.py:190} INFO - [2025-02-02T16:20:57.927+0000] {dagbag.py:588} INFO - Filling up the DagBag from /home/airflow/.local/lib/python3.12/site-packages/airflow/example_dags/example_branch_operator.py
[2025-02-02T16:20:57.944+0000] {processor.py:925} INFO - DAG(s) 'example_branch_operator' retrieved from /home/airflow/.local/lib/python3.12/site-packages/airflow/example_dags/example_branch_operator.py
[2025-02-02T16:20:57.975+0000] {logging_mixin.py:190} INFO - [2025-02-02T16:20:57.974+0000] {dag.py:3239} INFO - Sync 1 DAGs
[2025-02-02T16:20:57.999+0000] {logging_mixin.py:190} INFO - [2025-02-02T16:20:57.999+0000] {dag.py:4180} INFO - Setting next_dagrun for example_branch_operator to 2025-02-01 00:00:00+00:00, run_after=2025-02-02 00:00:00+00:00
[2025-02-02T16:20:58.021+0000] {processor.py:208} INFO - Processing /home/airflow/.local/lib/python3.12/site-packages/airflow/example_dags/example_branch_operator.py took 0.102 seconds
[2025-02-02T16:21:28.815+0000] {processor.py:186} INFO - Started process (PID=396) to work on /home/airflow/.local/lib/python3.12/site-packages/airflow/example_dags/example_branch_operator.py
[2025-02-02T16:21:28.816+0000] {processor.py:914} INFO - Processing file /home/airflow/.local/lib/python3.12/site-packages/airflow/example_dags/example_branch_operator.py for tasks to queue
[2025-02-02T16:21:28.819+0000] {logging_mixin.py:190} INFO - [2025-02-02T16:21:28.818+0000] {dagbag.py:588} INFO - Filling up the DagBag from /home/airflow/.local/lib/python3.12/site-packages/airflow/example_dags/example_branch_operator.py
[2025-02-02T16:21:28.834+0000] {processor.py:925} INFO - DAG(s) 'example_branch_operator' retrieved from /home/airflow/.local/lib/python3.12/site-packages/airflow/example_dags/example_branch_operator.py
[2025-02-02T16:21:28.862+0000] {logging_mixin.py:190} INFO - [2025-02-02T16:21:28.862+0000] {dag.py:3239} INFO - Sync 1 DAGs
[2025-02-02T16:21:28.892+0000] {logging_mixin.py:190} INFO - [2025-02-02T16:21:28.892+0000] {dag.py:4180} INFO - Setting next_dagrun for example_branch_operator to 2025-02-01 00:00:00+00:00, run_after=2025-02-02 00:00:00+00:00
[2025-02-02T16:21:28.913+0000] {processor.py:208} INFO - Processing /home/airflow/.local/lib/python3.12/site-packages/airflow/example_dags/example_branch_operator.py took 0.104 seconds
[2025-02-02T16:21:59.205+0000] {processor.py:186} INFO - Started process (PID=458) to work on /home/airflow/.local/lib/python3.12/site-packages/airflow/example_dags/example_branch_operator.py
[2025-02-02T16:21:59.206+0000] {processor.py:914} INFO - Processing file /home/airflow/.local/lib/python3.12/site-packages/airflow/example_dags/example_branch_operator.py for tasks to queue
[2025-02-02T16:21:59.209+0000] {logging_mixin.py:190} INFO - [2025-02-02T16:21:59.208+0000] {dagbag.py:588} INFO - Filling up the DagBag from /home/airflow/.local/lib/python3.12/site-packages/airflow/example_dags/example_branch_operator.py
[2025-02-02T16:21:59.226+0000] {processor.py:925} INFO - DAG(s) 'example_branch_operator' retrieved from /home/airflow/.local/lib/python3.12/site-packages/airflow/example_dags/example_branch_operator.py
[2025-02-02T16:21:59.260+0000] {logging_mixin.py:190} INFO - [2025-02-02T16:21:59.259+0000] {dag.py:3239} INFO - Sync 1 DAGs
[2025-02-02T16:21:59.286+0000] {logging_mixin.py:190} INFO - [2025-02-02T16:21:59.286+0000] {dag.py:4180} INFO - Setting next_dagrun for example_branch_operator to 2025-02-01 00:00:00+00:00, run_after=2025-02-02 00:00:00+00:00
[2025-02-02T16:21:59.306+0000] {processor.py:208} INFO - Processing /home/airflow/.local/lib/python3.12/site-packages/airflow/example_dags/example_branch_operator.py took 0.106 seconds
[2025-02-02T16:22:30.677+0000] {processor.py:186} INFO - Started process (PID=521) to work on /home/airflow/.local/lib/python3.12/site-packages/airflow/example_dags/example_branch_operator.py
[2025-02-02T16:22:30.678+0000] {processor.py:914} INFO - Processing file /home/airflow/.local/lib/python3.12/site-packages/airflow/example_dags/example_branch_operator.py for tasks to queue
[2025-02-02T16:22:30.681+0000] {logging_mixin.py:190} INFO - [2025-02-02T16:22:30.680+0000] {dagbag.py:588} INFO - Filling up the DagBag from /home/airflow/.local/lib/python3.12/site-packages/airflow/example_dags/example_branch_operator.py
[2025-02-02T16:22:30.698+0000] {processor.py:925} INFO - DAG(s) 'example_branch_operator' retrieved from /home/airflow/.local/lib/python3.12/site-packages/airflow/example_dags/example_branch_operator.py
[2025-02-02T16:22:30.750+0000] {logging_mixin.py:190} INFO - [2025-02-02T16:22:30.750+0000] {dag.py:3239} INFO - Sync 1 DAGs
[2025-02-02T16:22:30.781+0000] {logging_mixin.py:190} INFO - [2025-02-02T16:22:30.781+0000] {dag.py:4180} INFO - Setting next_dagrun for example_branch_operator to 2025-02-01 00:00:00+00:00, run_after=2025-02-02 00:00:00+00:00
[2025-02-02T16:22:30.804+0000] {processor.py:208} INFO - Processing /home/airflow/.local/lib/python3.12/site-packages/airflow/example_dags/example_branch_operator.py took 0.132 seconds
[2025-02-02T16:23:01.738+0000] {processor.py:186} INFO - Started process (PID=584) to work on /home/airflow/.local/lib/python3.12/site-packages/airflow/example_dags/example_branch_operator.py
[2025-02-02T16:23:01.739+0000] {processor.py:914} INFO - Processing file /home/airflow/.local/lib/python3.12/site-packages/airflow/example_dags/example_branch_operator.py for tasks to queue
[2025-02-02T16:23:01.742+0000] {logging_mixin.py:190} INFO - [2025-02-02T16:23:01.742+0000] {dagbag.py:588} INFO - Filling up the DagBag from /home/airflow/.local/lib/python3.12/site-packages/airflow/example_dags/example_branch_operator.py
[2025-02-02T16:23:01.761+0000] {processor.py:925} INFO - DAG(s) 'example_branch_operator' retrieved from /home/airflow/.local/lib/python3.12/site-packages/airflow/example_dags/example_branch_operator.py
[2025-02-02T16:23:01.801+0000] {logging_mixin.py:190} INFO - [2025-02-02T16:23:01.801+0000] {dag.py:3239} INFO - Sync 1 DAGs
[2025-02-02T16:23:01.826+0000] {logging_mixin.py:190} INFO - [2025-02-02T16:23:01.826+0000] {dag.py:4180} INFO - Setting next_dagrun for example_branch_operator to 2025-02-01 00:00:00+00:00, run_after=2025-02-02 00:00:00+00:00
[2025-02-02T16:23:01.847+0000] {processor.py:208} INFO - Processing /home/airflow/.local/lib/python3.12/site-packages/airflow/example_dags/example_branch_operator.py took 0.115 seconds
[2025-02-02T16:23:33.223+0000] {processor.py:186} INFO - Started process (PID=647) to work on /home/airflow/.local/lib/python3.12/site-packages/airflow/example_dags/example_branch_operator.py
[2025-02-02T16:23:33.224+0000] {processor.py:914} INFO - Processing file /home/airflow/.local/lib/python3.12/site-packages/airflow/example_dags/example_branch_operator.py for tasks to queue
[2025-02-02T16:23:33.227+0000] {logging_mixin.py:190} INFO - [2025-02-02T16:23:33.227+0000] {dagbag.py:588} INFO - Filling up the DagBag from /home/airflow/.local/lib/python3.12/site-packages/airflow/example_dags/example_branch_operator.py
[2025-02-02T16:23:33.248+0000] {processor.py:925} INFO - DAG(s) 'example_branch_operator' retrieved from /home/airflow/.local/lib/python3.12/site-packages/airflow/example_dags/example_branch_operator.py
[2025-02-02T16:23:33.294+0000] {logging_mixin.py:190} INFO - [2025-02-02T16:23:33.294+0000] {dag.py:3239} INFO - Sync 1 DAGs
[2025-02-02T16:23:33.331+0000] {logging_mixin.py:190} INFO - [2025-02-02T16:23:33.331+0000] {dag.py:4180} INFO - Setting next_dagrun for example_branch_operator to 2025-02-01 00:00:00+00:00, run_after=2025-02-02 00:00:00+00:00
[2025-02-02T16:23:33.361+0000] {processor.py:208} INFO - Processing /home/airflow/.local/lib/python3.12/site-packages/airflow/example_dags/example_branch_operator.py took 0.145 seconds
[2025-02-02T16:24:03.751+0000] {processor.py:186} INFO - Started process (PID=710) to work on /home/airflow/.local/lib/python3.12/site-packages/airflow/example_dags/example_branch_operator.py
[2025-02-02T16:24:03.752+0000] {processor.py:914} INFO - Processing file /home/airflow/.local/lib/python3.12/site-packages/airflow/example_dags/example_branch_operator.py for tasks to queue
[2025-02-02T16:24:03.754+0000] {logging_mixin.py:190} INFO - [2025-02-02T16:24:03.754+0000] {dagbag.py:588} INFO - Filling up the DagBag from /home/airflow/.local/lib/python3.12/site-packages/airflow/example_dags/example_branch_operator.py
[2025-02-02T16:24:03.772+0000] {processor.py:925} INFO - DAG(s) 'example_branch_operator' retrieved from /home/airflow/.local/lib/python3.12/site-packages/airflow/example_dags/example_branch_operator.py
[2025-02-02T16:24:03.803+0000] {logging_mixin.py:190} INFO - [2025-02-02T16:24:03.803+0000] {dag.py:3239} INFO - Sync 1 DAGs
[2025-02-02T16:24:03.826+0000] {logging_mixin.py:190} INFO - [2025-02-02T16:24:03.826+0000] {dag.py:4180} INFO - Setting next_dagrun for example_branch_operator to 2025-02-01 00:00:00+00:00, run_after=2025-02-02 00:00:00+00:00
[2025-02-02T16:24:03.851+0000] {processor.py:208} INFO - Processing /home/airflow/.local/lib/python3.12/site-packages/airflow/example_dags/example_branch_operator.py took 0.105 seconds
[2025-02-02T16:24:35.767+0000] {processor.py:186} INFO - Started process (PID=773) to work on /home/airflow/.local/lib/python3.12/site-packages/airflow/example_dags/example_branch_operator.py
[2025-02-02T16:24:35.768+0000] {processor.py:914} INFO - Processing file /home/airflow/.local/lib/python3.12/site-packages/airflow/example_dags/example_branch_operator.py for tasks to queue
[2025-02-02T16:24:35.771+0000] {logging_mixin.py:190} INFO - [2025-02-02T16:24:35.770+0000] {dagbag.py:588} INFO - Filling up the DagBag from /home/airflow/.local/lib/python3.12/site-packages/airflow/example_dags/example_branch_operator.py
[2025-02-02T16:24:35.791+0000] {processor.py:925} INFO - DAG(s) 'example_branch_operator' retrieved from /home/airflow/.local/lib/python3.12/site-packages/airflow/example_dags/example_branch_operator.py
[2025-02-02T16:24:35.826+0000] {logging_mixin.py:190} INFO - [2025-02-02T16:24:35.826+0000] {dag.py:3239} INFO - Sync 1 DAGs
[2025-02-02T16:24:35.853+0000] {logging_mixin.py:190} INFO - [2025-02-02T16:24:35.852+0000] {dag.py:4180} INFO - Setting next_dagrun for example_branch_operator to 2025-02-01 00:00:00+00:00, run_after=2025-02-02 00:00:00+00:00
[2025-02-02T16:24:35.880+0000] {processor.py:208} INFO - Processing /home/airflow/.local/lib/python3.12/site-packages/airflow/example_dags/example_branch_operator.py took 0.118 seconds
[2025-02-02T16:25:06.479+0000] {processor.py:186} INFO - Started process (PID=836) to work on /home/airflow/.local/lib/python3.12/site-packages/airflow/example_dags/example_branch_operator.py
[2025-02-02T16:25:06.480+0000] {processor.py:914} INFO - Processing file /home/airflow/.local/lib/python3.12/site-packages/airflow/example_dags/example_branch_operator.py for tasks to queue
[2025-02-02T16:25:06.483+0000] {logging_mixin.py:190} INFO - [2025-02-02T16:25:06.483+0000] {dagbag.py:588} INFO - Filling up the DagBag from /home/airflow/.local/lib/python3.12/site-packages/airflow/example_dags/example_branch_operator.py
[2025-02-02T16:25:06.501+0000] {processor.py:925} INFO - DAG(s) 'example_branch_operator' retrieved from /home/airflow/.local/lib/python3.12/site-packages/airflow/example_dags/example_branch_operator.py
[2025-02-02T16:25:06.532+0000] {logging_mixin.py:190} INFO - [2025-02-02T16:25:06.531+0000] {dag.py:3239} INFO - Sync 1 DAGs
[2025-02-02T16:25:06.560+0000] {logging_mixin.py:190} INFO - [2025-02-02T16:25:06.559+0000] {dag.py:4180} INFO - Setting next_dagrun for example_branch_operator to 2025-02-01 00:00:00+00:00, run_after=2025-02-02 00:00:00+00:00
[2025-02-02T16:25:06.589+0000] {processor.py:208} INFO - Processing /home/airflow/.local/lib/python3.12/site-packages/airflow/example_dags/example_branch_operator.py took 0.115 seconds
[2025-02-02T16:25:38.054+0000] {processor.py:186} INFO - Started process (PID=899) to work on /home/airflow/.local/lib/python3.12/site-packages/airflow/example_dags/example_branch_operator.py
[2025-02-02T16:25:38.055+0000] {processor.py:914} INFO - Processing file /home/airflow/.local/lib/python3.12/site-packages/airflow/example_dags/example_branch_operator.py for tasks to queue
[2025-02-02T16:25:38.057+0000] {logging_mixin.py:190} INFO - [2025-02-02T16:25:38.057+0000] {dagbag.py:588} INFO - Filling up the DagBag from /home/airflow/.local/lib/python3.12/site-packages/airflow/example_dags/example_branch_operator.py
[2025-02-02T16:25:38.074+0000] {processor.py:925} INFO - DAG(s) 'example_branch_operator' retrieved from /home/airflow/.local/lib/python3.12/site-packages/airflow/example_dags/example_branch_operator.py
[2025-02-02T16:25:38.106+0000] {logging_mixin.py:190} INFO - [2025-02-02T16:25:38.105+0000] {dag.py:3239} INFO - Sync 1 DAGs
[2025-02-02T16:25:38.132+0000] {logging_mixin.py:190} INFO - [2025-02-02T16:25:38.132+0000] {dag.py:4180} INFO - Setting next_dagrun for example_branch_operator to 2025-02-01 00:00:00+00:00, run_after=2025-02-02 00:00:00+00:00
[2025-02-02T16:25:38.157+0000] {processor.py:208} INFO - Processing /home/airflow/.local/lib/python3.12/site-packages/airflow/example_dags/example_branch_operator.py took 0.109 seconds
