[2025-02-02T12:16:35.457+0000] {processor.py:186} INFO - Started process (PID=63) to work on /home/airflow/.local/lib/python3.12/site-packages/airflow/example_dags/example_dataset_alias_with_no_taskflow.py
[2025-02-02T12:16:35.459+0000] {processor.py:914} INFO - Processing file /home/airflow/.local/lib/python3.12/site-packages/airflow/example_dags/example_dataset_alias_with_no_taskflow.py for tasks to queue
[2025-02-02T12:16:35.463+0000] {logging_mixin.py:190} INFO - [2025-02-02T12:16:35.462+0000] {dagbag.py:588} INFO - Filling up the DagBag from /home/airflow/.local/lib/python3.12/site-packages/airflow/example_dags/example_dataset_alias_with_no_taskflow.py
[2025-02-02T12:16:36.281+0000] {processor.py:925} INFO - DAG(s) 'dataset_alias_example_alias_producer_with_no_taskflow', 'dataset_s3_bucket_producer_with_no_taskflow', 'dataset_alias_example_alias_consumer_with_no_taskflow', 'dataset_s3_bucket_consumer_with_no_taskflow' retrieved from /home/airflow/.local/lib/python3.12/site-packages/airflow/example_dags/example_dataset_alias_with_no_taskflow.py
[2025-02-02T12:16:36.417+0000] {logging_mixin.py:190} INFO - [2025-02-02T12:16:36.416+0000] {override.py:1911} INFO - Created Permission View: can read on DAG:dataset_alias_example_alias_producer_with_no_taskflow
[2025-02-02T12:16:36.432+0000] {logging_mixin.py:190} INFO - [2025-02-02T12:16:36.431+0000] {override.py:1911} INFO - Created Permission View: can edit on DAG:dataset_alias_example_alias_producer_with_no_taskflow
[2025-02-02T12:16:36.447+0000] {logging_mixin.py:190} INFO - [2025-02-02T12:16:36.446+0000] {override.py:1911} INFO - Created Permission View: can delete on DAG:dataset_alias_example_alias_producer_with_no_taskflow
[2025-02-02T12:16:36.460+0000] {logging_mixin.py:190} INFO - [2025-02-02T12:16:36.460+0000] {override.py:1911} INFO - Created Permission View: can read on DAG Run:dataset_alias_example_alias_producer_with_no_taskflow
[2025-02-02T12:16:36.473+0000] {logging_mixin.py:190} INFO - [2025-02-02T12:16:36.473+0000] {override.py:1911} INFO - Created Permission View: menu access on DAG Run:dataset_alias_example_alias_producer_with_no_taskflow
[2025-02-02T12:16:36.486+0000] {logging_mixin.py:190} INFO - [2025-02-02T12:16:36.486+0000] {override.py:1911} INFO - Created Permission View: can create on DAG Run:dataset_alias_example_alias_producer_with_no_taskflow
[2025-02-02T12:16:36.497+0000] {logging_mixin.py:190} INFO - [2025-02-02T12:16:36.497+0000] {override.py:1911} INFO - Created Permission View: can delete on DAG Run:dataset_alias_example_alias_producer_with_no_taskflow
[2025-02-02T12:16:36.519+0000] {logging_mixin.py:190} INFO - [2025-02-02T12:16:36.519+0000] {override.py:1911} INFO - Created Permission View: can read on DAG:dataset_s3_bucket_producer_with_no_taskflow
[2025-02-02T12:16:36.532+0000] {logging_mixin.py:190} INFO - [2025-02-02T12:16:36.531+0000] {override.py:1911} INFO - Created Permission View: can edit on DAG:dataset_s3_bucket_producer_with_no_taskflow
[2025-02-02T12:16:36.544+0000] {logging_mixin.py:190} INFO - [2025-02-02T12:16:36.543+0000] {override.py:1911} INFO - Created Permission View: can delete on DAG:dataset_s3_bucket_producer_with_no_taskflow
[2025-02-02T12:16:36.558+0000] {logging_mixin.py:190} INFO - [2025-02-02T12:16:36.557+0000] {override.py:1911} INFO - Created Permission View: can read on DAG Run:dataset_s3_bucket_producer_with_no_taskflow
[2025-02-02T12:16:36.571+0000] {logging_mixin.py:190} INFO - [2025-02-02T12:16:36.571+0000] {override.py:1911} INFO - Created Permission View: menu access on DAG Run:dataset_s3_bucket_producer_with_no_taskflow
[2025-02-02T12:16:36.586+0000] {logging_mixin.py:190} INFO - [2025-02-02T12:16:36.585+0000] {override.py:1911} INFO - Created Permission View: can create on DAG Run:dataset_s3_bucket_producer_with_no_taskflow
[2025-02-02T12:16:36.598+0000] {logging_mixin.py:190} INFO - [2025-02-02T12:16:36.597+0000] {override.py:1911} INFO - Created Permission View: can delete on DAG Run:dataset_s3_bucket_producer_with_no_taskflow
[2025-02-02T12:16:36.618+0000] {logging_mixin.py:190} INFO - [2025-02-02T12:16:36.617+0000] {override.py:1911} INFO - Created Permission View: can read on DAG:dataset_alias_example_alias_consumer_with_no_taskflow
[2025-02-02T12:16:36.631+0000] {logging_mixin.py:190} INFO - [2025-02-02T12:16:36.631+0000] {override.py:1911} INFO - Created Permission View: can edit on DAG:dataset_alias_example_alias_consumer_with_no_taskflow
[2025-02-02T12:16:36.645+0000] {logging_mixin.py:190} INFO - [2025-02-02T12:16:36.645+0000] {override.py:1911} INFO - Created Permission View: can delete on DAG:dataset_alias_example_alias_consumer_with_no_taskflow
[2025-02-02T12:16:36.660+0000] {logging_mixin.py:190} INFO - [2025-02-02T12:16:36.659+0000] {override.py:1911} INFO - Created Permission View: can read on DAG Run:dataset_alias_example_alias_consumer_with_no_taskflow
[2025-02-02T12:16:36.671+0000] {logging_mixin.py:190} INFO - [2025-02-02T12:16:36.671+0000] {override.py:1911} INFO - Created Permission View: menu access on DAG Run:dataset_alias_example_alias_consumer_with_no_taskflow
[2025-02-02T12:16:36.684+0000] {logging_mixin.py:190} INFO - [2025-02-02T12:16:36.684+0000] {override.py:1911} INFO - Created Permission View: can create on DAG Run:dataset_alias_example_alias_consumer_with_no_taskflow
[2025-02-02T12:16:36.694+0000] {logging_mixin.py:190} INFO - [2025-02-02T12:16:36.694+0000] {override.py:1911} INFO - Created Permission View: can delete on DAG Run:dataset_alias_example_alias_consumer_with_no_taskflow
[2025-02-02T12:16:36.715+0000] {logging_mixin.py:190} INFO - [2025-02-02T12:16:36.715+0000] {override.py:1911} INFO - Created Permission View: can read on DAG:dataset_s3_bucket_consumer_with_no_taskflow
[2025-02-02T12:16:36.728+0000] {logging_mixin.py:190} INFO - [2025-02-02T12:16:36.728+0000] {override.py:1911} INFO - Created Permission View: can edit on DAG:dataset_s3_bucket_consumer_with_no_taskflow
[2025-02-02T12:16:36.741+0000] {logging_mixin.py:190} INFO - [2025-02-02T12:16:36.740+0000] {override.py:1911} INFO - Created Permission View: can delete on DAG:dataset_s3_bucket_consumer_with_no_taskflow
[2025-02-02T12:16:36.757+0000] {logging_mixin.py:190} INFO - [2025-02-02T12:16:36.756+0000] {override.py:1911} INFO - Created Permission View: can read on DAG Run:dataset_s3_bucket_consumer_with_no_taskflow
[2025-02-02T12:16:36.769+0000] {logging_mixin.py:190} INFO - [2025-02-02T12:16:36.769+0000] {override.py:1911} INFO - Created Permission View: menu access on DAG Run:dataset_s3_bucket_consumer_with_no_taskflow
[2025-02-02T12:16:36.781+0000] {logging_mixin.py:190} INFO - [2025-02-02T12:16:36.780+0000] {override.py:1911} INFO - Created Permission View: can create on DAG Run:dataset_s3_bucket_consumer_with_no_taskflow
[2025-02-02T12:16:36.792+0000] {logging_mixin.py:190} INFO - [2025-02-02T12:16:36.792+0000] {override.py:1911} INFO - Created Permission View: can delete on DAG Run:dataset_s3_bucket_consumer_with_no_taskflow
[2025-02-02T12:16:36.794+0000] {logging_mixin.py:190} INFO - [2025-02-02T12:16:36.793+0000] {dag.py:3239} INFO - Sync 4 DAGs
[2025-02-02T12:16:36.808+0000] {logging_mixin.py:190} INFO - [2025-02-02T12:16:36.808+0000] {dag.py:3262} INFO - Creating ORM DAG for dataset_s3_bucket_consumer_with_no_taskflow
[2025-02-02T12:16:36.811+0000] {logging_mixin.py:190} INFO - [2025-02-02T12:16:36.811+0000] {dag.py:3262} INFO - Creating ORM DAG for dataset_s3_bucket_producer_with_no_taskflow
[2025-02-02T12:16:36.812+0000] {logging_mixin.py:190} INFO - [2025-02-02T12:16:36.812+0000] {dag.py:3262} INFO - Creating ORM DAG for dataset_alias_example_alias_consumer_with_no_taskflow
[2025-02-02T12:16:36.813+0000] {logging_mixin.py:190} INFO - [2025-02-02T12:16:36.813+0000] {dag.py:3262} INFO - Creating ORM DAG for dataset_alias_example_alias_producer_with_no_taskflow
[2025-02-02T12:16:36.825+0000] {logging_mixin.py:190} INFO - [2025-02-02T12:16:36.825+0000] {dag.py:4180} INFO - Setting next_dagrun for dataset_alias_example_alias_consumer_with_no_taskflow to None, run_after=None
[2025-02-02T12:16:36.827+0000] {logging_mixin.py:190} INFO - [2025-02-02T12:16:36.827+0000] {dag.py:4180} INFO - Setting next_dagrun for dataset_alias_example_alias_producer_with_no_taskflow to None, run_after=None
[2025-02-02T12:16:36.828+0000] {logging_mixin.py:190} INFO - [2025-02-02T12:16:36.828+0000] {dag.py:4180} INFO - Setting next_dagrun for dataset_s3_bucket_consumer_with_no_taskflow to None, run_after=None
[2025-02-02T12:16:36.829+0000] {logging_mixin.py:190} INFO - [2025-02-02T12:16:36.829+0000] {dag.py:4180} INFO - Setting next_dagrun for dataset_s3_bucket_producer_with_no_taskflow to None, run_after=None
[2025-02-02T12:16:36.874+0000] {processor.py:208} INFO - Processing /home/airflow/.local/lib/python3.12/site-packages/airflow/example_dags/example_dataset_alias_with_no_taskflow.py took 1.427 seconds
[2025-02-02T12:17:07.632+0000] {processor.py:186} INFO - Started process (PID=126) to work on /home/airflow/.local/lib/python3.12/site-packages/airflow/example_dags/example_dataset_alias_with_no_taskflow.py
[2025-02-02T12:17:07.634+0000] {processor.py:914} INFO - Processing file /home/airflow/.local/lib/python3.12/site-packages/airflow/example_dags/example_dataset_alias_with_no_taskflow.py for tasks to queue
[2025-02-02T12:17:07.637+0000] {logging_mixin.py:190} INFO - [2025-02-02T12:17:07.636+0000] {dagbag.py:588} INFO - Filling up the DagBag from /home/airflow/.local/lib/python3.12/site-packages/airflow/example_dags/example_dataset_alias_with_no_taskflow.py
[2025-02-02T12:17:08.391+0000] {processor.py:925} INFO - DAG(s) 'dataset_alias_example_alias_consumer_with_no_taskflow', 'dataset_alias_example_alias_producer_with_no_taskflow', 'dataset_s3_bucket_consumer_with_no_taskflow', 'dataset_s3_bucket_producer_with_no_taskflow' retrieved from /home/airflow/.local/lib/python3.12/site-packages/airflow/example_dags/example_dataset_alias_with_no_taskflow.py
[2025-02-02T12:17:08.422+0000] {logging_mixin.py:190} INFO - [2025-02-02T12:17:08.421+0000] {dag.py:3239} INFO - Sync 4 DAGs
[2025-02-02T12:17:08.460+0000] {logging_mixin.py:190} INFO - [2025-02-02T12:17:08.459+0000] {dag.py:4180} INFO - Setting next_dagrun for dataset_alias_example_alias_consumer_with_no_taskflow to None, run_after=None
[2025-02-02T12:17:08.464+0000] {logging_mixin.py:190} INFO - [2025-02-02T12:17:08.464+0000] {dag.py:4180} INFO - Setting next_dagrun for dataset_alias_example_alias_producer_with_no_taskflow to None, run_after=None
[2025-02-02T12:17:08.467+0000] {logging_mixin.py:190} INFO - [2025-02-02T12:17:08.467+0000] {dag.py:4180} INFO - Setting next_dagrun for dataset_s3_bucket_consumer_with_no_taskflow to None, run_after=None
[2025-02-02T12:17:08.469+0000] {logging_mixin.py:190} INFO - [2025-02-02T12:17:08.469+0000] {dag.py:4180} INFO - Setting next_dagrun for dataset_s3_bucket_producer_with_no_taskflow to None, run_after=None
[2025-02-02T12:17:08.507+0000] {processor.py:208} INFO - Processing /home/airflow/.local/lib/python3.12/site-packages/airflow/example_dags/example_dataset_alias_with_no_taskflow.py took 0.882 seconds
[2025-02-02T12:17:39.517+0000] {processor.py:186} INFO - Started process (PID=189) to work on /home/airflow/.local/lib/python3.12/site-packages/airflow/example_dags/example_dataset_alias_with_no_taskflow.py
[2025-02-02T12:17:39.518+0000] {processor.py:914} INFO - Processing file /home/airflow/.local/lib/python3.12/site-packages/airflow/example_dags/example_dataset_alias_with_no_taskflow.py for tasks to queue
[2025-02-02T12:17:39.521+0000] {logging_mixin.py:190} INFO - [2025-02-02T12:17:39.521+0000] {dagbag.py:588} INFO - Filling up the DagBag from /home/airflow/.local/lib/python3.12/site-packages/airflow/example_dags/example_dataset_alias_with_no_taskflow.py
[2025-02-02T12:17:40.158+0000] {processor.py:925} INFO - DAG(s) 'dataset_s3_bucket_producer_with_no_taskflow', 'dataset_s3_bucket_consumer_with_no_taskflow', 'dataset_alias_example_alias_producer_with_no_taskflow', 'dataset_alias_example_alias_consumer_with_no_taskflow' retrieved from /home/airflow/.local/lib/python3.12/site-packages/airflow/example_dags/example_dataset_alias_with_no_taskflow.py
[2025-02-02T12:17:40.187+0000] {logging_mixin.py:190} INFO - [2025-02-02T12:17:40.186+0000] {dag.py:3239} INFO - Sync 4 DAGs
[2025-02-02T12:17:40.212+0000] {logging_mixin.py:190} INFO - [2025-02-02T12:17:40.212+0000] {dag.py:4180} INFO - Setting next_dagrun for dataset_alias_example_alias_consumer_with_no_taskflow to None, run_after=None
[2025-02-02T12:17:40.216+0000] {logging_mixin.py:190} INFO - [2025-02-02T12:17:40.216+0000] {dag.py:4180} INFO - Setting next_dagrun for dataset_alias_example_alias_producer_with_no_taskflow to None, run_after=None
[2025-02-02T12:17:40.219+0000] {logging_mixin.py:190} INFO - [2025-02-02T12:17:40.218+0000] {dag.py:4180} INFO - Setting next_dagrun for dataset_s3_bucket_consumer_with_no_taskflow to None, run_after=None
[2025-02-02T12:17:40.221+0000] {logging_mixin.py:190} INFO - [2025-02-02T12:17:40.220+0000] {dag.py:4180} INFO - Setting next_dagrun for dataset_s3_bucket_producer_with_no_taskflow to None, run_after=None
[2025-02-02T12:17:40.248+0000] {processor.py:208} INFO - Processing /home/airflow/.local/lib/python3.12/site-packages/airflow/example_dags/example_dataset_alias_with_no_taskflow.py took 0.736 seconds
[2025-02-02T12:18:10.839+0000] {processor.py:186} INFO - Started process (PID=252) to work on /home/airflow/.local/lib/python3.12/site-packages/airflow/example_dags/example_dataset_alias_with_no_taskflow.py
[2025-02-02T12:18:10.841+0000] {processor.py:914} INFO - Processing file /home/airflow/.local/lib/python3.12/site-packages/airflow/example_dags/example_dataset_alias_with_no_taskflow.py for tasks to queue
[2025-02-02T12:18:10.843+0000] {logging_mixin.py:190} INFO - [2025-02-02T12:18:10.843+0000] {dagbag.py:588} INFO - Filling up the DagBag from /home/airflow/.local/lib/python3.12/site-packages/airflow/example_dags/example_dataset_alias_with_no_taskflow.py
[2025-02-02T12:18:11.578+0000] {processor.py:925} INFO - DAG(s) 'dataset_s3_bucket_producer_with_no_taskflow', 'dataset_s3_bucket_consumer_with_no_taskflow', 'dataset_alias_example_alias_producer_with_no_taskflow', 'dataset_alias_example_alias_consumer_with_no_taskflow' retrieved from /home/airflow/.local/lib/python3.12/site-packages/airflow/example_dags/example_dataset_alias_with_no_taskflow.py
[2025-02-02T12:18:11.606+0000] {logging_mixin.py:190} INFO - [2025-02-02T12:18:11.605+0000] {dag.py:3239} INFO - Sync 4 DAGs
[2025-02-02T12:18:11.638+0000] {logging_mixin.py:190} INFO - [2025-02-02T12:18:11.638+0000] {dag.py:4180} INFO - Setting next_dagrun for dataset_alias_example_alias_consumer_with_no_taskflow to None, run_after=None
[2025-02-02T12:18:11.642+0000] {logging_mixin.py:190} INFO - [2025-02-02T12:18:11.642+0000] {dag.py:4180} INFO - Setting next_dagrun for dataset_alias_example_alias_producer_with_no_taskflow to None, run_after=None
[2025-02-02T12:18:11.645+0000] {logging_mixin.py:190} INFO - [2025-02-02T12:18:11.645+0000] {dag.py:4180} INFO - Setting next_dagrun for dataset_s3_bucket_consumer_with_no_taskflow to None, run_after=None
[2025-02-02T12:18:11.647+0000] {logging_mixin.py:190} INFO - [2025-02-02T12:18:11.647+0000] {dag.py:4180} INFO - Setting next_dagrun for dataset_s3_bucket_producer_with_no_taskflow to None, run_after=None
[2025-02-02T12:18:11.675+0000] {processor.py:208} INFO - Processing /home/airflow/.local/lib/python3.12/site-packages/airflow/example_dags/example_dataset_alias_with_no_taskflow.py took 0.843 seconds
[2025-02-02T12:18:41.987+0000] {processor.py:186} INFO - Started process (PID=315) to work on /home/airflow/.local/lib/python3.12/site-packages/airflow/example_dags/example_dataset_alias_with_no_taskflow.py
[2025-02-02T12:18:41.988+0000] {processor.py:914} INFO - Processing file /home/airflow/.local/lib/python3.12/site-packages/airflow/example_dags/example_dataset_alias_with_no_taskflow.py for tasks to queue
[2025-02-02T12:18:41.991+0000] {logging_mixin.py:190} INFO - [2025-02-02T12:18:41.991+0000] {dagbag.py:588} INFO - Filling up the DagBag from /home/airflow/.local/lib/python3.12/site-packages/airflow/example_dags/example_dataset_alias_with_no_taskflow.py
[2025-02-02T12:18:42.623+0000] {processor.py:925} INFO - DAG(s) 'dataset_alias_example_alias_producer_with_no_taskflow', 'dataset_s3_bucket_consumer_with_no_taskflow', 'dataset_s3_bucket_producer_with_no_taskflow', 'dataset_alias_example_alias_consumer_with_no_taskflow' retrieved from /home/airflow/.local/lib/python3.12/site-packages/airflow/example_dags/example_dataset_alias_with_no_taskflow.py
[2025-02-02T12:18:42.656+0000] {logging_mixin.py:190} INFO - [2025-02-02T12:18:42.656+0000] {dag.py:3239} INFO - Sync 4 DAGs
[2025-02-02T12:18:42.689+0000] {logging_mixin.py:190} INFO - [2025-02-02T12:18:42.688+0000] {dag.py:4180} INFO - Setting next_dagrun for dataset_alias_example_alias_consumer_with_no_taskflow to None, run_after=None
[2025-02-02T12:18:42.696+0000] {logging_mixin.py:190} INFO - [2025-02-02T12:18:42.695+0000] {dag.py:4180} INFO - Setting next_dagrun for dataset_alias_example_alias_producer_with_no_taskflow to None, run_after=None
[2025-02-02T12:18:42.699+0000] {logging_mixin.py:190} INFO - [2025-02-02T12:18:42.699+0000] {dag.py:4180} INFO - Setting next_dagrun for dataset_s3_bucket_consumer_with_no_taskflow to None, run_after=None
[2025-02-02T12:18:42.702+0000] {logging_mixin.py:190} INFO - [2025-02-02T12:18:42.701+0000] {dag.py:4180} INFO - Setting next_dagrun for dataset_s3_bucket_producer_with_no_taskflow to None, run_after=None
[2025-02-02T12:18:42.738+0000] {processor.py:208} INFO - Processing /home/airflow/.local/lib/python3.12/site-packages/airflow/example_dags/example_dataset_alias_with_no_taskflow.py took 0.756 seconds
[2025-02-02T12:19:13.565+0000] {processor.py:186} INFO - Started process (PID=378) to work on /home/airflow/.local/lib/python3.12/site-packages/airflow/example_dags/example_dataset_alias_with_no_taskflow.py
[2025-02-02T12:19:13.567+0000] {processor.py:914} INFO - Processing file /home/airflow/.local/lib/python3.12/site-packages/airflow/example_dags/example_dataset_alias_with_no_taskflow.py for tasks to queue
[2025-02-02T12:19:13.569+0000] {logging_mixin.py:190} INFO - [2025-02-02T12:19:13.569+0000] {dagbag.py:588} INFO - Filling up the DagBag from /home/airflow/.local/lib/python3.12/site-packages/airflow/example_dags/example_dataset_alias_with_no_taskflow.py
[2025-02-02T12:19:14.207+0000] {processor.py:925} INFO - DAG(s) 'dataset_alias_example_alias_producer_with_no_taskflow', 'dataset_alias_example_alias_consumer_with_no_taskflow', 'dataset_s3_bucket_producer_with_no_taskflow', 'dataset_s3_bucket_consumer_with_no_taskflow' retrieved from /home/airflow/.local/lib/python3.12/site-packages/airflow/example_dags/example_dataset_alias_with_no_taskflow.py
[2025-02-02T12:19:14.234+0000] {logging_mixin.py:190} INFO - [2025-02-02T12:19:14.234+0000] {dag.py:3239} INFO - Sync 4 DAGs
[2025-02-02T12:19:14.261+0000] {logging_mixin.py:190} INFO - [2025-02-02T12:19:14.261+0000] {dag.py:4180} INFO - Setting next_dagrun for dataset_alias_example_alias_consumer_with_no_taskflow to None, run_after=None
[2025-02-02T12:19:14.264+0000] {logging_mixin.py:190} INFO - [2025-02-02T12:19:14.264+0000] {dag.py:4180} INFO - Setting next_dagrun for dataset_alias_example_alias_producer_with_no_taskflow to None, run_after=None
[2025-02-02T12:19:14.267+0000] {logging_mixin.py:190} INFO - [2025-02-02T12:19:14.266+0000] {dag.py:4180} INFO - Setting next_dagrun for dataset_s3_bucket_consumer_with_no_taskflow to None, run_after=None
[2025-02-02T12:19:14.269+0000] {logging_mixin.py:190} INFO - [2025-02-02T12:19:14.269+0000] {dag.py:4180} INFO - Setting next_dagrun for dataset_s3_bucket_producer_with_no_taskflow to None, run_after=None
[2025-02-02T12:19:14.301+0000] {processor.py:208} INFO - Processing /home/airflow/.local/lib/python3.12/site-packages/airflow/example_dags/example_dataset_alias_with_no_taskflow.py took 0.741 seconds
[2025-02-02T12:19:44.771+0000] {processor.py:186} INFO - Started process (PID=441) to work on /home/airflow/.local/lib/python3.12/site-packages/airflow/example_dags/example_dataset_alias_with_no_taskflow.py
[2025-02-02T12:19:44.773+0000] {processor.py:914} INFO - Processing file /home/airflow/.local/lib/python3.12/site-packages/airflow/example_dags/example_dataset_alias_with_no_taskflow.py for tasks to queue
[2025-02-02T12:19:44.777+0000] {logging_mixin.py:190} INFO - [2025-02-02T12:19:44.776+0000] {dagbag.py:588} INFO - Filling up the DagBag from /home/airflow/.local/lib/python3.12/site-packages/airflow/example_dags/example_dataset_alias_with_no_taskflow.py
[2025-02-02T12:19:45.934+0000] {processor.py:925} INFO - DAG(s) 'dataset_s3_bucket_producer_with_no_taskflow', 'dataset_alias_example_alias_producer_with_no_taskflow', 'dataset_s3_bucket_consumer_with_no_taskflow', 'dataset_alias_example_alias_consumer_with_no_taskflow' retrieved from /home/airflow/.local/lib/python3.12/site-packages/airflow/example_dags/example_dataset_alias_with_no_taskflow.py
[2025-02-02T12:19:45.977+0000] {logging_mixin.py:190} INFO - [2025-02-02T12:19:45.976+0000] {dag.py:3239} INFO - Sync 4 DAGs
[2025-02-02T12:19:46.015+0000] {logging_mixin.py:190} INFO - [2025-02-02T12:19:46.014+0000] {dag.py:4180} INFO - Setting next_dagrun for dataset_alias_example_alias_consumer_with_no_taskflow to None, run_after=None
[2025-02-02T12:19:46.021+0000] {logging_mixin.py:190} INFO - [2025-02-02T12:19:46.020+0000] {dag.py:4180} INFO - Setting next_dagrun for dataset_alias_example_alias_producer_with_no_taskflow to None, run_after=None
[2025-02-02T12:19:46.023+0000] {logging_mixin.py:190} INFO - [2025-02-02T12:19:46.023+0000] {dag.py:4180} INFO - Setting next_dagrun for dataset_s3_bucket_consumer_with_no_taskflow to None, run_after=None
[2025-02-02T12:19:46.025+0000] {logging_mixin.py:190} INFO - [2025-02-02T12:19:46.025+0000] {dag.py:4180} INFO - Setting next_dagrun for dataset_s3_bucket_producer_with_no_taskflow to None, run_after=None
[2025-02-02T12:19:46.065+0000] {processor.py:208} INFO - Processing /home/airflow/.local/lib/python3.12/site-packages/airflow/example_dags/example_dataset_alias_with_no_taskflow.py took 1.306 seconds
[2025-02-02T12:20:16.691+0000] {processor.py:186} INFO - Started process (PID=504) to work on /home/airflow/.local/lib/python3.12/site-packages/airflow/example_dags/example_dataset_alias_with_no_taskflow.py
[2025-02-02T12:20:16.701+0000] {processor.py:914} INFO - Processing file /home/airflow/.local/lib/python3.12/site-packages/airflow/example_dags/example_dataset_alias_with_no_taskflow.py for tasks to queue
[2025-02-02T12:20:16.706+0000] {logging_mixin.py:190} INFO - [2025-02-02T12:20:16.706+0000] {dagbag.py:588} INFO - Filling up the DagBag from /home/airflow/.local/lib/python3.12/site-packages/airflow/example_dags/example_dataset_alias_with_no_taskflow.py
[2025-02-02T12:20:17.661+0000] {processor.py:925} INFO - DAG(s) 'dataset_s3_bucket_consumer_with_no_taskflow', 'dataset_s3_bucket_producer_with_no_taskflow', 'dataset_alias_example_alias_consumer_with_no_taskflow', 'dataset_alias_example_alias_producer_with_no_taskflow' retrieved from /home/airflow/.local/lib/python3.12/site-packages/airflow/example_dags/example_dataset_alias_with_no_taskflow.py
[2025-02-02T12:20:17.701+0000] {logging_mixin.py:190} INFO - [2025-02-02T12:20:17.700+0000] {dag.py:3239} INFO - Sync 4 DAGs
[2025-02-02T12:20:17.742+0000] {logging_mixin.py:190} INFO - [2025-02-02T12:20:17.742+0000] {dag.py:4180} INFO - Setting next_dagrun for dataset_alias_example_alias_consumer_with_no_taskflow to None, run_after=None
[2025-02-02T12:20:17.748+0000] {logging_mixin.py:190} INFO - [2025-02-02T12:20:17.748+0000] {dag.py:4180} INFO - Setting next_dagrun for dataset_alias_example_alias_producer_with_no_taskflow to None, run_after=None
[2025-02-02T12:20:17.752+0000] {logging_mixin.py:190} INFO - [2025-02-02T12:20:17.751+0000] {dag.py:4180} INFO - Setting next_dagrun for dataset_s3_bucket_consumer_with_no_taskflow to None, run_after=None
[2025-02-02T12:20:17.755+0000] {logging_mixin.py:190} INFO - [2025-02-02T12:20:17.754+0000] {dag.py:4180} INFO - Setting next_dagrun for dataset_s3_bucket_producer_with_no_taskflow to None, run_after=None
[2025-02-02T12:20:17.795+0000] {processor.py:208} INFO - Processing /home/airflow/.local/lib/python3.12/site-packages/airflow/example_dags/example_dataset_alias_with_no_taskflow.py took 1.116 seconds
[2025-02-02T16:18:50.728+0000] {processor.py:186} INFO - Started process (PID=57) to work on /home/airflow/.local/lib/python3.12/site-packages/airflow/example_dags/example_dataset_alias_with_no_taskflow.py
[2025-02-02T16:18:50.730+0000] {processor.py:914} INFO - Processing file /home/airflow/.local/lib/python3.12/site-packages/airflow/example_dags/example_dataset_alias_with_no_taskflow.py for tasks to queue
[2025-02-02T16:18:50.733+0000] {logging_mixin.py:190} INFO - [2025-02-02T16:18:50.733+0000] {dagbag.py:588} INFO - Filling up the DagBag from /home/airflow/.local/lib/python3.12/site-packages/airflow/example_dags/example_dataset_alias_with_no_taskflow.py
[2025-02-02T16:18:51.377+0000] {processor.py:925} INFO - DAG(s) 'dataset_s3_bucket_consumer_with_no_taskflow', 'dataset_s3_bucket_producer_with_no_taskflow', 'dataset_alias_example_alias_producer_with_no_taskflow', 'dataset_alias_example_alias_consumer_with_no_taskflow' retrieved from /home/airflow/.local/lib/python3.12/site-packages/airflow/example_dags/example_dataset_alias_with_no_taskflow.py
[2025-02-02T16:18:51.408+0000] {logging_mixin.py:190} INFO - [2025-02-02T16:18:51.407+0000] {dag.py:3239} INFO - Sync 4 DAGs
[2025-02-02T16:18:51.432+0000] {logging_mixin.py:190} INFO - [2025-02-02T16:18:51.431+0000] {dag.py:4180} INFO - Setting next_dagrun for dataset_alias_example_alias_consumer_with_no_taskflow to None, run_after=None
[2025-02-02T16:18:51.435+0000] {logging_mixin.py:190} INFO - [2025-02-02T16:18:51.435+0000] {dag.py:4180} INFO - Setting next_dagrun for dataset_alias_example_alias_producer_with_no_taskflow to None, run_after=None
[2025-02-02T16:18:51.437+0000] {logging_mixin.py:190} INFO - [2025-02-02T16:18:51.437+0000] {dag.py:4180} INFO - Setting next_dagrun for dataset_s3_bucket_consumer_with_no_taskflow to None, run_after=None
[2025-02-02T16:18:51.439+0000] {logging_mixin.py:190} INFO - [2025-02-02T16:18:51.439+0000] {dag.py:4180} INFO - Setting next_dagrun for dataset_s3_bucket_producer_with_no_taskflow to None, run_after=None
[2025-02-02T16:18:51.465+0000] {processor.py:208} INFO - Processing /home/airflow/.local/lib/python3.12/site-packages/airflow/example_dags/example_dataset_alias_with_no_taskflow.py took 0.742 seconds
[2025-02-02T16:19:22.080+0000] {processor.py:186} INFO - Started process (PID=120) to work on /home/airflow/.local/lib/python3.12/site-packages/airflow/example_dags/example_dataset_alias_with_no_taskflow.py
[2025-02-02T16:19:22.081+0000] {processor.py:914} INFO - Processing file /home/airflow/.local/lib/python3.12/site-packages/airflow/example_dags/example_dataset_alias_with_no_taskflow.py for tasks to queue
[2025-02-02T16:19:22.083+0000] {logging_mixin.py:190} INFO - [2025-02-02T16:19:22.083+0000] {dagbag.py:588} INFO - Filling up the DagBag from /home/airflow/.local/lib/python3.12/site-packages/airflow/example_dags/example_dataset_alias_with_no_taskflow.py
[2025-02-02T16:19:22.735+0000] {processor.py:925} INFO - DAG(s) 'dataset_s3_bucket_producer_with_no_taskflow', 'dataset_alias_example_alias_producer_with_no_taskflow', 'dataset_alias_example_alias_consumer_with_no_taskflow', 'dataset_s3_bucket_consumer_with_no_taskflow' retrieved from /home/airflow/.local/lib/python3.12/site-packages/airflow/example_dags/example_dataset_alias_with_no_taskflow.py
[2025-02-02T16:19:22.760+0000] {logging_mixin.py:190} INFO - [2025-02-02T16:19:22.759+0000] {dag.py:3239} INFO - Sync 4 DAGs
[2025-02-02T16:19:22.787+0000] {logging_mixin.py:190} INFO - [2025-02-02T16:19:22.786+0000] {dag.py:4180} INFO - Setting next_dagrun for dataset_alias_example_alias_consumer_with_no_taskflow to None, run_after=None
[2025-02-02T16:19:22.791+0000] {logging_mixin.py:190} INFO - [2025-02-02T16:19:22.790+0000] {dag.py:4180} INFO - Setting next_dagrun for dataset_alias_example_alias_producer_with_no_taskflow to None, run_after=None
[2025-02-02T16:19:22.794+0000] {logging_mixin.py:190} INFO - [2025-02-02T16:19:22.793+0000] {dag.py:4180} INFO - Setting next_dagrun for dataset_s3_bucket_consumer_with_no_taskflow to None, run_after=None
[2025-02-02T16:19:22.796+0000] {logging_mixin.py:190} INFO - [2025-02-02T16:19:22.796+0000] {dag.py:4180} INFO - Setting next_dagrun for dataset_s3_bucket_producer_with_no_taskflow to None, run_after=None
[2025-02-02T16:19:22.825+0000] {processor.py:208} INFO - Processing /home/airflow/.local/lib/python3.12/site-packages/airflow/example_dags/example_dataset_alias_with_no_taskflow.py took 0.750 seconds
[2025-02-02T16:19:53.307+0000] {processor.py:186} INFO - Started process (PID=183) to work on /home/airflow/.local/lib/python3.12/site-packages/airflow/example_dags/example_dataset_alias_with_no_taskflow.py
[2025-02-02T16:19:53.308+0000] {processor.py:914} INFO - Processing file /home/airflow/.local/lib/python3.12/site-packages/airflow/example_dags/example_dataset_alias_with_no_taskflow.py for tasks to queue
[2025-02-02T16:19:53.310+0000] {logging_mixin.py:190} INFO - [2025-02-02T16:19:53.310+0000] {dagbag.py:588} INFO - Filling up the DagBag from /home/airflow/.local/lib/python3.12/site-packages/airflow/example_dags/example_dataset_alias_with_no_taskflow.py
[2025-02-02T16:19:53.974+0000] {processor.py:925} INFO - DAG(s) 'dataset_alias_example_alias_producer_with_no_taskflow', 'dataset_s3_bucket_producer_with_no_taskflow', 'dataset_s3_bucket_consumer_with_no_taskflow', 'dataset_alias_example_alias_consumer_with_no_taskflow' retrieved from /home/airflow/.local/lib/python3.12/site-packages/airflow/example_dags/example_dataset_alias_with_no_taskflow.py
[2025-02-02T16:19:54.007+0000] {logging_mixin.py:190} INFO - [2025-02-02T16:19:54.006+0000] {dag.py:3239} INFO - Sync 4 DAGs
[2025-02-02T16:19:54.043+0000] {logging_mixin.py:190} INFO - [2025-02-02T16:19:54.043+0000] {dag.py:4180} INFO - Setting next_dagrun for dataset_alias_example_alias_consumer_with_no_taskflow to None, run_after=None
[2025-02-02T16:19:54.047+0000] {logging_mixin.py:190} INFO - [2025-02-02T16:19:54.046+0000] {dag.py:4180} INFO - Setting next_dagrun for dataset_alias_example_alias_producer_with_no_taskflow to None, run_after=None
[2025-02-02T16:19:54.049+0000] {logging_mixin.py:190} INFO - [2025-02-02T16:19:54.049+0000] {dag.py:4180} INFO - Setting next_dagrun for dataset_s3_bucket_consumer_with_no_taskflow to None, run_after=None
[2025-02-02T16:19:54.051+0000] {logging_mixin.py:190} INFO - [2025-02-02T16:19:54.051+0000] {dag.py:4180} INFO - Setting next_dagrun for dataset_s3_bucket_producer_with_no_taskflow to None, run_after=None
[2025-02-02T16:19:54.082+0000] {processor.py:208} INFO - Processing /home/airflow/.local/lib/python3.12/site-packages/airflow/example_dags/example_dataset_alias_with_no_taskflow.py took 0.781 seconds
[2025-02-02T16:20:24.378+0000] {processor.py:186} INFO - Started process (PID=246) to work on /home/airflow/.local/lib/python3.12/site-packages/airflow/example_dags/example_dataset_alias_with_no_taskflow.py
[2025-02-02T16:20:24.379+0000] {processor.py:914} INFO - Processing file /home/airflow/.local/lib/python3.12/site-packages/airflow/example_dags/example_dataset_alias_with_no_taskflow.py for tasks to queue
[2025-02-02T16:20:24.382+0000] {logging_mixin.py:190} INFO - [2025-02-02T16:20:24.381+0000] {dagbag.py:588} INFO - Filling up the DagBag from /home/airflow/.local/lib/python3.12/site-packages/airflow/example_dags/example_dataset_alias_with_no_taskflow.py
[2025-02-02T16:20:24.967+0000] {processor.py:925} INFO - DAG(s) 'dataset_s3_bucket_consumer_with_no_taskflow', 'dataset_alias_example_alias_producer_with_no_taskflow', 'dataset_s3_bucket_producer_with_no_taskflow', 'dataset_alias_example_alias_consumer_with_no_taskflow' retrieved from /home/airflow/.local/lib/python3.12/site-packages/airflow/example_dags/example_dataset_alias_with_no_taskflow.py
[2025-02-02T16:20:25.006+0000] {logging_mixin.py:190} INFO - [2025-02-02T16:20:25.005+0000] {dag.py:3239} INFO - Sync 4 DAGs
[2025-02-02T16:20:25.041+0000] {logging_mixin.py:190} INFO - [2025-02-02T16:20:25.041+0000] {dag.py:4180} INFO - Setting next_dagrun for dataset_alias_example_alias_consumer_with_no_taskflow to None, run_after=None
[2025-02-02T16:20:25.046+0000] {logging_mixin.py:190} INFO - [2025-02-02T16:20:25.046+0000] {dag.py:4180} INFO - Setting next_dagrun for dataset_alias_example_alias_producer_with_no_taskflow to None, run_after=None
[2025-02-02T16:20:25.049+0000] {logging_mixin.py:190} INFO - [2025-02-02T16:20:25.048+0000] {dag.py:4180} INFO - Setting next_dagrun for dataset_s3_bucket_consumer_with_no_taskflow to None, run_after=None
[2025-02-02T16:20:25.051+0000] {logging_mixin.py:190} INFO - [2025-02-02T16:20:25.050+0000] {dag.py:4180} INFO - Setting next_dagrun for dataset_s3_bucket_producer_with_no_taskflow to None, run_after=None
[2025-02-02T16:20:25.086+0000] {processor.py:208} INFO - Processing /home/airflow/.local/lib/python3.12/site-packages/airflow/example_dags/example_dataset_alias_with_no_taskflow.py took 0.713 seconds
[2025-02-02T16:20:55.678+0000] {processor.py:186} INFO - Started process (PID=309) to work on /home/airflow/.local/lib/python3.12/site-packages/airflow/example_dags/example_dataset_alias_with_no_taskflow.py
[2025-02-02T16:20:55.679+0000] {processor.py:914} INFO - Processing file /home/airflow/.local/lib/python3.12/site-packages/airflow/example_dags/example_dataset_alias_with_no_taskflow.py for tasks to queue
[2025-02-02T16:20:55.682+0000] {logging_mixin.py:190} INFO - [2025-02-02T16:20:55.681+0000] {dagbag.py:588} INFO - Filling up the DagBag from /home/airflow/.local/lib/python3.12/site-packages/airflow/example_dags/example_dataset_alias_with_no_taskflow.py
[2025-02-02T16:20:56.302+0000] {processor.py:925} INFO - DAG(s) 'dataset_alias_example_alias_consumer_with_no_taskflow', 'dataset_s3_bucket_consumer_with_no_taskflow', 'dataset_s3_bucket_producer_with_no_taskflow', 'dataset_alias_example_alias_producer_with_no_taskflow' retrieved from /home/airflow/.local/lib/python3.12/site-packages/airflow/example_dags/example_dataset_alias_with_no_taskflow.py
[2025-02-02T16:20:56.352+0000] {logging_mixin.py:190} INFO - [2025-02-02T16:20:56.351+0000] {dag.py:3239} INFO - Sync 4 DAGs
[2025-02-02T16:20:56.386+0000] {logging_mixin.py:190} INFO - [2025-02-02T16:20:56.386+0000] {dag.py:4180} INFO - Setting next_dagrun for dataset_alias_example_alias_consumer_with_no_taskflow to None, run_after=None
[2025-02-02T16:20:56.390+0000] {logging_mixin.py:190} INFO - [2025-02-02T16:20:56.389+0000] {dag.py:4180} INFO - Setting next_dagrun for dataset_alias_example_alias_producer_with_no_taskflow to None, run_after=None
[2025-02-02T16:20:56.392+0000] {logging_mixin.py:190} INFO - [2025-02-02T16:20:56.391+0000] {dag.py:4180} INFO - Setting next_dagrun for dataset_s3_bucket_consumer_with_no_taskflow to None, run_after=None
[2025-02-02T16:20:56.393+0000] {logging_mixin.py:190} INFO - [2025-02-02T16:20:56.393+0000] {dag.py:4180} INFO - Setting next_dagrun for dataset_s3_bucket_producer_with_no_taskflow to None, run_after=None
[2025-02-02T16:20:56.418+0000] {processor.py:208} INFO - Processing /home/airflow/.local/lib/python3.12/site-packages/airflow/example_dags/example_dataset_alias_with_no_taskflow.py took 0.746 seconds
[2025-02-02T16:21:26.506+0000] {processor.py:186} INFO - Started process (PID=377) to work on /home/airflow/.local/lib/python3.12/site-packages/airflow/example_dags/example_dataset_alias_with_no_taskflow.py
[2025-02-02T16:21:26.507+0000] {processor.py:914} INFO - Processing file /home/airflow/.local/lib/python3.12/site-packages/airflow/example_dags/example_dataset_alias_with_no_taskflow.py for tasks to queue
[2025-02-02T16:21:26.510+0000] {logging_mixin.py:190} INFO - [2025-02-02T16:21:26.509+0000] {dagbag.py:588} INFO - Filling up the DagBag from /home/airflow/.local/lib/python3.12/site-packages/airflow/example_dags/example_dataset_alias_with_no_taskflow.py
[2025-02-02T16:21:27.105+0000] {processor.py:925} INFO - DAG(s) 'dataset_alias_example_alias_producer_with_no_taskflow', 'dataset_s3_bucket_consumer_with_no_taskflow', 'dataset_alias_example_alias_consumer_with_no_taskflow', 'dataset_s3_bucket_producer_with_no_taskflow' retrieved from /home/airflow/.local/lib/python3.12/site-packages/airflow/example_dags/example_dataset_alias_with_no_taskflow.py
[2025-02-02T16:21:27.136+0000] {logging_mixin.py:190} INFO - [2025-02-02T16:21:27.135+0000] {dag.py:3239} INFO - Sync 4 DAGs
[2025-02-02T16:21:27.162+0000] {logging_mixin.py:190} INFO - [2025-02-02T16:21:27.161+0000] {dag.py:4180} INFO - Setting next_dagrun for dataset_alias_example_alias_consumer_with_no_taskflow to None, run_after=None
[2025-02-02T16:21:27.165+0000] {logging_mixin.py:190} INFO - [2025-02-02T16:21:27.165+0000] {dag.py:4180} INFO - Setting next_dagrun for dataset_alias_example_alias_producer_with_no_taskflow to None, run_after=None
[2025-02-02T16:21:27.168+0000] {logging_mixin.py:190} INFO - [2025-02-02T16:21:27.167+0000] {dag.py:4180} INFO - Setting next_dagrun for dataset_s3_bucket_consumer_with_no_taskflow to None, run_after=None
[2025-02-02T16:21:27.169+0000] {logging_mixin.py:190} INFO - [2025-02-02T16:21:27.169+0000] {dag.py:4180} INFO - Setting next_dagrun for dataset_s3_bucket_producer_with_no_taskflow to None, run_after=None
[2025-02-02T16:21:27.202+0000] {processor.py:208} INFO - Processing /home/airflow/.local/lib/python3.12/site-packages/airflow/example_dags/example_dataset_alias_with_no_taskflow.py took 0.701 seconds
[2025-02-02T16:21:57.477+0000] {processor.py:186} INFO - Started process (PID=440) to work on /home/airflow/.local/lib/python3.12/site-packages/airflow/example_dags/example_dataset_alias_with_no_taskflow.py
[2025-02-02T16:21:57.479+0000] {processor.py:914} INFO - Processing file /home/airflow/.local/lib/python3.12/site-packages/airflow/example_dags/example_dataset_alias_with_no_taskflow.py for tasks to queue
[2025-02-02T16:21:57.481+0000] {logging_mixin.py:190} INFO - [2025-02-02T16:21:57.481+0000] {dagbag.py:588} INFO - Filling up the DagBag from /home/airflow/.local/lib/python3.12/site-packages/airflow/example_dags/example_dataset_alias_with_no_taskflow.py
[2025-02-02T16:21:58.147+0000] {processor.py:925} INFO - DAG(s) 'dataset_s3_bucket_producer_with_no_taskflow', 'dataset_s3_bucket_consumer_with_no_taskflow', 'dataset_alias_example_alias_producer_with_no_taskflow', 'dataset_alias_example_alias_consumer_with_no_taskflow' retrieved from /home/airflow/.local/lib/python3.12/site-packages/airflow/example_dags/example_dataset_alias_with_no_taskflow.py
[2025-02-02T16:21:58.178+0000] {logging_mixin.py:190} INFO - [2025-02-02T16:21:58.177+0000] {dag.py:3239} INFO - Sync 4 DAGs
[2025-02-02T16:21:58.210+0000] {logging_mixin.py:190} INFO - [2025-02-02T16:21:58.210+0000] {dag.py:4180} INFO - Setting next_dagrun for dataset_alias_example_alias_consumer_with_no_taskflow to None, run_after=None
[2025-02-02T16:21:58.214+0000] {logging_mixin.py:190} INFO - [2025-02-02T16:21:58.214+0000] {dag.py:4180} INFO - Setting next_dagrun for dataset_alias_example_alias_producer_with_no_taskflow to None, run_after=None
[2025-02-02T16:21:58.217+0000] {logging_mixin.py:190} INFO - [2025-02-02T16:21:58.217+0000] {dag.py:4180} INFO - Setting next_dagrun for dataset_s3_bucket_consumer_with_no_taskflow to None, run_after=None
[2025-02-02T16:21:58.220+0000] {logging_mixin.py:190} INFO - [2025-02-02T16:21:58.220+0000] {dag.py:4180} INFO - Setting next_dagrun for dataset_s3_bucket_producer_with_no_taskflow to None, run_after=None
[2025-02-02T16:21:58.254+0000] {processor.py:208} INFO - Processing /home/airflow/.local/lib/python3.12/site-packages/airflow/example_dags/example_dataset_alias_with_no_taskflow.py took 0.782 seconds
[2025-02-02T16:22:28.765+0000] {processor.py:186} INFO - Started process (PID=505) to work on /home/airflow/.local/lib/python3.12/site-packages/airflow/example_dags/example_dataset_alias_with_no_taskflow.py
[2025-02-02T16:22:28.766+0000] {processor.py:914} INFO - Processing file /home/airflow/.local/lib/python3.12/site-packages/airflow/example_dags/example_dataset_alias_with_no_taskflow.py for tasks to queue
[2025-02-02T16:22:28.769+0000] {logging_mixin.py:190} INFO - [2025-02-02T16:22:28.769+0000] {dagbag.py:588} INFO - Filling up the DagBag from /home/airflow/.local/lib/python3.12/site-packages/airflow/example_dags/example_dataset_alias_with_no_taskflow.py
[2025-02-02T16:22:29.398+0000] {processor.py:925} INFO - DAG(s) 'dataset_s3_bucket_producer_with_no_taskflow', 'dataset_alias_example_alias_producer_with_no_taskflow', 'dataset_alias_example_alias_consumer_with_no_taskflow', 'dataset_s3_bucket_consumer_with_no_taskflow' retrieved from /home/airflow/.local/lib/python3.12/site-packages/airflow/example_dags/example_dataset_alias_with_no_taskflow.py
[2025-02-02T16:22:29.424+0000] {logging_mixin.py:190} INFO - [2025-02-02T16:22:29.423+0000] {dag.py:3239} INFO - Sync 4 DAGs
[2025-02-02T16:22:29.453+0000] {logging_mixin.py:190} INFO - [2025-02-02T16:22:29.452+0000] {dag.py:4180} INFO - Setting next_dagrun for dataset_alias_example_alias_consumer_with_no_taskflow to None, run_after=None
[2025-02-02T16:22:29.456+0000] {logging_mixin.py:190} INFO - [2025-02-02T16:22:29.456+0000] {dag.py:4180} INFO - Setting next_dagrun for dataset_alias_example_alias_producer_with_no_taskflow to None, run_after=None
[2025-02-02T16:22:29.459+0000] {logging_mixin.py:190} INFO - [2025-02-02T16:22:29.459+0000] {dag.py:4180} INFO - Setting next_dagrun for dataset_s3_bucket_consumer_with_no_taskflow to None, run_after=None
[2025-02-02T16:22:29.461+0000] {logging_mixin.py:190} INFO - [2025-02-02T16:22:29.460+0000] {dag.py:4180} INFO - Setting next_dagrun for dataset_s3_bucket_producer_with_no_taskflow to None, run_after=None
[2025-02-02T16:22:29.488+0000] {processor.py:208} INFO - Processing /home/airflow/.local/lib/python3.12/site-packages/airflow/example_dags/example_dataset_alias_with_no_taskflow.py took 0.729 seconds
[2025-02-02T16:22:59.768+0000] {processor.py:186} INFO - Started process (PID=568) to work on /home/airflow/.local/lib/python3.12/site-packages/airflow/example_dags/example_dataset_alias_with_no_taskflow.py
[2025-02-02T16:22:59.769+0000] {processor.py:914} INFO - Processing file /home/airflow/.local/lib/python3.12/site-packages/airflow/example_dags/example_dataset_alias_with_no_taskflow.py for tasks to queue
[2025-02-02T16:22:59.771+0000] {logging_mixin.py:190} INFO - [2025-02-02T16:22:59.771+0000] {dagbag.py:588} INFO - Filling up the DagBag from /home/airflow/.local/lib/python3.12/site-packages/airflow/example_dags/example_dataset_alias_with_no_taskflow.py
[2025-02-02T16:23:00.408+0000] {processor.py:925} INFO - DAG(s) 'dataset_alias_example_alias_consumer_with_no_taskflow', 'dataset_s3_bucket_producer_with_no_taskflow', 'dataset_alias_example_alias_producer_with_no_taskflow', 'dataset_s3_bucket_consumer_with_no_taskflow' retrieved from /home/airflow/.local/lib/python3.12/site-packages/airflow/example_dags/example_dataset_alias_with_no_taskflow.py
[2025-02-02T16:23:00.434+0000] {logging_mixin.py:190} INFO - [2025-02-02T16:23:00.433+0000] {dag.py:3239} INFO - Sync 4 DAGs
[2025-02-02T16:23:00.464+0000] {logging_mixin.py:190} INFO - [2025-02-02T16:23:00.464+0000] {dag.py:4180} INFO - Setting next_dagrun for dataset_alias_example_alias_consumer_with_no_taskflow to None, run_after=None
[2025-02-02T16:23:00.468+0000] {logging_mixin.py:190} INFO - [2025-02-02T16:23:00.468+0000] {dag.py:4180} INFO - Setting next_dagrun for dataset_alias_example_alias_producer_with_no_taskflow to None, run_after=None
[2025-02-02T16:23:00.471+0000] {logging_mixin.py:190} INFO - [2025-02-02T16:23:00.470+0000] {dag.py:4180} INFO - Setting next_dagrun for dataset_s3_bucket_consumer_with_no_taskflow to None, run_after=None
[2025-02-02T16:23:00.473+0000] {logging_mixin.py:190} INFO - [2025-02-02T16:23:00.473+0000] {dag.py:4180} INFO - Setting next_dagrun for dataset_s3_bucket_producer_with_no_taskflow to None, run_after=None
[2025-02-02T16:23:00.500+0000] {processor.py:208} INFO - Processing /home/airflow/.local/lib/python3.12/site-packages/airflow/example_dags/example_dataset_alias_with_no_taskflow.py took 0.738 seconds
[2025-02-02T16:23:30.723+0000] {processor.py:186} INFO - Started process (PID=631) to work on /home/airflow/.local/lib/python3.12/site-packages/airflow/example_dags/example_dataset_alias_with_no_taskflow.py
[2025-02-02T16:23:30.724+0000] {processor.py:914} INFO - Processing file /home/airflow/.local/lib/python3.12/site-packages/airflow/example_dags/example_dataset_alias_with_no_taskflow.py for tasks to queue
[2025-02-02T16:23:30.726+0000] {logging_mixin.py:190} INFO - [2025-02-02T16:23:30.726+0000] {dagbag.py:588} INFO - Filling up the DagBag from /home/airflow/.local/lib/python3.12/site-packages/airflow/example_dags/example_dataset_alias_with_no_taskflow.py
[2025-02-02T16:23:31.372+0000] {processor.py:925} INFO - DAG(s) 'dataset_s3_bucket_producer_with_no_taskflow', 'dataset_s3_bucket_consumer_with_no_taskflow', 'dataset_alias_example_alias_consumer_with_no_taskflow', 'dataset_alias_example_alias_producer_with_no_taskflow' retrieved from /home/airflow/.local/lib/python3.12/site-packages/airflow/example_dags/example_dataset_alias_with_no_taskflow.py
[2025-02-02T16:23:31.402+0000] {logging_mixin.py:190} INFO - [2025-02-02T16:23:31.401+0000] {dag.py:3239} INFO - Sync 4 DAGs
[2025-02-02T16:23:31.427+0000] {logging_mixin.py:190} INFO - [2025-02-02T16:23:31.427+0000] {dag.py:4180} INFO - Setting next_dagrun for dataset_alias_example_alias_consumer_with_no_taskflow to None, run_after=None
[2025-02-02T16:23:31.430+0000] {logging_mixin.py:190} INFO - [2025-02-02T16:23:31.430+0000] {dag.py:4180} INFO - Setting next_dagrun for dataset_alias_example_alias_producer_with_no_taskflow to None, run_after=None
[2025-02-02T16:23:31.432+0000] {logging_mixin.py:190} INFO - [2025-02-02T16:23:31.432+0000] {dag.py:4180} INFO - Setting next_dagrun for dataset_s3_bucket_consumer_with_no_taskflow to None, run_after=None
[2025-02-02T16:23:31.435+0000] {logging_mixin.py:190} INFO - [2025-02-02T16:23:31.435+0000] {dag.py:4180} INFO - Setting next_dagrun for dataset_s3_bucket_producer_with_no_taskflow to None, run_after=None
[2025-02-02T16:23:31.464+0000] {processor.py:208} INFO - Processing /home/airflow/.local/lib/python3.12/site-packages/airflow/example_dags/example_dataset_alias_with_no_taskflow.py took 0.746 seconds
[2025-02-02T16:24:02.003+0000] {processor.py:186} INFO - Started process (PID=694) to work on /home/airflow/.local/lib/python3.12/site-packages/airflow/example_dags/example_dataset_alias_with_no_taskflow.py
[2025-02-02T16:24:02.004+0000] {processor.py:914} INFO - Processing file /home/airflow/.local/lib/python3.12/site-packages/airflow/example_dags/example_dataset_alias_with_no_taskflow.py for tasks to queue
[2025-02-02T16:24:02.007+0000] {logging_mixin.py:190} INFO - [2025-02-02T16:24:02.006+0000] {dagbag.py:588} INFO - Filling up the DagBag from /home/airflow/.local/lib/python3.12/site-packages/airflow/example_dags/example_dataset_alias_with_no_taskflow.py
[2025-02-02T16:24:02.625+0000] {processor.py:925} INFO - DAG(s) 'dataset_alias_example_alias_consumer_with_no_taskflow', 'dataset_s3_bucket_consumer_with_no_taskflow', 'dataset_alias_example_alias_producer_with_no_taskflow', 'dataset_s3_bucket_producer_with_no_taskflow' retrieved from /home/airflow/.local/lib/python3.12/site-packages/airflow/example_dags/example_dataset_alias_with_no_taskflow.py
[2025-02-02T16:24:02.663+0000] {logging_mixin.py:190} INFO - [2025-02-02T16:24:02.662+0000] {dag.py:3239} INFO - Sync 4 DAGs
[2025-02-02T16:24:02.700+0000] {logging_mixin.py:190} INFO - [2025-02-02T16:24:02.700+0000] {dag.py:4180} INFO - Setting next_dagrun for dataset_alias_example_alias_consumer_with_no_taskflow to None, run_after=None
[2025-02-02T16:24:02.705+0000] {logging_mixin.py:190} INFO - [2025-02-02T16:24:02.705+0000] {dag.py:4180} INFO - Setting next_dagrun for dataset_alias_example_alias_producer_with_no_taskflow to None, run_after=None
[2025-02-02T16:24:02.707+0000] {logging_mixin.py:190} INFO - [2025-02-02T16:24:02.707+0000] {dag.py:4180} INFO - Setting next_dagrun for dataset_s3_bucket_consumer_with_no_taskflow to None, run_after=None
[2025-02-02T16:24:02.710+0000] {logging_mixin.py:190} INFO - [2025-02-02T16:24:02.709+0000] {dag.py:4180} INFO - Setting next_dagrun for dataset_s3_bucket_producer_with_no_taskflow to None, run_after=None
[2025-02-02T16:24:02.741+0000] {processor.py:208} INFO - Processing /home/airflow/.local/lib/python3.12/site-packages/airflow/example_dags/example_dataset_alias_with_no_taskflow.py took 0.744 seconds
[2025-02-02T16:24:33.043+0000] {processor.py:186} INFO - Started process (PID=757) to work on /home/airflow/.local/lib/python3.12/site-packages/airflow/example_dags/example_dataset_alias_with_no_taskflow.py
[2025-02-02T16:24:33.044+0000] {processor.py:914} INFO - Processing file /home/airflow/.local/lib/python3.12/site-packages/airflow/example_dags/example_dataset_alias_with_no_taskflow.py for tasks to queue
[2025-02-02T16:24:33.047+0000] {logging_mixin.py:190} INFO - [2025-02-02T16:24:33.046+0000] {dagbag.py:588} INFO - Filling up the DagBag from /home/airflow/.local/lib/python3.12/site-packages/airflow/example_dags/example_dataset_alias_with_no_taskflow.py
[2025-02-02T16:24:33.938+0000] {processor.py:925} INFO - DAG(s) 'dataset_alias_example_alias_producer_with_no_taskflow', 'dataset_alias_example_alias_consumer_with_no_taskflow', 'dataset_s3_bucket_consumer_with_no_taskflow', 'dataset_s3_bucket_producer_with_no_taskflow' retrieved from /home/airflow/.local/lib/python3.12/site-packages/airflow/example_dags/example_dataset_alias_with_no_taskflow.py
[2025-02-02T16:24:33.969+0000] {logging_mixin.py:190} INFO - [2025-02-02T16:24:33.968+0000] {dag.py:3239} INFO - Sync 4 DAGs
[2025-02-02T16:24:33.997+0000] {logging_mixin.py:190} INFO - [2025-02-02T16:24:33.996+0000] {dag.py:4180} INFO - Setting next_dagrun for dataset_alias_example_alias_consumer_with_no_taskflow to None, run_after=None
[2025-02-02T16:24:34.001+0000] {logging_mixin.py:190} INFO - [2025-02-02T16:24:34.000+0000] {dag.py:4180} INFO - Setting next_dagrun for dataset_alias_example_alias_producer_with_no_taskflow to None, run_after=None
[2025-02-02T16:24:34.005+0000] {logging_mixin.py:190} INFO - [2025-02-02T16:24:34.004+0000] {dag.py:4180} INFO - Setting next_dagrun for dataset_s3_bucket_consumer_with_no_taskflow to None, run_after=None
[2025-02-02T16:24:34.008+0000] {logging_mixin.py:190} INFO - [2025-02-02T16:24:34.007+0000] {dag.py:4180} INFO - Setting next_dagrun for dataset_s3_bucket_producer_with_no_taskflow to None, run_after=None
[2025-02-02T16:24:34.077+0000] {processor.py:208} INFO - Processing /home/airflow/.local/lib/python3.12/site-packages/airflow/example_dags/example_dataset_alias_with_no_taskflow.py took 1.040 seconds
[2025-02-02T16:25:04.631+0000] {processor.py:186} INFO - Started process (PID=820) to work on /home/airflow/.local/lib/python3.12/site-packages/airflow/example_dags/example_dataset_alias_with_no_taskflow.py
[2025-02-02T16:25:04.632+0000] {processor.py:914} INFO - Processing file /home/airflow/.local/lib/python3.12/site-packages/airflow/example_dags/example_dataset_alias_with_no_taskflow.py for tasks to queue
[2025-02-02T16:25:04.634+0000] {logging_mixin.py:190} INFO - [2025-02-02T16:25:04.634+0000] {dagbag.py:588} INFO - Filling up the DagBag from /home/airflow/.local/lib/python3.12/site-packages/airflow/example_dags/example_dataset_alias_with_no_taskflow.py
[2025-02-02T16:25:05.335+0000] {processor.py:925} INFO - DAG(s) 'dataset_s3_bucket_producer_with_no_taskflow', 'dataset_alias_example_alias_consumer_with_no_taskflow', 'dataset_s3_bucket_consumer_with_no_taskflow', 'dataset_alias_example_alias_producer_with_no_taskflow' retrieved from /home/airflow/.local/lib/python3.12/site-packages/airflow/example_dags/example_dataset_alias_with_no_taskflow.py
[2025-02-02T16:25:05.367+0000] {logging_mixin.py:190} INFO - [2025-02-02T16:25:05.366+0000] {dag.py:3239} INFO - Sync 4 DAGs
[2025-02-02T16:25:05.396+0000] {logging_mixin.py:190} INFO - [2025-02-02T16:25:05.396+0000] {dag.py:4180} INFO - Setting next_dagrun for dataset_alias_example_alias_consumer_with_no_taskflow to None, run_after=None
[2025-02-02T16:25:05.400+0000] {logging_mixin.py:190} INFO - [2025-02-02T16:25:05.400+0000] {dag.py:4180} INFO - Setting next_dagrun for dataset_alias_example_alias_producer_with_no_taskflow to None, run_after=None
[2025-02-02T16:25:05.403+0000] {logging_mixin.py:190} INFO - [2025-02-02T16:25:05.402+0000] {dag.py:4180} INFO - Setting next_dagrun for dataset_s3_bucket_consumer_with_no_taskflow to None, run_after=None
[2025-02-02T16:25:05.405+0000] {logging_mixin.py:190} INFO - [2025-02-02T16:25:05.405+0000] {dag.py:4180} INFO - Setting next_dagrun for dataset_s3_bucket_producer_with_no_taskflow to None, run_after=None
[2025-02-02T16:25:05.436+0000] {processor.py:208} INFO - Processing /home/airflow/.local/lib/python3.12/site-packages/airflow/example_dags/example_dataset_alias_with_no_taskflow.py took 0.810 seconds
[2025-02-02T16:25:36.055+0000] {processor.py:186} INFO - Started process (PID=883) to work on /home/airflow/.local/lib/python3.12/site-packages/airflow/example_dags/example_dataset_alias_with_no_taskflow.py
[2025-02-02T16:25:36.056+0000] {processor.py:914} INFO - Processing file /home/airflow/.local/lib/python3.12/site-packages/airflow/example_dags/example_dataset_alias_with_no_taskflow.py for tasks to queue
[2025-02-02T16:25:36.060+0000] {logging_mixin.py:190} INFO - [2025-02-02T16:25:36.059+0000] {dagbag.py:588} INFO - Filling up the DagBag from /home/airflow/.local/lib/python3.12/site-packages/airflow/example_dags/example_dataset_alias_with_no_taskflow.py
[2025-02-02T16:25:36.782+0000] {processor.py:925} INFO - DAG(s) 'dataset_s3_bucket_consumer_with_no_taskflow', 'dataset_alias_example_alias_consumer_with_no_taskflow', 'dataset_alias_example_alias_producer_with_no_taskflow', 'dataset_s3_bucket_producer_with_no_taskflow' retrieved from /home/airflow/.local/lib/python3.12/site-packages/airflow/example_dags/example_dataset_alias_with_no_taskflow.py
[2025-02-02T16:25:36.812+0000] {logging_mixin.py:190} INFO - [2025-02-02T16:25:36.812+0000] {dag.py:3239} INFO - Sync 4 DAGs
[2025-02-02T16:25:36.845+0000] {logging_mixin.py:190} INFO - [2025-02-02T16:25:36.845+0000] {dag.py:4180} INFO - Setting next_dagrun for dataset_alias_example_alias_consumer_with_no_taskflow to None, run_after=None
[2025-02-02T16:25:36.850+0000] {logging_mixin.py:190} INFO - [2025-02-02T16:25:36.849+0000] {dag.py:4180} INFO - Setting next_dagrun for dataset_alias_example_alias_producer_with_no_taskflow to None, run_after=None
[2025-02-02T16:25:36.853+0000] {logging_mixin.py:190} INFO - [2025-02-02T16:25:36.852+0000] {dag.py:4180} INFO - Setting next_dagrun for dataset_s3_bucket_consumer_with_no_taskflow to None, run_after=None
[2025-02-02T16:25:36.855+0000] {logging_mixin.py:190} INFO - [2025-02-02T16:25:36.854+0000] {dag.py:4180} INFO - Setting next_dagrun for dataset_s3_bucket_producer_with_no_taskflow to None, run_after=None
[2025-02-02T16:25:36.887+0000] {processor.py:208} INFO - Processing /home/airflow/.local/lib/python3.12/site-packages/airflow/example_dags/example_dataset_alias_with_no_taskflow.py took 0.839 seconds
