[2025-02-02T12:16:42.504+0000] {processor.py:186} INFO - Started process (PID=93) to work on /home/airflow/.local/lib/python3.12/site-packages/airflow/example_dags/example_python_decorator.py
[2025-02-02T12:16:42.505+0000] {processor.py:914} INFO - Processing file /home/airflow/.local/lib/python3.12/site-packages/airflow/example_dags/example_python_decorator.py for tasks to queue
[2025-02-02T12:16:42.509+0000] {logging_mixin.py:190} INFO - [2025-02-02T12:16:42.508+0000] {dagbag.py:588} INFO - Filling up the DagBag from /home/airflow/.local/lib/python3.12/site-packages/airflow/example_dags/example_python_decorator.py
[2025-02-02T12:16:42.534+0000] {processor.py:925} INFO - DAG(s) 'example_python_decorator' retrieved from /home/airflow/.local/lib/python3.12/site-packages/airflow/example_dags/example_python_decorator.py
[2025-02-02T12:16:42.656+0000] {logging_mixin.py:190} INFO - [2025-02-02T12:16:42.655+0000] {override.py:1911} INFO - Created Permission View: can read on DAG:example_python_decorator
[2025-02-02T12:16:42.670+0000] {logging_mixin.py:190} INFO - [2025-02-02T12:16:42.669+0000] {override.py:1911} INFO - Created Permission View: can edit on DAG:example_python_decorator
[2025-02-02T12:16:42.678+0000] {logging_mixin.py:190} INFO - [2025-02-02T12:16:42.678+0000] {override.py:1911} INFO - Created Permission View: can delete on DAG:example_python_decorator
[2025-02-02T12:16:42.688+0000] {logging_mixin.py:190} INFO - [2025-02-02T12:16:42.688+0000] {override.py:1911} INFO - Created Permission View: can read on DAG Run:example_python_decorator
[2025-02-02T12:16:42.697+0000] {logging_mixin.py:190} INFO - [2025-02-02T12:16:42.697+0000] {override.py:1911} INFO - Created Permission View: menu access on DAG Run:example_python_decorator
[2025-02-02T12:16:42.709+0000] {logging_mixin.py:190} INFO - [2025-02-02T12:16:42.708+0000] {override.py:1911} INFO - Created Permission View: can create on DAG Run:example_python_decorator
[2025-02-02T12:16:42.717+0000] {logging_mixin.py:190} INFO - [2025-02-02T12:16:42.716+0000] {override.py:1911} INFO - Created Permission View: can delete on DAG Run:example_python_decorator
[2025-02-02T12:16:42.717+0000] {logging_mixin.py:190} INFO - [2025-02-02T12:16:42.717+0000] {dag.py:3239} INFO - Sync 1 DAGs
[2025-02-02T12:16:42.730+0000] {logging_mixin.py:190} INFO - [2025-02-02T12:16:42.730+0000] {dag.py:3262} INFO - Creating ORM DAG for example_python_decorator
[2025-02-02T12:16:42.731+0000] {logging_mixin.py:190} INFO - [2025-02-02T12:16:42.731+0000] {dag.py:4180} INFO - Setting next_dagrun for example_python_decorator to None, run_after=None
[2025-02-02T12:16:42.753+0000] {processor.py:208} INFO - Processing /home/airflow/.local/lib/python3.12/site-packages/airflow/example_dags/example_python_decorator.py took 0.256 seconds
[2025-02-02T12:17:13.018+0000] {processor.py:186} INFO - Started process (PID=156) to work on /home/airflow/.local/lib/python3.12/site-packages/airflow/example_dags/example_python_decorator.py
[2025-02-02T12:17:13.019+0000] {processor.py:914} INFO - Processing file /home/airflow/.local/lib/python3.12/site-packages/airflow/example_dags/example_python_decorator.py for tasks to queue
[2025-02-02T12:17:13.022+0000] {logging_mixin.py:190} INFO - [2025-02-02T12:17:13.022+0000] {dagbag.py:588} INFO - Filling up the DagBag from /home/airflow/.local/lib/python3.12/site-packages/airflow/example_dags/example_python_decorator.py
[2025-02-02T12:17:13.037+0000] {processor.py:925} INFO - DAG(s) 'example_python_decorator' retrieved from /home/airflow/.local/lib/python3.12/site-packages/airflow/example_dags/example_python_decorator.py
[2025-02-02T12:17:13.060+0000] {logging_mixin.py:190} INFO - [2025-02-02T12:17:13.060+0000] {dag.py:3239} INFO - Sync 1 DAGs
[2025-02-02T12:17:13.074+0000] {logging_mixin.py:190} INFO - [2025-02-02T12:17:13.073+0000] {dag.py:4180} INFO - Setting next_dagrun for example_python_decorator to None, run_after=None
[2025-02-02T12:17:13.097+0000] {processor.py:208} INFO - Processing /home/airflow/.local/lib/python3.12/site-packages/airflow/example_dags/example_python_decorator.py took 0.085 seconds
[2025-02-02T12:17:43.242+0000] {processor.py:186} INFO - Started process (PID=219) to work on /home/airflow/.local/lib/python3.12/site-packages/airflow/example_dags/example_python_decorator.py
[2025-02-02T12:17:43.243+0000] {processor.py:914} INFO - Processing file /home/airflow/.local/lib/python3.12/site-packages/airflow/example_dags/example_python_decorator.py for tasks to queue
[2025-02-02T12:17:43.245+0000] {logging_mixin.py:190} INFO - [2025-02-02T12:17:43.245+0000] {dagbag.py:588} INFO - Filling up the DagBag from /home/airflow/.local/lib/python3.12/site-packages/airflow/example_dags/example_python_decorator.py
[2025-02-02T12:17:43.258+0000] {processor.py:925} INFO - DAG(s) 'example_python_decorator' retrieved from /home/airflow/.local/lib/python3.12/site-packages/airflow/example_dags/example_python_decorator.py
[2025-02-02T12:17:43.283+0000] {logging_mixin.py:190} INFO - [2025-02-02T12:17:43.282+0000] {dag.py:3239} INFO - Sync 1 DAGs
[2025-02-02T12:17:43.297+0000] {logging_mixin.py:190} INFO - [2025-02-02T12:17:43.297+0000] {dag.py:4180} INFO - Setting next_dagrun for example_python_decorator to None, run_after=None
[2025-02-02T12:17:43.319+0000] {processor.py:208} INFO - Processing /home/airflow/.local/lib/python3.12/site-packages/airflow/example_dags/example_python_decorator.py took 0.084 seconds
[2025-02-02T12:18:14.335+0000] {processor.py:186} INFO - Started process (PID=282) to work on /home/airflow/.local/lib/python3.12/site-packages/airflow/example_dags/example_python_decorator.py
[2025-02-02T12:18:14.336+0000] {processor.py:914} INFO - Processing file /home/airflow/.local/lib/python3.12/site-packages/airflow/example_dags/example_python_decorator.py for tasks to queue
[2025-02-02T12:18:14.339+0000] {logging_mixin.py:190} INFO - [2025-02-02T12:18:14.338+0000] {dagbag.py:588} INFO - Filling up the DagBag from /home/airflow/.local/lib/python3.12/site-packages/airflow/example_dags/example_python_decorator.py
[2025-02-02T12:18:14.354+0000] {processor.py:925} INFO - DAG(s) 'example_python_decorator' retrieved from /home/airflow/.local/lib/python3.12/site-packages/airflow/example_dags/example_python_decorator.py
[2025-02-02T12:18:14.375+0000] {logging_mixin.py:190} INFO - [2025-02-02T12:18:14.375+0000] {dag.py:3239} INFO - Sync 1 DAGs
[2025-02-02T12:18:14.390+0000] {logging_mixin.py:190} INFO - [2025-02-02T12:18:14.389+0000] {dag.py:4180} INFO - Setting next_dagrun for example_python_decorator to None, run_after=None
[2025-02-02T12:18:14.411+0000] {processor.py:208} INFO - Processing /home/airflow/.local/lib/python3.12/site-packages/airflow/example_dags/example_python_decorator.py took 0.082 seconds
[2025-02-02T12:18:45.400+0000] {processor.py:186} INFO - Started process (PID=345) to work on /home/airflow/.local/lib/python3.12/site-packages/airflow/example_dags/example_python_decorator.py
[2025-02-02T12:18:45.401+0000] {processor.py:914} INFO - Processing file /home/airflow/.local/lib/python3.12/site-packages/airflow/example_dags/example_python_decorator.py for tasks to queue
[2025-02-02T12:18:45.405+0000] {logging_mixin.py:190} INFO - [2025-02-02T12:18:45.405+0000] {dagbag.py:588} INFO - Filling up the DagBag from /home/airflow/.local/lib/python3.12/site-packages/airflow/example_dags/example_python_decorator.py
[2025-02-02T12:18:45.427+0000] {processor.py:925} INFO - DAG(s) 'example_python_decorator' retrieved from /home/airflow/.local/lib/python3.12/site-packages/airflow/example_dags/example_python_decorator.py
[2025-02-02T12:18:45.454+0000] {logging_mixin.py:190} INFO - [2025-02-02T12:18:45.454+0000] {dag.py:3239} INFO - Sync 1 DAGs
[2025-02-02T12:18:45.475+0000] {logging_mixin.py:190} INFO - [2025-02-02T12:18:45.474+0000] {dag.py:4180} INFO - Setting next_dagrun for example_python_decorator to None, run_after=None
[2025-02-02T12:18:45.506+0000] {processor.py:208} INFO - Processing /home/airflow/.local/lib/python3.12/site-packages/airflow/example_dags/example_python_decorator.py took 0.114 seconds
[2025-02-02T12:19:16.463+0000] {processor.py:186} INFO - Started process (PID=408) to work on /home/airflow/.local/lib/python3.12/site-packages/airflow/example_dags/example_python_decorator.py
[2025-02-02T12:19:16.465+0000] {processor.py:914} INFO - Processing file /home/airflow/.local/lib/python3.12/site-packages/airflow/example_dags/example_python_decorator.py for tasks to queue
[2025-02-02T12:19:16.468+0000] {logging_mixin.py:190} INFO - [2025-02-02T12:19:16.467+0000] {dagbag.py:588} INFO - Filling up the DagBag from /home/airflow/.local/lib/python3.12/site-packages/airflow/example_dags/example_python_decorator.py
[2025-02-02T12:19:16.484+0000] {processor.py:925} INFO - DAG(s) 'example_python_decorator' retrieved from /home/airflow/.local/lib/python3.12/site-packages/airflow/example_dags/example_python_decorator.py
[2025-02-02T12:19:16.508+0000] {logging_mixin.py:190} INFO - [2025-02-02T12:19:16.508+0000] {dag.py:3239} INFO - Sync 1 DAGs
[2025-02-02T12:19:16.522+0000] {logging_mixin.py:190} INFO - [2025-02-02T12:19:16.521+0000] {dag.py:4180} INFO - Setting next_dagrun for example_python_decorator to None, run_after=None
[2025-02-02T12:19:16.543+0000] {processor.py:208} INFO - Processing /home/airflow/.local/lib/python3.12/site-packages/airflow/example_dags/example_python_decorator.py took 0.085 seconds
[2025-02-02T12:19:48.625+0000] {processor.py:186} INFO - Started process (PID=471) to work on /home/airflow/.local/lib/python3.12/site-packages/airflow/example_dags/example_python_decorator.py
[2025-02-02T12:19:48.627+0000] {processor.py:914} INFO - Processing file /home/airflow/.local/lib/python3.12/site-packages/airflow/example_dags/example_python_decorator.py for tasks to queue
[2025-02-02T12:19:48.630+0000] {logging_mixin.py:190} INFO - [2025-02-02T12:19:48.630+0000] {dagbag.py:588} INFO - Filling up the DagBag from /home/airflow/.local/lib/python3.12/site-packages/airflow/example_dags/example_python_decorator.py
[2025-02-02T12:19:48.647+0000] {processor.py:925} INFO - DAG(s) 'example_python_decorator' retrieved from /home/airflow/.local/lib/python3.12/site-packages/airflow/example_dags/example_python_decorator.py
[2025-02-02T12:19:48.673+0000] {logging_mixin.py:190} INFO - [2025-02-02T12:19:48.672+0000] {dag.py:3239} INFO - Sync 1 DAGs
[2025-02-02T12:19:48.689+0000] {logging_mixin.py:190} INFO - [2025-02-02T12:19:48.689+0000] {dag.py:4180} INFO - Setting next_dagrun for example_python_decorator to None, run_after=None
[2025-02-02T12:19:48.713+0000] {processor.py:208} INFO - Processing /home/airflow/.local/lib/python3.12/site-packages/airflow/example_dags/example_python_decorator.py took 0.093 seconds
[2025-02-02T12:20:21.220+0000] {processor.py:186} INFO - Started process (PID=534) to work on /home/airflow/.local/lib/python3.12/site-packages/airflow/example_dags/example_python_decorator.py
[2025-02-02T12:20:21.222+0000] {processor.py:914} INFO - Processing file /home/airflow/.local/lib/python3.12/site-packages/airflow/example_dags/example_python_decorator.py for tasks to queue
[2025-02-02T12:20:21.225+0000] {logging_mixin.py:190} INFO - [2025-02-02T12:20:21.225+0000] {dagbag.py:588} INFO - Filling up the DagBag from /home/airflow/.local/lib/python3.12/site-packages/airflow/example_dags/example_python_decorator.py
[2025-02-02T12:20:21.249+0000] {processor.py:925} INFO - DAG(s) 'example_python_decorator' retrieved from /home/airflow/.local/lib/python3.12/site-packages/airflow/example_dags/example_python_decorator.py
[2025-02-02T12:20:21.292+0000] {logging_mixin.py:190} INFO - [2025-02-02T12:20:21.292+0000] {dag.py:3239} INFO - Sync 1 DAGs
[2025-02-02T12:20:21.317+0000] {logging_mixin.py:190} INFO - [2025-02-02T12:20:21.317+0000] {dag.py:4180} INFO - Setting next_dagrun for example_python_decorator to None, run_after=None
[2025-02-02T12:20:21.354+0000] {processor.py:208} INFO - Processing /home/airflow/.local/lib/python3.12/site-packages/airflow/example_dags/example_python_decorator.py took 0.145 seconds
[2025-02-02T16:18:53.944+0000] {processor.py:186} INFO - Started process (PID=87) to work on /home/airflow/.local/lib/python3.12/site-packages/airflow/example_dags/example_python_decorator.py
[2025-02-02T16:18:53.946+0000] {processor.py:914} INFO - Processing file /home/airflow/.local/lib/python3.12/site-packages/airflow/example_dags/example_python_decorator.py for tasks to queue
[2025-02-02T16:18:53.949+0000] {logging_mixin.py:190} INFO - [2025-02-02T16:18:53.948+0000] {dagbag.py:588} INFO - Filling up the DagBag from /home/airflow/.local/lib/python3.12/site-packages/airflow/example_dags/example_python_decorator.py
[2025-02-02T16:18:53.963+0000] {processor.py:925} INFO - DAG(s) 'example_python_decorator' retrieved from /home/airflow/.local/lib/python3.12/site-packages/airflow/example_dags/example_python_decorator.py
[2025-02-02T16:18:54.078+0000] {logging_mixin.py:190} INFO - [2025-02-02T16:18:54.078+0000] {dag.py:3239} INFO - Sync 1 DAGs
[2025-02-02T16:18:54.092+0000] {logging_mixin.py:190} INFO - [2025-02-02T16:18:54.092+0000] {dag.py:4180} INFO - Setting next_dagrun for example_python_decorator to None, run_after=None
[2025-02-02T16:18:54.116+0000] {processor.py:208} INFO - Processing /home/airflow/.local/lib/python3.12/site-packages/airflow/example_dags/example_python_decorator.py took 0.176 seconds
[2025-02-02T16:19:25.018+0000] {processor.py:186} INFO - Started process (PID=150) to work on /home/airflow/.local/lib/python3.12/site-packages/airflow/example_dags/example_python_decorator.py
[2025-02-02T16:19:25.019+0000] {processor.py:914} INFO - Processing file /home/airflow/.local/lib/python3.12/site-packages/airflow/example_dags/example_python_decorator.py for tasks to queue
[2025-02-02T16:19:25.022+0000] {logging_mixin.py:190} INFO - [2025-02-02T16:19:25.022+0000] {dagbag.py:588} INFO - Filling up the DagBag from /home/airflow/.local/lib/python3.12/site-packages/airflow/example_dags/example_python_decorator.py
[2025-02-02T16:19:25.036+0000] {processor.py:925} INFO - DAG(s) 'example_python_decorator' retrieved from /home/airflow/.local/lib/python3.12/site-packages/airflow/example_dags/example_python_decorator.py
[2025-02-02T16:19:25.058+0000] {logging_mixin.py:190} INFO - [2025-02-02T16:19:25.058+0000] {dag.py:3239} INFO - Sync 1 DAGs
[2025-02-02T16:19:25.072+0000] {logging_mixin.py:190} INFO - [2025-02-02T16:19:25.072+0000] {dag.py:4180} INFO - Setting next_dagrun for example_python_decorator to None, run_after=None
[2025-02-02T16:19:25.095+0000] {processor.py:208} INFO - Processing /home/airflow/.local/lib/python3.12/site-packages/airflow/example_dags/example_python_decorator.py took 0.083 seconds
[2025-02-02T16:19:56.657+0000] {processor.py:186} INFO - Started process (PID=219) to work on /home/airflow/.local/lib/python3.12/site-packages/airflow/example_dags/example_python_decorator.py
[2025-02-02T16:19:56.659+0000] {processor.py:914} INFO - Processing file /home/airflow/.local/lib/python3.12/site-packages/airflow/example_dags/example_python_decorator.py for tasks to queue
[2025-02-02T16:19:56.662+0000] {logging_mixin.py:190} INFO - [2025-02-02T16:19:56.661+0000] {dagbag.py:588} INFO - Filling up the DagBag from /home/airflow/.local/lib/python3.12/site-packages/airflow/example_dags/example_python_decorator.py
[2025-02-02T16:19:56.679+0000] {processor.py:925} INFO - DAG(s) 'example_python_decorator' retrieved from /home/airflow/.local/lib/python3.12/site-packages/airflow/example_dags/example_python_decorator.py
[2025-02-02T16:19:56.702+0000] {logging_mixin.py:190} INFO - [2025-02-02T16:19:56.702+0000] {dag.py:3239} INFO - Sync 1 DAGs
[2025-02-02T16:19:56.717+0000] {logging_mixin.py:190} INFO - [2025-02-02T16:19:56.716+0000] {dag.py:4180} INFO - Setting next_dagrun for example_python_decorator to None, run_after=None
[2025-02-02T16:19:56.741+0000] {processor.py:208} INFO - Processing /home/airflow/.local/lib/python3.12/site-packages/airflow/example_dags/example_python_decorator.py took 0.090 seconds
[2025-02-02T16:20:27.938+0000] {processor.py:186} INFO - Started process (PID=282) to work on /home/airflow/.local/lib/python3.12/site-packages/airflow/example_dags/example_python_decorator.py
[2025-02-02T16:20:27.939+0000] {processor.py:914} INFO - Processing file /home/airflow/.local/lib/python3.12/site-packages/airflow/example_dags/example_python_decorator.py for tasks to queue
[2025-02-02T16:20:27.942+0000] {logging_mixin.py:190} INFO - [2025-02-02T16:20:27.942+0000] {dagbag.py:588} INFO - Filling up the DagBag from /home/airflow/.local/lib/python3.12/site-packages/airflow/example_dags/example_python_decorator.py
[2025-02-02T16:20:27.957+0000] {processor.py:925} INFO - DAG(s) 'example_python_decorator' retrieved from /home/airflow/.local/lib/python3.12/site-packages/airflow/example_dags/example_python_decorator.py
[2025-02-02T16:20:27.981+0000] {logging_mixin.py:190} INFO - [2025-02-02T16:20:27.981+0000] {dag.py:3239} INFO - Sync 1 DAGs
[2025-02-02T16:20:27.996+0000] {logging_mixin.py:190} INFO - [2025-02-02T16:20:27.996+0000] {dag.py:4180} INFO - Setting next_dagrun for example_python_decorator to None, run_after=None
[2025-02-02T16:20:28.022+0000] {processor.py:208} INFO - Processing /home/airflow/.local/lib/python3.12/site-packages/airflow/example_dags/example_python_decorator.py took 0.089 seconds
[2025-02-02T16:20:58.698+0000] {processor.py:186} INFO - Started process (PID=345) to work on /home/airflow/.local/lib/python3.12/site-packages/airflow/example_dags/example_python_decorator.py
[2025-02-02T16:20:58.699+0000] {processor.py:914} INFO - Processing file /home/airflow/.local/lib/python3.12/site-packages/airflow/example_dags/example_python_decorator.py for tasks to queue
[2025-02-02T16:20:58.701+0000] {logging_mixin.py:190} INFO - [2025-02-02T16:20:58.701+0000] {dagbag.py:588} INFO - Filling up the DagBag from /home/airflow/.local/lib/python3.12/site-packages/airflow/example_dags/example_python_decorator.py
[2025-02-02T16:20:58.715+0000] {processor.py:925} INFO - DAG(s) 'example_python_decorator' retrieved from /home/airflow/.local/lib/python3.12/site-packages/airflow/example_dags/example_python_decorator.py
[2025-02-02T16:20:58.739+0000] {logging_mixin.py:190} INFO - [2025-02-02T16:20:58.738+0000] {dag.py:3239} INFO - Sync 1 DAGs
[2025-02-02T16:20:58.755+0000] {logging_mixin.py:190} INFO - [2025-02-02T16:20:58.755+0000] {dag.py:4180} INFO - Setting next_dagrun for example_python_decorator to None, run_after=None
[2025-02-02T16:20:58.777+0000] {processor.py:208} INFO - Processing /home/airflow/.local/lib/python3.12/site-packages/airflow/example_dags/example_python_decorator.py took 0.085 seconds
[2025-02-02T16:21:29.964+0000] {processor.py:186} INFO - Started process (PID=408) to work on /home/airflow/.local/lib/python3.12/site-packages/airflow/example_dags/example_python_decorator.py
[2025-02-02T16:21:29.965+0000] {processor.py:914} INFO - Processing file /home/airflow/.local/lib/python3.12/site-packages/airflow/example_dags/example_python_decorator.py for tasks to queue
[2025-02-02T16:21:29.968+0000] {logging_mixin.py:190} INFO - [2025-02-02T16:21:29.967+0000] {dagbag.py:588} INFO - Filling up the DagBag from /home/airflow/.local/lib/python3.12/site-packages/airflow/example_dags/example_python_decorator.py
[2025-02-02T16:21:29.981+0000] {processor.py:925} INFO - DAG(s) 'example_python_decorator' retrieved from /home/airflow/.local/lib/python3.12/site-packages/airflow/example_dags/example_python_decorator.py
[2025-02-02T16:21:30.003+0000] {logging_mixin.py:190} INFO - [2025-02-02T16:21:30.002+0000] {dag.py:3239} INFO - Sync 1 DAGs
[2025-02-02T16:21:30.018+0000] {logging_mixin.py:190} INFO - [2025-02-02T16:21:30.018+0000] {dag.py:4180} INFO - Setting next_dagrun for example_python_decorator to None, run_after=None
[2025-02-02T16:21:30.040+0000] {processor.py:208} INFO - Processing /home/airflow/.local/lib/python3.12/site-packages/airflow/example_dags/example_python_decorator.py took 0.083 seconds
[2025-02-02T16:22:00.334+0000] {processor.py:186} INFO - Started process (PID=471) to work on /home/airflow/.local/lib/python3.12/site-packages/airflow/example_dags/example_python_decorator.py
[2025-02-02T16:22:00.335+0000] {processor.py:914} INFO - Processing file /home/airflow/.local/lib/python3.12/site-packages/airflow/example_dags/example_python_decorator.py for tasks to queue
[2025-02-02T16:22:00.338+0000] {logging_mixin.py:190} INFO - [2025-02-02T16:22:00.337+0000] {dagbag.py:588} INFO - Filling up the DagBag from /home/airflow/.local/lib/python3.12/site-packages/airflow/example_dags/example_python_decorator.py
[2025-02-02T16:22:00.353+0000] {processor.py:925} INFO - DAG(s) 'example_python_decorator' retrieved from /home/airflow/.local/lib/python3.12/site-packages/airflow/example_dags/example_python_decorator.py
[2025-02-02T16:22:00.376+0000] {logging_mixin.py:190} INFO - [2025-02-02T16:22:00.376+0000] {dag.py:3239} INFO - Sync 1 DAGs
[2025-02-02T16:22:00.390+0000] {logging_mixin.py:190} INFO - [2025-02-02T16:22:00.389+0000] {dag.py:4180} INFO - Setting next_dagrun for example_python_decorator to None, run_after=None
[2025-02-02T16:22:00.410+0000] {processor.py:208} INFO - Processing /home/airflow/.local/lib/python3.12/site-packages/airflow/example_dags/example_python_decorator.py took 0.082 seconds
[2025-02-02T16:22:31.998+0000] {processor.py:186} INFO - Started process (PID=534) to work on /home/airflow/.local/lib/python3.12/site-packages/airflow/example_dags/example_python_decorator.py
[2025-02-02T16:22:31.999+0000] {processor.py:914} INFO - Processing file /home/airflow/.local/lib/python3.12/site-packages/airflow/example_dags/example_python_decorator.py for tasks to queue
[2025-02-02T16:22:32.002+0000] {logging_mixin.py:190} INFO - [2025-02-02T16:22:32.002+0000] {dagbag.py:588} INFO - Filling up the DagBag from /home/airflow/.local/lib/python3.12/site-packages/airflow/example_dags/example_python_decorator.py
[2025-02-02T16:22:32.017+0000] {processor.py:925} INFO - DAG(s) 'example_python_decorator' retrieved from /home/airflow/.local/lib/python3.12/site-packages/airflow/example_dags/example_python_decorator.py
[2025-02-02T16:22:32.040+0000] {logging_mixin.py:190} INFO - [2025-02-02T16:22:32.040+0000] {dag.py:3239} INFO - Sync 1 DAGs
[2025-02-02T16:22:32.053+0000] {logging_mixin.py:190} INFO - [2025-02-02T16:22:32.053+0000] {dag.py:4180} INFO - Setting next_dagrun for example_python_decorator to None, run_after=None
[2025-02-02T16:22:32.074+0000] {processor.py:208} INFO - Processing /home/airflow/.local/lib/python3.12/site-packages/airflow/example_dags/example_python_decorator.py took 0.082 seconds
[2025-02-02T16:23:02.911+0000] {processor.py:186} INFO - Started process (PID=597) to work on /home/airflow/.local/lib/python3.12/site-packages/airflow/example_dags/example_python_decorator.py
[2025-02-02T16:23:02.913+0000] {processor.py:914} INFO - Processing file /home/airflow/.local/lib/python3.12/site-packages/airflow/example_dags/example_python_decorator.py for tasks to queue
[2025-02-02T16:23:02.915+0000] {logging_mixin.py:190} INFO - [2025-02-02T16:23:02.915+0000] {dagbag.py:588} INFO - Filling up the DagBag from /home/airflow/.local/lib/python3.12/site-packages/airflow/example_dags/example_python_decorator.py
[2025-02-02T16:23:02.930+0000] {processor.py:925} INFO - DAG(s) 'example_python_decorator' retrieved from /home/airflow/.local/lib/python3.12/site-packages/airflow/example_dags/example_python_decorator.py
[2025-02-02T16:23:02.956+0000] {logging_mixin.py:190} INFO - [2025-02-02T16:23:02.956+0000] {dag.py:3239} INFO - Sync 1 DAGs
[2025-02-02T16:23:02.970+0000] {logging_mixin.py:190} INFO - [2025-02-02T16:23:02.970+0000] {dag.py:4180} INFO - Setting next_dagrun for example_python_decorator to None, run_after=None
[2025-02-02T16:23:02.993+0000] {processor.py:208} INFO - Processing /home/airflow/.local/lib/python3.12/site-packages/airflow/example_dags/example_python_decorator.py took 0.088 seconds
[2025-02-02T16:23:34.191+0000] {processor.py:186} INFO - Started process (PID=659) to work on /home/airflow/.local/lib/python3.12/site-packages/airflow/example_dags/example_python_decorator.py
[2025-02-02T16:23:34.192+0000] {processor.py:914} INFO - Processing file /home/airflow/.local/lib/python3.12/site-packages/airflow/example_dags/example_python_decorator.py for tasks to queue
[2025-02-02T16:23:34.195+0000] {logging_mixin.py:190} INFO - [2025-02-02T16:23:34.195+0000] {dagbag.py:588} INFO - Filling up the DagBag from /home/airflow/.local/lib/python3.12/site-packages/airflow/example_dags/example_python_decorator.py
[2025-02-02T16:23:34.212+0000] {processor.py:925} INFO - DAG(s) 'example_python_decorator' retrieved from /home/airflow/.local/lib/python3.12/site-packages/airflow/example_dags/example_python_decorator.py
[2025-02-02T16:23:34.242+0000] {logging_mixin.py:190} INFO - [2025-02-02T16:23:34.241+0000] {dag.py:3239} INFO - Sync 1 DAGs
[2025-02-02T16:23:34.260+0000] {logging_mixin.py:190} INFO - [2025-02-02T16:23:34.260+0000] {dag.py:4180} INFO - Setting next_dagrun for example_python_decorator to None, run_after=None
[2025-02-02T16:23:34.291+0000] {processor.py:208} INFO - Processing /home/airflow/.local/lib/python3.12/site-packages/airflow/example_dags/example_python_decorator.py took 0.106 seconds
[2025-02-02T16:24:04.554+0000] {processor.py:186} INFO - Started process (PID=722) to work on /home/airflow/.local/lib/python3.12/site-packages/airflow/example_dags/example_python_decorator.py
[2025-02-02T16:24:04.555+0000] {processor.py:914} INFO - Processing file /home/airflow/.local/lib/python3.12/site-packages/airflow/example_dags/example_python_decorator.py for tasks to queue
[2025-02-02T16:24:04.558+0000] {logging_mixin.py:190} INFO - [2025-02-02T16:24:04.557+0000] {dagbag.py:588} INFO - Filling up the DagBag from /home/airflow/.local/lib/python3.12/site-packages/airflow/example_dags/example_python_decorator.py
[2025-02-02T16:24:04.571+0000] {processor.py:925} INFO - DAG(s) 'example_python_decorator' retrieved from /home/airflow/.local/lib/python3.12/site-packages/airflow/example_dags/example_python_decorator.py
[2025-02-02T16:24:04.593+0000] {logging_mixin.py:190} INFO - [2025-02-02T16:24:04.592+0000] {dag.py:3239} INFO - Sync 1 DAGs
[2025-02-02T16:24:04.607+0000] {logging_mixin.py:190} INFO - [2025-02-02T16:24:04.607+0000] {dag.py:4180} INFO - Setting next_dagrun for example_python_decorator to None, run_after=None
[2025-02-02T16:24:04.626+0000] {processor.py:208} INFO - Processing /home/airflow/.local/lib/python3.12/site-packages/airflow/example_dags/example_python_decorator.py took 0.077 seconds
[2025-02-02T16:24:36.740+0000] {processor.py:186} INFO - Started process (PID=785) to work on /home/airflow/.local/lib/python3.12/site-packages/airflow/example_dags/example_python_decorator.py
[2025-02-02T16:24:36.741+0000] {processor.py:914} INFO - Processing file /home/airflow/.local/lib/python3.12/site-packages/airflow/example_dags/example_python_decorator.py for tasks to queue
[2025-02-02T16:24:36.744+0000] {logging_mixin.py:190} INFO - [2025-02-02T16:24:36.744+0000] {dagbag.py:588} INFO - Filling up the DagBag from /home/airflow/.local/lib/python3.12/site-packages/airflow/example_dags/example_python_decorator.py
[2025-02-02T16:24:36.762+0000] {processor.py:925} INFO - DAG(s) 'example_python_decorator' retrieved from /home/airflow/.local/lib/python3.12/site-packages/airflow/example_dags/example_python_decorator.py
[2025-02-02T16:24:36.796+0000] {logging_mixin.py:190} INFO - [2025-02-02T16:24:36.796+0000] {dag.py:3239} INFO - Sync 1 DAGs
[2025-02-02T16:24:36.816+0000] {logging_mixin.py:190} INFO - [2025-02-02T16:24:36.815+0000] {dag.py:4180} INFO - Setting next_dagrun for example_python_decorator to None, run_after=None
[2025-02-02T16:24:36.843+0000] {processor.py:208} INFO - Processing /home/airflow/.local/lib/python3.12/site-packages/airflow/example_dags/example_python_decorator.py took 0.109 seconds
[2025-02-02T16:25:07.310+0000] {processor.py:186} INFO - Started process (PID=848) to work on /home/airflow/.local/lib/python3.12/site-packages/airflow/example_dags/example_python_decorator.py
[2025-02-02T16:25:07.311+0000] {processor.py:914} INFO - Processing file /home/airflow/.local/lib/python3.12/site-packages/airflow/example_dags/example_python_decorator.py for tasks to queue
[2025-02-02T16:25:07.314+0000] {logging_mixin.py:190} INFO - [2025-02-02T16:25:07.313+0000] {dagbag.py:588} INFO - Filling up the DagBag from /home/airflow/.local/lib/python3.12/site-packages/airflow/example_dags/example_python_decorator.py
[2025-02-02T16:25:07.330+0000] {processor.py:925} INFO - DAG(s) 'example_python_decorator' retrieved from /home/airflow/.local/lib/python3.12/site-packages/airflow/example_dags/example_python_decorator.py
[2025-02-02T16:25:07.355+0000] {logging_mixin.py:190} INFO - [2025-02-02T16:25:07.355+0000] {dag.py:3239} INFO - Sync 1 DAGs
[2025-02-02T16:25:07.371+0000] {logging_mixin.py:190} INFO - [2025-02-02T16:25:07.371+0000] {dag.py:4180} INFO - Setting next_dagrun for example_python_decorator to None, run_after=None
[2025-02-02T16:25:07.397+0000] {processor.py:208} INFO - Processing /home/airflow/.local/lib/python3.12/site-packages/airflow/example_dags/example_python_decorator.py took 0.093 seconds
[2025-02-02T16:25:38.889+0000] {processor.py:186} INFO - Started process (PID=911) to work on /home/airflow/.local/lib/python3.12/site-packages/airflow/example_dags/example_python_decorator.py
[2025-02-02T16:25:38.890+0000] {processor.py:914} INFO - Processing file /home/airflow/.local/lib/python3.12/site-packages/airflow/example_dags/example_python_decorator.py for tasks to queue
[2025-02-02T16:25:38.892+0000] {logging_mixin.py:190} INFO - [2025-02-02T16:25:38.892+0000] {dagbag.py:588} INFO - Filling up the DagBag from /home/airflow/.local/lib/python3.12/site-packages/airflow/example_dags/example_python_decorator.py
[2025-02-02T16:25:38.906+0000] {processor.py:925} INFO - DAG(s) 'example_python_decorator' retrieved from /home/airflow/.local/lib/python3.12/site-packages/airflow/example_dags/example_python_decorator.py
[2025-02-02T16:25:38.936+0000] {logging_mixin.py:190} INFO - [2025-02-02T16:25:38.936+0000] {dag.py:3239} INFO - Sync 1 DAGs
[2025-02-02T16:25:38.953+0000] {logging_mixin.py:190} INFO - [2025-02-02T16:25:38.952+0000] {dag.py:4180} INFO - Setting next_dagrun for example_python_decorator to None, run_after=None
[2025-02-02T16:25:38.977+0000] {processor.py:208} INFO - Processing /home/airflow/.local/lib/python3.12/site-packages/airflow/example_dags/example_python_decorator.py took 0.093 seconds
