[2025-02-02T12:16:39.830+0000] {processor.py:186} INFO - Started process (PID=80) to work on /home/airflow/.local/lib/python3.12/site-packages/airflow/example_dags/example_sla_dag.py
[2025-02-02T12:16:39.831+0000] {processor.py:914} INFO - Processing file /home/airflow/.local/lib/python3.12/site-packages/airflow/example_dags/example_sla_dag.py for tasks to queue
[2025-02-02T12:16:39.834+0000] {logging_mixin.py:190} INFO - [2025-02-02T12:16:39.833+0000] {dagbag.py:588} INFO - Filling up the DagBag from /home/airflow/.local/lib/python3.12/site-packages/airflow/example_dags/example_sla_dag.py
[2025-02-02T12:16:39.846+0000] {processor.py:925} INFO - DAG(s) 'example_sla_dag' retrieved from /home/airflow/.local/lib/python3.12/site-packages/airflow/example_dags/example_sla_dag.py
[2025-02-02T12:16:39.967+0000] {logging_mixin.py:190} INFO - [2025-02-02T12:16:39.966+0000] {override.py:1911} INFO - Created Permission View: can read on DAG:example_sla_dag
[2025-02-02T12:16:39.981+0000] {logging_mixin.py:190} INFO - [2025-02-02T12:16:39.980+0000] {override.py:1911} INFO - Created Permission View: can edit on DAG:example_sla_dag
[2025-02-02T12:16:39.993+0000] {logging_mixin.py:190} INFO - [2025-02-02T12:16:39.992+0000] {override.py:1911} INFO - Created Permission View: can delete on DAG:example_sla_dag
[2025-02-02T12:16:40.004+0000] {logging_mixin.py:190} INFO - [2025-02-02T12:16:40.003+0000] {override.py:1911} INFO - Created Permission View: can read on DAG Run:example_sla_dag
[2025-02-02T12:16:40.013+0000] {logging_mixin.py:190} INFO - [2025-02-02T12:16:40.013+0000] {override.py:1911} INFO - Created Permission View: menu access on DAG Run:example_sla_dag
[2025-02-02T12:16:40.023+0000] {logging_mixin.py:190} INFO - [2025-02-02T12:16:40.022+0000] {override.py:1911} INFO - Created Permission View: can create on DAG Run:example_sla_dag
[2025-02-02T12:16:40.034+0000] {logging_mixin.py:190} INFO - [2025-02-02T12:16:40.033+0000] {override.py:1911} INFO - Created Permission View: can delete on DAG Run:example_sla_dag
[2025-02-02T12:16:40.034+0000] {logging_mixin.py:190} INFO - [2025-02-02T12:16:40.034+0000] {dag.py:3239} INFO - Sync 1 DAGs
[2025-02-02T12:16:40.049+0000] {logging_mixin.py:190} INFO - [2025-02-02T12:16:40.049+0000] {dag.py:3262} INFO - Creating ORM DAG for example_sla_dag
[2025-02-02T12:16:40.063+0000] {logging_mixin.py:190} INFO - [2025-02-02T12:16:40.063+0000] {dag.py:4180} INFO - Setting next_dagrun for example_sla_dag to 2025-02-02 12:14:00+00:00, run_after=2025-02-02 12:16:00+00:00
[2025-02-02T12:16:40.083+0000] {processor.py:208} INFO - Processing /home/airflow/.local/lib/python3.12/site-packages/airflow/example_dags/example_sla_dag.py took 0.260 seconds
[2025-02-02T12:17:11.051+0000] {processor.py:186} INFO - Started process (PID=143) to work on /home/airflow/.local/lib/python3.12/site-packages/airflow/example_dags/example_sla_dag.py
[2025-02-02T12:17:11.052+0000] {processor.py:914} INFO - Processing file /home/airflow/.local/lib/python3.12/site-packages/airflow/example_dags/example_sla_dag.py for tasks to queue
[2025-02-02T12:17:11.054+0000] {logging_mixin.py:190} INFO - [2025-02-02T12:17:11.054+0000] {dagbag.py:588} INFO - Filling up the DagBag from /home/airflow/.local/lib/python3.12/site-packages/airflow/example_dags/example_sla_dag.py
[2025-02-02T12:17:11.066+0000] {processor.py:925} INFO - DAG(s) 'example_sla_dag' retrieved from /home/airflow/.local/lib/python3.12/site-packages/airflow/example_dags/example_sla_dag.py
[2025-02-02T12:17:11.086+0000] {logging_mixin.py:190} INFO - [2025-02-02T12:17:11.086+0000] {dag.py:3239} INFO - Sync 1 DAGs
[2025-02-02T12:17:11.112+0000] {logging_mixin.py:190} INFO - [2025-02-02T12:17:11.112+0000] {dag.py:4180} INFO - Setting next_dagrun for example_sla_dag to 2025-02-02 12:14:00+00:00, run_after=2025-02-02 12:16:00+00:00
[2025-02-02T12:17:11.138+0000] {processor.py:208} INFO - Processing /home/airflow/.local/lib/python3.12/site-packages/airflow/example_dags/example_sla_dag.py took 0.093 seconds
[2025-02-02T12:17:42.268+0000] {processor.py:186} INFO - Started process (PID=206) to work on /home/airflow/.local/lib/python3.12/site-packages/airflow/example_dags/example_sla_dag.py
[2025-02-02T12:17:42.269+0000] {processor.py:914} INFO - Processing file /home/airflow/.local/lib/python3.12/site-packages/airflow/example_dags/example_sla_dag.py for tasks to queue
[2025-02-02T12:17:42.272+0000] {logging_mixin.py:190} INFO - [2025-02-02T12:17:42.272+0000] {dagbag.py:588} INFO - Filling up the DagBag from /home/airflow/.local/lib/python3.12/site-packages/airflow/example_dags/example_sla_dag.py
[2025-02-02T12:17:42.284+0000] {processor.py:925} INFO - DAG(s) 'example_sla_dag' retrieved from /home/airflow/.local/lib/python3.12/site-packages/airflow/example_dags/example_sla_dag.py
[2025-02-02T12:17:42.306+0000] {logging_mixin.py:190} INFO - [2025-02-02T12:17:42.306+0000] {dag.py:3239} INFO - Sync 1 DAGs
[2025-02-02T12:17:42.335+0000] {logging_mixin.py:190} INFO - [2025-02-02T12:17:42.334+0000] {dag.py:4180} INFO - Setting next_dagrun for example_sla_dag to 2025-02-02 12:14:00+00:00, run_after=2025-02-02 12:16:00+00:00
[2025-02-02T12:17:42.359+0000] {processor.py:208} INFO - Processing /home/airflow/.local/lib/python3.12/site-packages/airflow/example_dags/example_sla_dag.py took 0.096 seconds
[2025-02-02T12:18:13.419+0000] {processor.py:186} INFO - Started process (PID=269) to work on /home/airflow/.local/lib/python3.12/site-packages/airflow/example_dags/example_sla_dag.py
[2025-02-02T12:18:13.421+0000] {processor.py:914} INFO - Processing file /home/airflow/.local/lib/python3.12/site-packages/airflow/example_dags/example_sla_dag.py for tasks to queue
[2025-02-02T12:18:13.423+0000] {logging_mixin.py:190} INFO - [2025-02-02T12:18:13.423+0000] {dagbag.py:588} INFO - Filling up the DagBag from /home/airflow/.local/lib/python3.12/site-packages/airflow/example_dags/example_sla_dag.py
[2025-02-02T12:18:13.436+0000] {processor.py:925} INFO - DAG(s) 'example_sla_dag' retrieved from /home/airflow/.local/lib/python3.12/site-packages/airflow/example_dags/example_sla_dag.py
[2025-02-02T12:18:13.457+0000] {logging_mixin.py:190} INFO - [2025-02-02T12:18:13.457+0000] {dag.py:3239} INFO - Sync 1 DAGs
[2025-02-02T12:18:13.483+0000] {logging_mixin.py:190} INFO - [2025-02-02T12:18:13.483+0000] {dag.py:4180} INFO - Setting next_dagrun for example_sla_dag to 2025-02-02 12:16:00+00:00, run_after=2025-02-02 12:18:00+00:00
[2025-02-02T12:18:13.506+0000] {processor.py:208} INFO - Processing /home/airflow/.local/lib/python3.12/site-packages/airflow/example_dags/example_sla_dag.py took 0.092 seconds
[2025-02-02T12:18:44.271+0000] {processor.py:186} INFO - Started process (PID=332) to work on /home/airflow/.local/lib/python3.12/site-packages/airflow/example_dags/example_sla_dag.py
[2025-02-02T12:18:44.273+0000] {processor.py:914} INFO - Processing file /home/airflow/.local/lib/python3.12/site-packages/airflow/example_dags/example_sla_dag.py for tasks to queue
[2025-02-02T12:18:44.276+0000] {logging_mixin.py:190} INFO - [2025-02-02T12:18:44.275+0000] {dagbag.py:588} INFO - Filling up the DagBag from /home/airflow/.local/lib/python3.12/site-packages/airflow/example_dags/example_sla_dag.py
[2025-02-02T12:18:44.287+0000] {processor.py:925} INFO - DAG(s) 'example_sla_dag' retrieved from /home/airflow/.local/lib/python3.12/site-packages/airflow/example_dags/example_sla_dag.py
[2025-02-02T12:18:44.308+0000] {logging_mixin.py:190} INFO - [2025-02-02T12:18:44.308+0000] {dag.py:3239} INFO - Sync 1 DAGs
[2025-02-02T12:18:44.333+0000] {logging_mixin.py:190} INFO - [2025-02-02T12:18:44.332+0000] {dag.py:4180} INFO - Setting next_dagrun for example_sla_dag to 2025-02-02 12:16:00+00:00, run_after=2025-02-02 12:18:00+00:00
[2025-02-02T12:18:44.353+0000] {processor.py:208} INFO - Processing /home/airflow/.local/lib/python3.12/site-packages/airflow/example_dags/example_sla_dag.py took 0.088 seconds
[2025-02-02T12:19:15.622+0000] {processor.py:186} INFO - Started process (PID=395) to work on /home/airflow/.local/lib/python3.12/site-packages/airflow/example_dags/example_sla_dag.py
[2025-02-02T12:19:15.623+0000] {processor.py:914} INFO - Processing file /home/airflow/.local/lib/python3.12/site-packages/airflow/example_dags/example_sla_dag.py for tasks to queue
[2025-02-02T12:19:15.626+0000] {logging_mixin.py:190} INFO - [2025-02-02T12:19:15.626+0000] {dagbag.py:588} INFO - Filling up the DagBag from /home/airflow/.local/lib/python3.12/site-packages/airflow/example_dags/example_sla_dag.py
[2025-02-02T12:19:15.636+0000] {processor.py:925} INFO - DAG(s) 'example_sla_dag' retrieved from /home/airflow/.local/lib/python3.12/site-packages/airflow/example_dags/example_sla_dag.py
[2025-02-02T12:19:15.656+0000] {logging_mixin.py:190} INFO - [2025-02-02T12:19:15.655+0000] {dag.py:3239} INFO - Sync 1 DAGs
[2025-02-02T12:19:15.682+0000] {logging_mixin.py:190} INFO - [2025-02-02T12:19:15.682+0000] {dag.py:4180} INFO - Setting next_dagrun for example_sla_dag to 2025-02-02 12:16:00+00:00, run_after=2025-02-02 12:18:00+00:00
[2025-02-02T12:19:15.709+0000] {processor.py:208} INFO - Processing /home/airflow/.local/lib/python3.12/site-packages/airflow/example_dags/example_sla_dag.py took 0.092 seconds
[2025-02-02T12:19:47.670+0000] {processor.py:186} INFO - Started process (PID=458) to work on /home/airflow/.local/lib/python3.12/site-packages/airflow/example_dags/example_sla_dag.py
[2025-02-02T12:19:47.671+0000] {processor.py:914} INFO - Processing file /home/airflow/.local/lib/python3.12/site-packages/airflow/example_dags/example_sla_dag.py for tasks to queue
[2025-02-02T12:19:47.674+0000] {logging_mixin.py:190} INFO - [2025-02-02T12:19:47.673+0000] {dagbag.py:588} INFO - Filling up the DagBag from /home/airflow/.local/lib/python3.12/site-packages/airflow/example_dags/example_sla_dag.py
[2025-02-02T12:19:47.689+0000] {processor.py:925} INFO - DAG(s) 'example_sla_dag' retrieved from /home/airflow/.local/lib/python3.12/site-packages/airflow/example_dags/example_sla_dag.py
[2025-02-02T12:19:47.712+0000] {logging_mixin.py:190} INFO - [2025-02-02T12:19:47.712+0000] {dag.py:3239} INFO - Sync 1 DAGs
[2025-02-02T12:19:47.743+0000] {logging_mixin.py:190} INFO - [2025-02-02T12:19:47.742+0000] {dag.py:4180} INFO - Setting next_dagrun for example_sla_dag to 2025-02-02 12:16:00+00:00, run_after=2025-02-02 12:18:00+00:00
[2025-02-02T12:19:47.767+0000] {processor.py:208} INFO - Processing /home/airflow/.local/lib/python3.12/site-packages/airflow/example_dags/example_sla_dag.py took 0.103 seconds
[2025-02-02T12:20:19.922+0000] {processor.py:186} INFO - Started process (PID=521) to work on /home/airflow/.local/lib/python3.12/site-packages/airflow/example_dags/example_sla_dag.py
[2025-02-02T12:20:19.924+0000] {processor.py:914} INFO - Processing file /home/airflow/.local/lib/python3.12/site-packages/airflow/example_dags/example_sla_dag.py for tasks to queue
[2025-02-02T12:20:19.929+0000] {logging_mixin.py:190} INFO - [2025-02-02T12:20:19.928+0000] {dagbag.py:588} INFO - Filling up the DagBag from /home/airflow/.local/lib/python3.12/site-packages/airflow/example_dags/example_sla_dag.py
[2025-02-02T12:20:19.959+0000] {processor.py:925} INFO - DAG(s) 'example_sla_dag' retrieved from /home/airflow/.local/lib/python3.12/site-packages/airflow/example_dags/example_sla_dag.py
[2025-02-02T12:20:19.987+0000] {logging_mixin.py:190} INFO - [2025-02-02T12:20:19.986+0000] {dag.py:3239} INFO - Sync 1 DAGs
[2025-02-02T12:20:20.025+0000] {logging_mixin.py:190} INFO - [2025-02-02T12:20:20.025+0000] {dag.py:4180} INFO - Setting next_dagrun for example_sla_dag to 2025-02-02 12:18:00+00:00, run_after=2025-02-02 12:20:00+00:00
[2025-02-02T12:20:20.059+0000] {processor.py:208} INFO - Processing /home/airflow/.local/lib/python3.12/site-packages/airflow/example_dags/example_sla_dag.py took 0.148 seconds
[2025-02-02T16:18:52.915+0000] {processor.py:186} INFO - Started process (PID=74) to work on /home/airflow/.local/lib/python3.12/site-packages/airflow/example_dags/example_sla_dag.py
[2025-02-02T16:18:52.916+0000] {processor.py:914} INFO - Processing file /home/airflow/.local/lib/python3.12/site-packages/airflow/example_dags/example_sla_dag.py for tasks to queue
[2025-02-02T16:18:52.918+0000] {logging_mixin.py:190} INFO - [2025-02-02T16:18:52.918+0000] {dagbag.py:588} INFO - Filling up the DagBag from /home/airflow/.local/lib/python3.12/site-packages/airflow/example_dags/example_sla_dag.py
[2025-02-02T16:18:52.928+0000] {processor.py:925} INFO - DAG(s) 'example_sla_dag' retrieved from /home/airflow/.local/lib/python3.12/site-packages/airflow/example_dags/example_sla_dag.py
[2025-02-02T16:18:52.953+0000] {logging_mixin.py:190} INFO - [2025-02-02T16:18:52.953+0000] {dag.py:3239} INFO - Sync 1 DAGs
[2025-02-02T16:18:52.979+0000] {logging_mixin.py:190} INFO - [2025-02-02T16:18:52.979+0000] {dag.py:4180} INFO - Setting next_dagrun for example_sla_dag to 2025-02-02 16:16:00+00:00, run_after=2025-02-02 16:18:00+00:00
[2025-02-02T16:18:53.000+0000] {processor.py:208} INFO - Processing /home/airflow/.local/lib/python3.12/site-packages/airflow/example_dags/example_sla_dag.py took 0.091 seconds
[2025-02-02T16:19:24.182+0000] {processor.py:186} INFO - Started process (PID=137) to work on /home/airflow/.local/lib/python3.12/site-packages/airflow/example_dags/example_sla_dag.py
[2025-02-02T16:19:24.183+0000] {processor.py:914} INFO - Processing file /home/airflow/.local/lib/python3.12/site-packages/airflow/example_dags/example_sla_dag.py for tasks to queue
[2025-02-02T16:19:24.185+0000] {logging_mixin.py:190} INFO - [2025-02-02T16:19:24.185+0000] {dagbag.py:588} INFO - Filling up the DagBag from /home/airflow/.local/lib/python3.12/site-packages/airflow/example_dags/example_sla_dag.py
[2025-02-02T16:19:24.195+0000] {processor.py:925} INFO - DAG(s) 'example_sla_dag' retrieved from /home/airflow/.local/lib/python3.12/site-packages/airflow/example_dags/example_sla_dag.py
[2025-02-02T16:19:24.215+0000] {logging_mixin.py:190} INFO - [2025-02-02T16:19:24.215+0000] {dag.py:3239} INFO - Sync 1 DAGs
[2025-02-02T16:19:24.241+0000] {logging_mixin.py:190} INFO - [2025-02-02T16:19:24.241+0000] {dag.py:4180} INFO - Setting next_dagrun for example_sla_dag to 2025-02-02 16:16:00+00:00, run_after=2025-02-02 16:18:00+00:00
[2025-02-02T16:19:24.261+0000] {processor.py:208} INFO - Processing /home/airflow/.local/lib/python3.12/site-packages/airflow/example_dags/example_sla_dag.py took 0.085 seconds
[2025-02-02T16:19:55.491+0000] {processor.py:186} INFO - Started process (PID=200) to work on /home/airflow/.local/lib/python3.12/site-packages/airflow/example_dags/example_sla_dag.py
[2025-02-02T16:19:55.492+0000] {processor.py:914} INFO - Processing file /home/airflow/.local/lib/python3.12/site-packages/airflow/example_dags/example_sla_dag.py for tasks to queue
[2025-02-02T16:19:55.494+0000] {logging_mixin.py:190} INFO - [2025-02-02T16:19:55.494+0000] {dagbag.py:588} INFO - Filling up the DagBag from /home/airflow/.local/lib/python3.12/site-packages/airflow/example_dags/example_sla_dag.py
[2025-02-02T16:19:55.505+0000] {processor.py:925} INFO - DAG(s) 'example_sla_dag' retrieved from /home/airflow/.local/lib/python3.12/site-packages/airflow/example_dags/example_sla_dag.py
[2025-02-02T16:19:55.527+0000] {logging_mixin.py:190} INFO - [2025-02-02T16:19:55.526+0000] {dag.py:3239} INFO - Sync 1 DAGs
[2025-02-02T16:19:55.552+0000] {logging_mixin.py:190} INFO - [2025-02-02T16:19:55.552+0000] {dag.py:4180} INFO - Setting next_dagrun for example_sla_dag to 2025-02-02 16:16:00+00:00, run_after=2025-02-02 16:18:00+00:00
[2025-02-02T16:19:55.576+0000] {processor.py:208} INFO - Processing /home/airflow/.local/lib/python3.12/site-packages/airflow/example_dags/example_sla_dag.py took 0.092 seconds
[2025-02-02T16:20:26.807+0000] {processor.py:186} INFO - Started process (PID=269) to work on /home/airflow/.local/lib/python3.12/site-packages/airflow/example_dags/example_sla_dag.py
[2025-02-02T16:20:26.808+0000] {processor.py:914} INFO - Processing file /home/airflow/.local/lib/python3.12/site-packages/airflow/example_dags/example_sla_dag.py for tasks to queue
[2025-02-02T16:20:26.810+0000] {logging_mixin.py:190} INFO - [2025-02-02T16:20:26.810+0000] {dagbag.py:588} INFO - Filling up the DagBag from /home/airflow/.local/lib/python3.12/site-packages/airflow/example_dags/example_sla_dag.py
[2025-02-02T16:20:26.820+0000] {processor.py:925} INFO - DAG(s) 'example_sla_dag' retrieved from /home/airflow/.local/lib/python3.12/site-packages/airflow/example_dags/example_sla_dag.py
[2025-02-02T16:20:26.839+0000] {logging_mixin.py:190} INFO - [2025-02-02T16:20:26.839+0000] {dag.py:3239} INFO - Sync 1 DAGs
[2025-02-02T16:20:26.865+0000] {logging_mixin.py:190} INFO - [2025-02-02T16:20:26.865+0000] {dag.py:4180} INFO - Setting next_dagrun for example_sla_dag to 2025-02-02 16:18:00+00:00, run_after=2025-02-02 16:20:00+00:00
[2025-02-02T16:20:26.885+0000] {processor.py:208} INFO - Processing /home/airflow/.local/lib/python3.12/site-packages/airflow/example_dags/example_sla_dag.py took 0.083 seconds
[2025-02-02T16:20:57.793+0000] {processor.py:186} INFO - Started process (PID=332) to work on /home/airflow/.local/lib/python3.12/site-packages/airflow/example_dags/example_sla_dag.py
[2025-02-02T16:20:57.794+0000] {processor.py:914} INFO - Processing file /home/airflow/.local/lib/python3.12/site-packages/airflow/example_dags/example_sla_dag.py for tasks to queue
[2025-02-02T16:20:57.797+0000] {logging_mixin.py:190} INFO - [2025-02-02T16:20:57.797+0000] {dagbag.py:588} INFO - Filling up the DagBag from /home/airflow/.local/lib/python3.12/site-packages/airflow/example_dags/example_sla_dag.py
[2025-02-02T16:20:57.809+0000] {processor.py:925} INFO - DAG(s) 'example_sla_dag' retrieved from /home/airflow/.local/lib/python3.12/site-packages/airflow/example_dags/example_sla_dag.py
[2025-02-02T16:20:57.832+0000] {logging_mixin.py:190} INFO - [2025-02-02T16:20:57.831+0000] {dag.py:3239} INFO - Sync 1 DAGs
[2025-02-02T16:20:57.860+0000] {logging_mixin.py:190} INFO - [2025-02-02T16:20:57.859+0000] {dag.py:4180} INFO - Setting next_dagrun for example_sla_dag to 2025-02-02 16:18:00+00:00, run_after=2025-02-02 16:20:00+00:00
[2025-02-02T16:20:57.882+0000] {processor.py:208} INFO - Processing /home/airflow/.local/lib/python3.12/site-packages/airflow/example_dags/example_sla_dag.py took 0.094 seconds
[2025-02-02T16:21:28.688+0000] {processor.py:186} INFO - Started process (PID=395) to work on /home/airflow/.local/lib/python3.12/site-packages/airflow/example_dags/example_sla_dag.py
[2025-02-02T16:21:28.689+0000] {processor.py:914} INFO - Processing file /home/airflow/.local/lib/python3.12/site-packages/airflow/example_dags/example_sla_dag.py for tasks to queue
[2025-02-02T16:21:28.692+0000] {logging_mixin.py:190} INFO - [2025-02-02T16:21:28.692+0000] {dagbag.py:588} INFO - Filling up the DagBag from /home/airflow/.local/lib/python3.12/site-packages/airflow/example_dags/example_sla_dag.py
[2025-02-02T16:21:28.702+0000] {processor.py:925} INFO - DAG(s) 'example_sla_dag' retrieved from /home/airflow/.local/lib/python3.12/site-packages/airflow/example_dags/example_sla_dag.py
[2025-02-02T16:21:28.722+0000] {logging_mixin.py:190} INFO - [2025-02-02T16:21:28.722+0000] {dag.py:3239} INFO - Sync 1 DAGs
[2025-02-02T16:21:28.748+0000] {logging_mixin.py:190} INFO - [2025-02-02T16:21:28.748+0000] {dag.py:4180} INFO - Setting next_dagrun for example_sla_dag to 2025-02-02 16:18:00+00:00, run_after=2025-02-02 16:20:00+00:00
[2025-02-02T16:21:28.773+0000] {processor.py:208} INFO - Processing /home/airflow/.local/lib/python3.12/site-packages/airflow/example_dags/example_sla_dag.py took 0.090 seconds
[2025-02-02T16:21:59.199+0000] {processor.py:186} INFO - Started process (PID=457) to work on /home/airflow/.local/lib/python3.12/site-packages/airflow/example_dags/example_sla_dag.py
[2025-02-02T16:21:59.200+0000] {processor.py:914} INFO - Processing file /home/airflow/.local/lib/python3.12/site-packages/airflow/example_dags/example_sla_dag.py for tasks to queue
[2025-02-02T16:21:59.203+0000] {logging_mixin.py:190} INFO - [2025-02-02T16:21:59.202+0000] {dagbag.py:588} INFO - Filling up the DagBag from /home/airflow/.local/lib/python3.12/site-packages/airflow/example_dags/example_sla_dag.py
[2025-02-02T16:21:59.213+0000] {processor.py:925} INFO - DAG(s) 'example_sla_dag' retrieved from /home/airflow/.local/lib/python3.12/site-packages/airflow/example_dags/example_sla_dag.py
[2025-02-02T16:21:59.234+0000] {logging_mixin.py:190} INFO - [2025-02-02T16:21:59.234+0000] {dag.py:3239} INFO - Sync 1 DAGs
[2025-02-02T16:21:59.263+0000] {logging_mixin.py:190} INFO - [2025-02-02T16:21:59.263+0000] {dag.py:4180} INFO - Setting next_dagrun for example_sla_dag to 2025-02-02 16:18:00+00:00, run_after=2025-02-02 16:20:00+00:00
[2025-02-02T16:21:59.285+0000] {processor.py:208} INFO - Processing /home/airflow/.local/lib/python3.12/site-packages/airflow/example_dags/example_sla_dag.py took 0.092 seconds
[2025-02-02T16:22:30.558+0000] {processor.py:186} INFO - Started process (PID=520) to work on /home/airflow/.local/lib/python3.12/site-packages/airflow/example_dags/example_sla_dag.py
[2025-02-02T16:22:30.559+0000] {processor.py:914} INFO - Processing file /home/airflow/.local/lib/python3.12/site-packages/airflow/example_dags/example_sla_dag.py for tasks to queue
[2025-02-02T16:22:30.561+0000] {logging_mixin.py:190} INFO - [2025-02-02T16:22:30.561+0000] {dagbag.py:588} INFO - Filling up the DagBag from /home/airflow/.local/lib/python3.12/site-packages/airflow/example_dags/example_sla_dag.py
[2025-02-02T16:22:30.571+0000] {processor.py:925} INFO - DAG(s) 'example_sla_dag' retrieved from /home/airflow/.local/lib/python3.12/site-packages/airflow/example_dags/example_sla_dag.py
[2025-02-02T16:22:30.591+0000] {logging_mixin.py:190} INFO - [2025-02-02T16:22:30.591+0000] {dag.py:3239} INFO - Sync 1 DAGs
[2025-02-02T16:22:30.616+0000] {logging_mixin.py:190} INFO - [2025-02-02T16:22:30.615+0000] {dag.py:4180} INFO - Setting next_dagrun for example_sla_dag to 2025-02-02 16:20:00+00:00, run_after=2025-02-02 16:22:00+00:00
[2025-02-02T16:22:30.635+0000] {processor.py:208} INFO - Processing /home/airflow/.local/lib/python3.12/site-packages/airflow/example_dags/example_sla_dag.py took 0.082 seconds
[2025-02-02T16:23:01.738+0000] {processor.py:186} INFO - Started process (PID=583) to work on /home/airflow/.local/lib/python3.12/site-packages/airflow/example_dags/example_sla_dag.py
[2025-02-02T16:23:01.739+0000] {processor.py:914} INFO - Processing file /home/airflow/.local/lib/python3.12/site-packages/airflow/example_dags/example_sla_dag.py for tasks to queue
[2025-02-02T16:23:01.742+0000] {logging_mixin.py:190} INFO - [2025-02-02T16:23:01.742+0000] {dagbag.py:588} INFO - Filling up the DagBag from /home/airflow/.local/lib/python3.12/site-packages/airflow/example_dags/example_sla_dag.py
[2025-02-02T16:23:01.753+0000] {processor.py:925} INFO - DAG(s) 'example_sla_dag' retrieved from /home/airflow/.local/lib/python3.12/site-packages/airflow/example_dags/example_sla_dag.py
[2025-02-02T16:23:01.778+0000] {logging_mixin.py:190} INFO - [2025-02-02T16:23:01.777+0000] {dag.py:3239} INFO - Sync 1 DAGs
[2025-02-02T16:23:01.811+0000] {logging_mixin.py:190} INFO - [2025-02-02T16:23:01.810+0000] {dag.py:4180} INFO - Setting next_dagrun for example_sla_dag to 2025-02-02 16:20:00+00:00, run_after=2025-02-02 16:22:00+00:00
[2025-02-02T16:23:01.832+0000] {processor.py:208} INFO - Processing /home/airflow/.local/lib/python3.12/site-packages/airflow/example_dags/example_sla_dag.py took 0.101 seconds
[2025-02-02T16:23:33.221+0000] {processor.py:186} INFO - Started process (PID=646) to work on /home/airflow/.local/lib/python3.12/site-packages/airflow/example_dags/example_sla_dag.py
[2025-02-02T16:23:33.222+0000] {processor.py:914} INFO - Processing file /home/airflow/.local/lib/python3.12/site-packages/airflow/example_dags/example_sla_dag.py for tasks to queue
[2025-02-02T16:23:33.225+0000] {logging_mixin.py:190} INFO - [2025-02-02T16:23:33.225+0000] {dagbag.py:588} INFO - Filling up the DagBag from /home/airflow/.local/lib/python3.12/site-packages/airflow/example_dags/example_sla_dag.py
[2025-02-02T16:23:33.237+0000] {processor.py:925} INFO - DAG(s) 'example_sla_dag' retrieved from /home/airflow/.local/lib/python3.12/site-packages/airflow/example_dags/example_sla_dag.py
[2025-02-02T16:23:33.273+0000] {logging_mixin.py:190} INFO - [2025-02-02T16:23:33.273+0000] {dag.py:3239} INFO - Sync 1 DAGs
[2025-02-02T16:23:33.311+0000] {logging_mixin.py:190} INFO - [2025-02-02T16:23:33.310+0000] {dag.py:4180} INFO - Setting next_dagrun for example_sla_dag to 2025-02-02 16:20:00+00:00, run_after=2025-02-02 16:22:00+00:00
[2025-02-02T16:23:33.343+0000] {processor.py:208} INFO - Processing /home/airflow/.local/lib/python3.12/site-packages/airflow/example_dags/example_sla_dag.py took 0.128 seconds
[2025-02-02T16:24:03.681+0000] {processor.py:186} INFO - Started process (PID=709) to work on /home/airflow/.local/lib/python3.12/site-packages/airflow/example_dags/example_sla_dag.py
[2025-02-02T16:24:03.682+0000] {processor.py:914} INFO - Processing file /home/airflow/.local/lib/python3.12/site-packages/airflow/example_dags/example_sla_dag.py for tasks to queue
[2025-02-02T16:24:03.685+0000] {logging_mixin.py:190} INFO - [2025-02-02T16:24:03.685+0000] {dagbag.py:588} INFO - Filling up the DagBag from /home/airflow/.local/lib/python3.12/site-packages/airflow/example_dags/example_sla_dag.py
[2025-02-02T16:24:03.696+0000] {processor.py:925} INFO - DAG(s) 'example_sla_dag' retrieved from /home/airflow/.local/lib/python3.12/site-packages/airflow/example_dags/example_sla_dag.py
[2025-02-02T16:24:03.718+0000] {logging_mixin.py:190} INFO - [2025-02-02T16:24:03.718+0000] {dag.py:3239} INFO - Sync 1 DAGs
[2025-02-02T16:24:03.746+0000] {logging_mixin.py:190} INFO - [2025-02-02T16:24:03.746+0000] {dag.py:4180} INFO - Setting next_dagrun for example_sla_dag to 2025-02-02 16:22:00+00:00, run_after=2025-02-02 16:24:00+00:00
[2025-02-02T16:24:03.768+0000] {processor.py:208} INFO - Processing /home/airflow/.local/lib/python3.12/site-packages/airflow/example_dags/example_sla_dag.py took 0.092 seconds
[2025-02-02T16:24:35.595+0000] {processor.py:186} INFO - Started process (PID=772) to work on /home/airflow/.local/lib/python3.12/site-packages/airflow/example_dags/example_sla_dag.py
[2025-02-02T16:24:35.596+0000] {processor.py:914} INFO - Processing file /home/airflow/.local/lib/python3.12/site-packages/airflow/example_dags/example_sla_dag.py for tasks to queue
[2025-02-02T16:24:35.599+0000] {logging_mixin.py:190} INFO - [2025-02-02T16:24:35.598+0000] {dagbag.py:588} INFO - Filling up the DagBag from /home/airflow/.local/lib/python3.12/site-packages/airflow/example_dags/example_sla_dag.py
[2025-02-02T16:24:35.609+0000] {processor.py:925} INFO - DAG(s) 'example_sla_dag' retrieved from /home/airflow/.local/lib/python3.12/site-packages/airflow/example_dags/example_sla_dag.py
[2025-02-02T16:24:35.635+0000] {logging_mixin.py:190} INFO - [2025-02-02T16:24:35.635+0000] {dag.py:3239} INFO - Sync 1 DAGs
[2025-02-02T16:24:35.675+0000] {logging_mixin.py:190} INFO - [2025-02-02T16:24:35.675+0000] {dag.py:4180} INFO - Setting next_dagrun for example_sla_dag to 2025-02-02 16:22:00+00:00, run_after=2025-02-02 16:24:00+00:00
[2025-02-02T16:24:35.709+0000] {processor.py:208} INFO - Processing /home/airflow/.local/lib/python3.12/site-packages/airflow/example_dags/example_sla_dag.py took 0.122 seconds
[2025-02-02T16:25:06.449+0000] {processor.py:186} INFO - Started process (PID=835) to work on /home/airflow/.local/lib/python3.12/site-packages/airflow/example_dags/example_sla_dag.py
[2025-02-02T16:25:06.450+0000] {processor.py:914} INFO - Processing file /home/airflow/.local/lib/python3.12/site-packages/airflow/example_dags/example_sla_dag.py for tasks to queue
[2025-02-02T16:25:06.453+0000] {logging_mixin.py:190} INFO - [2025-02-02T16:25:06.452+0000] {dagbag.py:588} INFO - Filling up the DagBag from /home/airflow/.local/lib/python3.12/site-packages/airflow/example_dags/example_sla_dag.py
[2025-02-02T16:25:06.464+0000] {processor.py:925} INFO - DAG(s) 'example_sla_dag' retrieved from /home/airflow/.local/lib/python3.12/site-packages/airflow/example_dags/example_sla_dag.py
[2025-02-02T16:25:06.483+0000] {logging_mixin.py:190} INFO - [2025-02-02T16:25:06.483+0000] {dag.py:3239} INFO - Sync 1 DAGs
[2025-02-02T16:25:06.510+0000] {logging_mixin.py:190} INFO - [2025-02-02T16:25:06.510+0000] {dag.py:4180} INFO - Setting next_dagrun for example_sla_dag to 2025-02-02 16:22:00+00:00, run_after=2025-02-02 16:24:00+00:00
[2025-02-02T16:25:06.535+0000] {processor.py:208} INFO - Processing /home/airflow/.local/lib/python3.12/site-packages/airflow/example_dags/example_sla_dag.py took 0.092 seconds
[2025-02-02T16:25:38.038+0000] {processor.py:186} INFO - Started process (PID=898) to work on /home/airflow/.local/lib/python3.12/site-packages/airflow/example_dags/example_sla_dag.py
[2025-02-02T16:25:38.039+0000] {processor.py:914} INFO - Processing file /home/airflow/.local/lib/python3.12/site-packages/airflow/example_dags/example_sla_dag.py for tasks to queue
[2025-02-02T16:25:38.042+0000] {logging_mixin.py:190} INFO - [2025-02-02T16:25:38.041+0000] {dagbag.py:588} INFO - Filling up the DagBag from /home/airflow/.local/lib/python3.12/site-packages/airflow/example_dags/example_sla_dag.py
[2025-02-02T16:25:38.052+0000] {processor.py:925} INFO - DAG(s) 'example_sla_dag' retrieved from /home/airflow/.local/lib/python3.12/site-packages/airflow/example_dags/example_sla_dag.py
[2025-02-02T16:25:38.072+0000] {logging_mixin.py:190} INFO - [2025-02-02T16:25:38.072+0000] {dag.py:3239} INFO - Sync 1 DAGs
[2025-02-02T16:25:38.099+0000] {logging_mixin.py:190} INFO - [2025-02-02T16:25:38.099+0000] {dag.py:4180} INFO - Setting next_dagrun for example_sla_dag to 2025-02-02 16:22:00+00:00, run_after=2025-02-02 16:24:00+00:00
[2025-02-02T16:25:38.122+0000] {processor.py:208} INFO - Processing /home/airflow/.local/lib/python3.12/site-packages/airflow/example_dags/example_sla_dag.py took 0.091 seconds
