[2025-02-02T12:16:43.149+0000] {processor.py:186} INFO - Started process (PID=96) to work on /home/airflow/.local/lib/python3.12/site-packages/airflow/example_dags/example_xcomargs.py
[2025-02-02T12:16:43.150+0000] {processor.py:914} INFO - Processing file /home/airflow/.local/lib/python3.12/site-packages/airflow/example_dags/example_xcomargs.py for tasks to queue
[2025-02-02T12:16:43.153+0000] {logging_mixin.py:190} INFO - [2025-02-02T12:16:43.153+0000] {dagbag.py:588} INFO - Filling up the DagBag from /home/airflow/.local/lib/python3.12/site-packages/airflow/example_dags/example_xcomargs.py
[2025-02-02T12:16:43.166+0000] {processor.py:925} INFO - DAG(s) 'example_xcom_args', 'example_xcom_args_with_operators' retrieved from /home/airflow/.local/lib/python3.12/site-packages/airflow/example_dags/example_xcomargs.py
[2025-02-02T12:16:43.277+0000] {logging_mixin.py:190} INFO - [2025-02-02T12:16:43.277+0000] {override.py:1911} INFO - Created Permission View: can read on DAG:example_xcom_args
[2025-02-02T12:16:43.291+0000] {logging_mixin.py:190} INFO - [2025-02-02T12:16:43.291+0000] {override.py:1911} INFO - Created Permission View: can edit on DAG:example_xcom_args
[2025-02-02T12:16:43.302+0000] {logging_mixin.py:190} INFO - [2025-02-02T12:16:43.302+0000] {override.py:1911} INFO - Created Permission View: can delete on DAG:example_xcom_args
[2025-02-02T12:16:43.316+0000] {logging_mixin.py:190} INFO - [2025-02-02T12:16:43.315+0000] {override.py:1911} INFO - Created Permission View: can read on DAG Run:example_xcom_args
[2025-02-02T12:16:43.324+0000] {logging_mixin.py:190} INFO - [2025-02-02T12:16:43.324+0000] {override.py:1911} INFO - Created Permission View: menu access on DAG Run:example_xcom_args
[2025-02-02T12:16:43.333+0000] {logging_mixin.py:190} INFO - [2025-02-02T12:16:43.333+0000] {override.py:1911} INFO - Created Permission View: can create on DAG Run:example_xcom_args
[2025-02-02T12:16:43.342+0000] {logging_mixin.py:190} INFO - [2025-02-02T12:16:43.342+0000] {override.py:1911} INFO - Created Permission View: can delete on DAG Run:example_xcom_args
[2025-02-02T12:16:43.362+0000] {logging_mixin.py:190} INFO - [2025-02-02T12:16:43.362+0000] {override.py:1911} INFO - Created Permission View: can read on DAG:example_xcom_args_with_operators
[2025-02-02T12:16:43.375+0000] {logging_mixin.py:190} INFO - [2025-02-02T12:16:43.375+0000] {override.py:1911} INFO - Created Permission View: can edit on DAG:example_xcom_args_with_operators
[2025-02-02T12:16:43.385+0000] {logging_mixin.py:190} INFO - [2025-02-02T12:16:43.385+0000] {override.py:1911} INFO - Created Permission View: can delete on DAG:example_xcom_args_with_operators
[2025-02-02T12:16:43.396+0000] {logging_mixin.py:190} INFO - [2025-02-02T12:16:43.396+0000] {override.py:1911} INFO - Created Permission View: can read on DAG Run:example_xcom_args_with_operators
[2025-02-02T12:16:43.406+0000] {logging_mixin.py:190} INFO - [2025-02-02T12:16:43.405+0000] {override.py:1911} INFO - Created Permission View: menu access on DAG Run:example_xcom_args_with_operators
[2025-02-02T12:16:43.415+0000] {logging_mixin.py:190} INFO - [2025-02-02T12:16:43.415+0000] {override.py:1911} INFO - Created Permission View: can create on DAG Run:example_xcom_args_with_operators
[2025-02-02T12:16:43.427+0000] {logging_mixin.py:190} INFO - [2025-02-02T12:16:43.427+0000] {override.py:1911} INFO - Created Permission View: can delete on DAG Run:example_xcom_args_with_operators
[2025-02-02T12:16:43.428+0000] {logging_mixin.py:190} INFO - [2025-02-02T12:16:43.428+0000] {dag.py:3239} INFO - Sync 2 DAGs
[2025-02-02T12:16:43.444+0000] {logging_mixin.py:190} INFO - [2025-02-02T12:16:43.444+0000] {dag.py:3262} INFO - Creating ORM DAG for example_xcom_args
[2025-02-02T12:16:43.445+0000] {logging_mixin.py:190} INFO - [2025-02-02T12:16:43.445+0000] {dag.py:3262} INFO - Creating ORM DAG for example_xcom_args_with_operators
[2025-02-02T12:16:43.446+0000] {logging_mixin.py:190} INFO - [2025-02-02T12:16:43.446+0000] {dag.py:4180} INFO - Setting next_dagrun for example_xcom_args to None, run_after=None
[2025-02-02T12:16:43.447+0000] {logging_mixin.py:190} INFO - [2025-02-02T12:16:43.447+0000] {dag.py:4180} INFO - Setting next_dagrun for example_xcom_args_with_operators to None, run_after=None
[2025-02-02T12:16:43.470+0000] {processor.py:208} INFO - Processing /home/airflow/.local/lib/python3.12/site-packages/airflow/example_dags/example_xcomargs.py took 0.326 seconds
[2025-02-02T12:17:14.156+0000] {processor.py:186} INFO - Started process (PID=159) to work on /home/airflow/.local/lib/python3.12/site-packages/airflow/example_dags/example_xcomargs.py
[2025-02-02T12:17:14.157+0000] {processor.py:914} INFO - Processing file /home/airflow/.local/lib/python3.12/site-packages/airflow/example_dags/example_xcomargs.py for tasks to queue
[2025-02-02T12:17:14.160+0000] {logging_mixin.py:190} INFO - [2025-02-02T12:17:14.160+0000] {dagbag.py:588} INFO - Filling up the DagBag from /home/airflow/.local/lib/python3.12/site-packages/airflow/example_dags/example_xcomargs.py
[2025-02-02T12:17:14.173+0000] {processor.py:925} INFO - DAG(s) 'example_xcom_args', 'example_xcom_args_with_operators' retrieved from /home/airflow/.local/lib/python3.12/site-packages/airflow/example_dags/example_xcomargs.py
[2025-02-02T12:17:14.196+0000] {logging_mixin.py:190} INFO - [2025-02-02T12:17:14.196+0000] {dag.py:3239} INFO - Sync 2 DAGs
[2025-02-02T12:17:14.211+0000] {logging_mixin.py:190} INFO - [2025-02-02T12:17:14.211+0000] {dag.py:4180} INFO - Setting next_dagrun for example_xcom_args to None, run_after=None
[2025-02-02T12:17:14.216+0000] {logging_mixin.py:190} INFO - [2025-02-02T12:17:14.216+0000] {dag.py:4180} INFO - Setting next_dagrun for example_xcom_args_with_operators to None, run_after=None
[2025-02-02T12:17:14.237+0000] {processor.py:208} INFO - Processing /home/airflow/.local/lib/python3.12/site-packages/airflow/example_dags/example_xcomargs.py took 0.087 seconds
[2025-02-02T12:17:44.380+0000] {processor.py:186} INFO - Started process (PID=222) to work on /home/airflow/.local/lib/python3.12/site-packages/airflow/example_dags/example_xcomargs.py
[2025-02-02T12:17:44.381+0000] {processor.py:914} INFO - Processing file /home/airflow/.local/lib/python3.12/site-packages/airflow/example_dags/example_xcomargs.py for tasks to queue
[2025-02-02T12:17:44.384+0000] {logging_mixin.py:190} INFO - [2025-02-02T12:17:44.384+0000] {dagbag.py:588} INFO - Filling up the DagBag from /home/airflow/.local/lib/python3.12/site-packages/airflow/example_dags/example_xcomargs.py
[2025-02-02T12:17:44.396+0000] {processor.py:925} INFO - DAG(s) 'example_xcom_args_with_operators', 'example_xcom_args' retrieved from /home/airflow/.local/lib/python3.12/site-packages/airflow/example_dags/example_xcomargs.py
[2025-02-02T12:17:44.424+0000] {logging_mixin.py:190} INFO - [2025-02-02T12:17:44.424+0000] {dag.py:3239} INFO - Sync 2 DAGs
[2025-02-02T12:17:44.440+0000] {logging_mixin.py:190} INFO - [2025-02-02T12:17:44.440+0000] {dag.py:4180} INFO - Setting next_dagrun for example_xcom_args to None, run_after=None
[2025-02-02T12:17:44.445+0000] {logging_mixin.py:190} INFO - [2025-02-02T12:17:44.444+0000] {dag.py:4180} INFO - Setting next_dagrun for example_xcom_args_with_operators to None, run_after=None
[2025-02-02T12:17:44.468+0000] {processor.py:208} INFO - Processing /home/airflow/.local/lib/python3.12/site-packages/airflow/example_dags/example_xcomargs.py took 0.094 seconds
[2025-02-02T12:18:14.627+0000] {processor.py:186} INFO - Started process (PID=285) to work on /home/airflow/.local/lib/python3.12/site-packages/airflow/example_dags/example_xcomargs.py
[2025-02-02T12:18:14.628+0000] {processor.py:914} INFO - Processing file /home/airflow/.local/lib/python3.12/site-packages/airflow/example_dags/example_xcomargs.py for tasks to queue
[2025-02-02T12:18:14.632+0000] {logging_mixin.py:190} INFO - [2025-02-02T12:18:14.631+0000] {dagbag.py:588} INFO - Filling up the DagBag from /home/airflow/.local/lib/python3.12/site-packages/airflow/example_dags/example_xcomargs.py
[2025-02-02T12:18:14.653+0000] {processor.py:925} INFO - DAG(s) 'example_xcom_args_with_operators', 'example_xcom_args' retrieved from /home/airflow/.local/lib/python3.12/site-packages/airflow/example_dags/example_xcomargs.py
[2025-02-02T12:18:14.687+0000] {logging_mixin.py:190} INFO - [2025-02-02T12:18:14.687+0000] {dag.py:3239} INFO - Sync 2 DAGs
[2025-02-02T12:18:14.707+0000] {logging_mixin.py:190} INFO - [2025-02-02T12:18:14.707+0000] {dag.py:4180} INFO - Setting next_dagrun for example_xcom_args to None, run_after=None
[2025-02-02T12:18:14.713+0000] {logging_mixin.py:190} INFO - [2025-02-02T12:18:14.713+0000] {dag.py:4180} INFO - Setting next_dagrun for example_xcom_args_with_operators to None, run_after=None
[2025-02-02T12:18:14.749+0000] {processor.py:208} INFO - Processing /home/airflow/.local/lib/python3.12/site-packages/airflow/example_dags/example_xcomargs.py took 0.129 seconds
[2025-02-02T12:18:45.721+0000] {processor.py:186} INFO - Started process (PID=348) to work on /home/airflow/.local/lib/python3.12/site-packages/airflow/example_dags/example_xcomargs.py
[2025-02-02T12:18:45.722+0000] {processor.py:914} INFO - Processing file /home/airflow/.local/lib/python3.12/site-packages/airflow/example_dags/example_xcomargs.py for tasks to queue
[2025-02-02T12:18:45.725+0000] {logging_mixin.py:190} INFO - [2025-02-02T12:18:45.724+0000] {dagbag.py:588} INFO - Filling up the DagBag from /home/airflow/.local/lib/python3.12/site-packages/airflow/example_dags/example_xcomargs.py
[2025-02-02T12:18:45.738+0000] {processor.py:925} INFO - DAG(s) 'example_xcom_args_with_operators', 'example_xcom_args' retrieved from /home/airflow/.local/lib/python3.12/site-packages/airflow/example_dags/example_xcomargs.py
[2025-02-02T12:18:45.764+0000] {logging_mixin.py:190} INFO - [2025-02-02T12:18:45.764+0000] {dag.py:3239} INFO - Sync 2 DAGs
[2025-02-02T12:18:45.781+0000] {logging_mixin.py:190} INFO - [2025-02-02T12:18:45.781+0000] {dag.py:4180} INFO - Setting next_dagrun for example_xcom_args to None, run_after=None
[2025-02-02T12:18:45.786+0000] {logging_mixin.py:190} INFO - [2025-02-02T12:18:45.786+0000] {dag.py:4180} INFO - Setting next_dagrun for example_xcom_args_with_operators to None, run_after=None
[2025-02-02T12:18:45.807+0000] {processor.py:208} INFO - Processing /home/airflow/.local/lib/python3.12/site-packages/airflow/example_dags/example_xcomargs.py took 0.092 seconds
[2025-02-02T12:19:16.640+0000] {processor.py:186} INFO - Started process (PID=411) to work on /home/airflow/.local/lib/python3.12/site-packages/airflow/example_dags/example_xcomargs.py
[2025-02-02T12:19:16.641+0000] {processor.py:914} INFO - Processing file /home/airflow/.local/lib/python3.12/site-packages/airflow/example_dags/example_xcomargs.py for tasks to queue
[2025-02-02T12:19:16.644+0000] {logging_mixin.py:190} INFO - [2025-02-02T12:19:16.644+0000] {dagbag.py:588} INFO - Filling up the DagBag from /home/airflow/.local/lib/python3.12/site-packages/airflow/example_dags/example_xcomargs.py
[2025-02-02T12:19:16.655+0000] {processor.py:925} INFO - DAG(s) 'example_xcom_args', 'example_xcom_args_with_operators' retrieved from /home/airflow/.local/lib/python3.12/site-packages/airflow/example_dags/example_xcomargs.py
[2025-02-02T12:19:16.681+0000] {logging_mixin.py:190} INFO - [2025-02-02T12:19:16.681+0000] {dag.py:3239} INFO - Sync 2 DAGs
[2025-02-02T12:19:16.699+0000] {logging_mixin.py:190} INFO - [2025-02-02T12:19:16.699+0000] {dag.py:4180} INFO - Setting next_dagrun for example_xcom_args to None, run_after=None
[2025-02-02T12:19:16.704+0000] {logging_mixin.py:190} INFO - [2025-02-02T12:19:16.704+0000] {dag.py:4180} INFO - Setting next_dagrun for example_xcom_args_with_operators to None, run_after=None
[2025-02-02T12:19:16.725+0000] {processor.py:208} INFO - Processing /home/airflow/.local/lib/python3.12/site-packages/airflow/example_dags/example_xcomargs.py took 0.090 seconds
[2025-02-02T12:19:48.859+0000] {processor.py:186} INFO - Started process (PID=474) to work on /home/airflow/.local/lib/python3.12/site-packages/airflow/example_dags/example_xcomargs.py
[2025-02-02T12:19:48.860+0000] {processor.py:914} INFO - Processing file /home/airflow/.local/lib/python3.12/site-packages/airflow/example_dags/example_xcomargs.py for tasks to queue
[2025-02-02T12:19:48.863+0000] {logging_mixin.py:190} INFO - [2025-02-02T12:19:48.863+0000] {dagbag.py:588} INFO - Filling up the DagBag from /home/airflow/.local/lib/python3.12/site-packages/airflow/example_dags/example_xcomargs.py
[2025-02-02T12:19:48.874+0000] {processor.py:925} INFO - DAG(s) 'example_xcom_args_with_operators', 'example_xcom_args' retrieved from /home/airflow/.local/lib/python3.12/site-packages/airflow/example_dags/example_xcomargs.py
[2025-02-02T12:19:48.903+0000] {logging_mixin.py:190} INFO - [2025-02-02T12:19:48.902+0000] {dag.py:3239} INFO - Sync 2 DAGs
[2025-02-02T12:19:48.921+0000] {logging_mixin.py:190} INFO - [2025-02-02T12:19:48.921+0000] {dag.py:4180} INFO - Setting next_dagrun for example_xcom_args to None, run_after=None
[2025-02-02T12:19:48.925+0000] {logging_mixin.py:190} INFO - [2025-02-02T12:19:48.925+0000] {dag.py:4180} INFO - Setting next_dagrun for example_xcom_args_with_operators to None, run_after=None
[2025-02-02T12:19:48.950+0000] {processor.py:208} INFO - Processing /home/airflow/.local/lib/python3.12/site-packages/airflow/example_dags/example_xcomargs.py took 0.096 seconds
[2025-02-02T12:20:21.530+0000] {processor.py:186} INFO - Started process (PID=537) to work on /home/airflow/.local/lib/python3.12/site-packages/airflow/example_dags/example_xcomargs.py
[2025-02-02T12:20:21.533+0000] {processor.py:914} INFO - Processing file /home/airflow/.local/lib/python3.12/site-packages/airflow/example_dags/example_xcomargs.py for tasks to queue
[2025-02-02T12:20:21.537+0000] {logging_mixin.py:190} INFO - [2025-02-02T12:20:21.536+0000] {dagbag.py:588} INFO - Filling up the DagBag from /home/airflow/.local/lib/python3.12/site-packages/airflow/example_dags/example_xcomargs.py
[2025-02-02T12:20:21.557+0000] {processor.py:925} INFO - DAG(s) 'example_xcom_args', 'example_xcom_args_with_operators' retrieved from /home/airflow/.local/lib/python3.12/site-packages/airflow/example_dags/example_xcomargs.py
[2025-02-02T12:20:21.601+0000] {logging_mixin.py:190} INFO - [2025-02-02T12:20:21.600+0000] {dag.py:3239} INFO - Sync 2 DAGs
[2025-02-02T12:20:21.625+0000] {logging_mixin.py:190} INFO - [2025-02-02T12:20:21.624+0000] {dag.py:4180} INFO - Setting next_dagrun for example_xcom_args to None, run_after=None
[2025-02-02T12:20:21.632+0000] {logging_mixin.py:190} INFO - [2025-02-02T12:20:21.632+0000] {dag.py:4180} INFO - Setting next_dagrun for example_xcom_args_with_operators to None, run_after=None
[2025-02-02T12:20:21.674+0000] {processor.py:208} INFO - Processing /home/airflow/.local/lib/python3.12/site-packages/airflow/example_dags/example_xcomargs.py took 0.151 seconds
[2025-02-02T16:18:54.308+0000] {processor.py:186} INFO - Started process (PID=90) to work on /home/airflow/.local/lib/python3.12/site-packages/airflow/example_dags/example_xcomargs.py
[2025-02-02T16:18:54.310+0000] {processor.py:914} INFO - Processing file /home/airflow/.local/lib/python3.12/site-packages/airflow/example_dags/example_xcomargs.py for tasks to queue
[2025-02-02T16:18:54.313+0000] {logging_mixin.py:190} INFO - [2025-02-02T16:18:54.313+0000] {dagbag.py:588} INFO - Filling up the DagBag from /home/airflow/.local/lib/python3.12/site-packages/airflow/example_dags/example_xcomargs.py
[2025-02-02T16:18:54.323+0000] {processor.py:925} INFO - DAG(s) 'example_xcom_args_with_operators', 'example_xcom_args' retrieved from /home/airflow/.local/lib/python3.12/site-packages/airflow/example_dags/example_xcomargs.py
[2025-02-02T16:18:54.348+0000] {logging_mixin.py:190} INFO - [2025-02-02T16:18:54.348+0000] {dag.py:3239} INFO - Sync 2 DAGs
[2025-02-02T16:18:54.366+0000] {logging_mixin.py:190} INFO - [2025-02-02T16:18:54.365+0000] {dag.py:4180} INFO - Setting next_dagrun for example_xcom_args to None, run_after=None
[2025-02-02T16:18:54.370+0000] {logging_mixin.py:190} INFO - [2025-02-02T16:18:54.370+0000] {dag.py:4180} INFO - Setting next_dagrun for example_xcom_args_with_operators to None, run_after=None
[2025-02-02T16:18:54.392+0000] {processor.py:208} INFO - Processing /home/airflow/.local/lib/python3.12/site-packages/airflow/example_dags/example_xcomargs.py took 0.089 seconds
[2025-02-02T16:19:25.195+0000] {processor.py:186} INFO - Started process (PID=153) to work on /home/airflow/.local/lib/python3.12/site-packages/airflow/example_dags/example_xcomargs.py
[2025-02-02T16:19:25.196+0000] {processor.py:914} INFO - Processing file /home/airflow/.local/lib/python3.12/site-packages/airflow/example_dags/example_xcomargs.py for tasks to queue
[2025-02-02T16:19:25.198+0000] {logging_mixin.py:190} INFO - [2025-02-02T16:19:25.198+0000] {dagbag.py:588} INFO - Filling up the DagBag from /home/airflow/.local/lib/python3.12/site-packages/airflow/example_dags/example_xcomargs.py
[2025-02-02T16:19:25.207+0000] {processor.py:925} INFO - DAG(s) 'example_xcom_args_with_operators', 'example_xcom_args' retrieved from /home/airflow/.local/lib/python3.12/site-packages/airflow/example_dags/example_xcomargs.py
[2025-02-02T16:19:25.230+0000] {logging_mixin.py:190} INFO - [2025-02-02T16:19:25.230+0000] {dag.py:3239} INFO - Sync 2 DAGs
[2025-02-02T16:19:25.246+0000] {logging_mixin.py:190} INFO - [2025-02-02T16:19:25.246+0000] {dag.py:4180} INFO - Setting next_dagrun for example_xcom_args to None, run_after=None
[2025-02-02T16:19:25.251+0000] {logging_mixin.py:190} INFO - [2025-02-02T16:19:25.250+0000] {dag.py:4180} INFO - Setting next_dagrun for example_xcom_args_with_operators to None, run_after=None
[2025-02-02T16:19:25.270+0000] {processor.py:208} INFO - Processing /home/airflow/.local/lib/python3.12/site-packages/airflow/example_dags/example_xcomargs.py took 0.081 seconds
[2025-02-02T16:19:56.814+0000] {processor.py:186} INFO - Started process (PID=222) to work on /home/airflow/.local/lib/python3.12/site-packages/airflow/example_dags/example_xcomargs.py
[2025-02-02T16:19:56.815+0000] {processor.py:914} INFO - Processing file /home/airflow/.local/lib/python3.12/site-packages/airflow/example_dags/example_xcomargs.py for tasks to queue
[2025-02-02T16:19:56.817+0000] {logging_mixin.py:190} INFO - [2025-02-02T16:19:56.817+0000] {dagbag.py:588} INFO - Filling up the DagBag from /home/airflow/.local/lib/python3.12/site-packages/airflow/example_dags/example_xcomargs.py
[2025-02-02T16:19:56.827+0000] {processor.py:925} INFO - DAG(s) 'example_xcom_args_with_operators', 'example_xcom_args' retrieved from /home/airflow/.local/lib/python3.12/site-packages/airflow/example_dags/example_xcomargs.py
[2025-02-02T16:19:56.851+0000] {logging_mixin.py:190} INFO - [2025-02-02T16:19:56.851+0000] {dag.py:3239} INFO - Sync 2 DAGs
[2025-02-02T16:19:56.866+0000] {logging_mixin.py:190} INFO - [2025-02-02T16:19:56.866+0000] {dag.py:4180} INFO - Setting next_dagrun for example_xcom_args to None, run_after=None
[2025-02-02T16:19:56.871+0000] {logging_mixin.py:190} INFO - [2025-02-02T16:19:56.871+0000] {dag.py:4180} INFO - Setting next_dagrun for example_xcom_args_with_operators to None, run_after=None
[2025-02-02T16:19:56.893+0000] {processor.py:208} INFO - Processing /home/airflow/.local/lib/python3.12/site-packages/airflow/example_dags/example_xcomargs.py took 0.085 seconds
[2025-02-02T16:20:28.100+0000] {processor.py:186} INFO - Started process (PID=285) to work on /home/airflow/.local/lib/python3.12/site-packages/airflow/example_dags/example_xcomargs.py
[2025-02-02T16:20:28.102+0000] {processor.py:914} INFO - Processing file /home/airflow/.local/lib/python3.12/site-packages/airflow/example_dags/example_xcomargs.py for tasks to queue
[2025-02-02T16:20:28.105+0000] {logging_mixin.py:190} INFO - [2025-02-02T16:20:28.105+0000] {dagbag.py:588} INFO - Filling up the DagBag from /home/airflow/.local/lib/python3.12/site-packages/airflow/example_dags/example_xcomargs.py
[2025-02-02T16:20:28.117+0000] {processor.py:925} INFO - DAG(s) 'example_xcom_args', 'example_xcom_args_with_operators' retrieved from /home/airflow/.local/lib/python3.12/site-packages/airflow/example_dags/example_xcomargs.py
[2025-02-02T16:20:28.146+0000] {logging_mixin.py:190} INFO - [2025-02-02T16:20:28.146+0000] {dag.py:3239} INFO - Sync 2 DAGs
[2025-02-02T16:20:28.166+0000] {logging_mixin.py:190} INFO - [2025-02-02T16:20:28.166+0000] {dag.py:4180} INFO - Setting next_dagrun for example_xcom_args to None, run_after=None
[2025-02-02T16:20:28.173+0000] {logging_mixin.py:190} INFO - [2025-02-02T16:20:28.172+0000] {dag.py:4180} INFO - Setting next_dagrun for example_xcom_args_with_operators to None, run_after=None
[2025-02-02T16:20:28.195+0000] {processor.py:208} INFO - Processing /home/airflow/.local/lib/python3.12/site-packages/airflow/example_dags/example_xcomargs.py took 0.100 seconds
[2025-02-02T16:20:58.902+0000] {processor.py:186} INFO - Started process (PID=348) to work on /home/airflow/.local/lib/python3.12/site-packages/airflow/example_dags/example_xcomargs.py
[2025-02-02T16:20:58.903+0000] {processor.py:914} INFO - Processing file /home/airflow/.local/lib/python3.12/site-packages/airflow/example_dags/example_xcomargs.py for tasks to queue
[2025-02-02T16:20:58.906+0000] {logging_mixin.py:190} INFO - [2025-02-02T16:20:58.906+0000] {dagbag.py:588} INFO - Filling up the DagBag from /home/airflow/.local/lib/python3.12/site-packages/airflow/example_dags/example_xcomargs.py
[2025-02-02T16:20:58.916+0000] {processor.py:925} INFO - DAG(s) 'example_xcom_args', 'example_xcom_args_with_operators' retrieved from /home/airflow/.local/lib/python3.12/site-packages/airflow/example_dags/example_xcomargs.py
[2025-02-02T16:20:58.941+0000] {logging_mixin.py:190} INFO - [2025-02-02T16:20:58.941+0000] {dag.py:3239} INFO - Sync 2 DAGs
[2025-02-02T16:20:58.957+0000] {logging_mixin.py:190} INFO - [2025-02-02T16:20:58.957+0000] {dag.py:4180} INFO - Setting next_dagrun for example_xcom_args to None, run_after=None
[2025-02-02T16:20:58.962+0000] {logging_mixin.py:190} INFO - [2025-02-02T16:20:58.962+0000] {dag.py:4180} INFO - Setting next_dagrun for example_xcom_args_with_operators to None, run_after=None
[2025-02-02T16:20:58.984+0000] {processor.py:208} INFO - Processing /home/airflow/.local/lib/python3.12/site-packages/airflow/example_dags/example_xcomargs.py took 0.088 seconds
[2025-02-02T16:21:30.110+0000] {processor.py:186} INFO - Started process (PID=411) to work on /home/airflow/.local/lib/python3.12/site-packages/airflow/example_dags/example_xcomargs.py
[2025-02-02T16:21:30.111+0000] {processor.py:914} INFO - Processing file /home/airflow/.local/lib/python3.12/site-packages/airflow/example_dags/example_xcomargs.py for tasks to queue
[2025-02-02T16:21:30.114+0000] {logging_mixin.py:190} INFO - [2025-02-02T16:21:30.113+0000] {dagbag.py:588} INFO - Filling up the DagBag from /home/airflow/.local/lib/python3.12/site-packages/airflow/example_dags/example_xcomargs.py
[2025-02-02T16:21:30.123+0000] {processor.py:925} INFO - DAG(s) 'example_xcom_args', 'example_xcom_args_with_operators' retrieved from /home/airflow/.local/lib/python3.12/site-packages/airflow/example_dags/example_xcomargs.py
[2025-02-02T16:21:30.149+0000] {logging_mixin.py:190} INFO - [2025-02-02T16:21:30.148+0000] {dag.py:3239} INFO - Sync 2 DAGs
[2025-02-02T16:21:30.164+0000] {logging_mixin.py:190} INFO - [2025-02-02T16:21:30.164+0000] {dag.py:4180} INFO - Setting next_dagrun for example_xcom_args to None, run_after=None
[2025-02-02T16:21:30.169+0000] {logging_mixin.py:190} INFO - [2025-02-02T16:21:30.169+0000] {dag.py:4180} INFO - Setting next_dagrun for example_xcom_args_with_operators to None, run_after=None
[2025-02-02T16:21:30.189+0000] {processor.py:208} INFO - Processing /home/airflow/.local/lib/python3.12/site-packages/airflow/example_dags/example_xcomargs.py took 0.084 seconds
[2025-02-02T16:22:00.514+0000] {processor.py:186} INFO - Started process (PID=474) to work on /home/airflow/.local/lib/python3.12/site-packages/airflow/example_dags/example_xcomargs.py
[2025-02-02T16:22:00.515+0000] {processor.py:914} INFO - Processing file /home/airflow/.local/lib/python3.12/site-packages/airflow/example_dags/example_xcomargs.py for tasks to queue
[2025-02-02T16:22:00.518+0000] {logging_mixin.py:190} INFO - [2025-02-02T16:22:00.517+0000] {dagbag.py:588} INFO - Filling up the DagBag from /home/airflow/.local/lib/python3.12/site-packages/airflow/example_dags/example_xcomargs.py
[2025-02-02T16:22:00.528+0000] {processor.py:925} INFO - DAG(s) 'example_xcom_args_with_operators', 'example_xcom_args' retrieved from /home/airflow/.local/lib/python3.12/site-packages/airflow/example_dags/example_xcomargs.py
[2025-02-02T16:22:00.552+0000] {logging_mixin.py:190} INFO - [2025-02-02T16:22:00.552+0000] {dag.py:3239} INFO - Sync 2 DAGs
[2025-02-02T16:22:00.567+0000] {logging_mixin.py:190} INFO - [2025-02-02T16:22:00.567+0000] {dag.py:4180} INFO - Setting next_dagrun for example_xcom_args to None, run_after=None
[2025-02-02T16:22:00.571+0000] {logging_mixin.py:190} INFO - [2025-02-02T16:22:00.571+0000] {dag.py:4180} INFO - Setting next_dagrun for example_xcom_args_with_operators to None, run_after=None
[2025-02-02T16:22:00.600+0000] {processor.py:208} INFO - Processing /home/airflow/.local/lib/python3.12/site-packages/airflow/example_dags/example_xcomargs.py took 0.091 seconds
[2025-02-02T16:22:32.149+0000] {processor.py:186} INFO - Started process (PID=537) to work on /home/airflow/.local/lib/python3.12/site-packages/airflow/example_dags/example_xcomargs.py
[2025-02-02T16:22:32.150+0000] {processor.py:914} INFO - Processing file /home/airflow/.local/lib/python3.12/site-packages/airflow/example_dags/example_xcomargs.py for tasks to queue
[2025-02-02T16:22:32.153+0000] {logging_mixin.py:190} INFO - [2025-02-02T16:22:32.152+0000] {dagbag.py:588} INFO - Filling up the DagBag from /home/airflow/.local/lib/python3.12/site-packages/airflow/example_dags/example_xcomargs.py
[2025-02-02T16:22:32.162+0000] {processor.py:925} INFO - DAG(s) 'example_xcom_args_with_operators', 'example_xcom_args' retrieved from /home/airflow/.local/lib/python3.12/site-packages/airflow/example_dags/example_xcomargs.py
[2025-02-02T16:22:32.187+0000] {logging_mixin.py:190} INFO - [2025-02-02T16:22:32.186+0000] {dag.py:3239} INFO - Sync 2 DAGs
[2025-02-02T16:22:32.202+0000] {logging_mixin.py:190} INFO - [2025-02-02T16:22:32.202+0000] {dag.py:4180} INFO - Setting next_dagrun for example_xcom_args to None, run_after=None
[2025-02-02T16:22:32.207+0000] {logging_mixin.py:190} INFO - [2025-02-02T16:22:32.207+0000] {dag.py:4180} INFO - Setting next_dagrun for example_xcom_args_with_operators to None, run_after=None
[2025-02-02T16:22:32.229+0000] {processor.py:208} INFO - Processing /home/airflow/.local/lib/python3.12/site-packages/airflow/example_dags/example_xcomargs.py took 0.085 seconds
[2025-02-02T16:23:03.312+0000] {processor.py:186} INFO - Started process (PID=600) to work on /home/airflow/.local/lib/python3.12/site-packages/airflow/example_dags/example_xcomargs.py
[2025-02-02T16:23:03.314+0000] {processor.py:914} INFO - Processing file /home/airflow/.local/lib/python3.12/site-packages/airflow/example_dags/example_xcomargs.py for tasks to queue
[2025-02-02T16:23:03.316+0000] {logging_mixin.py:190} INFO - [2025-02-02T16:23:03.316+0000] {dagbag.py:588} INFO - Filling up the DagBag from /home/airflow/.local/lib/python3.12/site-packages/airflow/example_dags/example_xcomargs.py
[2025-02-02T16:23:03.326+0000] {processor.py:925} INFO - DAG(s) 'example_xcom_args', 'example_xcom_args_with_operators' retrieved from /home/airflow/.local/lib/python3.12/site-packages/airflow/example_dags/example_xcomargs.py
[2025-02-02T16:23:03.351+0000] {logging_mixin.py:190} INFO - [2025-02-02T16:23:03.351+0000] {dag.py:3239} INFO - Sync 2 DAGs
[2025-02-02T16:23:03.365+0000] {logging_mixin.py:190} INFO - [2025-02-02T16:23:03.365+0000] {dag.py:4180} INFO - Setting next_dagrun for example_xcom_args to None, run_after=None
[2025-02-02T16:23:03.370+0000] {logging_mixin.py:190} INFO - [2025-02-02T16:23:03.369+0000] {dag.py:4180} INFO - Setting next_dagrun for example_xcom_args_with_operators to None, run_after=None
[2025-02-02T16:23:03.391+0000] {processor.py:208} INFO - Processing /home/airflow/.local/lib/python3.12/site-packages/airflow/example_dags/example_xcomargs.py took 0.085 seconds
[2025-02-02T16:23:34.589+0000] {processor.py:186} INFO - Started process (PID=663) to work on /home/airflow/.local/lib/python3.12/site-packages/airflow/example_dags/example_xcomargs.py
[2025-02-02T16:23:34.590+0000] {processor.py:914} INFO - Processing file /home/airflow/.local/lib/python3.12/site-packages/airflow/example_dags/example_xcomargs.py for tasks to queue
[2025-02-02T16:23:34.594+0000] {logging_mixin.py:190} INFO - [2025-02-02T16:23:34.593+0000] {dagbag.py:588} INFO - Filling up the DagBag from /home/airflow/.local/lib/python3.12/site-packages/airflow/example_dags/example_xcomargs.py
[2025-02-02T16:23:34.606+0000] {processor.py:925} INFO - DAG(s) 'example_xcom_args', 'example_xcom_args_with_operators' retrieved from /home/airflow/.local/lib/python3.12/site-packages/airflow/example_dags/example_xcomargs.py
[2025-02-02T16:23:34.635+0000] {logging_mixin.py:190} INFO - [2025-02-02T16:23:34.635+0000] {dag.py:3239} INFO - Sync 2 DAGs
[2025-02-02T16:23:34.653+0000] {logging_mixin.py:190} INFO - [2025-02-02T16:23:34.652+0000] {dag.py:4180} INFO - Setting next_dagrun for example_xcom_args to None, run_after=None
[2025-02-02T16:23:34.658+0000] {logging_mixin.py:190} INFO - [2025-02-02T16:23:34.658+0000] {dag.py:4180} INFO - Setting next_dagrun for example_xcom_args_with_operators to None, run_after=None
[2025-02-02T16:23:34.682+0000] {processor.py:208} INFO - Processing /home/airflow/.local/lib/python3.12/site-packages/airflow/example_dags/example_xcomargs.py took 0.100 seconds
[2025-02-02T16:24:04.727+0000] {processor.py:186} INFO - Started process (PID=725) to work on /home/airflow/.local/lib/python3.12/site-packages/airflow/example_dags/example_xcomargs.py
[2025-02-02T16:24:04.728+0000] {processor.py:914} INFO - Processing file /home/airflow/.local/lib/python3.12/site-packages/airflow/example_dags/example_xcomargs.py for tasks to queue
[2025-02-02T16:24:04.731+0000] {logging_mixin.py:190} INFO - [2025-02-02T16:24:04.731+0000] {dagbag.py:588} INFO - Filling up the DagBag from /home/airflow/.local/lib/python3.12/site-packages/airflow/example_dags/example_xcomargs.py
[2025-02-02T16:24:04.741+0000] {processor.py:925} INFO - DAG(s) 'example_xcom_args', 'example_xcom_args_with_operators' retrieved from /home/airflow/.local/lib/python3.12/site-packages/airflow/example_dags/example_xcomargs.py
[2025-02-02T16:24:04.766+0000] {logging_mixin.py:190} INFO - [2025-02-02T16:24:04.766+0000] {dag.py:3239} INFO - Sync 2 DAGs
[2025-02-02T16:24:04.781+0000] {logging_mixin.py:190} INFO - [2025-02-02T16:24:04.781+0000] {dag.py:4180} INFO - Setting next_dagrun for example_xcom_args to None, run_after=None
[2025-02-02T16:24:04.786+0000] {logging_mixin.py:190} INFO - [2025-02-02T16:24:04.785+0000] {dag.py:4180} INFO - Setting next_dagrun for example_xcom_args_with_operators to None, run_after=None
[2025-02-02T16:24:04.805+0000] {processor.py:208} INFO - Processing /home/airflow/.local/lib/python3.12/site-packages/airflow/example_dags/example_xcomargs.py took 0.083 seconds
[2025-02-02T16:24:37.048+0000] {processor.py:186} INFO - Started process (PID=788) to work on /home/airflow/.local/lib/python3.12/site-packages/airflow/example_dags/example_xcomargs.py
[2025-02-02T16:24:37.049+0000] {processor.py:914} INFO - Processing file /home/airflow/.local/lib/python3.12/site-packages/airflow/example_dags/example_xcomargs.py for tasks to queue
[2025-02-02T16:24:37.053+0000] {logging_mixin.py:190} INFO - [2025-02-02T16:24:37.052+0000] {dagbag.py:588} INFO - Filling up the DagBag from /home/airflow/.local/lib/python3.12/site-packages/airflow/example_dags/example_xcomargs.py
[2025-02-02T16:24:37.068+0000] {processor.py:925} INFO - DAG(s) 'example_xcom_args', 'example_xcom_args_with_operators' retrieved from /home/airflow/.local/lib/python3.12/site-packages/airflow/example_dags/example_xcomargs.py
[2025-02-02T16:24:37.098+0000] {logging_mixin.py:190} INFO - [2025-02-02T16:24:37.098+0000] {dag.py:3239} INFO - Sync 2 DAGs
[2025-02-02T16:24:37.122+0000] {logging_mixin.py:190} INFO - [2025-02-02T16:24:37.121+0000] {dag.py:4180} INFO - Setting next_dagrun for example_xcom_args to None, run_after=None
[2025-02-02T16:24:37.130+0000] {logging_mixin.py:190} INFO - [2025-02-02T16:24:37.130+0000] {dag.py:4180} INFO - Setting next_dagrun for example_xcom_args_with_operators to None, run_after=None
[2025-02-02T16:24:37.161+0000] {processor.py:208} INFO - Processing /home/airflow/.local/lib/python3.12/site-packages/airflow/example_dags/example_xcomargs.py took 0.122 seconds
[2025-02-02T16:25:07.533+0000] {processor.py:186} INFO - Started process (PID=851) to work on /home/airflow/.local/lib/python3.12/site-packages/airflow/example_dags/example_xcomargs.py
[2025-02-02T16:25:07.534+0000] {processor.py:914} INFO - Processing file /home/airflow/.local/lib/python3.12/site-packages/airflow/example_dags/example_xcomargs.py for tasks to queue
[2025-02-02T16:25:07.537+0000] {logging_mixin.py:190} INFO - [2025-02-02T16:25:07.537+0000] {dagbag.py:588} INFO - Filling up the DagBag from /home/airflow/.local/lib/python3.12/site-packages/airflow/example_dags/example_xcomargs.py
[2025-02-02T16:25:07.549+0000] {processor.py:925} INFO - DAG(s) 'example_xcom_args', 'example_xcom_args_with_operators' retrieved from /home/airflow/.local/lib/python3.12/site-packages/airflow/example_dags/example_xcomargs.py
[2025-02-02T16:25:07.573+0000] {logging_mixin.py:190} INFO - [2025-02-02T16:25:07.573+0000] {dag.py:3239} INFO - Sync 2 DAGs
[2025-02-02T16:25:07.588+0000] {logging_mixin.py:190} INFO - [2025-02-02T16:25:07.588+0000] {dag.py:4180} INFO - Setting next_dagrun for example_xcom_args to None, run_after=None
[2025-02-02T16:25:07.593+0000] {logging_mixin.py:190} INFO - [2025-02-02T16:25:07.593+0000] {dag.py:4180} INFO - Setting next_dagrun for example_xcom_args_with_operators to None, run_after=None
[2025-02-02T16:25:07.616+0000] {processor.py:208} INFO - Processing /home/airflow/.local/lib/python3.12/site-packages/airflow/example_dags/example_xcomargs.py took 0.089 seconds
[2025-02-02T16:25:39.146+0000] {processor.py:186} INFO - Started process (PID=914) to work on /home/airflow/.local/lib/python3.12/site-packages/airflow/example_dags/example_xcomargs.py
[2025-02-02T16:25:39.147+0000] {processor.py:914} INFO - Processing file /home/airflow/.local/lib/python3.12/site-packages/airflow/example_dags/example_xcomargs.py for tasks to queue
[2025-02-02T16:25:39.150+0000] {logging_mixin.py:190} INFO - [2025-02-02T16:25:39.150+0000] {dagbag.py:588} INFO - Filling up the DagBag from /home/airflow/.local/lib/python3.12/site-packages/airflow/example_dags/example_xcomargs.py
[2025-02-02T16:25:39.164+0000] {processor.py:925} INFO - DAG(s) 'example_xcom_args_with_operators', 'example_xcom_args' retrieved from /home/airflow/.local/lib/python3.12/site-packages/airflow/example_dags/example_xcomargs.py
[2025-02-02T16:25:39.199+0000] {logging_mixin.py:190} INFO - [2025-02-02T16:25:39.199+0000] {dag.py:3239} INFO - Sync 2 DAGs
[2025-02-02T16:25:39.221+0000] {logging_mixin.py:190} INFO - [2025-02-02T16:25:39.221+0000] {dag.py:4180} INFO - Setting next_dagrun for example_xcom_args to None, run_after=None
[2025-02-02T16:25:39.227+0000] {logging_mixin.py:190} INFO - [2025-02-02T16:25:39.226+0000] {dag.py:4180} INFO - Setting next_dagrun for example_xcom_args_with_operators to None, run_after=None
[2025-02-02T16:25:39.253+0000] {processor.py:208} INFO - Processing /home/airflow/.local/lib/python3.12/site-packages/airflow/example_dags/example_xcomargs.py took 0.114 seconds
