[2025-02-02T12:16:30.821+0000] {processor.py:186} INFO - Started process (PID=45) to work on /home/airflow/.local/lib/python3.12/site-packages/airflow/example_dags/example_inlet_event_extra.py
[2025-02-02T12:16:30.823+0000] {processor.py:914} INFO - Processing file /home/airflow/.local/lib/python3.12/site-packages/airflow/example_dags/example_inlet_event_extra.py for tasks to queue
[2025-02-02T12:16:30.827+0000] {logging_mixin.py:190} INFO - [2025-02-02T12:16:30.826+0000] {dagbag.py:588} INFO - Filling up the DagBag from /home/airflow/.local/lib/python3.12/site-packages/airflow/example_dags/example_inlet_event_extra.py
[2025-02-02T12:16:32.050+0000] {processor.py:925} INFO - DAG(s) 'read_dataset_event', 'read_dataset_event_from_classic' retrieved from /home/airflow/.local/lib/python3.12/site-packages/airflow/example_dags/example_inlet_event_extra.py
[2025-02-02T12:16:32.164+0000] {logging_mixin.py:190} INFO - [2025-02-02T12:16:32.163+0000] {override.py:1911} INFO - Created Permission View: can read on DAG:read_dataset_event
[2025-02-02T12:16:32.178+0000] {logging_mixin.py:190} INFO - [2025-02-02T12:16:32.177+0000] {override.py:1911} INFO - Created Permission View: can edit on DAG:read_dataset_event
[2025-02-02T12:16:32.189+0000] {logging_mixin.py:190} INFO - [2025-02-02T12:16:32.189+0000] {override.py:1911} INFO - Created Permission View: can delete on DAG:read_dataset_event
[2025-02-02T12:16:32.201+0000] {logging_mixin.py:190} INFO - [2025-02-02T12:16:32.201+0000] {override.py:1911} INFO - Created Permission View: can read on DAG Run:read_dataset_event
[2025-02-02T12:16:32.211+0000] {logging_mixin.py:190} INFO - [2025-02-02T12:16:32.210+0000] {override.py:1911} INFO - Created Permission View: menu access on DAG Run:read_dataset_event
[2025-02-02T12:16:32.222+0000] {logging_mixin.py:190} INFO - [2025-02-02T12:16:32.221+0000] {override.py:1911} INFO - Created Permission View: can create on DAG Run:read_dataset_event
[2025-02-02T12:16:32.233+0000] {logging_mixin.py:190} INFO - [2025-02-02T12:16:32.232+0000] {override.py:1911} INFO - Created Permission View: can delete on DAG Run:read_dataset_event
[2025-02-02T12:16:32.251+0000] {logging_mixin.py:190} INFO - [2025-02-02T12:16:32.251+0000] {override.py:1911} INFO - Created Permission View: can read on DAG:read_dataset_event_from_classic
[2025-02-02T12:16:32.260+0000] {logging_mixin.py:190} INFO - [2025-02-02T12:16:32.260+0000] {override.py:1911} INFO - Created Permission View: can edit on DAG:read_dataset_event_from_classic
[2025-02-02T12:16:32.271+0000] {logging_mixin.py:190} INFO - [2025-02-02T12:16:32.271+0000] {override.py:1911} INFO - Created Permission View: can delete on DAG:read_dataset_event_from_classic
[2025-02-02T12:16:32.283+0000] {logging_mixin.py:190} INFO - [2025-02-02T12:16:32.282+0000] {override.py:1911} INFO - Created Permission View: can read on DAG Run:read_dataset_event_from_classic
[2025-02-02T12:16:32.293+0000] {logging_mixin.py:190} INFO - [2025-02-02T12:16:32.292+0000] {override.py:1911} INFO - Created Permission View: menu access on DAG Run:read_dataset_event_from_classic
[2025-02-02T12:16:32.302+0000] {logging_mixin.py:190} INFO - [2025-02-02T12:16:32.302+0000] {override.py:1911} INFO - Created Permission View: can create on DAG Run:read_dataset_event_from_classic
[2025-02-02T12:16:32.313+0000] {logging_mixin.py:190} INFO - [2025-02-02T12:16:32.313+0000] {override.py:1911} INFO - Created Permission View: can delete on DAG Run:read_dataset_event_from_classic
[2025-02-02T12:16:32.314+0000] {logging_mixin.py:190} INFO - [2025-02-02T12:16:32.314+0000] {dag.py:3239} INFO - Sync 2 DAGs
[2025-02-02T12:16:32.329+0000] {logging_mixin.py:190} INFO - [2025-02-02T12:16:32.329+0000] {dag.py:3262} INFO - Creating ORM DAG for read_dataset_event
[2025-02-02T12:16:32.331+0000] {logging_mixin.py:190} INFO - [2025-02-02T12:16:32.331+0000] {dag.py:3262} INFO - Creating ORM DAG for read_dataset_event_from_classic
[2025-02-02T12:16:32.343+0000] {logging_mixin.py:190} INFO - [2025-02-02T12:16:32.343+0000] {dag.py:4180} INFO - Setting next_dagrun for read_dataset_event to 2025-02-01 00:00:00+00:00, run_after=2025-02-02 00:00:00+00:00
[2025-02-02T12:16:32.346+0000] {logging_mixin.py:190} INFO - [2025-02-02T12:16:32.346+0000] {dag.py:4180} INFO - Setting next_dagrun for read_dataset_event_from_classic to 2025-02-01 00:00:00+00:00, run_after=2025-02-02 00:00:00+00:00
[2025-02-02T12:16:32.370+0000] {processor.py:208} INFO - Processing /home/airflow/.local/lib/python3.12/site-packages/airflow/example_dags/example_inlet_event_extra.py took 1.557 seconds
[2025-02-02T12:17:02.888+0000] {processor.py:186} INFO - Started process (PID=108) to work on /home/airflow/.local/lib/python3.12/site-packages/airflow/example_dags/example_inlet_event_extra.py
[2025-02-02T12:17:02.889+0000] {processor.py:914} INFO - Processing file /home/airflow/.local/lib/python3.12/site-packages/airflow/example_dags/example_inlet_event_extra.py for tasks to queue
[2025-02-02T12:17:02.891+0000] {logging_mixin.py:190} INFO - [2025-02-02T12:17:02.891+0000] {dagbag.py:588} INFO - Filling up the DagBag from /home/airflow/.local/lib/python3.12/site-packages/airflow/example_dags/example_inlet_event_extra.py
[2025-02-02T12:17:03.538+0000] {processor.py:925} INFO - DAG(s) 'read_dataset_event_from_classic', 'read_dataset_event' retrieved from /home/airflow/.local/lib/python3.12/site-packages/airflow/example_dags/example_inlet_event_extra.py
[2025-02-02T12:17:03.564+0000] {logging_mixin.py:190} INFO - [2025-02-02T12:17:03.563+0000] {dag.py:3239} INFO - Sync 2 DAGs
[2025-02-02T12:17:03.595+0000] {logging_mixin.py:190} INFO - [2025-02-02T12:17:03.594+0000] {dag.py:4180} INFO - Setting next_dagrun for read_dataset_event to 2025-02-01 00:00:00+00:00, run_after=2025-02-02 00:00:00+00:00
[2025-02-02T12:17:03.602+0000] {logging_mixin.py:190} INFO - [2025-02-02T12:17:03.601+0000] {dag.py:4180} INFO - Setting next_dagrun for read_dataset_event_from_classic to 2025-02-01 00:00:00+00:00, run_after=2025-02-02 00:00:00+00:00
[2025-02-02T12:17:03.623+0000] {processor.py:208} INFO - Processing /home/airflow/.local/lib/python3.12/site-packages/airflow/example_dags/example_inlet_event_extra.py took 0.741 seconds
[2025-02-02T12:17:33.752+0000] {processor.py:186} INFO - Started process (PID=171) to work on /home/airflow/.local/lib/python3.12/site-packages/airflow/example_dags/example_inlet_event_extra.py
[2025-02-02T12:17:33.753+0000] {processor.py:914} INFO - Processing file /home/airflow/.local/lib/python3.12/site-packages/airflow/example_dags/example_inlet_event_extra.py for tasks to queue
[2025-02-02T12:17:33.756+0000] {logging_mixin.py:190} INFO - [2025-02-02T12:17:33.756+0000] {dagbag.py:588} INFO - Filling up the DagBag from /home/airflow/.local/lib/python3.12/site-packages/airflow/example_dags/example_inlet_event_extra.py
[2025-02-02T12:17:34.465+0000] {processor.py:925} INFO - DAG(s) 'read_dataset_event', 'read_dataset_event_from_classic' retrieved from /home/airflow/.local/lib/python3.12/site-packages/airflow/example_dags/example_inlet_event_extra.py
[2025-02-02T12:17:34.492+0000] {logging_mixin.py:190} INFO - [2025-02-02T12:17:34.492+0000] {dag.py:3239} INFO - Sync 2 DAGs
[2025-02-02T12:17:34.520+0000] {logging_mixin.py:190} INFO - [2025-02-02T12:17:34.520+0000] {dag.py:4180} INFO - Setting next_dagrun for read_dataset_event to 2025-02-01 00:00:00+00:00, run_after=2025-02-02 00:00:00+00:00
[2025-02-02T12:17:34.527+0000] {logging_mixin.py:190} INFO - [2025-02-02T12:17:34.526+0000] {dag.py:4180} INFO - Setting next_dagrun for read_dataset_event_from_classic to 2025-02-01 00:00:00+00:00, run_after=2025-02-02 00:00:00+00:00
[2025-02-02T12:17:34.556+0000] {processor.py:208} INFO - Processing /home/airflow/.local/lib/python3.12/site-packages/airflow/example_dags/example_inlet_event_extra.py took 0.810 seconds
[2025-02-02T12:18:05.181+0000] {processor.py:186} INFO - Started process (PID=240) to work on /home/airflow/.local/lib/python3.12/site-packages/airflow/example_dags/example_inlet_event_extra.py
[2025-02-02T12:18:05.183+0000] {processor.py:914} INFO - Processing file /home/airflow/.local/lib/python3.12/site-packages/airflow/example_dags/example_inlet_event_extra.py for tasks to queue
[2025-02-02T12:18:05.186+0000] {logging_mixin.py:190} INFO - [2025-02-02T12:18:05.185+0000] {dagbag.py:588} INFO - Filling up the DagBag from /home/airflow/.local/lib/python3.12/site-packages/airflow/example_dags/example_inlet_event_extra.py
[2025-02-02T12:18:05.792+0000] {processor.py:925} INFO - DAG(s) 'read_dataset_event', 'read_dataset_event_from_classic' retrieved from /home/airflow/.local/lib/python3.12/site-packages/airflow/example_dags/example_inlet_event_extra.py
[2025-02-02T12:18:05.821+0000] {logging_mixin.py:190} INFO - [2025-02-02T12:18:05.821+0000] {dag.py:3239} INFO - Sync 2 DAGs
[2025-02-02T12:18:05.849+0000] {logging_mixin.py:190} INFO - [2025-02-02T12:18:05.849+0000] {dag.py:4180} INFO - Setting next_dagrun for read_dataset_event to 2025-02-01 00:00:00+00:00, run_after=2025-02-02 00:00:00+00:00
[2025-02-02T12:18:05.855+0000] {logging_mixin.py:190} INFO - [2025-02-02T12:18:05.855+0000] {dag.py:4180} INFO - Setting next_dagrun for read_dataset_event_from_classic to 2025-02-01 00:00:00+00:00, run_after=2025-02-02 00:00:00+00:00
[2025-02-02T12:18:05.887+0000] {processor.py:208} INFO - Processing /home/airflow/.local/lib/python3.12/site-packages/airflow/example_dags/example_inlet_event_extra.py took 0.710 seconds
[2025-02-02T12:18:36.355+0000] {processor.py:186} INFO - Started process (PID=303) to work on /home/airflow/.local/lib/python3.12/site-packages/airflow/example_dags/example_inlet_event_extra.py
[2025-02-02T12:18:36.357+0000] {processor.py:914} INFO - Processing file /home/airflow/.local/lib/python3.12/site-packages/airflow/example_dags/example_inlet_event_extra.py for tasks to queue
[2025-02-02T12:18:36.360+0000] {logging_mixin.py:190} INFO - [2025-02-02T12:18:36.360+0000] {dagbag.py:588} INFO - Filling up the DagBag from /home/airflow/.local/lib/python3.12/site-packages/airflow/example_dags/example_inlet_event_extra.py
[2025-02-02T12:18:37.008+0000] {processor.py:925} INFO - DAG(s) 'read_dataset_event', 'read_dataset_event_from_classic' retrieved from /home/airflow/.local/lib/python3.12/site-packages/airflow/example_dags/example_inlet_event_extra.py
[2025-02-02T12:18:37.035+0000] {logging_mixin.py:190} INFO - [2025-02-02T12:18:37.034+0000] {dag.py:3239} INFO - Sync 2 DAGs
[2025-02-02T12:18:37.062+0000] {logging_mixin.py:190} INFO - [2025-02-02T12:18:37.061+0000] {dag.py:4180} INFO - Setting next_dagrun for read_dataset_event to 2025-02-01 00:00:00+00:00, run_after=2025-02-02 00:00:00+00:00
[2025-02-02T12:18:37.067+0000] {logging_mixin.py:190} INFO - [2025-02-02T12:18:37.067+0000] {dag.py:4180} INFO - Setting next_dagrun for read_dataset_event_from_classic to 2025-02-01 00:00:00+00:00, run_after=2025-02-02 00:00:00+00:00
[2025-02-02T12:18:37.092+0000] {processor.py:208} INFO - Processing /home/airflow/.local/lib/python3.12/site-packages/airflow/example_dags/example_inlet_event_extra.py took 0.742 seconds
[2025-02-02T12:19:07.930+0000] {processor.py:186} INFO - Started process (PID=366) to work on /home/airflow/.local/lib/python3.12/site-packages/airflow/example_dags/example_inlet_event_extra.py
[2025-02-02T12:19:07.931+0000] {processor.py:914} INFO - Processing file /home/airflow/.local/lib/python3.12/site-packages/airflow/example_dags/example_inlet_event_extra.py for tasks to queue
[2025-02-02T12:19:07.933+0000] {logging_mixin.py:190} INFO - [2025-02-02T12:19:07.933+0000] {dagbag.py:588} INFO - Filling up the DagBag from /home/airflow/.local/lib/python3.12/site-packages/airflow/example_dags/example_inlet_event_extra.py
[2025-02-02T12:19:08.576+0000] {processor.py:925} INFO - DAG(s) 'read_dataset_event', 'read_dataset_event_from_classic' retrieved from /home/airflow/.local/lib/python3.12/site-packages/airflow/example_dags/example_inlet_event_extra.py
[2025-02-02T12:19:08.600+0000] {logging_mixin.py:190} INFO - [2025-02-02T12:19:08.599+0000] {dag.py:3239} INFO - Sync 2 DAGs
[2025-02-02T12:19:08.629+0000] {logging_mixin.py:190} INFO - [2025-02-02T12:19:08.629+0000] {dag.py:4180} INFO - Setting next_dagrun for read_dataset_event to 2025-02-01 00:00:00+00:00, run_after=2025-02-02 00:00:00+00:00
[2025-02-02T12:19:08.635+0000] {logging_mixin.py:190} INFO - [2025-02-02T12:19:08.635+0000] {dag.py:4180} INFO - Setting next_dagrun for read_dataset_event_from_classic to 2025-02-01 00:00:00+00:00, run_after=2025-02-02 00:00:00+00:00
[2025-02-02T12:19:08.656+0000] {processor.py:208} INFO - Processing /home/airflow/.local/lib/python3.12/site-packages/airflow/example_dags/example_inlet_event_extra.py took 0.732 seconds
[2025-02-02T12:19:39.204+0000] {processor.py:186} INFO - Started process (PID=429) to work on /home/airflow/.local/lib/python3.12/site-packages/airflow/example_dags/example_inlet_event_extra.py
[2025-02-02T12:19:39.206+0000] {processor.py:914} INFO - Processing file /home/airflow/.local/lib/python3.12/site-packages/airflow/example_dags/example_inlet_event_extra.py for tasks to queue
[2025-02-02T12:19:39.211+0000] {logging_mixin.py:190} INFO - [2025-02-02T12:19:39.210+0000] {dagbag.py:588} INFO - Filling up the DagBag from /home/airflow/.local/lib/python3.12/site-packages/airflow/example_dags/example_inlet_event_extra.py
[2025-02-02T12:19:40.251+0000] {processor.py:925} INFO - DAG(s) 'read_dataset_event', 'read_dataset_event_from_classic' retrieved from /home/airflow/.local/lib/python3.12/site-packages/airflow/example_dags/example_inlet_event_extra.py
[2025-02-02T12:19:40.291+0000] {logging_mixin.py:190} INFO - [2025-02-02T12:19:40.291+0000] {dag.py:3239} INFO - Sync 2 DAGs
[2025-02-02T12:19:40.343+0000] {logging_mixin.py:190} INFO - [2025-02-02T12:19:40.342+0000] {dag.py:4180} INFO - Setting next_dagrun for read_dataset_event to 2025-02-01 00:00:00+00:00, run_after=2025-02-02 00:00:00+00:00
[2025-02-02T12:19:40.353+0000] {logging_mixin.py:190} INFO - [2025-02-02T12:19:40.352+0000] {dag.py:4180} INFO - Setting next_dagrun for read_dataset_event_from_classic to 2025-02-01 00:00:00+00:00, run_after=2025-02-02 00:00:00+00:00
[2025-02-02T12:19:40.388+0000] {processor.py:208} INFO - Processing /home/airflow/.local/lib/python3.12/site-packages/airflow/example_dags/example_inlet_event_extra.py took 1.196 seconds
[2025-02-02T12:20:11.100+0000] {processor.py:186} INFO - Started process (PID=492) to work on /home/airflow/.local/lib/python3.12/site-packages/airflow/example_dags/example_inlet_event_extra.py
[2025-02-02T12:20:11.102+0000] {processor.py:914} INFO - Processing file /home/airflow/.local/lib/python3.12/site-packages/airflow/example_dags/example_inlet_event_extra.py for tasks to queue
[2025-02-02T12:20:11.106+0000] {logging_mixin.py:190} INFO - [2025-02-02T12:20:11.106+0000] {dagbag.py:588} INFO - Filling up the DagBag from /home/airflow/.local/lib/python3.12/site-packages/airflow/example_dags/example_inlet_event_extra.py
[2025-02-02T12:20:12.170+0000] {processor.py:925} INFO - DAG(s) 'read_dataset_event_from_classic', 'read_dataset_event' retrieved from /home/airflow/.local/lib/python3.12/site-packages/airflow/example_dags/example_inlet_event_extra.py
[2025-02-02T12:20:12.207+0000] {logging_mixin.py:190} INFO - [2025-02-02T12:20:12.207+0000] {dag.py:3239} INFO - Sync 2 DAGs
[2025-02-02T12:20:12.255+0000] {logging_mixin.py:190} INFO - [2025-02-02T12:20:12.254+0000] {dag.py:4180} INFO - Setting next_dagrun for read_dataset_event to 2025-02-01 00:00:00+00:00, run_after=2025-02-02 00:00:00+00:00
[2025-02-02T12:20:12.265+0000] {logging_mixin.py:190} INFO - [2025-02-02T12:20:12.265+0000] {dag.py:4180} INFO - Setting next_dagrun for read_dataset_event_from_classic to 2025-02-01 00:00:00+00:00, run_after=2025-02-02 00:00:00+00:00
[2025-02-02T12:20:12.305+0000] {processor.py:208} INFO - Processing /home/airflow/.local/lib/python3.12/site-packages/airflow/example_dags/example_inlet_event_extra.py took 1.218 seconds
[2025-02-02T16:18:47.809+0000] {processor.py:186} INFO - Started process (PID=45) to work on /home/airflow/.local/lib/python3.12/site-packages/airflow/example_dags/example_inlet_event_extra.py
[2025-02-02T16:18:47.810+0000] {processor.py:914} INFO - Processing file /home/airflow/.local/lib/python3.12/site-packages/airflow/example_dags/example_inlet_event_extra.py for tasks to queue
[2025-02-02T16:18:49.418+0000] {logging_mixin.py:190} INFO - [2025-02-02T16:18:49.417+0000] {dagbag.py:588} INFO - Filling up the DagBag from /home/airflow/.local/lib/python3.12/site-packages/airflow/example_dags/example_inlet_event_extra.py
[2025-02-02T16:18:50.064+0000] {processor.py:925} INFO - DAG(s) 'read_dataset_event', 'read_dataset_event_from_classic' retrieved from /home/airflow/.local/lib/python3.12/site-packages/airflow/example_dags/example_inlet_event_extra.py
[2025-02-02T16:18:50.096+0000] {logging_mixin.py:190} INFO - [2025-02-02T16:18:50.095+0000] {dag.py:3239} INFO - Sync 2 DAGs
[2025-02-02T16:18:50.122+0000] {logging_mixin.py:190} INFO - [2025-02-02T16:18:50.122+0000] {dag.py:4180} INFO - Setting next_dagrun for read_dataset_event to 2025-02-01 00:00:00+00:00, run_after=2025-02-02 00:00:00+00:00
[2025-02-02T16:18:50.128+0000] {logging_mixin.py:190} INFO - [2025-02-02T16:18:50.127+0000] {dag.py:4180} INFO - Setting next_dagrun for read_dataset_event_from_classic to 2025-02-01 00:00:00+00:00, run_after=2025-02-02 00:00:00+00:00
[2025-02-02T16:18:50.147+0000] {processor.py:208} INFO - Processing /home/airflow/.local/lib/python3.12/site-packages/airflow/example_dags/example_inlet_event_extra.py took 2.345 seconds
[2025-02-02T16:19:20.259+0000] {processor.py:186} INFO - Started process (PID=111) to work on /home/airflow/.local/lib/python3.12/site-packages/airflow/example_dags/example_inlet_event_extra.py
[2025-02-02T16:19:20.260+0000] {processor.py:914} INFO - Processing file /home/airflow/.local/lib/python3.12/site-packages/airflow/example_dags/example_inlet_event_extra.py for tasks to queue
[2025-02-02T16:19:20.263+0000] {logging_mixin.py:190} INFO - [2025-02-02T16:19:20.262+0000] {dagbag.py:588} INFO - Filling up the DagBag from /home/airflow/.local/lib/python3.12/site-packages/airflow/example_dags/example_inlet_event_extra.py
[2025-02-02T16:19:20.845+0000] {processor.py:925} INFO - DAG(s) 'read_dataset_event', 'read_dataset_event_from_classic' retrieved from /home/airflow/.local/lib/python3.12/site-packages/airflow/example_dags/example_inlet_event_extra.py
[2025-02-02T16:19:20.867+0000] {logging_mixin.py:190} INFO - [2025-02-02T16:19:20.866+0000] {dag.py:3239} INFO - Sync 2 DAGs
[2025-02-02T16:19:20.894+0000] {logging_mixin.py:190} INFO - [2025-02-02T16:19:20.894+0000] {dag.py:4180} INFO - Setting next_dagrun for read_dataset_event to 2025-02-01 00:00:00+00:00, run_after=2025-02-02 00:00:00+00:00
[2025-02-02T16:19:20.899+0000] {logging_mixin.py:190} INFO - [2025-02-02T16:19:20.899+0000] {dag.py:4180} INFO - Setting next_dagrun for read_dataset_event_from_classic to 2025-02-01 00:00:00+00:00, run_after=2025-02-02 00:00:00+00:00
[2025-02-02T16:19:20.923+0000] {processor.py:208} INFO - Processing /home/airflow/.local/lib/python3.12/site-packages/airflow/example_dags/example_inlet_event_extra.py took 0.670 seconds
[2025-02-02T16:19:51.681+0000] {processor.py:186} INFO - Started process (PID=177) to work on /home/airflow/.local/lib/python3.12/site-packages/airflow/example_dags/example_inlet_event_extra.py
[2025-02-02T16:19:51.683+0000] {processor.py:914} INFO - Processing file /home/airflow/.local/lib/python3.12/site-packages/airflow/example_dags/example_inlet_event_extra.py for tasks to queue
[2025-02-02T16:19:51.685+0000] {logging_mixin.py:190} INFO - [2025-02-02T16:19:51.685+0000] {dagbag.py:588} INFO - Filling up the DagBag from /home/airflow/.local/lib/python3.12/site-packages/airflow/example_dags/example_inlet_event_extra.py
[2025-02-02T16:19:52.337+0000] {processor.py:925} INFO - DAG(s) 'read_dataset_event_from_classic', 'read_dataset_event' retrieved from /home/airflow/.local/lib/python3.12/site-packages/airflow/example_dags/example_inlet_event_extra.py
[2025-02-02T16:19:52.362+0000] {logging_mixin.py:190} INFO - [2025-02-02T16:19:52.362+0000] {dag.py:3239} INFO - Sync 2 DAGs
[2025-02-02T16:19:52.395+0000] {logging_mixin.py:190} INFO - [2025-02-02T16:19:52.395+0000] {dag.py:4180} INFO - Setting next_dagrun for read_dataset_event to 2025-02-01 00:00:00+00:00, run_after=2025-02-02 00:00:00+00:00
[2025-02-02T16:19:52.403+0000] {logging_mixin.py:190} INFO - [2025-02-02T16:19:52.403+0000] {dag.py:4180} INFO - Setting next_dagrun for read_dataset_event_from_classic to 2025-02-01 00:00:00+00:00, run_after=2025-02-02 00:00:00+00:00
[2025-02-02T16:19:52.426+0000] {processor.py:208} INFO - Processing /home/airflow/.local/lib/python3.12/site-packages/airflow/example_dags/example_inlet_event_extra.py took 0.750 seconds
[2025-02-02T16:20:22.667+0000] {processor.py:186} INFO - Started process (PID=244) to work on /home/airflow/.local/lib/python3.12/site-packages/airflow/example_dags/example_inlet_event_extra.py
[2025-02-02T16:20:22.668+0000] {processor.py:914} INFO - Processing file /home/airflow/.local/lib/python3.12/site-packages/airflow/example_dags/example_inlet_event_extra.py for tasks to queue
[2025-02-02T16:20:22.671+0000] {logging_mixin.py:190} INFO - [2025-02-02T16:20:22.671+0000] {dagbag.py:588} INFO - Filling up the DagBag from /home/airflow/.local/lib/python3.12/site-packages/airflow/example_dags/example_inlet_event_extra.py
[2025-02-02T16:20:23.238+0000] {processor.py:925} INFO - DAG(s) 'read_dataset_event', 'read_dataset_event_from_classic' retrieved from /home/airflow/.local/lib/python3.12/site-packages/airflow/example_dags/example_inlet_event_extra.py
[2025-02-02T16:20:23.260+0000] {logging_mixin.py:190} INFO - [2025-02-02T16:20:23.259+0000] {dag.py:3239} INFO - Sync 2 DAGs
[2025-02-02T16:20:23.285+0000] {logging_mixin.py:190} INFO - [2025-02-02T16:20:23.284+0000] {dag.py:4180} INFO - Setting next_dagrun for read_dataset_event to 2025-02-01 00:00:00+00:00, run_after=2025-02-02 00:00:00+00:00
[2025-02-02T16:20:23.290+0000] {logging_mixin.py:190} INFO - [2025-02-02T16:20:23.290+0000] {dag.py:4180} INFO - Setting next_dagrun for read_dataset_event_from_classic to 2025-02-01 00:00:00+00:00, run_after=2025-02-02 00:00:00+00:00
[2025-02-02T16:20:23.315+0000] {processor.py:208} INFO - Processing /home/airflow/.local/lib/python3.12/site-packages/airflow/example_dags/example_inlet_event_extra.py took 0.653 seconds
[2025-02-02T16:20:53.960+0000] {processor.py:186} INFO - Started process (PID=307) to work on /home/airflow/.local/lib/python3.12/site-packages/airflow/example_dags/example_inlet_event_extra.py
[2025-02-02T16:20:53.961+0000] {processor.py:914} INFO - Processing file /home/airflow/.local/lib/python3.12/site-packages/airflow/example_dags/example_inlet_event_extra.py for tasks to queue
[2025-02-02T16:20:53.964+0000] {logging_mixin.py:190} INFO - [2025-02-02T16:20:53.964+0000] {dagbag.py:588} INFO - Filling up the DagBag from /home/airflow/.local/lib/python3.12/site-packages/airflow/example_dags/example_inlet_event_extra.py
[2025-02-02T16:20:54.534+0000] {processor.py:925} INFO - DAG(s) 'read_dataset_event', 'read_dataset_event_from_classic' retrieved from /home/airflow/.local/lib/python3.12/site-packages/airflow/example_dags/example_inlet_event_extra.py
[2025-02-02T16:20:54.558+0000] {logging_mixin.py:190} INFO - [2025-02-02T16:20:54.558+0000] {dag.py:3239} INFO - Sync 2 DAGs
[2025-02-02T16:20:54.585+0000] {logging_mixin.py:190} INFO - [2025-02-02T16:20:54.584+0000] {dag.py:4180} INFO - Setting next_dagrun for read_dataset_event to 2025-02-01 00:00:00+00:00, run_after=2025-02-02 00:00:00+00:00
[2025-02-02T16:20:54.590+0000] {logging_mixin.py:190} INFO - [2025-02-02T16:20:54.590+0000] {dag.py:4180} INFO - Setting next_dagrun for read_dataset_event_from_classic to 2025-02-01 00:00:00+00:00, run_after=2025-02-02 00:00:00+00:00
[2025-02-02T16:20:54.615+0000] {processor.py:208} INFO - Processing /home/airflow/.local/lib/python3.12/site-packages/airflow/example_dags/example_inlet_event_extra.py took 0.661 seconds
[2025-02-02T16:21:24.774+0000] {processor.py:186} INFO - Started process (PID=370) to work on /home/airflow/.local/lib/python3.12/site-packages/airflow/example_dags/example_inlet_event_extra.py
[2025-02-02T16:21:24.775+0000] {processor.py:914} INFO - Processing file /home/airflow/.local/lib/python3.12/site-packages/airflow/example_dags/example_inlet_event_extra.py for tasks to queue
[2025-02-02T16:21:24.778+0000] {logging_mixin.py:190} INFO - [2025-02-02T16:21:24.777+0000] {dagbag.py:588} INFO - Filling up the DagBag from /home/airflow/.local/lib/python3.12/site-packages/airflow/example_dags/example_inlet_event_extra.py
[2025-02-02T16:21:25.361+0000] {processor.py:925} INFO - DAG(s) 'read_dataset_event_from_classic', 'read_dataset_event' retrieved from /home/airflow/.local/lib/python3.12/site-packages/airflow/example_dags/example_inlet_event_extra.py
[2025-02-02T16:21:25.387+0000] {logging_mixin.py:190} INFO - [2025-02-02T16:21:25.387+0000] {dag.py:3239} INFO - Sync 2 DAGs
[2025-02-02T16:21:25.414+0000] {logging_mixin.py:190} INFO - [2025-02-02T16:21:25.414+0000] {dag.py:4180} INFO - Setting next_dagrun for read_dataset_event to 2025-02-01 00:00:00+00:00, run_after=2025-02-02 00:00:00+00:00
[2025-02-02T16:21:25.420+0000] {logging_mixin.py:190} INFO - [2025-02-02T16:21:25.419+0000] {dag.py:4180} INFO - Setting next_dagrun for read_dataset_event_from_classic to 2025-02-01 00:00:00+00:00, run_after=2025-02-02 00:00:00+00:00
[2025-02-02T16:21:25.440+0000] {processor.py:208} INFO - Processing /home/airflow/.local/lib/python3.12/site-packages/airflow/example_dags/example_inlet_event_extra.py took 0.672 seconds
[2025-02-02T16:21:55.720+0000] {processor.py:186} INFO - Started process (PID=433) to work on /home/airflow/.local/lib/python3.12/site-packages/airflow/example_dags/example_inlet_event_extra.py
[2025-02-02T16:21:55.721+0000] {processor.py:914} INFO - Processing file /home/airflow/.local/lib/python3.12/site-packages/airflow/example_dags/example_inlet_event_extra.py for tasks to queue
[2025-02-02T16:21:55.724+0000] {logging_mixin.py:190} INFO - [2025-02-02T16:21:55.723+0000] {dagbag.py:588} INFO - Filling up the DagBag from /home/airflow/.local/lib/python3.12/site-packages/airflow/example_dags/example_inlet_event_extra.py
[2025-02-02T16:21:56.317+0000] {processor.py:925} INFO - DAG(s) 'read_dataset_event_from_classic', 'read_dataset_event' retrieved from /home/airflow/.local/lib/python3.12/site-packages/airflow/example_dags/example_inlet_event_extra.py
[2025-02-02T16:21:56.341+0000] {logging_mixin.py:190} INFO - [2025-02-02T16:21:56.340+0000] {dag.py:3239} INFO - Sync 2 DAGs
[2025-02-02T16:21:56.377+0000] {logging_mixin.py:190} INFO - [2025-02-02T16:21:56.377+0000] {dag.py:4180} INFO - Setting next_dagrun for read_dataset_event to 2025-02-01 00:00:00+00:00, run_after=2025-02-02 00:00:00+00:00
[2025-02-02T16:21:56.385+0000] {logging_mixin.py:190} INFO - [2025-02-02T16:21:56.384+0000] {dag.py:4180} INFO - Setting next_dagrun for read_dataset_event_from_classic to 2025-02-01 00:00:00+00:00, run_after=2025-02-02 00:00:00+00:00
[2025-02-02T16:21:56.409+0000] {processor.py:208} INFO - Processing /home/airflow/.local/lib/python3.12/site-packages/airflow/example_dags/example_inlet_event_extra.py took 0.695 seconds
[2025-02-02T16:22:27.017+0000] {processor.py:186} INFO - Started process (PID=502) to work on /home/airflow/.local/lib/python3.12/site-packages/airflow/example_dags/example_inlet_event_extra.py
[2025-02-02T16:22:27.018+0000] {processor.py:914} INFO - Processing file /home/airflow/.local/lib/python3.12/site-packages/airflow/example_dags/example_inlet_event_extra.py for tasks to queue
[2025-02-02T16:22:27.021+0000] {logging_mixin.py:190} INFO - [2025-02-02T16:22:27.021+0000] {dagbag.py:588} INFO - Filling up the DagBag from /home/airflow/.local/lib/python3.12/site-packages/airflow/example_dags/example_inlet_event_extra.py
[2025-02-02T16:22:27.600+0000] {processor.py:925} INFO - DAG(s) 'read_dataset_event', 'read_dataset_event_from_classic' retrieved from /home/airflow/.local/lib/python3.12/site-packages/airflow/example_dags/example_inlet_event_extra.py
[2025-02-02T16:22:27.629+0000] {logging_mixin.py:190} INFO - [2025-02-02T16:22:27.629+0000] {dag.py:3239} INFO - Sync 2 DAGs
[2025-02-02T16:22:27.660+0000] {logging_mixin.py:190} INFO - [2025-02-02T16:22:27.659+0000] {dag.py:4180} INFO - Setting next_dagrun for read_dataset_event to 2025-02-01 00:00:00+00:00, run_after=2025-02-02 00:00:00+00:00
[2025-02-02T16:22:27.668+0000] {logging_mixin.py:190} INFO - [2025-02-02T16:22:27.668+0000] {dag.py:4180} INFO - Setting next_dagrun for read_dataset_event_from_classic to 2025-02-01 00:00:00+00:00, run_after=2025-02-02 00:00:00+00:00
[2025-02-02T16:22:27.690+0000] {processor.py:208} INFO - Processing /home/airflow/.local/lib/python3.12/site-packages/airflow/example_dags/example_inlet_event_extra.py took 0.678 seconds
[2025-02-02T16:22:57.785+0000] {processor.py:186} INFO - Started process (PID=565) to work on /home/airflow/.local/lib/python3.12/site-packages/airflow/example_dags/example_inlet_event_extra.py
[2025-02-02T16:22:57.787+0000] {processor.py:914} INFO - Processing file /home/airflow/.local/lib/python3.12/site-packages/airflow/example_dags/example_inlet_event_extra.py for tasks to queue
[2025-02-02T16:22:57.790+0000] {logging_mixin.py:190} INFO - [2025-02-02T16:22:57.789+0000] {dagbag.py:588} INFO - Filling up the DagBag from /home/airflow/.local/lib/python3.12/site-packages/airflow/example_dags/example_inlet_event_extra.py
[2025-02-02T16:22:58.594+0000] {processor.py:925} INFO - DAG(s) 'read_dataset_event_from_classic', 'read_dataset_event' retrieved from /home/airflow/.local/lib/python3.12/site-packages/airflow/example_dags/example_inlet_event_extra.py
[2025-02-02T16:22:58.627+0000] {logging_mixin.py:190} INFO - [2025-02-02T16:22:58.626+0000] {dag.py:3239} INFO - Sync 2 DAGs
[2025-02-02T16:22:58.669+0000] {logging_mixin.py:190} INFO - [2025-02-02T16:22:58.668+0000] {dag.py:4180} INFO - Setting next_dagrun for read_dataset_event to 2025-02-01 00:00:00+00:00, run_after=2025-02-02 00:00:00+00:00
[2025-02-02T16:22:58.677+0000] {logging_mixin.py:190} INFO - [2025-02-02T16:22:58.676+0000] {dag.py:4180} INFO - Setting next_dagrun for read_dataset_event_from_classic to 2025-02-01 00:00:00+00:00, run_after=2025-02-02 00:00:00+00:00
[2025-02-02T16:22:58.699+0000] {processor.py:208} INFO - Processing /home/airflow/.local/lib/python3.12/site-packages/airflow/example_dags/example_inlet_event_extra.py took 0.920 seconds
[2025-02-02T16:23:29.577+0000] {processor.py:186} INFO - Started process (PID=629) to work on /home/airflow/.local/lib/python3.12/site-packages/airflow/example_dags/example_inlet_event_extra.py
[2025-02-02T16:23:29.578+0000] {processor.py:914} INFO - Processing file /home/airflow/.local/lib/python3.12/site-packages/airflow/example_dags/example_inlet_event_extra.py for tasks to queue
[2025-02-02T16:23:29.580+0000] {logging_mixin.py:190} INFO - [2025-02-02T16:23:29.580+0000] {dagbag.py:588} INFO - Filling up the DagBag from /home/airflow/.local/lib/python3.12/site-packages/airflow/example_dags/example_inlet_event_extra.py
[2025-02-02T16:23:30.120+0000] {processor.py:925} INFO - DAG(s) 'read_dataset_event_from_classic', 'read_dataset_event' retrieved from /home/airflow/.local/lib/python3.12/site-packages/airflow/example_dags/example_inlet_event_extra.py
[2025-02-02T16:23:30.143+0000] {logging_mixin.py:190} INFO - [2025-02-02T16:23:30.143+0000] {dag.py:3239} INFO - Sync 2 DAGs
[2025-02-02T16:23:30.170+0000] {logging_mixin.py:190} INFO - [2025-02-02T16:23:30.169+0000] {dag.py:4180} INFO - Setting next_dagrun for read_dataset_event to 2025-02-01 00:00:00+00:00, run_after=2025-02-02 00:00:00+00:00
[2025-02-02T16:23:30.175+0000] {logging_mixin.py:190} INFO - [2025-02-02T16:23:30.175+0000] {dag.py:4180} INFO - Setting next_dagrun for read_dataset_event_from_classic to 2025-02-01 00:00:00+00:00, run_after=2025-02-02 00:00:00+00:00
[2025-02-02T16:23:30.195+0000] {processor.py:208} INFO - Processing /home/airflow/.local/lib/python3.12/site-packages/airflow/example_dags/example_inlet_event_extra.py took 0.623 seconds
[2025-02-02T16:24:00.381+0000] {processor.py:186} INFO - Started process (PID=692) to work on /home/airflow/.local/lib/python3.12/site-packages/airflow/example_dags/example_inlet_event_extra.py
[2025-02-02T16:24:00.382+0000] {processor.py:914} INFO - Processing file /home/airflow/.local/lib/python3.12/site-packages/airflow/example_dags/example_inlet_event_extra.py for tasks to queue
[2025-02-02T16:24:00.385+0000] {logging_mixin.py:190} INFO - [2025-02-02T16:24:00.384+0000] {dagbag.py:588} INFO - Filling up the DagBag from /home/airflow/.local/lib/python3.12/site-packages/airflow/example_dags/example_inlet_event_extra.py
[2025-02-02T16:24:00.945+0000] {processor.py:925} INFO - DAG(s) 'read_dataset_event', 'read_dataset_event_from_classic' retrieved from /home/airflow/.local/lib/python3.12/site-packages/airflow/example_dags/example_inlet_event_extra.py
[2025-02-02T16:24:00.971+0000] {logging_mixin.py:190} INFO - [2025-02-02T16:24:00.971+0000] {dag.py:3239} INFO - Sync 2 DAGs
[2025-02-02T16:24:01.001+0000] {logging_mixin.py:190} INFO - [2025-02-02T16:24:01.001+0000] {dag.py:4180} INFO - Setting next_dagrun for read_dataset_event to 2025-02-01 00:00:00+00:00, run_after=2025-02-02 00:00:00+00:00
[2025-02-02T16:24:01.009+0000] {logging_mixin.py:190} INFO - [2025-02-02T16:24:01.009+0000] {dag.py:4180} INFO - Setting next_dagrun for read_dataset_event_from_classic to 2025-02-01 00:00:00+00:00, run_after=2025-02-02 00:00:00+00:00
[2025-02-02T16:24:01.033+0000] {processor.py:208} INFO - Processing /home/airflow/.local/lib/python3.12/site-packages/airflow/example_dags/example_inlet_event_extra.py took 0.658 seconds
[2025-02-02T16:24:31.329+0000] {processor.py:186} INFO - Started process (PID=755) to work on /home/airflow/.local/lib/python3.12/site-packages/airflow/example_dags/example_inlet_event_extra.py
[2025-02-02T16:24:31.331+0000] {processor.py:914} INFO - Processing file /home/airflow/.local/lib/python3.12/site-packages/airflow/example_dags/example_inlet_event_extra.py for tasks to queue
[2025-02-02T16:24:31.335+0000] {logging_mixin.py:190} INFO - [2025-02-02T16:24:31.334+0000] {dagbag.py:588} INFO - Filling up the DagBag from /home/airflow/.local/lib/python3.12/site-packages/airflow/example_dags/example_inlet_event_extra.py
[2025-02-02T16:24:31.971+0000] {processor.py:925} INFO - DAG(s) 'read_dataset_event', 'read_dataset_event_from_classic' retrieved from /home/airflow/.local/lib/python3.12/site-packages/airflow/example_dags/example_inlet_event_extra.py
[2025-02-02T16:24:32.004+0000] {logging_mixin.py:190} INFO - [2025-02-02T16:24:32.004+0000] {dag.py:3239} INFO - Sync 2 DAGs
[2025-02-02T16:24:32.034+0000] {logging_mixin.py:190} INFO - [2025-02-02T16:24:32.034+0000] {dag.py:4180} INFO - Setting next_dagrun for read_dataset_event to 2025-02-01 00:00:00+00:00, run_after=2025-02-02 00:00:00+00:00
[2025-02-02T16:24:32.041+0000] {logging_mixin.py:190} INFO - [2025-02-02T16:24:32.040+0000] {dag.py:4180} INFO - Setting next_dagrun for read_dataset_event_from_classic to 2025-02-01 00:00:00+00:00, run_after=2025-02-02 00:00:00+00:00
[2025-02-02T16:24:32.061+0000] {processor.py:208} INFO - Processing /home/airflow/.local/lib/python3.12/site-packages/airflow/example_dags/example_inlet_event_extra.py took 0.738 seconds
[2025-02-02T16:25:02.326+0000] {processor.py:186} INFO - Started process (PID=818) to work on /home/airflow/.local/lib/python3.12/site-packages/airflow/example_dags/example_inlet_event_extra.py
[2025-02-02T16:25:02.327+0000] {processor.py:914} INFO - Processing file /home/airflow/.local/lib/python3.12/site-packages/airflow/example_dags/example_inlet_event_extra.py for tasks to queue
[2025-02-02T16:25:02.330+0000] {logging_mixin.py:190} INFO - [2025-02-02T16:25:02.329+0000] {dagbag.py:588} INFO - Filling up the DagBag from /home/airflow/.local/lib/python3.12/site-packages/airflow/example_dags/example_inlet_event_extra.py
[2025-02-02T16:25:02.960+0000] {processor.py:925} INFO - DAG(s) 'read_dataset_event_from_classic', 'read_dataset_event' retrieved from /home/airflow/.local/lib/python3.12/site-packages/airflow/example_dags/example_inlet_event_extra.py
[2025-02-02T16:25:02.982+0000] {logging_mixin.py:190} INFO - [2025-02-02T16:25:02.982+0000] {dag.py:3239} INFO - Sync 2 DAGs
[2025-02-02T16:25:03.014+0000] {logging_mixin.py:190} INFO - [2025-02-02T16:25:03.013+0000] {dag.py:4180} INFO - Setting next_dagrun for read_dataset_event to 2025-02-01 00:00:00+00:00, run_after=2025-02-02 00:00:00+00:00
[2025-02-02T16:25:03.020+0000] {logging_mixin.py:190} INFO - [2025-02-02T16:25:03.020+0000] {dag.py:4180} INFO - Setting next_dagrun for read_dataset_event_from_classic to 2025-02-01 00:00:00+00:00, run_after=2025-02-02 00:00:00+00:00
[2025-02-02T16:25:03.040+0000] {processor.py:208} INFO - Processing /home/airflow/.local/lib/python3.12/site-packages/airflow/example_dags/example_inlet_event_extra.py took 0.720 seconds
[2025-02-02T16:25:33.695+0000] {processor.py:186} INFO - Started process (PID=881) to work on /home/airflow/.local/lib/python3.12/site-packages/airflow/example_dags/example_inlet_event_extra.py
[2025-02-02T16:25:33.696+0000] {processor.py:914} INFO - Processing file /home/airflow/.local/lib/python3.12/site-packages/airflow/example_dags/example_inlet_event_extra.py for tasks to queue
[2025-02-02T16:25:33.698+0000] {logging_mixin.py:190} INFO - [2025-02-02T16:25:33.698+0000] {dagbag.py:588} INFO - Filling up the DagBag from /home/airflow/.local/lib/python3.12/site-packages/airflow/example_dags/example_inlet_event_extra.py
[2025-02-02T16:25:34.268+0000] {processor.py:925} INFO - DAG(s) 'read_dataset_event', 'read_dataset_event_from_classic' retrieved from /home/airflow/.local/lib/python3.12/site-packages/airflow/example_dags/example_inlet_event_extra.py
[2025-02-02T16:25:34.290+0000] {logging_mixin.py:190} INFO - [2025-02-02T16:25:34.290+0000] {dag.py:3239} INFO - Sync 2 DAGs
[2025-02-02T16:25:34.319+0000] {logging_mixin.py:190} INFO - [2025-02-02T16:25:34.319+0000] {dag.py:4180} INFO - Setting next_dagrun for read_dataset_event to 2025-02-01 00:00:00+00:00, run_after=2025-02-02 00:00:00+00:00
[2025-02-02T16:25:34.325+0000] {logging_mixin.py:190} INFO - [2025-02-02T16:25:34.325+0000] {dag.py:4180} INFO - Setting next_dagrun for read_dataset_event_from_classic to 2025-02-01 00:00:00+00:00, run_after=2025-02-02 00:00:00+00:00
[2025-02-02T16:25:34.344+0000] {processor.py:208} INFO - Processing /home/airflow/.local/lib/python3.12/site-packages/airflow/example_dags/example_inlet_event_extra.py took 0.655 seconds
