[2025-02-02T12:16:34.435+0000] {processor.py:186} INFO - Started process (PID=61) to work on /home/airflow/.local/lib/python3.12/site-packages/airflow/example_dags/example_task_group.py
[2025-02-02T12:16:34.437+0000] {processor.py:914} INFO - Processing file /home/airflow/.local/lib/python3.12/site-packages/airflow/example_dags/example_task_group.py for tasks to queue
[2025-02-02T12:16:34.440+0000] {logging_mixin.py:190} INFO - [2025-02-02T12:16:34.439+0000] {dagbag.py:588} INFO - Filling up the DagBag from /home/airflow/.local/lib/python3.12/site-packages/airflow/example_dags/example_task_group.py
[2025-02-02T12:16:34.454+0000] {processor.py:925} INFO - DAG(s) 'example_task_group' retrieved from /home/airflow/.local/lib/python3.12/site-packages/airflow/example_dags/example_task_group.py
[2025-02-02T12:16:34.604+0000] {logging_mixin.py:190} INFO - [2025-02-02T12:16:34.603+0000] {override.py:1911} INFO - Created Permission View: can read on DAG:example_task_group
[2025-02-02T12:16:34.618+0000] {logging_mixin.py:190} INFO - [2025-02-02T12:16:34.618+0000] {override.py:1911} INFO - Created Permission View: can edit on DAG:example_task_group
[2025-02-02T12:16:34.628+0000] {logging_mixin.py:190} INFO - [2025-02-02T12:16:34.627+0000] {override.py:1911} INFO - Created Permission View: can delete on DAG:example_task_group
[2025-02-02T12:16:34.643+0000] {logging_mixin.py:190} INFO - [2025-02-02T12:16:34.642+0000] {override.py:1911} INFO - Created Permission View: can read on DAG Run:example_task_group
[2025-02-02T12:16:34.654+0000] {logging_mixin.py:190} INFO - [2025-02-02T12:16:34.654+0000] {override.py:1911} INFO - Created Permission View: menu access on DAG Run:example_task_group
[2025-02-02T12:16:34.666+0000] {logging_mixin.py:190} INFO - [2025-02-02T12:16:34.665+0000] {override.py:1911} INFO - Created Permission View: can create on DAG Run:example_task_group
[2025-02-02T12:16:34.678+0000] {logging_mixin.py:190} INFO - [2025-02-02T12:16:34.677+0000] {override.py:1911} INFO - Created Permission View: can delete on DAG Run:example_task_group
[2025-02-02T12:16:34.680+0000] {logging_mixin.py:190} INFO - [2025-02-02T12:16:34.679+0000] {dag.py:3239} INFO - Sync 1 DAGs
[2025-02-02T12:16:34.697+0000] {logging_mixin.py:190} INFO - [2025-02-02T12:16:34.696+0000] {dag.py:3262} INFO - Creating ORM DAG for example_task_group
[2025-02-02T12:16:34.698+0000] {logging_mixin.py:190} INFO - [2025-02-02T12:16:34.698+0000] {dag.py:4180} INFO - Setting next_dagrun for example_task_group to None, run_after=None
[2025-02-02T12:16:34.722+0000] {processor.py:208} INFO - Processing /home/airflow/.local/lib/python3.12/site-packages/airflow/example_dags/example_task_group.py took 0.293 seconds
[2025-02-02T12:17:05.498+0000] {processor.py:186} INFO - Started process (PID=124) to work on /home/airflow/.local/lib/python3.12/site-packages/airflow/example_dags/example_task_group.py
[2025-02-02T12:17:05.500+0000] {processor.py:914} INFO - Processing file /home/airflow/.local/lib/python3.12/site-packages/airflow/example_dags/example_task_group.py for tasks to queue
[2025-02-02T12:17:05.503+0000] {logging_mixin.py:190} INFO - [2025-02-02T12:17:05.502+0000] {dagbag.py:588} INFO - Filling up the DagBag from /home/airflow/.local/lib/python3.12/site-packages/airflow/example_dags/example_task_group.py
[2025-02-02T12:17:05.514+0000] {processor.py:925} INFO - DAG(s) 'example_task_group' retrieved from /home/airflow/.local/lib/python3.12/site-packages/airflow/example_dags/example_task_group.py
[2025-02-02T12:17:05.536+0000] {logging_mixin.py:190} INFO - [2025-02-02T12:17:05.535+0000] {dag.py:3239} INFO - Sync 1 DAGs
[2025-02-02T12:17:05.551+0000] {logging_mixin.py:190} INFO - [2025-02-02T12:17:05.551+0000] {dag.py:4180} INFO - Setting next_dagrun for example_task_group to None, run_after=None
[2025-02-02T12:17:05.582+0000] {processor.py:208} INFO - Processing /home/airflow/.local/lib/python3.12/site-packages/airflow/example_dags/example_task_group.py took 0.089 seconds
[2025-02-02T12:17:36.370+0000] {processor.py:186} INFO - Started process (PID=187) to work on /home/airflow/.local/lib/python3.12/site-packages/airflow/example_dags/example_task_group.py
[2025-02-02T12:17:36.371+0000] {processor.py:914} INFO - Processing file /home/airflow/.local/lib/python3.12/site-packages/airflow/example_dags/example_task_group.py for tasks to queue
[2025-02-02T12:17:36.374+0000] {logging_mixin.py:190} INFO - [2025-02-02T12:17:36.373+0000] {dagbag.py:588} INFO - Filling up the DagBag from /home/airflow/.local/lib/python3.12/site-packages/airflow/example_dags/example_task_group.py
[2025-02-02T12:17:36.383+0000] {processor.py:925} INFO - DAG(s) 'example_task_group' retrieved from /home/airflow/.local/lib/python3.12/site-packages/airflow/example_dags/example_task_group.py
[2025-02-02T12:17:36.407+0000] {logging_mixin.py:190} INFO - [2025-02-02T12:17:36.407+0000] {dag.py:3239} INFO - Sync 1 DAGs
[2025-02-02T12:17:36.422+0000] {logging_mixin.py:190} INFO - [2025-02-02T12:17:36.421+0000] {dag.py:4180} INFO - Setting next_dagrun for example_task_group to None, run_after=None
[2025-02-02T12:17:36.448+0000] {processor.py:208} INFO - Processing /home/airflow/.local/lib/python3.12/site-packages/airflow/example_dags/example_task_group.py took 0.084 seconds
[2025-02-02T12:18:06.708+0000] {processor.py:186} INFO - Started process (PID=250) to work on /home/airflow/.local/lib/python3.12/site-packages/airflow/example_dags/example_task_group.py
[2025-02-02T12:18:06.709+0000] {processor.py:914} INFO - Processing file /home/airflow/.local/lib/python3.12/site-packages/airflow/example_dags/example_task_group.py for tasks to queue
[2025-02-02T12:18:06.712+0000] {logging_mixin.py:190} INFO - [2025-02-02T12:18:06.711+0000] {dagbag.py:588} INFO - Filling up the DagBag from /home/airflow/.local/lib/python3.12/site-packages/airflow/example_dags/example_task_group.py
[2025-02-02T12:18:06.720+0000] {processor.py:925} INFO - DAG(s) 'example_task_group' retrieved from /home/airflow/.local/lib/python3.12/site-packages/airflow/example_dags/example_task_group.py
[2025-02-02T12:18:06.744+0000] {logging_mixin.py:190} INFO - [2025-02-02T12:18:06.743+0000] {dag.py:3239} INFO - Sync 1 DAGs
[2025-02-02T12:18:06.760+0000] {logging_mixin.py:190} INFO - [2025-02-02T12:18:06.760+0000] {dag.py:4180} INFO - Setting next_dagrun for example_task_group to None, run_after=None
[2025-02-02T12:18:06.785+0000] {processor.py:208} INFO - Processing /home/airflow/.local/lib/python3.12/site-packages/airflow/example_dags/example_task_group.py took 0.083 seconds
[2025-02-02T12:18:37.955+0000] {processor.py:186} INFO - Started process (PID=313) to work on /home/airflow/.local/lib/python3.12/site-packages/airflow/example_dags/example_task_group.py
[2025-02-02T12:18:37.956+0000] {processor.py:914} INFO - Processing file /home/airflow/.local/lib/python3.12/site-packages/airflow/example_dags/example_task_group.py for tasks to queue
[2025-02-02T12:18:37.958+0000] {logging_mixin.py:190} INFO - [2025-02-02T12:18:37.958+0000] {dagbag.py:588} INFO - Filling up the DagBag from /home/airflow/.local/lib/python3.12/site-packages/airflow/example_dags/example_task_group.py
[2025-02-02T12:18:37.967+0000] {processor.py:925} INFO - DAG(s) 'example_task_group' retrieved from /home/airflow/.local/lib/python3.12/site-packages/airflow/example_dags/example_task_group.py
[2025-02-02T12:18:37.989+0000] {logging_mixin.py:190} INFO - [2025-02-02T12:18:37.989+0000] {dag.py:3239} INFO - Sync 1 DAGs
[2025-02-02T12:18:38.008+0000] {logging_mixin.py:190} INFO - [2025-02-02T12:18:38.007+0000] {dag.py:4180} INFO - Setting next_dagrun for example_task_group to None, run_after=None
[2025-02-02T12:18:38.039+0000] {processor.py:208} INFO - Processing /home/airflow/.local/lib/python3.12/site-packages/airflow/example_dags/example_task_group.py took 0.090 seconds
[2025-02-02T12:19:09.459+0000] {processor.py:186} INFO - Started process (PID=376) to work on /home/airflow/.local/lib/python3.12/site-packages/airflow/example_dags/example_task_group.py
[2025-02-02T12:19:09.460+0000] {processor.py:914} INFO - Processing file /home/airflow/.local/lib/python3.12/site-packages/airflow/example_dags/example_task_group.py for tasks to queue
[2025-02-02T12:19:09.462+0000] {logging_mixin.py:190} INFO - [2025-02-02T12:19:09.462+0000] {dagbag.py:588} INFO - Filling up the DagBag from /home/airflow/.local/lib/python3.12/site-packages/airflow/example_dags/example_task_group.py
[2025-02-02T12:19:09.471+0000] {processor.py:925} INFO - DAG(s) 'example_task_group' retrieved from /home/airflow/.local/lib/python3.12/site-packages/airflow/example_dags/example_task_group.py
[2025-02-02T12:19:09.498+0000] {logging_mixin.py:190} INFO - [2025-02-02T12:19:09.498+0000] {dag.py:3239} INFO - Sync 1 DAGs
[2025-02-02T12:19:09.515+0000] {logging_mixin.py:190} INFO - [2025-02-02T12:19:09.515+0000] {dag.py:4180} INFO - Setting next_dagrun for example_task_group to None, run_after=None
[2025-02-02T12:19:09.538+0000] {processor.py:208} INFO - Processing /home/airflow/.local/lib/python3.12/site-packages/airflow/example_dags/example_task_group.py took 0.085 seconds
[2025-02-02T12:19:41.737+0000] {processor.py:186} INFO - Started process (PID=439) to work on /home/airflow/.local/lib/python3.12/site-packages/airflow/example_dags/example_task_group.py
[2025-02-02T12:19:41.739+0000] {processor.py:914} INFO - Processing file /home/airflow/.local/lib/python3.12/site-packages/airflow/example_dags/example_task_group.py for tasks to queue
[2025-02-02T12:19:41.744+0000] {logging_mixin.py:190} INFO - [2025-02-02T12:19:41.743+0000] {dagbag.py:588} INFO - Filling up the DagBag from /home/airflow/.local/lib/python3.12/site-packages/airflow/example_dags/example_task_group.py
[2025-02-02T12:19:41.758+0000] {processor.py:925} INFO - DAG(s) 'example_task_group' retrieved from /home/airflow/.local/lib/python3.12/site-packages/airflow/example_dags/example_task_group.py
[2025-02-02T12:19:41.797+0000] {logging_mixin.py:190} INFO - [2025-02-02T12:19:41.796+0000] {dag.py:3239} INFO - Sync 1 DAGs
[2025-02-02T12:19:41.821+0000] {logging_mixin.py:190} INFO - [2025-02-02T12:19:41.821+0000] {dag.py:4180} INFO - Setting next_dagrun for example_task_group to None, run_after=None
[2025-02-02T12:19:41.858+0000] {processor.py:208} INFO - Processing /home/airflow/.local/lib/python3.12/site-packages/airflow/example_dags/example_task_group.py took 0.131 seconds
[2025-02-02T12:20:13.425+0000] {processor.py:186} INFO - Started process (PID=502) to work on /home/airflow/.local/lib/python3.12/site-packages/airflow/example_dags/example_task_group.py
[2025-02-02T12:20:13.427+0000] {processor.py:914} INFO - Processing file /home/airflow/.local/lib/python3.12/site-packages/airflow/example_dags/example_task_group.py for tasks to queue
[2025-02-02T12:20:13.431+0000] {logging_mixin.py:190} INFO - [2025-02-02T12:20:13.431+0000] {dagbag.py:588} INFO - Filling up the DagBag from /home/airflow/.local/lib/python3.12/site-packages/airflow/example_dags/example_task_group.py
[2025-02-02T12:20:13.446+0000] {processor.py:925} INFO - DAG(s) 'example_task_group' retrieved from /home/airflow/.local/lib/python3.12/site-packages/airflow/example_dags/example_task_group.py
[2025-02-02T12:20:13.480+0000] {logging_mixin.py:190} INFO - [2025-02-02T12:20:13.479+0000] {dag.py:3239} INFO - Sync 1 DAGs
[2025-02-02T12:20:13.503+0000] {logging_mixin.py:190} INFO - [2025-02-02T12:20:13.503+0000] {dag.py:4180} INFO - Setting next_dagrun for example_task_group to None, run_after=None
[2025-02-02T12:20:13.535+0000] {processor.py:208} INFO - Processing /home/airflow/.local/lib/python3.12/site-packages/airflow/example_dags/example_task_group.py took 0.120 seconds
[2025-02-02T16:18:50.535+0000] {processor.py:186} INFO - Started process (PID=55) to work on /home/airflow/.local/lib/python3.12/site-packages/airflow/example_dags/example_task_group.py
[2025-02-02T16:18:50.536+0000] {processor.py:914} INFO - Processing file /home/airflow/.local/lib/python3.12/site-packages/airflow/example_dags/example_task_group.py for tasks to queue
[2025-02-02T16:18:50.539+0000] {logging_mixin.py:190} INFO - [2025-02-02T16:18:50.538+0000] {dagbag.py:588} INFO - Filling up the DagBag from /home/airflow/.local/lib/python3.12/site-packages/airflow/example_dags/example_task_group.py
[2025-02-02T16:18:50.548+0000] {processor.py:925} INFO - DAG(s) 'example_task_group' retrieved from /home/airflow/.local/lib/python3.12/site-packages/airflow/example_dags/example_task_group.py
[2025-02-02T16:18:50.579+0000] {logging_mixin.py:190} INFO - [2025-02-02T16:18:50.579+0000] {dag.py:3239} INFO - Sync 1 DAGs
[2025-02-02T16:18:50.593+0000] {logging_mixin.py:190} INFO - [2025-02-02T16:18:50.592+0000] {dag.py:4180} INFO - Setting next_dagrun for example_task_group to None, run_after=None
[2025-02-02T16:18:50.616+0000] {processor.py:208} INFO - Processing /home/airflow/.local/lib/python3.12/site-packages/airflow/example_dags/example_task_group.py took 0.086 seconds
[2025-02-02T16:19:20.982+0000] {processor.py:186} INFO - Started process (PID=118) to work on /home/airflow/.local/lib/python3.12/site-packages/airflow/example_dags/example_task_group.py
[2025-02-02T16:19:20.983+0000] {processor.py:914} INFO - Processing file /home/airflow/.local/lib/python3.12/site-packages/airflow/example_dags/example_task_group.py for tasks to queue
[2025-02-02T16:19:20.986+0000] {logging_mixin.py:190} INFO - [2025-02-02T16:19:20.985+0000] {dagbag.py:588} INFO - Filling up the DagBag from /home/airflow/.local/lib/python3.12/site-packages/airflow/example_dags/example_task_group.py
[2025-02-02T16:19:20.994+0000] {processor.py:925} INFO - DAG(s) 'example_task_group' retrieved from /home/airflow/.local/lib/python3.12/site-packages/airflow/example_dags/example_task_group.py
[2025-02-02T16:19:21.017+0000] {logging_mixin.py:190} INFO - [2025-02-02T16:19:21.017+0000] {dag.py:3239} INFO - Sync 1 DAGs
[2025-02-02T16:19:21.031+0000] {logging_mixin.py:190} INFO - [2025-02-02T16:19:21.030+0000] {dag.py:4180} INFO - Setting next_dagrun for example_task_group to None, run_after=None
[2025-02-02T16:19:21.054+0000] {processor.py:208} INFO - Processing /home/airflow/.local/lib/python3.12/site-packages/airflow/example_dags/example_task_group.py took 0.078 seconds
[2025-02-02T16:19:52.157+0000] {processor.py:186} INFO - Started process (PID=181) to work on /home/airflow/.local/lib/python3.12/site-packages/airflow/example_dags/example_task_group.py
[2025-02-02T16:19:52.158+0000] {processor.py:914} INFO - Processing file /home/airflow/.local/lib/python3.12/site-packages/airflow/example_dags/example_task_group.py for tasks to queue
[2025-02-02T16:19:52.161+0000] {logging_mixin.py:190} INFO - [2025-02-02T16:19:52.161+0000] {dagbag.py:588} INFO - Filling up the DagBag from /home/airflow/.local/lib/python3.12/site-packages/airflow/example_dags/example_task_group.py
[2025-02-02T16:19:52.171+0000] {processor.py:925} INFO - DAG(s) 'example_task_group' retrieved from /home/airflow/.local/lib/python3.12/site-packages/airflow/example_dags/example_task_group.py
[2025-02-02T16:19:52.199+0000] {logging_mixin.py:190} INFO - [2025-02-02T16:19:52.199+0000] {dag.py:3239} INFO - Sync 1 DAGs
[2025-02-02T16:19:52.216+0000] {logging_mixin.py:190} INFO - [2025-02-02T16:19:52.216+0000] {dag.py:4180} INFO - Setting next_dagrun for example_task_group to None, run_after=None
[2025-02-02T16:19:52.243+0000] {processor.py:208} INFO - Processing /home/airflow/.local/lib/python3.12/site-packages/airflow/example_dags/example_task_group.py took 0.093 seconds
[2025-02-02T16:20:22.655+0000] {processor.py:186} INFO - Started process (PID=243) to work on /home/airflow/.local/lib/python3.12/site-packages/airflow/example_dags/example_task_group.py
[2025-02-02T16:20:22.656+0000] {processor.py:914} INFO - Processing file /home/airflow/.local/lib/python3.12/site-packages/airflow/example_dags/example_task_group.py for tasks to queue
[2025-02-02T16:20:22.659+0000] {logging_mixin.py:190} INFO - [2025-02-02T16:20:22.658+0000] {dagbag.py:588} INFO - Filling up the DagBag from /home/airflow/.local/lib/python3.12/site-packages/airflow/example_dags/example_task_group.py
[2025-02-02T16:20:22.667+0000] {processor.py:925} INFO - DAG(s) 'example_task_group' retrieved from /home/airflow/.local/lib/python3.12/site-packages/airflow/example_dags/example_task_group.py
[2025-02-02T16:20:22.688+0000] {logging_mixin.py:190} INFO - [2025-02-02T16:20:22.688+0000] {dag.py:3239} INFO - Sync 1 DAGs
[2025-02-02T16:20:22.704+0000] {logging_mixin.py:190} INFO - [2025-02-02T16:20:22.703+0000] {dag.py:4180} INFO - Setting next_dagrun for example_task_group to None, run_after=None
[2025-02-02T16:20:22.726+0000] {processor.py:208} INFO - Processing /home/airflow/.local/lib/python3.12/site-packages/airflow/example_dags/example_task_group.py took 0.076 seconds
[2025-02-02T16:20:52.923+0000] {processor.py:186} INFO - Started process (PID=306) to work on /home/airflow/.local/lib/python3.12/site-packages/airflow/example_dags/example_task_group.py
[2025-02-02T16:20:52.924+0000] {processor.py:914} INFO - Processing file /home/airflow/.local/lib/python3.12/site-packages/airflow/example_dags/example_task_group.py for tasks to queue
[2025-02-02T16:20:52.927+0000] {logging_mixin.py:190} INFO - [2025-02-02T16:20:52.926+0000] {dagbag.py:588} INFO - Filling up the DagBag from /home/airflow/.local/lib/python3.12/site-packages/airflow/example_dags/example_task_group.py
[2025-02-02T16:20:52.935+0000] {processor.py:925} INFO - DAG(s) 'example_task_group' retrieved from /home/airflow/.local/lib/python3.12/site-packages/airflow/example_dags/example_task_group.py
[2025-02-02T16:20:52.957+0000] {logging_mixin.py:190} INFO - [2025-02-02T16:20:52.957+0000] {dag.py:3239} INFO - Sync 1 DAGs
[2025-02-02T16:20:52.973+0000] {logging_mixin.py:190} INFO - [2025-02-02T16:20:52.972+0000] {dag.py:4180} INFO - Setting next_dagrun for example_task_group to None, run_after=None
[2025-02-02T16:20:52.995+0000] {processor.py:208} INFO - Processing /home/airflow/.local/lib/python3.12/site-packages/airflow/example_dags/example_task_group.py took 0.077 seconds
[2025-02-02T16:21:23.490+0000] {processor.py:186} INFO - Started process (PID=369) to work on /home/airflow/.local/lib/python3.12/site-packages/airflow/example_dags/example_task_group.py
[2025-02-02T16:21:23.491+0000] {processor.py:914} INFO - Processing file /home/airflow/.local/lib/python3.12/site-packages/airflow/example_dags/example_task_group.py for tasks to queue
[2025-02-02T16:21:23.493+0000] {logging_mixin.py:190} INFO - [2025-02-02T16:21:23.493+0000] {dagbag.py:588} INFO - Filling up the DagBag from /home/airflow/.local/lib/python3.12/site-packages/airflow/example_dags/example_task_group.py
[2025-02-02T16:21:23.501+0000] {processor.py:925} INFO - DAG(s) 'example_task_group' retrieved from /home/airflow/.local/lib/python3.12/site-packages/airflow/example_dags/example_task_group.py
[2025-02-02T16:21:23.523+0000] {logging_mixin.py:190} INFO - [2025-02-02T16:21:23.523+0000] {dag.py:3239} INFO - Sync 1 DAGs
[2025-02-02T16:21:23.536+0000] {logging_mixin.py:190} INFO - [2025-02-02T16:21:23.536+0000] {dag.py:4180} INFO - Setting next_dagrun for example_task_group to None, run_after=None
[2025-02-02T16:21:23.557+0000] {processor.py:208} INFO - Processing /home/airflow/.local/lib/python3.12/site-packages/airflow/example_dags/example_task_group.py took 0.073 seconds
[2025-02-02T16:21:53.901+0000] {processor.py:186} INFO - Started process (PID=431) to work on /home/airflow/.local/lib/python3.12/site-packages/airflow/example_dags/example_task_group.py
[2025-02-02T16:21:53.903+0000] {processor.py:914} INFO - Processing file /home/airflow/.local/lib/python3.12/site-packages/airflow/example_dags/example_task_group.py for tasks to queue
[2025-02-02T16:21:53.905+0000] {logging_mixin.py:190} INFO - [2025-02-02T16:21:53.905+0000] {dagbag.py:588} INFO - Filling up the DagBag from /home/airflow/.local/lib/python3.12/site-packages/airflow/example_dags/example_task_group.py
[2025-02-02T16:21:53.913+0000] {processor.py:925} INFO - DAG(s) 'example_task_group' retrieved from /home/airflow/.local/lib/python3.12/site-packages/airflow/example_dags/example_task_group.py
[2025-02-02T16:21:53.937+0000] {logging_mixin.py:190} INFO - [2025-02-02T16:21:53.937+0000] {dag.py:3239} INFO - Sync 1 DAGs
[2025-02-02T16:21:53.953+0000] {logging_mixin.py:190} INFO - [2025-02-02T16:21:53.953+0000] {dag.py:4180} INFO - Setting next_dagrun for example_task_group to None, run_after=None
[2025-02-02T16:21:53.977+0000] {processor.py:208} INFO - Processing /home/airflow/.local/lib/python3.12/site-packages/airflow/example_dags/example_task_group.py took 0.081 seconds
[2025-02-02T16:22:24.131+0000] {processor.py:186} INFO - Started process (PID=494) to work on /home/airflow/.local/lib/python3.12/site-packages/airflow/example_dags/example_task_group.py
[2025-02-02T16:22:24.132+0000] {processor.py:914} INFO - Processing file /home/airflow/.local/lib/python3.12/site-packages/airflow/example_dags/example_task_group.py for tasks to queue
[2025-02-02T16:22:24.136+0000] {logging_mixin.py:190} INFO - [2025-02-02T16:22:24.135+0000] {dagbag.py:588} INFO - Filling up the DagBag from /home/airflow/.local/lib/python3.12/site-packages/airflow/example_dags/example_task_group.py
[2025-02-02T16:22:24.148+0000] {processor.py:925} INFO - DAG(s) 'example_task_group' retrieved from /home/airflow/.local/lib/python3.12/site-packages/airflow/example_dags/example_task_group.py
[2025-02-02T16:22:24.175+0000] {logging_mixin.py:190} INFO - [2025-02-02T16:22:24.175+0000] {dag.py:3239} INFO - Sync 1 DAGs
[2025-02-02T16:22:24.193+0000] {logging_mixin.py:190} INFO - [2025-02-02T16:22:24.193+0000] {dag.py:4180} INFO - Setting next_dagrun for example_task_group to None, run_after=None
[2025-02-02T16:22:24.220+0000] {processor.py:208} INFO - Processing /home/airflow/.local/lib/python3.12/site-packages/airflow/example_dags/example_task_group.py took 0.097 seconds
[2025-02-02T16:22:54.803+0000] {processor.py:186} INFO - Started process (PID=557) to work on /home/airflow/.local/lib/python3.12/site-packages/airflow/example_dags/example_task_group.py
[2025-02-02T16:22:54.804+0000] {processor.py:914} INFO - Processing file /home/airflow/.local/lib/python3.12/site-packages/airflow/example_dags/example_task_group.py for tasks to queue
[2025-02-02T16:22:54.806+0000] {logging_mixin.py:190} INFO - [2025-02-02T16:22:54.806+0000] {dagbag.py:588} INFO - Filling up the DagBag from /home/airflow/.local/lib/python3.12/site-packages/airflow/example_dags/example_task_group.py
[2025-02-02T16:22:54.818+0000] {processor.py:925} INFO - DAG(s) 'example_task_group' retrieved from /home/airflow/.local/lib/python3.12/site-packages/airflow/example_dags/example_task_group.py
[2025-02-02T16:22:54.851+0000] {logging_mixin.py:190} INFO - [2025-02-02T16:22:54.851+0000] {dag.py:3239} INFO - Sync 1 DAGs
[2025-02-02T16:22:54.872+0000] {logging_mixin.py:190} INFO - [2025-02-02T16:22:54.871+0000] {dag.py:4180} INFO - Setting next_dagrun for example_task_group to None, run_after=None
[2025-02-02T16:22:54.904+0000] {processor.py:208} INFO - Processing /home/airflow/.local/lib/python3.12/site-packages/airflow/example_dags/example_task_group.py took 0.107 seconds
[2025-02-02T16:23:25.807+0000] {processor.py:186} INFO - Started process (PID=620) to work on /home/airflow/.local/lib/python3.12/site-packages/airflow/example_dags/example_task_group.py
[2025-02-02T16:23:25.808+0000] {processor.py:914} INFO - Processing file /home/airflow/.local/lib/python3.12/site-packages/airflow/example_dags/example_task_group.py for tasks to queue
[2025-02-02T16:23:25.811+0000] {logging_mixin.py:190} INFO - [2025-02-02T16:23:25.811+0000] {dagbag.py:588} INFO - Filling up the DagBag from /home/airflow/.local/lib/python3.12/site-packages/airflow/example_dags/example_task_group.py
[2025-02-02T16:23:25.820+0000] {processor.py:925} INFO - DAG(s) 'example_task_group' retrieved from /home/airflow/.local/lib/python3.12/site-packages/airflow/example_dags/example_task_group.py
[2025-02-02T16:23:25.845+0000] {logging_mixin.py:190} INFO - [2025-02-02T16:23:25.844+0000] {dag.py:3239} INFO - Sync 1 DAGs
[2025-02-02T16:23:25.859+0000] {logging_mixin.py:190} INFO - [2025-02-02T16:23:25.859+0000] {dag.py:4180} INFO - Setting next_dagrun for example_task_group to None, run_after=None
[2025-02-02T16:23:25.887+0000] {processor.py:208} INFO - Processing /home/airflow/.local/lib/python3.12/site-packages/airflow/example_dags/example_task_group.py took 0.086 seconds
[2025-02-02T16:23:56.178+0000] {processor.py:186} INFO - Started process (PID=683) to work on /home/airflow/.local/lib/python3.12/site-packages/airflow/example_dags/example_task_group.py
[2025-02-02T16:23:56.179+0000] {processor.py:914} INFO - Processing file /home/airflow/.local/lib/python3.12/site-packages/airflow/example_dags/example_task_group.py for tasks to queue
[2025-02-02T16:23:56.182+0000] {logging_mixin.py:190} INFO - [2025-02-02T16:23:56.181+0000] {dagbag.py:588} INFO - Filling up the DagBag from /home/airflow/.local/lib/python3.12/site-packages/airflow/example_dags/example_task_group.py
[2025-02-02T16:23:56.191+0000] {processor.py:925} INFO - DAG(s) 'example_task_group' retrieved from /home/airflow/.local/lib/python3.12/site-packages/airflow/example_dags/example_task_group.py
[2025-02-02T16:23:56.220+0000] {logging_mixin.py:190} INFO - [2025-02-02T16:23:56.220+0000] {dag.py:3239} INFO - Sync 1 DAGs
[2025-02-02T16:23:56.240+0000] {logging_mixin.py:190} INFO - [2025-02-02T16:23:56.239+0000] {dag.py:4180} INFO - Setting next_dagrun for example_task_group to None, run_after=None
[2025-02-02T16:23:56.264+0000] {processor.py:208} INFO - Processing /home/airflow/.local/lib/python3.12/site-packages/airflow/example_dags/example_task_group.py took 0.092 seconds
[2025-02-02T16:24:27.134+0000] {processor.py:186} INFO - Started process (PID=752) to work on /home/airflow/.local/lib/python3.12/site-packages/airflow/example_dags/example_task_group.py
[2025-02-02T16:24:27.135+0000] {processor.py:914} INFO - Processing file /home/airflow/.local/lib/python3.12/site-packages/airflow/example_dags/example_task_group.py for tasks to queue
[2025-02-02T16:24:27.137+0000] {logging_mixin.py:190} INFO - [2025-02-02T16:24:27.137+0000] {dagbag.py:588} INFO - Filling up the DagBag from /home/airflow/.local/lib/python3.12/site-packages/airflow/example_dags/example_task_group.py
[2025-02-02T16:24:27.146+0000] {processor.py:925} INFO - DAG(s) 'example_task_group' retrieved from /home/airflow/.local/lib/python3.12/site-packages/airflow/example_dags/example_task_group.py
[2025-02-02T16:24:27.172+0000] {logging_mixin.py:190} INFO - [2025-02-02T16:24:27.171+0000] {dag.py:3239} INFO - Sync 1 DAGs
[2025-02-02T16:24:27.190+0000] {logging_mixin.py:190} INFO - [2025-02-02T16:24:27.189+0000] {dag.py:4180} INFO - Setting next_dagrun for example_task_group to None, run_after=None
[2025-02-02T16:24:27.216+0000] {processor.py:208} INFO - Processing /home/airflow/.local/lib/python3.12/site-packages/airflow/example_dags/example_task_group.py took 0.087 seconds
[2025-02-02T16:24:57.431+0000] {processor.py:186} INFO - Started process (PID=815) to work on /home/airflow/.local/lib/python3.12/site-packages/airflow/example_dags/example_task_group.py
[2025-02-02T16:24:57.432+0000] {processor.py:914} INFO - Processing file /home/airflow/.local/lib/python3.12/site-packages/airflow/example_dags/example_task_group.py for tasks to queue
[2025-02-02T16:24:57.434+0000] {logging_mixin.py:190} INFO - [2025-02-02T16:24:57.434+0000] {dagbag.py:588} INFO - Filling up the DagBag from /home/airflow/.local/lib/python3.12/site-packages/airflow/example_dags/example_task_group.py
[2025-02-02T16:24:57.442+0000] {processor.py:925} INFO - DAG(s) 'example_task_group' retrieved from /home/airflow/.local/lib/python3.12/site-packages/airflow/example_dags/example_task_group.py
[2025-02-02T16:24:57.465+0000] {logging_mixin.py:190} INFO - [2025-02-02T16:24:57.465+0000] {dag.py:3239} INFO - Sync 1 DAGs
[2025-02-02T16:24:57.480+0000] {logging_mixin.py:190} INFO - [2025-02-02T16:24:57.480+0000] {dag.py:4180} INFO - Setting next_dagrun for example_task_group to None, run_after=None
[2025-02-02T16:24:57.504+0000] {processor.py:208} INFO - Processing /home/airflow/.local/lib/python3.12/site-packages/airflow/example_dags/example_task_group.py took 0.079 seconds
[2025-02-02T16:25:27.789+0000] {processor.py:186} INFO - Started process (PID=878) to work on /home/airflow/.local/lib/python3.12/site-packages/airflow/example_dags/example_task_group.py
[2025-02-02T16:25:27.790+0000] {processor.py:914} INFO - Processing file /home/airflow/.local/lib/python3.12/site-packages/airflow/example_dags/example_task_group.py for tasks to queue
[2025-02-02T16:25:27.794+0000] {logging_mixin.py:190} INFO - [2025-02-02T16:25:27.793+0000] {dagbag.py:588} INFO - Filling up the DagBag from /home/airflow/.local/lib/python3.12/site-packages/airflow/example_dags/example_task_group.py
[2025-02-02T16:25:27.803+0000] {processor.py:925} INFO - DAG(s) 'example_task_group' retrieved from /home/airflow/.local/lib/python3.12/site-packages/airflow/example_dags/example_task_group.py
[2025-02-02T16:25:27.826+0000] {logging_mixin.py:190} INFO - [2025-02-02T16:25:27.825+0000] {dag.py:3239} INFO - Sync 1 DAGs
[2025-02-02T16:25:27.843+0000] {logging_mixin.py:190} INFO - [2025-02-02T16:25:27.843+0000] {dag.py:4180} INFO - Setting next_dagrun for example_task_group to None, run_after=None
[2025-02-02T16:25:27.866+0000] {processor.py:208} INFO - Processing /home/airflow/.local/lib/python3.12/site-packages/airflow/example_dags/example_task_group.py took 0.082 seconds
