[2025-02-02T12:16:38.812+0000] {processor.py:186} INFO - Started process (PID=73) to work on /home/airflow/.local/lib/python3.12/site-packages/airflow/example_dags/tutorial_dag.py
[2025-02-02T12:16:38.813+0000] {processor.py:914} INFO - Processing file /home/airflow/.local/lib/python3.12/site-packages/airflow/example_dags/tutorial_dag.py for tasks to queue
[2025-02-02T12:16:38.816+0000] {logging_mixin.py:190} INFO - [2025-02-02T12:16:38.816+0000] {dagbag.py:588} INFO - Filling up the DagBag from /home/airflow/.local/lib/python3.12/site-packages/airflow/example_dags/tutorial_dag.py
[2025-02-02T12:16:38.825+0000] {processor.py:925} INFO - DAG(s) 'tutorial_dag' retrieved from /home/airflow/.local/lib/python3.12/site-packages/airflow/example_dags/tutorial_dag.py
[2025-02-02T12:16:38.938+0000] {logging_mixin.py:190} INFO - [2025-02-02T12:16:38.937+0000] {override.py:1911} INFO - Created Permission View: can read on DAG:tutorial_dag
[2025-02-02T12:16:38.951+0000] {logging_mixin.py:190} INFO - [2025-02-02T12:16:38.951+0000] {override.py:1911} INFO - Created Permission View: can edit on DAG:tutorial_dag
[2025-02-02T12:16:38.963+0000] {logging_mixin.py:190} INFO - [2025-02-02T12:16:38.962+0000] {override.py:1911} INFO - Created Permission View: can delete on DAG:tutorial_dag
[2025-02-02T12:16:38.974+0000] {logging_mixin.py:190} INFO - [2025-02-02T12:16:38.973+0000] {override.py:1911} INFO - Created Permission View: can read on DAG Run:tutorial_dag
[2025-02-02T12:16:38.983+0000] {logging_mixin.py:190} INFO - [2025-02-02T12:16:38.983+0000] {override.py:1911} INFO - Created Permission View: menu access on DAG Run:tutorial_dag
[2025-02-02T12:16:38.993+0000] {logging_mixin.py:190} INFO - [2025-02-02T12:16:38.993+0000] {override.py:1911} INFO - Created Permission View: can create on DAG Run:tutorial_dag
[2025-02-02T12:16:39.004+0000] {logging_mixin.py:190} INFO - [2025-02-02T12:16:39.004+0000] {override.py:1911} INFO - Created Permission View: can delete on DAG Run:tutorial_dag
[2025-02-02T12:16:39.005+0000] {logging_mixin.py:190} INFO - [2025-02-02T12:16:39.005+0000] {dag.py:3239} INFO - Sync 1 DAGs
[2025-02-02T12:16:39.019+0000] {logging_mixin.py:190} INFO - [2025-02-02T12:16:39.019+0000] {dag.py:3262} INFO - Creating ORM DAG for tutorial_dag
[2025-02-02T12:16:39.020+0000] {logging_mixin.py:190} INFO - [2025-02-02T12:16:39.020+0000] {dag.py:4180} INFO - Setting next_dagrun for tutorial_dag to None, run_after=None
[2025-02-02T12:16:39.042+0000] {processor.py:208} INFO - Processing /home/airflow/.local/lib/python3.12/site-packages/airflow/example_dags/tutorial_dag.py took 0.236 seconds
[2025-02-02T12:17:09.596+0000] {processor.py:186} INFO - Started process (PID=136) to work on /home/airflow/.local/lib/python3.12/site-packages/airflow/example_dags/tutorial_dag.py
[2025-02-02T12:17:09.597+0000] {processor.py:914} INFO - Processing file /home/airflow/.local/lib/python3.12/site-packages/airflow/example_dags/tutorial_dag.py for tasks to queue
[2025-02-02T12:17:09.600+0000] {logging_mixin.py:190} INFO - [2025-02-02T12:17:09.600+0000] {dagbag.py:588} INFO - Filling up the DagBag from /home/airflow/.local/lib/python3.12/site-packages/airflow/example_dags/tutorial_dag.py
[2025-02-02T12:17:09.609+0000] {processor.py:925} INFO - DAG(s) 'tutorial_dag' retrieved from /home/airflow/.local/lib/python3.12/site-packages/airflow/example_dags/tutorial_dag.py
[2025-02-02T12:17:09.634+0000] {logging_mixin.py:190} INFO - [2025-02-02T12:17:09.633+0000] {dag.py:3239} INFO - Sync 1 DAGs
[2025-02-02T12:17:09.649+0000] {logging_mixin.py:190} INFO - [2025-02-02T12:17:09.648+0000] {dag.py:4180} INFO - Setting next_dagrun for tutorial_dag to None, run_after=None
[2025-02-02T12:17:09.678+0000] {processor.py:208} INFO - Processing /home/airflow/.local/lib/python3.12/site-packages/airflow/example_dags/tutorial_dag.py took 0.089 seconds
[2025-02-02T12:17:41.602+0000] {processor.py:186} INFO - Started process (PID=199) to work on /home/airflow/.local/lib/python3.12/site-packages/airflow/example_dags/tutorial_dag.py
[2025-02-02T12:17:41.603+0000] {processor.py:914} INFO - Processing file /home/airflow/.local/lib/python3.12/site-packages/airflow/example_dags/tutorial_dag.py for tasks to queue
[2025-02-02T12:17:41.606+0000] {logging_mixin.py:190} INFO - [2025-02-02T12:17:41.605+0000] {dagbag.py:588} INFO - Filling up the DagBag from /home/airflow/.local/lib/python3.12/site-packages/airflow/example_dags/tutorial_dag.py
[2025-02-02T12:17:41.613+0000] {processor.py:925} INFO - DAG(s) 'tutorial_dag' retrieved from /home/airflow/.local/lib/python3.12/site-packages/airflow/example_dags/tutorial_dag.py
[2025-02-02T12:17:41.635+0000] {logging_mixin.py:190} INFO - [2025-02-02T12:17:41.634+0000] {dag.py:3239} INFO - Sync 1 DAGs
[2025-02-02T12:17:41.649+0000] {logging_mixin.py:190} INFO - [2025-02-02T12:17:41.649+0000] {dag.py:4180} INFO - Setting next_dagrun for tutorial_dag to None, run_after=None
[2025-02-02T12:17:41.672+0000] {processor.py:208} INFO - Processing /home/airflow/.local/lib/python3.12/site-packages/airflow/example_dags/tutorial_dag.py took 0.075 seconds
[2025-02-02T12:18:12.673+0000] {processor.py:186} INFO - Started process (PID=262) to work on /home/airflow/.local/lib/python3.12/site-packages/airflow/example_dags/tutorial_dag.py
[2025-02-02T12:18:12.674+0000] {processor.py:914} INFO - Processing file /home/airflow/.local/lib/python3.12/site-packages/airflow/example_dags/tutorial_dag.py for tasks to queue
[2025-02-02T12:18:12.677+0000] {logging_mixin.py:190} INFO - [2025-02-02T12:18:12.677+0000] {dagbag.py:588} INFO - Filling up the DagBag from /home/airflow/.local/lib/python3.12/site-packages/airflow/example_dags/tutorial_dag.py
[2025-02-02T12:18:12.685+0000] {processor.py:925} INFO - DAG(s) 'tutorial_dag' retrieved from /home/airflow/.local/lib/python3.12/site-packages/airflow/example_dags/tutorial_dag.py
[2025-02-02T12:18:12.706+0000] {logging_mixin.py:190} INFO - [2025-02-02T12:18:12.706+0000] {dag.py:3239} INFO - Sync 1 DAGs
[2025-02-02T12:18:12.721+0000] {logging_mixin.py:190} INFO - [2025-02-02T12:18:12.721+0000] {dag.py:4180} INFO - Setting next_dagrun for tutorial_dag to None, run_after=None
[2025-02-02T12:18:12.745+0000] {processor.py:208} INFO - Processing /home/airflow/.local/lib/python3.12/site-packages/airflow/example_dags/tutorial_dag.py took 0.079 seconds
[2025-02-02T12:18:43.426+0000] {processor.py:186} INFO - Started process (PID=324) to work on /home/airflow/.local/lib/python3.12/site-packages/airflow/example_dags/tutorial_dag.py
[2025-02-02T12:18:43.428+0000] {processor.py:914} INFO - Processing file /home/airflow/.local/lib/python3.12/site-packages/airflow/example_dags/tutorial_dag.py for tasks to queue
[2025-02-02T12:18:43.431+0000] {logging_mixin.py:190} INFO - [2025-02-02T12:18:43.430+0000] {dagbag.py:588} INFO - Filling up the DagBag from /home/airflow/.local/lib/python3.12/site-packages/airflow/example_dags/tutorial_dag.py
[2025-02-02T12:18:43.443+0000] {processor.py:925} INFO - DAG(s) 'tutorial_dag' retrieved from /home/airflow/.local/lib/python3.12/site-packages/airflow/example_dags/tutorial_dag.py
[2025-02-02T12:18:43.473+0000] {logging_mixin.py:190} INFO - [2025-02-02T12:18:43.472+0000] {dag.py:3239} INFO - Sync 1 DAGs
[2025-02-02T12:18:43.491+0000] {logging_mixin.py:190} INFO - [2025-02-02T12:18:43.491+0000] {dag.py:4180} INFO - Setting next_dagrun for tutorial_dag to None, run_after=None
[2025-02-02T12:18:43.522+0000] {processor.py:208} INFO - Processing /home/airflow/.local/lib/python3.12/site-packages/airflow/example_dags/tutorial_dag.py took 0.104 seconds
[2025-02-02T12:19:14.921+0000] {processor.py:186} INFO - Started process (PID=388) to work on /home/airflow/.local/lib/python3.12/site-packages/airflow/example_dags/tutorial_dag.py
[2025-02-02T12:19:14.922+0000] {processor.py:914} INFO - Processing file /home/airflow/.local/lib/python3.12/site-packages/airflow/example_dags/tutorial_dag.py for tasks to queue
[2025-02-02T12:19:14.924+0000] {logging_mixin.py:190} INFO - [2025-02-02T12:19:14.924+0000] {dagbag.py:588} INFO - Filling up the DagBag from /home/airflow/.local/lib/python3.12/site-packages/airflow/example_dags/tutorial_dag.py
[2025-02-02T12:19:14.931+0000] {processor.py:925} INFO - DAG(s) 'tutorial_dag' retrieved from /home/airflow/.local/lib/python3.12/site-packages/airflow/example_dags/tutorial_dag.py
[2025-02-02T12:19:14.952+0000] {logging_mixin.py:190} INFO - [2025-02-02T12:19:14.952+0000] {dag.py:3239} INFO - Sync 1 DAGs
[2025-02-02T12:19:14.966+0000] {logging_mixin.py:190} INFO - [2025-02-02T12:19:14.965+0000] {dag.py:4180} INFO - Setting next_dagrun for tutorial_dag to None, run_after=None
[2025-02-02T12:19:14.988+0000] {processor.py:208} INFO - Processing /home/airflow/.local/lib/python3.12/site-packages/airflow/example_dags/tutorial_dag.py took 0.073 seconds
[2025-02-02T12:19:47.036+0000] {processor.py:186} INFO - Started process (PID=451) to work on /home/airflow/.local/lib/python3.12/site-packages/airflow/example_dags/tutorial_dag.py
[2025-02-02T12:19:47.038+0000] {processor.py:914} INFO - Processing file /home/airflow/.local/lib/python3.12/site-packages/airflow/example_dags/tutorial_dag.py for tasks to queue
[2025-02-02T12:19:47.040+0000] {logging_mixin.py:190} INFO - [2025-02-02T12:19:47.039+0000] {dagbag.py:588} INFO - Filling up the DagBag from /home/airflow/.local/lib/python3.12/site-packages/airflow/example_dags/tutorial_dag.py
[2025-02-02T12:19:47.048+0000] {processor.py:925} INFO - DAG(s) 'tutorial_dag' retrieved from /home/airflow/.local/lib/python3.12/site-packages/airflow/example_dags/tutorial_dag.py
[2025-02-02T12:19:47.072+0000] {logging_mixin.py:190} INFO - [2025-02-02T12:19:47.072+0000] {dag.py:3239} INFO - Sync 1 DAGs
[2025-02-02T12:19:47.090+0000] {logging_mixin.py:190} INFO - [2025-02-02T12:19:47.089+0000] {dag.py:4180} INFO - Setting next_dagrun for tutorial_dag to None, run_after=None
[2025-02-02T12:19:47.114+0000] {processor.py:208} INFO - Processing /home/airflow/.local/lib/python3.12/site-packages/airflow/example_dags/tutorial_dag.py took 0.083 seconds
[2025-02-02T12:20:19.026+0000] {processor.py:186} INFO - Started process (PID=514) to work on /home/airflow/.local/lib/python3.12/site-packages/airflow/example_dags/tutorial_dag.py
[2025-02-02T12:20:19.028+0000] {processor.py:914} INFO - Processing file /home/airflow/.local/lib/python3.12/site-packages/airflow/example_dags/tutorial_dag.py for tasks to queue
[2025-02-02T12:20:19.033+0000] {logging_mixin.py:190} INFO - [2025-02-02T12:20:19.032+0000] {dagbag.py:588} INFO - Filling up the DagBag from /home/airflow/.local/lib/python3.12/site-packages/airflow/example_dags/tutorial_dag.py
[2025-02-02T12:20:19.048+0000] {processor.py:925} INFO - DAG(s) 'tutorial_dag' retrieved from /home/airflow/.local/lib/python3.12/site-packages/airflow/example_dags/tutorial_dag.py
[2025-02-02T12:20:19.081+0000] {logging_mixin.py:190} INFO - [2025-02-02T12:20:19.081+0000] {dag.py:3239} INFO - Sync 1 DAGs
[2025-02-02T12:20:19.104+0000] {logging_mixin.py:190} INFO - [2025-02-02T12:20:19.103+0000] {dag.py:4180} INFO - Setting next_dagrun for tutorial_dag to None, run_after=None
[2025-02-02T12:20:19.140+0000] {processor.py:208} INFO - Processing /home/airflow/.local/lib/python3.12/site-packages/airflow/example_dags/tutorial_dag.py took 0.122 seconds
[2025-02-02T16:18:52.422+0000] {processor.py:186} INFO - Started process (PID=67) to work on /home/airflow/.local/lib/python3.12/site-packages/airflow/example_dags/tutorial_dag.py
[2025-02-02T16:18:52.424+0000] {processor.py:914} INFO - Processing file /home/airflow/.local/lib/python3.12/site-packages/airflow/example_dags/tutorial_dag.py for tasks to queue
[2025-02-02T16:18:52.426+0000] {logging_mixin.py:190} INFO - [2025-02-02T16:18:52.426+0000] {dagbag.py:588} INFO - Filling up the DagBag from /home/airflow/.local/lib/python3.12/site-packages/airflow/example_dags/tutorial_dag.py
[2025-02-02T16:18:52.433+0000] {processor.py:925} INFO - DAG(s) 'tutorial_dag' retrieved from /home/airflow/.local/lib/python3.12/site-packages/airflow/example_dags/tutorial_dag.py
[2025-02-02T16:18:52.459+0000] {logging_mixin.py:190} INFO - [2025-02-02T16:18:52.459+0000] {dag.py:3239} INFO - Sync 1 DAGs
[2025-02-02T16:18:52.473+0000] {logging_mixin.py:190} INFO - [2025-02-02T16:18:52.473+0000] {dag.py:4180} INFO - Setting next_dagrun for tutorial_dag to None, run_after=None
[2025-02-02T16:18:52.494+0000] {processor.py:208} INFO - Processing /home/airflow/.local/lib/python3.12/site-packages/airflow/example_dags/tutorial_dag.py took 0.076 seconds
[2025-02-02T16:19:23.690+0000] {processor.py:186} INFO - Started process (PID=130) to work on /home/airflow/.local/lib/python3.12/site-packages/airflow/example_dags/tutorial_dag.py
[2025-02-02T16:19:23.692+0000] {processor.py:914} INFO - Processing file /home/airflow/.local/lib/python3.12/site-packages/airflow/example_dags/tutorial_dag.py for tasks to queue
[2025-02-02T16:19:23.694+0000] {logging_mixin.py:190} INFO - [2025-02-02T16:19:23.694+0000] {dagbag.py:588} INFO - Filling up the DagBag from /home/airflow/.local/lib/python3.12/site-packages/airflow/example_dags/tutorial_dag.py
[2025-02-02T16:19:23.702+0000] {processor.py:925} INFO - DAG(s) 'tutorial_dag' retrieved from /home/airflow/.local/lib/python3.12/site-packages/airflow/example_dags/tutorial_dag.py
[2025-02-02T16:19:23.723+0000] {logging_mixin.py:190} INFO - [2025-02-02T16:19:23.723+0000] {dag.py:3239} INFO - Sync 1 DAGs
[2025-02-02T16:19:23.738+0000] {logging_mixin.py:190} INFO - [2025-02-02T16:19:23.738+0000] {dag.py:4180} INFO - Setting next_dagrun for tutorial_dag to None, run_after=None
[2025-02-02T16:19:23.764+0000] {processor.py:208} INFO - Processing /home/airflow/.local/lib/python3.12/site-packages/airflow/example_dags/tutorial_dag.py took 0.081 seconds
[2025-02-02T16:19:54.896+0000] {processor.py:186} INFO - Started process (PID=193) to work on /home/airflow/.local/lib/python3.12/site-packages/airflow/example_dags/tutorial_dag.py
[2025-02-02T16:19:54.898+0000] {processor.py:914} INFO - Processing file /home/airflow/.local/lib/python3.12/site-packages/airflow/example_dags/tutorial_dag.py for tasks to queue
[2025-02-02T16:19:54.901+0000] {logging_mixin.py:190} INFO - [2025-02-02T16:19:54.900+0000] {dagbag.py:588} INFO - Filling up the DagBag from /home/airflow/.local/lib/python3.12/site-packages/airflow/example_dags/tutorial_dag.py
[2025-02-02T16:19:54.909+0000] {processor.py:925} INFO - DAG(s) 'tutorial_dag' retrieved from /home/airflow/.local/lib/python3.12/site-packages/airflow/example_dags/tutorial_dag.py
[2025-02-02T16:19:54.932+0000] {logging_mixin.py:190} INFO - [2025-02-02T16:19:54.932+0000] {dag.py:3239} INFO - Sync 1 DAGs
[2025-02-02T16:19:54.949+0000] {logging_mixin.py:190} INFO - [2025-02-02T16:19:54.949+0000] {dag.py:4180} INFO - Setting next_dagrun for tutorial_dag to None, run_after=None
[2025-02-02T16:19:54.974+0000] {processor.py:208} INFO - Processing /home/airflow/.local/lib/python3.12/site-packages/airflow/example_dags/tutorial_dag.py took 0.085 seconds
[2025-02-02T16:20:25.617+0000] {processor.py:186} INFO - Started process (PID=255) to work on /home/airflow/.local/lib/python3.12/site-packages/airflow/example_dags/tutorial_dag.py
[2025-02-02T16:20:25.618+0000] {processor.py:914} INFO - Processing file /home/airflow/.local/lib/python3.12/site-packages/airflow/example_dags/tutorial_dag.py for tasks to queue
[2025-02-02T16:20:25.620+0000] {logging_mixin.py:190} INFO - [2025-02-02T16:20:25.620+0000] {dagbag.py:588} INFO - Filling up the DagBag from /home/airflow/.local/lib/python3.12/site-packages/airflow/example_dags/tutorial_dag.py
[2025-02-02T16:20:25.627+0000] {processor.py:925} INFO - DAG(s) 'tutorial_dag' retrieved from /home/airflow/.local/lib/python3.12/site-packages/airflow/example_dags/tutorial_dag.py
[2025-02-02T16:20:25.647+0000] {logging_mixin.py:190} INFO - [2025-02-02T16:20:25.647+0000] {dag.py:3239} INFO - Sync 1 DAGs
[2025-02-02T16:20:25.660+0000] {logging_mixin.py:190} INFO - [2025-02-02T16:20:25.660+0000] {dag.py:4180} INFO - Setting next_dagrun for tutorial_dag to None, run_after=None
[2025-02-02T16:20:25.681+0000] {processor.py:208} INFO - Processing /home/airflow/.local/lib/python3.12/site-packages/airflow/example_dags/tutorial_dag.py took 0.069 seconds
[2025-02-02T16:20:57.081+0000] {processor.py:186} INFO - Started process (PID=325) to work on /home/airflow/.local/lib/python3.12/site-packages/airflow/example_dags/tutorial_dag.py
[2025-02-02T16:20:57.082+0000] {processor.py:914} INFO - Processing file /home/airflow/.local/lib/python3.12/site-packages/airflow/example_dags/tutorial_dag.py for tasks to queue
[2025-02-02T16:20:57.084+0000] {logging_mixin.py:190} INFO - [2025-02-02T16:20:57.084+0000] {dagbag.py:588} INFO - Filling up the DagBag from /home/airflow/.local/lib/python3.12/site-packages/airflow/example_dags/tutorial_dag.py
[2025-02-02T16:20:57.092+0000] {processor.py:925} INFO - DAG(s) 'tutorial_dag' retrieved from /home/airflow/.local/lib/python3.12/site-packages/airflow/example_dags/tutorial_dag.py
[2025-02-02T16:20:57.112+0000] {logging_mixin.py:190} INFO - [2025-02-02T16:20:57.111+0000] {dag.py:3239} INFO - Sync 1 DAGs
[2025-02-02T16:20:57.127+0000] {logging_mixin.py:190} INFO - [2025-02-02T16:20:57.126+0000] {dag.py:4180} INFO - Setting next_dagrun for tutorial_dag to None, run_after=None
[2025-02-02T16:20:57.149+0000] {processor.py:208} INFO - Processing /home/airflow/.local/lib/python3.12/site-packages/airflow/example_dags/tutorial_dag.py took 0.073 seconds
[2025-02-02T16:21:27.988+0000] {processor.py:186} INFO - Started process (PID=387) to work on /home/airflow/.local/lib/python3.12/site-packages/airflow/example_dags/tutorial_dag.py
[2025-02-02T16:21:27.989+0000] {processor.py:914} INFO - Processing file /home/airflow/.local/lib/python3.12/site-packages/airflow/example_dags/tutorial_dag.py for tasks to queue
[2025-02-02T16:21:27.991+0000] {logging_mixin.py:190} INFO - [2025-02-02T16:21:27.991+0000] {dagbag.py:588} INFO - Filling up the DagBag from /home/airflow/.local/lib/python3.12/site-packages/airflow/example_dags/tutorial_dag.py
[2025-02-02T16:21:27.998+0000] {processor.py:925} INFO - DAG(s) 'tutorial_dag' retrieved from /home/airflow/.local/lib/python3.12/site-packages/airflow/example_dags/tutorial_dag.py
[2025-02-02T16:21:28.018+0000] {logging_mixin.py:190} INFO - [2025-02-02T16:21:28.018+0000] {dag.py:3239} INFO - Sync 1 DAGs
[2025-02-02T16:21:28.032+0000] {logging_mixin.py:190} INFO - [2025-02-02T16:21:28.032+0000] {dag.py:4180} INFO - Setting next_dagrun for tutorial_dag to None, run_after=None
[2025-02-02T16:21:28.052+0000] {processor.py:208} INFO - Processing /home/airflow/.local/lib/python3.12/site-packages/airflow/example_dags/tutorial_dag.py took 0.069 seconds
[2025-02-02T16:21:58.744+0000] {processor.py:186} INFO - Started process (PID=450) to work on /home/airflow/.local/lib/python3.12/site-packages/airflow/example_dags/tutorial_dag.py
[2025-02-02T16:21:58.745+0000] {processor.py:914} INFO - Processing file /home/airflow/.local/lib/python3.12/site-packages/airflow/example_dags/tutorial_dag.py for tasks to queue
[2025-02-02T16:21:58.748+0000] {logging_mixin.py:190} INFO - [2025-02-02T16:21:58.747+0000] {dagbag.py:588} INFO - Filling up the DagBag from /home/airflow/.local/lib/python3.12/site-packages/airflow/example_dags/tutorial_dag.py
[2025-02-02T16:21:58.754+0000] {processor.py:925} INFO - DAG(s) 'tutorial_dag' retrieved from /home/airflow/.local/lib/python3.12/site-packages/airflow/example_dags/tutorial_dag.py
[2025-02-02T16:21:58.775+0000] {logging_mixin.py:190} INFO - [2025-02-02T16:21:58.775+0000] {dag.py:3239} INFO - Sync 1 DAGs
[2025-02-02T16:21:58.788+0000] {logging_mixin.py:190} INFO - [2025-02-02T16:21:58.788+0000] {dag.py:4180} INFO - Setting next_dagrun for tutorial_dag to None, run_after=None
[2025-02-02T16:21:58.813+0000] {processor.py:208} INFO - Processing /home/airflow/.local/lib/python3.12/site-packages/airflow/example_dags/tutorial_dag.py took 0.074 seconds
[2025-02-02T16:22:30.070+0000] {processor.py:186} INFO - Started process (PID=513) to work on /home/airflow/.local/lib/python3.12/site-packages/airflow/example_dags/tutorial_dag.py
[2025-02-02T16:22:30.071+0000] {processor.py:914} INFO - Processing file /home/airflow/.local/lib/python3.12/site-packages/airflow/example_dags/tutorial_dag.py for tasks to queue
[2025-02-02T16:22:30.073+0000] {logging_mixin.py:190} INFO - [2025-02-02T16:22:30.073+0000] {dagbag.py:588} INFO - Filling up the DagBag from /home/airflow/.local/lib/python3.12/site-packages/airflow/example_dags/tutorial_dag.py
[2025-02-02T16:22:30.080+0000] {processor.py:925} INFO - DAG(s) 'tutorial_dag' retrieved from /home/airflow/.local/lib/python3.12/site-packages/airflow/example_dags/tutorial_dag.py
[2025-02-02T16:22:30.101+0000] {logging_mixin.py:190} INFO - [2025-02-02T16:22:30.101+0000] {dag.py:3239} INFO - Sync 1 DAGs
[2025-02-02T16:22:30.116+0000] {logging_mixin.py:190} INFO - [2025-02-02T16:22:30.116+0000] {dag.py:4180} INFO - Setting next_dagrun for tutorial_dag to None, run_after=None
[2025-02-02T16:22:30.137+0000] {processor.py:208} INFO - Processing /home/airflow/.local/lib/python3.12/site-packages/airflow/example_dags/tutorial_dag.py took 0.072 seconds
[2025-02-02T16:23:01.090+0000] {processor.py:186} INFO - Started process (PID=576) to work on /home/airflow/.local/lib/python3.12/site-packages/airflow/example_dags/tutorial_dag.py
[2025-02-02T16:23:01.091+0000] {processor.py:914} INFO - Processing file /home/airflow/.local/lib/python3.12/site-packages/airflow/example_dags/tutorial_dag.py for tasks to queue
[2025-02-02T16:23:01.094+0000] {logging_mixin.py:190} INFO - [2025-02-02T16:23:01.094+0000] {dagbag.py:588} INFO - Filling up the DagBag from /home/airflow/.local/lib/python3.12/site-packages/airflow/example_dags/tutorial_dag.py
[2025-02-02T16:23:01.101+0000] {processor.py:925} INFO - DAG(s) 'tutorial_dag' retrieved from /home/airflow/.local/lib/python3.12/site-packages/airflow/example_dags/tutorial_dag.py
[2025-02-02T16:23:01.121+0000] {logging_mixin.py:190} INFO - [2025-02-02T16:23:01.121+0000] {dag.py:3239} INFO - Sync 1 DAGs
[2025-02-02T16:23:01.137+0000] {logging_mixin.py:190} INFO - [2025-02-02T16:23:01.136+0000] {dag.py:4180} INFO - Setting next_dagrun for tutorial_dag to None, run_after=None
[2025-02-02T16:23:01.159+0000] {processor.py:208} INFO - Processing /home/airflow/.local/lib/python3.12/site-packages/airflow/example_dags/tutorial_dag.py took 0.074 seconds
[2025-02-02T16:23:32.431+0000] {processor.py:186} INFO - Started process (PID=639) to work on /home/airflow/.local/lib/python3.12/site-packages/airflow/example_dags/tutorial_dag.py
[2025-02-02T16:23:32.433+0000] {processor.py:914} INFO - Processing file /home/airflow/.local/lib/python3.12/site-packages/airflow/example_dags/tutorial_dag.py for tasks to queue
[2025-02-02T16:23:32.436+0000] {logging_mixin.py:190} INFO - [2025-02-02T16:23:32.436+0000] {dagbag.py:588} INFO - Filling up the DagBag from /home/airflow/.local/lib/python3.12/site-packages/airflow/example_dags/tutorial_dag.py
[2025-02-02T16:23:32.443+0000] {processor.py:925} INFO - DAG(s) 'tutorial_dag' retrieved from /home/airflow/.local/lib/python3.12/site-packages/airflow/example_dags/tutorial_dag.py
[2025-02-02T16:23:32.465+0000] {logging_mixin.py:190} INFO - [2025-02-02T16:23:32.465+0000] {dag.py:3239} INFO - Sync 1 DAGs
[2025-02-02T16:23:32.480+0000] {logging_mixin.py:190} INFO - [2025-02-02T16:23:32.480+0000] {dag.py:4180} INFO - Setting next_dagrun for tutorial_dag to None, run_after=None
[2025-02-02T16:23:32.504+0000] {processor.py:208} INFO - Processing /home/airflow/.local/lib/python3.12/site-packages/airflow/example_dags/tutorial_dag.py took 0.078 seconds
[2025-02-02T16:24:03.265+0000] {processor.py:186} INFO - Started process (PID=702) to work on /home/airflow/.local/lib/python3.12/site-packages/airflow/example_dags/tutorial_dag.py
[2025-02-02T16:24:03.266+0000] {processor.py:914} INFO - Processing file /home/airflow/.local/lib/python3.12/site-packages/airflow/example_dags/tutorial_dag.py for tasks to queue
[2025-02-02T16:24:03.269+0000] {logging_mixin.py:190} INFO - [2025-02-02T16:24:03.269+0000] {dagbag.py:588} INFO - Filling up the DagBag from /home/airflow/.local/lib/python3.12/site-packages/airflow/example_dags/tutorial_dag.py
[2025-02-02T16:24:03.277+0000] {processor.py:925} INFO - DAG(s) 'tutorial_dag' retrieved from /home/airflow/.local/lib/python3.12/site-packages/airflow/example_dags/tutorial_dag.py
[2025-02-02T16:24:03.299+0000] {logging_mixin.py:190} INFO - [2025-02-02T16:24:03.298+0000] {dag.py:3239} INFO - Sync 1 DAGs
[2025-02-02T16:24:03.316+0000] {logging_mixin.py:190} INFO - [2025-02-02T16:24:03.316+0000] {dag.py:4180} INFO - Setting next_dagrun for tutorial_dag to None, run_after=None
[2025-02-02T16:24:03.340+0000] {processor.py:208} INFO - Processing /home/airflow/.local/lib/python3.12/site-packages/airflow/example_dags/tutorial_dag.py took 0.081 seconds
[2025-02-02T16:24:34.974+0000] {processor.py:186} INFO - Started process (PID=765) to work on /home/airflow/.local/lib/python3.12/site-packages/airflow/example_dags/tutorial_dag.py
[2025-02-02T16:24:34.975+0000] {processor.py:914} INFO - Processing file /home/airflow/.local/lib/python3.12/site-packages/airflow/example_dags/tutorial_dag.py for tasks to queue
[2025-02-02T16:24:34.980+0000] {logging_mixin.py:190} INFO - [2025-02-02T16:24:34.979+0000] {dagbag.py:588} INFO - Filling up the DagBag from /home/airflow/.local/lib/python3.12/site-packages/airflow/example_dags/tutorial_dag.py
[2025-02-02T16:24:34.991+0000] {processor.py:925} INFO - DAG(s) 'tutorial_dag' retrieved from /home/airflow/.local/lib/python3.12/site-packages/airflow/example_dags/tutorial_dag.py
[2025-02-02T16:24:35.019+0000] {logging_mixin.py:190} INFO - [2025-02-02T16:24:35.018+0000] {dag.py:3239} INFO - Sync 1 DAGs
[2025-02-02T16:24:35.041+0000] {logging_mixin.py:190} INFO - [2025-02-02T16:24:35.040+0000] {dag.py:4180} INFO - Setting next_dagrun for tutorial_dag to None, run_after=None
[2025-02-02T16:24:35.067+0000] {processor.py:208} INFO - Processing /home/airflow/.local/lib/python3.12/site-packages/airflow/example_dags/tutorial_dag.py took 0.100 seconds
[2025-02-02T16:25:05.983+0000] {processor.py:186} INFO - Started process (PID=828) to work on /home/airflow/.local/lib/python3.12/site-packages/airflow/example_dags/tutorial_dag.py
[2025-02-02T16:25:05.984+0000] {processor.py:914} INFO - Processing file /home/airflow/.local/lib/python3.12/site-packages/airflow/example_dags/tutorial_dag.py for tasks to queue
[2025-02-02T16:25:05.987+0000] {logging_mixin.py:190} INFO - [2025-02-02T16:25:05.987+0000] {dagbag.py:588} INFO - Filling up the DagBag from /home/airflow/.local/lib/python3.12/site-packages/airflow/example_dags/tutorial_dag.py
[2025-02-02T16:25:05.995+0000] {processor.py:925} INFO - DAG(s) 'tutorial_dag' retrieved from /home/airflow/.local/lib/python3.12/site-packages/airflow/example_dags/tutorial_dag.py
[2025-02-02T16:25:06.018+0000] {logging_mixin.py:190} INFO - [2025-02-02T16:25:06.018+0000] {dag.py:3239} INFO - Sync 1 DAGs
[2025-02-02T16:25:06.034+0000] {logging_mixin.py:190} INFO - [2025-02-02T16:25:06.034+0000] {dag.py:4180} INFO - Setting next_dagrun for tutorial_dag to None, run_after=None
[2025-02-02T16:25:06.059+0000] {processor.py:208} INFO - Processing /home/airflow/.local/lib/python3.12/site-packages/airflow/example_dags/tutorial_dag.py took 0.082 seconds
[2025-02-02T16:25:37.520+0000] {processor.py:186} INFO - Started process (PID=891) to work on /home/airflow/.local/lib/python3.12/site-packages/airflow/example_dags/tutorial_dag.py
[2025-02-02T16:25:37.522+0000] {processor.py:914} INFO - Processing file /home/airflow/.local/lib/python3.12/site-packages/airflow/example_dags/tutorial_dag.py for tasks to queue
[2025-02-02T16:25:37.524+0000] {logging_mixin.py:190} INFO - [2025-02-02T16:25:37.524+0000] {dagbag.py:588} INFO - Filling up the DagBag from /home/airflow/.local/lib/python3.12/site-packages/airflow/example_dags/tutorial_dag.py
[2025-02-02T16:25:37.532+0000] {processor.py:925} INFO - DAG(s) 'tutorial_dag' retrieved from /home/airflow/.local/lib/python3.12/site-packages/airflow/example_dags/tutorial_dag.py
[2025-02-02T16:25:37.556+0000] {logging_mixin.py:190} INFO - [2025-02-02T16:25:37.556+0000] {dag.py:3239} INFO - Sync 1 DAGs
[2025-02-02T16:25:37.571+0000] {logging_mixin.py:190} INFO - [2025-02-02T16:25:37.571+0000] {dag.py:4180} INFO - Setting next_dagrun for tutorial_dag to None, run_after=None
[2025-02-02T16:25:37.598+0000] {processor.py:208} INFO - Processing /home/airflow/.local/lib/python3.12/site-packages/airflow/example_dags/tutorial_dag.py took 0.084 seconds
