[2025-02-02T12:16:38.638+0000] {processor.py:186} INFO - Started process (PID=72) to work on /home/airflow/.local/lib/python3.12/site-packages/airflow/example_dags/tutorial.py
[2025-02-02T12:16:38.640+0000] {processor.py:914} INFO - Processing file /home/airflow/.local/lib/python3.12/site-packages/airflow/example_dags/tutorial.py for tasks to queue
[2025-02-02T12:16:38.643+0000] {logging_mixin.py:190} INFO - [2025-02-02T12:16:38.642+0000] {dagbag.py:588} INFO - Filling up the DagBag from /home/airflow/.local/lib/python3.12/site-packages/airflow/example_dags/tutorial.py
[2025-02-02T12:16:38.653+0000] {processor.py:925} INFO - DAG(s) 'tutorial' retrieved from /home/airflow/.local/lib/python3.12/site-packages/airflow/example_dags/tutorial.py
[2025-02-02T12:16:38.769+0000] {logging_mixin.py:190} INFO - [2025-02-02T12:16:38.768+0000] {override.py:1911} INFO - Created Permission View: can read on DAG:tutorial
[2025-02-02T12:16:38.783+0000] {logging_mixin.py:190} INFO - [2025-02-02T12:16:38.782+0000] {override.py:1911} INFO - Created Permission View: can edit on DAG:tutorial
[2025-02-02T12:16:38.794+0000] {logging_mixin.py:190} INFO - [2025-02-02T12:16:38.794+0000] {override.py:1911} INFO - Created Permission View: can delete on DAG:tutorial
[2025-02-02T12:16:38.807+0000] {logging_mixin.py:190} INFO - [2025-02-02T12:16:38.807+0000] {override.py:1911} INFO - Created Permission View: can read on DAG Run:tutorial
[2025-02-02T12:16:38.818+0000] {logging_mixin.py:190} INFO - [2025-02-02T12:16:38.817+0000] {override.py:1911} INFO - Created Permission View: menu access on DAG Run:tutorial
[2025-02-02T12:16:38.828+0000] {logging_mixin.py:190} INFO - [2025-02-02T12:16:38.828+0000] {override.py:1911} INFO - Created Permission View: can create on DAG Run:tutorial
[2025-02-02T12:16:38.838+0000] {logging_mixin.py:190} INFO - [2025-02-02T12:16:38.838+0000] {override.py:1911} INFO - Created Permission View: can delete on DAG Run:tutorial
[2025-02-02T12:16:38.839+0000] {logging_mixin.py:190} INFO - [2025-02-02T12:16:38.839+0000] {dag.py:3239} INFO - Sync 1 DAGs
[2025-02-02T12:16:38.853+0000] {logging_mixin.py:190} INFO - [2025-02-02T12:16:38.852+0000] {dag.py:3262} INFO - Creating ORM DAG for tutorial
[2025-02-02T12:16:38.863+0000] {logging_mixin.py:190} INFO - [2025-02-02T12:16:38.863+0000] {dag.py:4180} INFO - Setting next_dagrun for tutorial to 2025-02-01 00:00:00+00:00, run_after=2025-02-02 00:00:00+00:00
[2025-02-02T12:16:38.884+0000] {processor.py:208} INFO - Processing /home/airflow/.local/lib/python3.12/site-packages/airflow/example_dags/tutorial.py took 0.251 seconds
[2025-02-02T12:17:09.484+0000] {processor.py:186} INFO - Started process (PID=135) to work on /home/airflow/.local/lib/python3.12/site-packages/airflow/example_dags/tutorial.py
[2025-02-02T12:17:09.485+0000] {processor.py:914} INFO - Processing file /home/airflow/.local/lib/python3.12/site-packages/airflow/example_dags/tutorial.py for tasks to queue
[2025-02-02T12:17:09.488+0000] {logging_mixin.py:190} INFO - [2025-02-02T12:17:09.487+0000] {dagbag.py:588} INFO - Filling up the DagBag from /home/airflow/.local/lib/python3.12/site-packages/airflow/example_dags/tutorial.py
[2025-02-02T12:17:09.496+0000] {processor.py:925} INFO - DAG(s) 'tutorial' retrieved from /home/airflow/.local/lib/python3.12/site-packages/airflow/example_dags/tutorial.py
[2025-02-02T12:17:09.526+0000] {logging_mixin.py:190} INFO - [2025-02-02T12:17:09.526+0000] {dag.py:3239} INFO - Sync 1 DAGs
[2025-02-02T12:17:09.557+0000] {logging_mixin.py:190} INFO - [2025-02-02T12:17:09.557+0000] {dag.py:4180} INFO - Setting next_dagrun for tutorial to 2025-02-01 00:00:00+00:00, run_after=2025-02-02 00:00:00+00:00
[2025-02-02T12:17:09.582+0000] {processor.py:208} INFO - Processing /home/airflow/.local/lib/python3.12/site-packages/airflow/example_dags/tutorial.py took 0.104 seconds
[2025-02-02T12:17:41.602+0000] {processor.py:186} INFO - Started process (PID=198) to work on /home/airflow/.local/lib/python3.12/site-packages/airflow/example_dags/tutorial.py
[2025-02-02T12:17:41.603+0000] {processor.py:914} INFO - Processing file /home/airflow/.local/lib/python3.12/site-packages/airflow/example_dags/tutorial.py for tasks to queue
[2025-02-02T12:17:41.606+0000] {logging_mixin.py:190} INFO - [2025-02-02T12:17:41.605+0000] {dagbag.py:588} INFO - Filling up the DagBag from /home/airflow/.local/lib/python3.12/site-packages/airflow/example_dags/tutorial.py
[2025-02-02T12:17:41.614+0000] {processor.py:925} INFO - DAG(s) 'tutorial' retrieved from /home/airflow/.local/lib/python3.12/site-packages/airflow/example_dags/tutorial.py
[2025-02-02T12:17:41.635+0000] {logging_mixin.py:190} INFO - [2025-02-02T12:17:41.634+0000] {dag.py:3239} INFO - Sync 1 DAGs
[2025-02-02T12:17:41.659+0000] {logging_mixin.py:190} INFO - [2025-02-02T12:17:41.659+0000] {dag.py:4180} INFO - Setting next_dagrun for tutorial to 2025-02-01 00:00:00+00:00, run_after=2025-02-02 00:00:00+00:00
[2025-02-02T12:17:41.681+0000] {processor.py:208} INFO - Processing /home/airflow/.local/lib/python3.12/site-packages/airflow/example_dags/tutorial.py took 0.085 seconds
[2025-02-02T12:18:12.534+0000] {processor.py:186} INFO - Started process (PID=261) to work on /home/airflow/.local/lib/python3.12/site-packages/airflow/example_dags/tutorial.py
[2025-02-02T12:18:12.535+0000] {processor.py:914} INFO - Processing file /home/airflow/.local/lib/python3.12/site-packages/airflow/example_dags/tutorial.py for tasks to queue
[2025-02-02T12:18:12.538+0000] {logging_mixin.py:190} INFO - [2025-02-02T12:18:12.538+0000] {dagbag.py:588} INFO - Filling up the DagBag from /home/airflow/.local/lib/python3.12/site-packages/airflow/example_dags/tutorial.py
[2025-02-02T12:18:12.549+0000] {processor.py:925} INFO - DAG(s) 'tutorial' retrieved from /home/airflow/.local/lib/python3.12/site-packages/airflow/example_dags/tutorial.py
[2025-02-02T12:18:12.580+0000] {logging_mixin.py:190} INFO - [2025-02-02T12:18:12.580+0000] {dag.py:3239} INFO - Sync 1 DAGs
[2025-02-02T12:18:12.607+0000] {logging_mixin.py:190} INFO - [2025-02-02T12:18:12.607+0000] {dag.py:4180} INFO - Setting next_dagrun for tutorial to 2025-02-01 00:00:00+00:00, run_after=2025-02-02 00:00:00+00:00
[2025-02-02T12:18:12.630+0000] {processor.py:208} INFO - Processing /home/airflow/.local/lib/python3.12/site-packages/airflow/example_dags/tutorial.py took 0.102 seconds
[2025-02-02T12:18:43.404+0000] {processor.py:186} INFO - Started process (PID=323) to work on /home/airflow/.local/lib/python3.12/site-packages/airflow/example_dags/tutorial.py
[2025-02-02T12:18:43.405+0000] {processor.py:914} INFO - Processing file /home/airflow/.local/lib/python3.12/site-packages/airflow/example_dags/tutorial.py for tasks to queue
[2025-02-02T12:18:43.408+0000] {logging_mixin.py:190} INFO - [2025-02-02T12:18:43.408+0000] {dagbag.py:588} INFO - Filling up the DagBag from /home/airflow/.local/lib/python3.12/site-packages/airflow/example_dags/tutorial.py
[2025-02-02T12:18:43.418+0000] {processor.py:925} INFO - DAG(s) 'tutorial' retrieved from /home/airflow/.local/lib/python3.12/site-packages/airflow/example_dags/tutorial.py
[2025-02-02T12:18:43.447+0000] {logging_mixin.py:190} INFO - [2025-02-02T12:18:43.446+0000] {dag.py:3239} INFO - Sync 1 DAGs
[2025-02-02T12:18:43.478+0000] {logging_mixin.py:190} INFO - [2025-02-02T12:18:43.478+0000] {dag.py:4180} INFO - Setting next_dagrun for tutorial to 2025-02-01 00:00:00+00:00, run_after=2025-02-02 00:00:00+00:00
[2025-02-02T12:18:43.508+0000] {processor.py:208} INFO - Processing /home/airflow/.local/lib/python3.12/site-packages/airflow/example_dags/tutorial.py took 0.110 seconds
[2025-02-02T12:19:14.793+0000] {processor.py:186} INFO - Started process (PID=386) to work on /home/airflow/.local/lib/python3.12/site-packages/airflow/example_dags/tutorial.py
[2025-02-02T12:19:14.794+0000] {processor.py:914} INFO - Processing file /home/airflow/.local/lib/python3.12/site-packages/airflow/example_dags/tutorial.py for tasks to queue
[2025-02-02T12:19:14.797+0000] {logging_mixin.py:190} INFO - [2025-02-02T12:19:14.796+0000] {dagbag.py:588} INFO - Filling up the DagBag from /home/airflow/.local/lib/python3.12/site-packages/airflow/example_dags/tutorial.py
[2025-02-02T12:19:14.807+0000] {processor.py:925} INFO - DAG(s) 'tutorial' retrieved from /home/airflow/.local/lib/python3.12/site-packages/airflow/example_dags/tutorial.py
[2025-02-02T12:19:14.829+0000] {logging_mixin.py:190} INFO - [2025-02-02T12:19:14.829+0000] {dag.py:3239} INFO - Sync 1 DAGs
[2025-02-02T12:19:14.853+0000] {logging_mixin.py:190} INFO - [2025-02-02T12:19:14.853+0000] {dag.py:4180} INFO - Setting next_dagrun for tutorial to 2025-02-01 00:00:00+00:00, run_after=2025-02-02 00:00:00+00:00
[2025-02-02T12:19:14.877+0000] {processor.py:208} INFO - Processing /home/airflow/.local/lib/python3.12/site-packages/airflow/example_dags/tutorial.py took 0.091 seconds
[2025-02-02T12:19:46.896+0000] {processor.py:186} INFO - Started process (PID=450) to work on /home/airflow/.local/lib/python3.12/site-packages/airflow/example_dags/tutorial.py
[2025-02-02T12:19:46.897+0000] {processor.py:914} INFO - Processing file /home/airflow/.local/lib/python3.12/site-packages/airflow/example_dags/tutorial.py for tasks to queue
[2025-02-02T12:19:46.900+0000] {logging_mixin.py:190} INFO - [2025-02-02T12:19:46.900+0000] {dagbag.py:588} INFO - Filling up the DagBag from /home/airflow/.local/lib/python3.12/site-packages/airflow/example_dags/tutorial.py
[2025-02-02T12:19:46.909+0000] {processor.py:925} INFO - DAG(s) 'tutorial' retrieved from /home/airflow/.local/lib/python3.12/site-packages/airflow/example_dags/tutorial.py
[2025-02-02T12:19:46.934+0000] {logging_mixin.py:190} INFO - [2025-02-02T12:19:46.934+0000] {dag.py:3239} INFO - Sync 1 DAGs
[2025-02-02T12:19:46.958+0000] {logging_mixin.py:190} INFO - [2025-02-02T12:19:46.958+0000] {dag.py:4180} INFO - Setting next_dagrun for tutorial to 2025-02-01 00:00:00+00:00, run_after=2025-02-02 00:00:00+00:00
[2025-02-02T12:19:46.987+0000] {processor.py:208} INFO - Processing /home/airflow/.local/lib/python3.12/site-packages/airflow/example_dags/tutorial.py took 0.099 seconds
[2025-02-02T12:20:18.830+0000] {processor.py:186} INFO - Started process (PID=513) to work on /home/airflow/.local/lib/python3.12/site-packages/airflow/example_dags/tutorial.py
[2025-02-02T12:20:18.832+0000] {processor.py:914} INFO - Processing file /home/airflow/.local/lib/python3.12/site-packages/airflow/example_dags/tutorial.py for tasks to queue
[2025-02-02T12:20:18.836+0000] {logging_mixin.py:190} INFO - [2025-02-02T12:20:18.835+0000] {dagbag.py:588} INFO - Filling up the DagBag from /home/airflow/.local/lib/python3.12/site-packages/airflow/example_dags/tutorial.py
[2025-02-02T12:20:18.850+0000] {processor.py:925} INFO - DAG(s) 'tutorial' retrieved from /home/airflow/.local/lib/python3.12/site-packages/airflow/example_dags/tutorial.py
[2025-02-02T12:20:18.885+0000] {logging_mixin.py:190} INFO - [2025-02-02T12:20:18.885+0000] {dag.py:3239} INFO - Sync 1 DAGs
[2025-02-02T12:20:18.924+0000] {logging_mixin.py:190} INFO - [2025-02-02T12:20:18.924+0000] {dag.py:4180} INFO - Setting next_dagrun for tutorial to 2025-02-01 00:00:00+00:00, run_after=2025-02-02 00:00:00+00:00
[2025-02-02T12:20:18.962+0000] {processor.py:208} INFO - Processing /home/airflow/.local/lib/python3.12/site-packages/airflow/example_dags/tutorial.py took 0.143 seconds
[2025-02-02T16:18:52.422+0000] {processor.py:186} INFO - Started process (PID=66) to work on /home/airflow/.local/lib/python3.12/site-packages/airflow/example_dags/tutorial.py
[2025-02-02T16:18:52.424+0000] {processor.py:914} INFO - Processing file /home/airflow/.local/lib/python3.12/site-packages/airflow/example_dags/tutorial.py for tasks to queue
[2025-02-02T16:18:52.427+0000] {logging_mixin.py:190} INFO - [2025-02-02T16:18:52.427+0000] {dagbag.py:588} INFO - Filling up the DagBag from /home/airflow/.local/lib/python3.12/site-packages/airflow/example_dags/tutorial.py
[2025-02-02T16:18:52.435+0000] {processor.py:925} INFO - DAG(s) 'tutorial' retrieved from /home/airflow/.local/lib/python3.12/site-packages/airflow/example_dags/tutorial.py
[2025-02-02T16:18:52.460+0000] {logging_mixin.py:190} INFO - [2025-02-02T16:18:52.460+0000] {dag.py:3239} INFO - Sync 1 DAGs
[2025-02-02T16:18:52.484+0000] {logging_mixin.py:190} INFO - [2025-02-02T16:18:52.484+0000] {dag.py:4180} INFO - Setting next_dagrun for tutorial to 2025-02-01 00:00:00+00:00, run_after=2025-02-02 00:00:00+00:00
[2025-02-02T16:18:52.512+0000] {processor.py:208} INFO - Processing /home/airflow/.local/lib/python3.12/site-packages/airflow/example_dags/tutorial.py took 0.094 seconds
[2025-02-02T16:19:23.523+0000] {processor.py:186} INFO - Started process (PID=129) to work on /home/airflow/.local/lib/python3.12/site-packages/airflow/example_dags/tutorial.py
[2025-02-02T16:19:23.525+0000] {processor.py:914} INFO - Processing file /home/airflow/.local/lib/python3.12/site-packages/airflow/example_dags/tutorial.py for tasks to queue
[2025-02-02T16:19:23.528+0000] {logging_mixin.py:190} INFO - [2025-02-02T16:19:23.527+0000] {dagbag.py:588} INFO - Filling up the DagBag from /home/airflow/.local/lib/python3.12/site-packages/airflow/example_dags/tutorial.py
[2025-02-02T16:19:23.537+0000] {processor.py:925} INFO - DAG(s) 'tutorial' retrieved from /home/airflow/.local/lib/python3.12/site-packages/airflow/example_dags/tutorial.py
[2025-02-02T16:19:23.573+0000] {logging_mixin.py:190} INFO - [2025-02-02T16:19:23.573+0000] {dag.py:3239} INFO - Sync 1 DAGs
[2025-02-02T16:19:23.611+0000] {logging_mixin.py:190} INFO - [2025-02-02T16:19:23.611+0000] {dag.py:4180} INFO - Setting next_dagrun for tutorial to 2025-02-01 00:00:00+00:00, run_after=2025-02-02 00:00:00+00:00
[2025-02-02T16:19:23.641+0000] {processor.py:208} INFO - Processing /home/airflow/.local/lib/python3.12/site-packages/airflow/example_dags/tutorial.py took 0.125 seconds
[2025-02-02T16:19:54.771+0000] {processor.py:186} INFO - Started process (PID=192) to work on /home/airflow/.local/lib/python3.12/site-packages/airflow/example_dags/tutorial.py
[2025-02-02T16:19:54.772+0000] {processor.py:914} INFO - Processing file /home/airflow/.local/lib/python3.12/site-packages/airflow/example_dags/tutorial.py for tasks to queue
[2025-02-02T16:19:54.774+0000] {logging_mixin.py:190} INFO - [2025-02-02T16:19:54.774+0000] {dagbag.py:588} INFO - Filling up the DagBag from /home/airflow/.local/lib/python3.12/site-packages/airflow/example_dags/tutorial.py
[2025-02-02T16:19:54.781+0000] {processor.py:925} INFO - DAG(s) 'tutorial' retrieved from /home/airflow/.local/lib/python3.12/site-packages/airflow/example_dags/tutorial.py
[2025-02-02T16:19:54.805+0000] {logging_mixin.py:190} INFO - [2025-02-02T16:19:54.804+0000] {dag.py:3239} INFO - Sync 1 DAGs
[2025-02-02T16:19:54.827+0000] {logging_mixin.py:190} INFO - [2025-02-02T16:19:54.827+0000] {dag.py:4180} INFO - Setting next_dagrun for tutorial to 2025-02-01 00:00:00+00:00, run_after=2025-02-02 00:00:00+00:00
[2025-02-02T16:19:54.852+0000] {processor.py:208} INFO - Processing /home/airflow/.local/lib/python3.12/site-packages/airflow/example_dags/tutorial.py took 0.087 seconds
[2025-02-02T16:20:25.591+0000] {processor.py:186} INFO - Started process (PID=254) to work on /home/airflow/.local/lib/python3.12/site-packages/airflow/example_dags/tutorial.py
[2025-02-02T16:20:25.592+0000] {processor.py:914} INFO - Processing file /home/airflow/.local/lib/python3.12/site-packages/airflow/example_dags/tutorial.py for tasks to queue
[2025-02-02T16:20:25.595+0000] {logging_mixin.py:190} INFO - [2025-02-02T16:20:25.594+0000] {dagbag.py:588} INFO - Filling up the DagBag from /home/airflow/.local/lib/python3.12/site-packages/airflow/example_dags/tutorial.py
[2025-02-02T16:20:25.602+0000] {processor.py:925} INFO - DAG(s) 'tutorial' retrieved from /home/airflow/.local/lib/python3.12/site-packages/airflow/example_dags/tutorial.py
[2025-02-02T16:20:25.622+0000] {logging_mixin.py:190} INFO - [2025-02-02T16:20:25.622+0000] {dag.py:3239} INFO - Sync 1 DAGs
[2025-02-02T16:20:25.645+0000] {logging_mixin.py:190} INFO - [2025-02-02T16:20:25.645+0000] {dag.py:4180} INFO - Setting next_dagrun for tutorial to 2025-02-01 00:00:00+00:00, run_after=2025-02-02 00:00:00+00:00
[2025-02-02T16:20:25.666+0000] {processor.py:208} INFO - Processing /home/airflow/.local/lib/python3.12/site-packages/airflow/example_dags/tutorial.py took 0.080 seconds
[2025-02-02T16:20:56.958+0000] {processor.py:186} INFO - Started process (PID=324) to work on /home/airflow/.local/lib/python3.12/site-packages/airflow/example_dags/tutorial.py
[2025-02-02T16:20:56.959+0000] {processor.py:914} INFO - Processing file /home/airflow/.local/lib/python3.12/site-packages/airflow/example_dags/tutorial.py for tasks to queue
[2025-02-02T16:20:56.962+0000] {logging_mixin.py:190} INFO - [2025-02-02T16:20:56.961+0000] {dagbag.py:588} INFO - Filling up the DagBag from /home/airflow/.local/lib/python3.12/site-packages/airflow/example_dags/tutorial.py
[2025-02-02T16:20:56.969+0000] {processor.py:925} INFO - DAG(s) 'tutorial' retrieved from /home/airflow/.local/lib/python3.12/site-packages/airflow/example_dags/tutorial.py
[2025-02-02T16:20:56.991+0000] {logging_mixin.py:190} INFO - [2025-02-02T16:20:56.991+0000] {dag.py:3239} INFO - Sync 1 DAGs
[2025-02-02T16:20:57.019+0000] {logging_mixin.py:190} INFO - [2025-02-02T16:20:57.018+0000] {dag.py:4180} INFO - Setting next_dagrun for tutorial to 2025-02-01 00:00:00+00:00, run_after=2025-02-02 00:00:00+00:00
[2025-02-02T16:20:57.042+0000] {processor.py:208} INFO - Processing /home/airflow/.local/lib/python3.12/site-packages/airflow/example_dags/tutorial.py took 0.089 seconds
[2025-02-02T16:21:27.862+0000] {processor.py:186} INFO - Started process (PID=386) to work on /home/airflow/.local/lib/python3.12/site-packages/airflow/example_dags/tutorial.py
[2025-02-02T16:21:27.864+0000] {processor.py:914} INFO - Processing file /home/airflow/.local/lib/python3.12/site-packages/airflow/example_dags/tutorial.py for tasks to queue
[2025-02-02T16:21:27.866+0000] {logging_mixin.py:190} INFO - [2025-02-02T16:21:27.866+0000] {dagbag.py:588} INFO - Filling up the DagBag from /home/airflow/.local/lib/python3.12/site-packages/airflow/example_dags/tutorial.py
[2025-02-02T16:21:27.873+0000] {processor.py:925} INFO - DAG(s) 'tutorial' retrieved from /home/airflow/.local/lib/python3.12/site-packages/airflow/example_dags/tutorial.py
[2025-02-02T16:21:27.895+0000] {logging_mixin.py:190} INFO - [2025-02-02T16:21:27.894+0000] {dag.py:3239} INFO - Sync 1 DAGs
[2025-02-02T16:21:27.917+0000] {logging_mixin.py:190} INFO - [2025-02-02T16:21:27.917+0000] {dag.py:4180} INFO - Setting next_dagrun for tutorial to 2025-02-01 00:00:00+00:00, run_after=2025-02-02 00:00:00+00:00
[2025-02-02T16:21:27.941+0000] {processor.py:208} INFO - Processing /home/airflow/.local/lib/python3.12/site-packages/airflow/example_dags/tutorial.py took 0.084 seconds
[2025-02-02T16:21:58.704+0000] {processor.py:186} INFO - Started process (PID=449) to work on /home/airflow/.local/lib/python3.12/site-packages/airflow/example_dags/tutorial.py
[2025-02-02T16:21:58.705+0000] {processor.py:914} INFO - Processing file /home/airflow/.local/lib/python3.12/site-packages/airflow/example_dags/tutorial.py for tasks to queue
[2025-02-02T16:21:58.707+0000] {logging_mixin.py:190} INFO - [2025-02-02T16:21:58.707+0000] {dagbag.py:588} INFO - Filling up the DagBag from /home/airflow/.local/lib/python3.12/site-packages/airflow/example_dags/tutorial.py
[2025-02-02T16:21:58.715+0000] {processor.py:925} INFO - DAG(s) 'tutorial' retrieved from /home/airflow/.local/lib/python3.12/site-packages/airflow/example_dags/tutorial.py
[2025-02-02T16:21:58.735+0000] {logging_mixin.py:190} INFO - [2025-02-02T16:21:58.735+0000] {dag.py:3239} INFO - Sync 1 DAGs
[2025-02-02T16:21:58.757+0000] {logging_mixin.py:190} INFO - [2025-02-02T16:21:58.757+0000] {dag.py:4180} INFO - Setting next_dagrun for tutorial to 2025-02-01 00:00:00+00:00, run_after=2025-02-02 00:00:00+00:00
[2025-02-02T16:21:58.778+0000] {processor.py:208} INFO - Processing /home/airflow/.local/lib/python3.12/site-packages/airflow/example_dags/tutorial.py took 0.078 seconds
[2025-02-02T16:22:29.945+0000] {processor.py:186} INFO - Started process (PID=512) to work on /home/airflow/.local/lib/python3.12/site-packages/airflow/example_dags/tutorial.py
[2025-02-02T16:22:29.946+0000] {processor.py:914} INFO - Processing file /home/airflow/.local/lib/python3.12/site-packages/airflow/example_dags/tutorial.py for tasks to queue
[2025-02-02T16:22:29.948+0000] {logging_mixin.py:190} INFO - [2025-02-02T16:22:29.948+0000] {dagbag.py:588} INFO - Filling up the DagBag from /home/airflow/.local/lib/python3.12/site-packages/airflow/example_dags/tutorial.py
[2025-02-02T16:22:29.956+0000] {processor.py:925} INFO - DAG(s) 'tutorial' retrieved from /home/airflow/.local/lib/python3.12/site-packages/airflow/example_dags/tutorial.py
[2025-02-02T16:22:29.978+0000] {logging_mixin.py:190} INFO - [2025-02-02T16:22:29.977+0000] {dag.py:3239} INFO - Sync 1 DAGs
[2025-02-02T16:22:30.002+0000] {logging_mixin.py:190} INFO - [2025-02-02T16:22:30.002+0000] {dag.py:4180} INFO - Setting next_dagrun for tutorial to 2025-02-01 00:00:00+00:00, run_after=2025-02-02 00:00:00+00:00
[2025-02-02T16:22:30.024+0000] {processor.py:208} INFO - Processing /home/airflow/.local/lib/python3.12/site-packages/airflow/example_dags/tutorial.py took 0.084 seconds
[2025-02-02T16:23:00.969+0000] {processor.py:186} INFO - Started process (PID=575) to work on /home/airflow/.local/lib/python3.12/site-packages/airflow/example_dags/tutorial.py
[2025-02-02T16:23:00.970+0000] {processor.py:914} INFO - Processing file /home/airflow/.local/lib/python3.12/site-packages/airflow/example_dags/tutorial.py for tasks to queue
[2025-02-02T16:23:00.972+0000] {logging_mixin.py:190} INFO - [2025-02-02T16:23:00.971+0000] {dagbag.py:588} INFO - Filling up the DagBag from /home/airflow/.local/lib/python3.12/site-packages/airflow/example_dags/tutorial.py
[2025-02-02T16:23:00.979+0000] {processor.py:925} INFO - DAG(s) 'tutorial' retrieved from /home/airflow/.local/lib/python3.12/site-packages/airflow/example_dags/tutorial.py
[2025-02-02T16:23:01.001+0000] {logging_mixin.py:190} INFO - [2025-02-02T16:23:01.001+0000] {dag.py:3239} INFO - Sync 1 DAGs
[2025-02-02T16:23:01.025+0000] {logging_mixin.py:190} INFO - [2025-02-02T16:23:01.025+0000] {dag.py:4180} INFO - Setting next_dagrun for tutorial to 2025-02-01 00:00:00+00:00, run_after=2025-02-02 00:00:00+00:00
[2025-02-02T16:23:01.050+0000] {processor.py:208} INFO - Processing /home/airflow/.local/lib/python3.12/site-packages/airflow/example_dags/tutorial.py took 0.087 seconds
[2025-02-02T16:23:32.302+0000] {processor.py:186} INFO - Started process (PID=638) to work on /home/airflow/.local/lib/python3.12/site-packages/airflow/example_dags/tutorial.py
[2025-02-02T16:23:32.303+0000] {processor.py:914} INFO - Processing file /home/airflow/.local/lib/python3.12/site-packages/airflow/example_dags/tutorial.py for tasks to queue
[2025-02-02T16:23:32.305+0000] {logging_mixin.py:190} INFO - [2025-02-02T16:23:32.305+0000] {dagbag.py:588} INFO - Filling up the DagBag from /home/airflow/.local/lib/python3.12/site-packages/airflow/example_dags/tutorial.py
[2025-02-02T16:23:32.314+0000] {processor.py:925} INFO - DAG(s) 'tutorial' retrieved from /home/airflow/.local/lib/python3.12/site-packages/airflow/example_dags/tutorial.py
[2025-02-02T16:23:32.336+0000] {logging_mixin.py:190} INFO - [2025-02-02T16:23:32.336+0000] {dag.py:3239} INFO - Sync 1 DAGs
[2025-02-02T16:23:32.362+0000] {logging_mixin.py:190} INFO - [2025-02-02T16:23:32.362+0000] {dag.py:4180} INFO - Setting next_dagrun for tutorial to 2025-02-01 00:00:00+00:00, run_after=2025-02-02 00:00:00+00:00
[2025-02-02T16:23:32.385+0000] {processor.py:208} INFO - Processing /home/airflow/.local/lib/python3.12/site-packages/airflow/example_dags/tutorial.py took 0.089 seconds
[2025-02-02T16:24:03.177+0000] {processor.py:186} INFO - Started process (PID=701) to work on /home/airflow/.local/lib/python3.12/site-packages/airflow/example_dags/tutorial.py
[2025-02-02T16:24:03.178+0000] {processor.py:914} INFO - Processing file /home/airflow/.local/lib/python3.12/site-packages/airflow/example_dags/tutorial.py for tasks to queue
[2025-02-02T16:24:03.181+0000] {logging_mixin.py:190} INFO - [2025-02-02T16:24:03.180+0000] {dagbag.py:588} INFO - Filling up the DagBag from /home/airflow/.local/lib/python3.12/site-packages/airflow/example_dags/tutorial.py
[2025-02-02T16:24:03.188+0000] {processor.py:925} INFO - DAG(s) 'tutorial' retrieved from /home/airflow/.local/lib/python3.12/site-packages/airflow/example_dags/tutorial.py
[2025-02-02T16:24:03.208+0000] {logging_mixin.py:190} INFO - [2025-02-02T16:24:03.208+0000] {dag.py:3239} INFO - Sync 1 DAGs
[2025-02-02T16:24:03.232+0000] {logging_mixin.py:190} INFO - [2025-02-02T16:24:03.231+0000] {dag.py:4180} INFO - Setting next_dagrun for tutorial to 2025-02-01 00:00:00+00:00, run_after=2025-02-02 00:00:00+00:00
[2025-02-02T16:24:03.254+0000] {processor.py:208} INFO - Processing /home/airflow/.local/lib/python3.12/site-packages/airflow/example_dags/tutorial.py took 0.082 seconds
[2025-02-02T16:24:34.821+0000] {processor.py:186} INFO - Started process (PID=764) to work on /home/airflow/.local/lib/python3.12/site-packages/airflow/example_dags/tutorial.py
[2025-02-02T16:24:34.822+0000] {processor.py:914} INFO - Processing file /home/airflow/.local/lib/python3.12/site-packages/airflow/example_dags/tutorial.py for tasks to queue
[2025-02-02T16:24:34.825+0000] {logging_mixin.py:190} INFO - [2025-02-02T16:24:34.825+0000] {dagbag.py:588} INFO - Filling up the DagBag from /home/airflow/.local/lib/python3.12/site-packages/airflow/example_dags/tutorial.py
[2025-02-02T16:24:34.834+0000] {processor.py:925} INFO - DAG(s) 'tutorial' retrieved from /home/airflow/.local/lib/python3.12/site-packages/airflow/example_dags/tutorial.py
[2025-02-02T16:24:34.861+0000] {logging_mixin.py:190} INFO - [2025-02-02T16:24:34.861+0000] {dag.py:3239} INFO - Sync 1 DAGs
[2025-02-02T16:24:34.891+0000] {logging_mixin.py:190} INFO - [2025-02-02T16:24:34.890+0000] {dag.py:4180} INFO - Setting next_dagrun for tutorial to 2025-02-01 00:00:00+00:00, run_after=2025-02-02 00:00:00+00:00
[2025-02-02T16:24:34.919+0000] {processor.py:208} INFO - Processing /home/airflow/.local/lib/python3.12/site-packages/airflow/example_dags/tutorial.py took 0.113 seconds
[2025-02-02T16:25:05.944+0000] {processor.py:186} INFO - Started process (PID=827) to work on /home/airflow/.local/lib/python3.12/site-packages/airflow/example_dags/tutorial.py
[2025-02-02T16:25:05.945+0000] {processor.py:914} INFO - Processing file /home/airflow/.local/lib/python3.12/site-packages/airflow/example_dags/tutorial.py for tasks to queue
[2025-02-02T16:25:05.948+0000] {logging_mixin.py:190} INFO - [2025-02-02T16:25:05.948+0000] {dagbag.py:588} INFO - Filling up the DagBag from /home/airflow/.local/lib/python3.12/site-packages/airflow/example_dags/tutorial.py
[2025-02-02T16:25:05.957+0000] {processor.py:925} INFO - DAG(s) 'tutorial' retrieved from /home/airflow/.local/lib/python3.12/site-packages/airflow/example_dags/tutorial.py
[2025-02-02T16:25:05.980+0000] {logging_mixin.py:190} INFO - [2025-02-02T16:25:05.980+0000] {dag.py:3239} INFO - Sync 1 DAGs
[2025-02-02T16:25:06.007+0000] {logging_mixin.py:190} INFO - [2025-02-02T16:25:06.007+0000] {dag.py:4180} INFO - Setting next_dagrun for tutorial to 2025-02-01 00:00:00+00:00, run_after=2025-02-02 00:00:00+00:00
[2025-02-02T16:25:06.030+0000] {processor.py:208} INFO - Processing /home/airflow/.local/lib/python3.12/site-packages/airflow/example_dags/tutorial.py took 0.092 seconds
[2025-02-02T16:25:37.382+0000] {processor.py:186} INFO - Started process (PID=890) to work on /home/airflow/.local/lib/python3.12/site-packages/airflow/example_dags/tutorial.py
[2025-02-02T16:25:37.383+0000] {processor.py:914} INFO - Processing file /home/airflow/.local/lib/python3.12/site-packages/airflow/example_dags/tutorial.py for tasks to queue
[2025-02-02T16:25:37.386+0000] {logging_mixin.py:190} INFO - [2025-02-02T16:25:37.386+0000] {dagbag.py:588} INFO - Filling up the DagBag from /home/airflow/.local/lib/python3.12/site-packages/airflow/example_dags/tutorial.py
[2025-02-02T16:25:37.397+0000] {processor.py:925} INFO - DAG(s) 'tutorial' retrieved from /home/airflow/.local/lib/python3.12/site-packages/airflow/example_dags/tutorial.py
[2025-02-02T16:25:37.420+0000] {logging_mixin.py:190} INFO - [2025-02-02T16:25:37.419+0000] {dag.py:3239} INFO - Sync 1 DAGs
[2025-02-02T16:25:37.446+0000] {logging_mixin.py:190} INFO - [2025-02-02T16:25:37.445+0000] {dag.py:4180} INFO - Setting next_dagrun for tutorial to 2025-02-01 00:00:00+00:00, run_after=2025-02-02 00:00:00+00:00
[2025-02-02T16:25:37.467+0000] {processor.py:208} INFO - Processing /home/airflow/.local/lib/python3.12/site-packages/airflow/example_dags/tutorial.py took 0.092 seconds
